2025-07-08 15:15:39 [http-nio-8888-exec-3] DEBUG o.s.security.web.FilterChainProxy - Securing PUT /objects
2025-07-08 15:15:39 [http-nio-8888-exec-3] DEBUG org.hibernate.SQL - select ue1_0.id,ue1_0.enabled,ue1_0.password,ue1_0.user_id,ue1_0.user_type,ue1_0.username from users ue1_0 where ue1_0.username=?
2025-07-08 15:15:39 [http-nio-8888-exec-3] DEBUG org.hibernate.SQL - select r1_0.user_id,r1_1.id,r1_1.lessor,r1_1.name,r1_1.tourist from user_roles r1_0 join roles r1_1 on r1_1.id=r1_0.role_id where r1_0.user_id=?
2025-07-08 15:15:39 [http-nio-8888-exec-3] DEBUG o.s.security.web.FilterChainProxy - Secured PUT /objects
2025-07-08 15:15:39 [http-nio-8888-exec-3] TRACE o.s.web.servlet.DispatcherServlet - PUT "/objects", parameters={}, headers={masked} in DispatcherServlet 'dispatcherServlet'
2025-07-08 15:15:39 [http-nio-8888-exec-3] TRACE o.s.w.s.m.m.a.RequestMappingHandlerMapping - Mapped to az.devolopia.tourist.controller.ObjectController#update(ObjectUpdateRequest, BindingResult)
2025-07-08 15:15:39 [http-nio-8888-exec-3] TRACE o.s.w.s.m.m.a.RequestResponseBodyMethodProcessor - Read "application/json;charset=UTF-8" to [ObjectUpdateRequest(id=1, name=Sea View Villa, description=Denizə baxışlı lüks villa, price=500, address=Bakı, Nərimanov, roomCount=5, area=250.0, floor=2, categoryId=1, pricePerNight=200.0)]
2025-07-08 15:15:39 [http-nio-8888-exec-3] TRACE o.s.web.method.HandlerMethod - Arguments: [ObjectUpdateRequest(id=1, name=Sea View Villa, description=Denizə baxışlı lüks villa, price=500, address=Bakı, Nərimanov, roomCount=5, area=250.0, floor=2, categoryId=1, pricePerNight=200.0), org.springframework.validation.BeanPropertyBindingResult: 0 errors]
2025-07-08 15:15:39 [http-nio-8888-exec-3] DEBUG o.s.s.a.m.AuthorizationManagerBeforeMethodInterceptor - Authorizing method invocation ReflectiveMethodInvocation: public org.springframework.http.ResponseEntity az.devolopia.tourist.controller.ObjectController.update(az.devolopia.tourist.request.ObjectUpdateRequest,org.springframework.validation.BindingResult); target is of class [az.devolopia.tourist.controller.ObjectController]
2025-07-08 15:15:39 [http-nio-8888-exec-3] DEBUG o.s.s.a.m.AuthorizationManagerBeforeMethodInterceptor - Authorized method invocation ReflectiveMethodInvocation: public org.springframework.http.ResponseEntity az.devolopia.tourist.controller.ObjectController.update(az.devolopia.tourist.request.ObjectUpdateRequest,org.springframework.validation.BindingResult); target is of class [az.devolopia.tourist.controller.ObjectController]
2025-07-08 15:15:39 [http-nio-8888-exec-3] DEBUG org.hibernate.SQL - select oe1_0.id,oe1_0.address,oe1_0.area,oe1_0.category_id,oe1_0.description,oe1_0.floor,oe1_0.lessor_code,oe1_0.name,oe1_0.price,oe1_0.price_per_night,oe1_0.publish_date,oe1_0.room_count from objects oe1_0 where oe1_0.id=?
2025-07-08 15:15:39 [http-nio-8888-exec-3] DEBUG org.hibernate.SQL - update objects set address=?,area=?,category_id=?,description=?,floor=?,lessor_code=?,name=?,price=?,price_per_night=?,publish_date=?,room_count=? where id=?
2025-07-08 15:15:39 [http-nio-8888-exec-3] DEBUG org.hibernate.SQL - select ue1_0.id,ue1_0.enabled,ue1_0.password,ue1_0.user_id,ue1_0.user_type,ue1_0.username from users ue1_0 where ue1_0.username=?
2025-07-08 15:15:39 [http-nio-8888-exec-3] DEBUG org.hibernate.SQL - select r1_0.user_id,r1_1.id,r1_1.lessor,r1_1.name,r1_1.tourist from user_roles r1_0 join roles r1_1 on r1_1.id=r1_0.role_id where r1_0.user_id=?
2025-07-08 15:15:39 [http-nio-8888-exec-3] DEBUG o.s.w.s.m.m.a.HttpEntityMethodProcessor - Using 'application/octet-stream', given [*/*] and supported [*/*]
2025-07-08 15:15:39 [http-nio-8888-exec-3] TRACE o.s.w.s.m.m.a.RequestMappingHandlerAdapter - Applying default cacheSeconds=-1
2025-07-08 15:15:39 [http-nio-8888-exec-3] TRACE o.s.web.servlet.DispatcherServlet - No view rendering, null ModelAndView returned.
2025-07-08 15:15:39 [http-nio-8888-exec-3] DEBUG o.s.web.servlet.DispatcherServlet - Completed 200 OK, headers={masked}
2025-07-08 15:15:47 [http-nio-8888-exec-10] DEBUG o.s.security.web.FilterChainProxy - Securing POST /h2-console/query.do?jsessionid=f386148655ffb8b94e75e0412ef7c129
2025-07-08 15:15:47 [http-nio-8888-exec-10] DEBUG o.s.s.w.a.AnonymousAuthenticationFilter - Set SecurityContextHolder to anonymous SecurityContext
2025-07-08 15:15:47 [http-nio-8888-exec-10] DEBUG o.s.security.web.FilterChainProxy - Secured POST /h2-console/query.do?jsessionid=f386148655ffb8b94e75e0412ef7c129
2025-07-08 15:15:47 [http-nio-8888-exec-4] DEBUG o.s.security.web.FilterChainProxy - Securing GET /h2-console/stylesheet.css
2025-07-08 15:15:47 [http-nio-8888-exec-4] DEBUG o.s.s.w.a.AnonymousAuthenticationFilter - Set SecurityContextHolder to anonymous SecurityContext
2025-07-08 15:15:47 [http-nio-8888-exec-4] DEBUG o.s.security.web.FilterChainProxy - Secured GET /h2-console/stylesheet.css
2025-07-08 15:15:47 [http-nio-8888-exec-2] DEBUG o.s.security.web.FilterChainProxy - Securing GET /h2-console/table.js
2025-07-08 15:15:47 [http-nio-8888-exec-2] DEBUG o.s.s.w.a.AnonymousAuthenticationFilter - Set SecurityContextHolder to anonymous SecurityContext
2025-07-08 15:15:47 [http-nio-8888-exec-2] DEBUG o.s.security.web.FilterChainProxy - Secured GET /h2-console/table.js
2025-07-08 15:16:07 [http-nio-8888-exec-9] DEBUG o.s.security.web.FilterChainProxy - Securing GET /objects/2
2025-07-08 15:16:07 [http-nio-8888-exec-9] DEBUG org.hibernate.SQL - select ue1_0.id,ue1_0.enabled,ue1_0.password,ue1_0.user_id,ue1_0.user_type,ue1_0.username from users ue1_0 where ue1_0.username=?
2025-07-08 15:16:07 [http-nio-8888-exec-9] DEBUG org.hibernate.SQL - select r1_0.user_id,r1_1.id,r1_1.lessor,r1_1.name,r1_1.tourist from user_roles r1_0 join roles r1_1 on r1_1.id=r1_0.role_id where r1_0.user_id=?
2025-07-08 15:16:07 [http-nio-8888-exec-9] DEBUG o.s.security.web.FilterChainProxy - Secured GET /objects/2
2025-07-08 15:16:07 [http-nio-8888-exec-9] TRACE o.s.web.servlet.DispatcherServlet - GET "/objects/2", parameters={}, headers={masked} in DispatcherServlet 'dispatcherServlet'
2025-07-08 15:16:07 [http-nio-8888-exec-9] TRACE o.s.w.s.m.m.a.RequestMappingHandlerMapping - Mapped to az.devolopia.tourist.controller.ObjectController#findById(Integer)
2025-07-08 15:16:07 [http-nio-8888-exec-9] TRACE o.s.web.method.HandlerMethod - Arguments: [2]
2025-07-08 15:16:07 [http-nio-8888-exec-9] DEBUG o.s.s.a.m.AuthorizationManagerBeforeMethodInterceptor - Authorizing method invocation ReflectiveMethodInvocation: public az.devolopia.tourist.response.ObjectSingleResponse az.devolopia.tourist.controller.ObjectController.findById(java.lang.Integer); target is of class [az.devolopia.tourist.controller.ObjectController]
2025-07-08 15:16:07 [http-nio-8888-exec-9] DEBUG o.s.s.a.m.AuthorizationManagerBeforeMethodInterceptor - Authorized method invocation ReflectiveMethodInvocation: public az.devolopia.tourist.response.ObjectSingleResponse az.devolopia.tourist.controller.ObjectController.findById(java.lang.Integer); target is of class [az.devolopia.tourist.controller.ObjectController]
2025-07-08 15:16:07 [http-nio-8888-exec-9] DEBUG org.hibernate.SQL - select oe1_0.id,oe1_0.address,oe1_0.area,oe1_0.category_id,oe1_0.description,oe1_0.floor,oe1_0.lessor_code,oe1_0.name,oe1_0.price,oe1_0.price_per_night,oe1_0.publish_date,oe1_0.room_count from objects oe1_0 where oe1_0.id=?
2025-07-08 15:16:07 [http-nio-8888-exec-9] DEBUG org.hibernate.SQL - select r1_0.object_id,r1_0.id,r1_0.comment,r1_0.created_at,r1_0.rating,r1_0.tourist_id from reviews r1_0 where r1_0.object_id=?
2025-07-08 15:16:07 [http-nio-8888-exec-9] DEBUG o.s.w.s.m.m.a.RequestResponseBodyMethodProcessor - Using 'application/json', given [*/*] and supported [application/json, application/*+json, application/xml;charset=UTF-8, text/xml;charset=UTF-8, application/*+xml;charset=UTF-8]
2025-07-08 15:16:07 [http-nio-8888-exec-9] TRACE o.s.w.s.m.m.a.RequestResponseBodyMethodProcessor - Writing [ObjectSingleResponse(id=2, name=City Apartment, description=Şəhərin mərkəzində rahat mənzil, price=120.00, address=Bakı, Yasamal, roomCount=3, area=90.0, floor=5, lessorCode=1, categoryId=2, pricePerNight=130.0, averageRating=0.0, comments=[])]
2025-07-08 15:16:07 [http-nio-8888-exec-9] TRACE o.s.web.servlet.DispatcherServlet - No view rendering, null ModelAndView returned.
2025-07-08 15:16:07 [http-nio-8888-exec-9] DEBUG o.s.web.servlet.DispatcherServlet - Completed 200 OK, headers={masked}
2025-07-08 15:16:29 [http-nio-8888-exec-7] DEBUG o.s.security.web.FilterChainProxy - Securing DELETE /objects/1
2025-07-08 15:16:29 [http-nio-8888-exec-7] DEBUG org.hibernate.SQL - select ue1_0.id,ue1_0.enabled,ue1_0.password,ue1_0.user_id,ue1_0.user_type,ue1_0.username from users ue1_0 where ue1_0.username=?
2025-07-08 15:16:29 [http-nio-8888-exec-7] DEBUG org.hibernate.SQL - select r1_0.user_id,r1_1.id,r1_1.lessor,r1_1.name,r1_1.tourist from user_roles r1_0 join roles r1_1 on r1_1.id=r1_0.role_id where r1_0.user_id=?
2025-07-08 15:16:29 [http-nio-8888-exec-7] DEBUG o.s.security.web.FilterChainProxy - Secured DELETE /objects/1
2025-07-08 15:16:29 [http-nio-8888-exec-7] TRACE o.s.web.servlet.DispatcherServlet - DELETE "/objects/1", parameters={}, headers={masked} in DispatcherServlet 'dispatcherServlet'
2025-07-08 15:16:29 [http-nio-8888-exec-7] TRACE o.s.w.s.m.m.a.RequestMappingHandlerMapping - Mapped to az.devolopia.tourist.controller.ObjectController#deleteById(Integer)
2025-07-08 15:16:29 [http-nio-8888-exec-7] TRACE o.s.web.method.HandlerMethod - Arguments: [1]
2025-07-08 15:16:29 [http-nio-8888-exec-7] DEBUG o.s.s.a.m.AuthorizationManagerBeforeMethodInterceptor - Authorizing method invocation ReflectiveMethodInvocation: public org.springframework.http.ResponseEntity az.devolopia.tourist.controller.ObjectController.deleteById(java.lang.Integer); target is of class [az.devolopia.tourist.controller.ObjectController]
2025-07-08 15:16:29 [http-nio-8888-exec-7] DEBUG o.s.s.a.m.AuthorizationManagerBeforeMethodInterceptor - Authorized method invocation ReflectiveMethodInvocation: public org.springframework.http.ResponseEntity az.devolopia.tourist.controller.ObjectController.deleteById(java.lang.Integer); target is of class [az.devolopia.tourist.controller.ObjectController]
2025-07-08 15:16:29 [http-nio-8888-exec-7] DEBUG org.hibernate.SQL - select oe1_0.id,oe1_0.address,oe1_0.area,oe1_0.category_id,oe1_0.description,oe1_0.floor,oe1_0.lessor_code,oe1_0.name,oe1_0.price,oe1_0.price_per_night,oe1_0.publish_date,oe1_0.room_count from objects oe1_0 where oe1_0.id=?
2025-07-08 15:16:29 [http-nio-8888-exec-7] DEBUG org.hibernate.SQL - select ue1_0.id,ue1_0.enabled,ue1_0.password,ue1_0.user_id,ue1_0.user_type,ue1_0.username from users ue1_0 where ue1_0.username=?
2025-07-08 15:16:29 [http-nio-8888-exec-7] DEBUG org.hibernate.SQL - select r1_0.user_id,r1_1.id,r1_1.lessor,r1_1.name,r1_1.tourist from user_roles r1_0 join roles r1_1 on r1_1.id=r1_0.role_id where r1_0.user_id=?
2025-07-08 15:16:29 [http-nio-8888-exec-7] DEBUG org.hibernate.SQL - select r1_0.object_id,r1_0.id,r1_0.comment,r1_0.created_at,r1_0.rating,r1_0.tourist_id from reviews r1_0 where r1_0.object_id=?
2025-07-08 15:16:29 [http-nio-8888-exec-7] DEBUG org.hibernate.SQL - delete from objects where id=?
2025-07-08 15:16:29 [http-nio-8888-exec-7] DEBUG o.s.w.s.m.m.a.HttpEntityMethodProcessor - Using 'application/octet-stream', given [*/*] and supported [*/*]
2025-07-08 15:16:29 [http-nio-8888-exec-7] TRACE o.s.w.s.m.m.a.RequestMappingHandlerAdapter - Applying default cacheSeconds=-1
2025-07-08 15:16:29 [http-nio-8888-exec-7] TRACE o.s.web.servlet.DispatcherServlet - No view rendering, null ModelAndView returned.
2025-07-08 15:16:29 [http-nio-8888-exec-7] DEBUG o.s.web.servlet.DispatcherServlet - Completed 204 NO_CONTENT, headers={masked}
2025-07-08 15:16:34 [http-nio-8888-exec-1] DEBUG o.s.security.web.FilterChainProxy - Securing POST /h2-console/query.do?jsessionid=f386148655ffb8b94e75e0412ef7c129
2025-07-08 15:16:34 [http-nio-8888-exec-1] DEBUG o.s.s.w.a.AnonymousAuthenticationFilter - Set SecurityContextHolder to anonymous SecurityContext
2025-07-08 15:16:34 [http-nio-8888-exec-1] DEBUG o.s.security.web.FilterChainProxy - Secured POST /h2-console/query.do?jsessionid=f386148655ffb8b94e75e0412ef7c129
2025-07-08 15:16:34 [http-nio-8888-exec-8] DEBUG o.s.security.web.FilterChainProxy - Securing GET /h2-console/table.js
2025-07-08 15:16:34 [http-nio-8888-exec-8] DEBUG o.s.s.w.a.AnonymousAuthenticationFilter - Set SecurityContextHolder to anonymous SecurityContext
2025-07-08 15:16:34 [http-nio-8888-exec-5] DEBUG o.s.security.web.FilterChainProxy - Securing GET /h2-console/stylesheet.css
2025-07-08 15:16:34 [http-nio-8888-exec-8] DEBUG o.s.security.web.FilterChainProxy - Secured GET /h2-console/table.js
2025-07-08 15:16:34 [http-nio-8888-exec-5] DEBUG o.s.s.w.a.AnonymousAuthenticationFilter - Set SecurityContextHolder to anonymous SecurityContext
2025-07-08 15:16:34 [http-nio-8888-exec-5] DEBUG o.s.security.web.FilterChainProxy - Secured GET /h2-console/stylesheet.css
2025-07-08 15:17:22 [http-nio-8888-exec-6] DEBUG o.s.security.web.FilterChainProxy - Securing POST /objects
2025-07-08 15:17:22 [http-nio-8888-exec-6] DEBUG org.hibernate.SQL - select ue1_0.id,ue1_0.enabled,ue1_0.password,ue1_0.user_id,ue1_0.user_type,ue1_0.username from users ue1_0 where ue1_0.username=?
2025-07-08 15:17:22 [http-nio-8888-exec-6] DEBUG org.hibernate.SQL - select r1_0.user_id,r1_1.id,r1_1.lessor,r1_1.name,r1_1.tourist from user_roles r1_0 join roles r1_1 on r1_1.id=r1_0.role_id where r1_0.user_id=?
2025-07-08 15:17:22 [http-nio-8888-exec-6] DEBUG o.s.security.web.FilterChainProxy - Secured POST /objects
2025-07-08 15:17:22 [http-nio-8888-exec-6] TRACE o.s.web.servlet.DispatcherServlet - POST "/objects", parameters={}, headers={masked} in DispatcherServlet 'dispatcherServlet'
2025-07-08 15:17:22 [http-nio-8888-exec-6] TRACE o.s.w.s.m.m.a.RequestMappingHandlerMapping - Mapped to az.devolopia.tourist.controller.ObjectController#add(ObjectAddRequest, BindingResult)
2025-07-08 15:17:22 [http-nio-8888-exec-6] TRACE o.s.w.s.m.m.a.RequestResponseBodyMethodProcessor - Read "application/json;charset=UTF-8" to [ObjectAddRequest(name=Test Obyekt, description=Yeni test obyekt, price=100, publishDate=2025-07-04, address=Bakı, area=90.0, floor=3, roomCount=2, lessorCode=1, categoryId=1, pricePerNight=80.0)]
2025-07-08 15:17:22 [http-nio-8888-exec-6] TRACE o.s.web.method.HandlerMethod - Arguments: [ObjectAddRequest(name=Test Obyekt, description=Yeni test obyekt, price=100, publishDate=2025-07-04, address=Bakı, area=90.0, floor=3, roomCount=2, lessorCode=1, categoryId=1, pricePerNight=80.0), org.springframework.validation.BeanPropertyBindingResult: 0 errors]
2025-07-08 15:17:22 [http-nio-8888-exec-6] DEBUG o.s.s.a.m.AuthorizationManagerBeforeMethodInterceptor - Authorizing method invocation ReflectiveMethodInvocation: public org.springframework.http.ResponseEntity az.devolopia.tourist.controller.ObjectController.add(az.devolopia.tourist.request.ObjectAddRequest,org.springframework.validation.BindingResult); target is of class [az.devolopia.tourist.controller.ObjectController]
2025-07-08 15:17:22 [http-nio-8888-exec-6] DEBUG o.s.s.a.m.AuthorizationManagerBeforeMethodInterceptor - Authorized method invocation ReflectiveMethodInvocation: public org.springframework.http.ResponseEntity az.devolopia.tourist.controller.ObjectController.add(az.devolopia.tourist.request.ObjectAddRequest,org.springframework.validation.BindingResult); target is of class [az.devolopia.tourist.controller.ObjectController]
2025-07-08 15:17:22 [http-nio-8888-exec-6] DEBUG org.hibernate.SQL - select ue1_0.id,ue1_0.enabled,ue1_0.password,ue1_0.user_id,ue1_0.user_type,ue1_0.username from users ue1_0 where ue1_0.username=?
2025-07-08 15:17:22 [http-nio-8888-exec-6] DEBUG org.hibernate.SQL - select r1_0.user_id,r1_1.id,r1_1.lessor,r1_1.name,r1_1.tourist from user_roles r1_0 join roles r1_1 on r1_1.id=r1_0.role_id where r1_0.user_id=?
2025-07-08 15:17:22 [http-nio-8888-exec-6] DEBUG org.hibernate.SQL - select oe1_0.id,oe1_0.address,oe1_0.area,oe1_0.category_id,oe1_0.description,oe1_0.floor,oe1_0.lessor_code,oe1_0.name,oe1_0.price,oe1_0.price_per_night,oe1_0.publish_date,oe1_0.room_count,r1_0.object_id,r1_0.id,r1_0.comment,r1_0.created_at,r1_0.rating,r1_0.tourist_id from objects oe1_0 left join reviews r1_0 on oe1_0.id=r1_0.object_id where oe1_0.id=?
2025-07-08 15:17:22 [http-nio-8888-exec-6] DEBUG org.hibernate.SQL - insert into objects (address,area,category_id,description,floor,lessor_code,name,price,price_per_night,publish_date,room_count,id) values (?,?,?,?,?,?,?,?,?,?,?,default)
2025-07-08 15:17:22 [http-nio-8888-exec-6] DEBUG o.s.w.s.m.m.a.HttpEntityMethodProcessor - Using 'application/json', given [*/*] and supported [application/json, application/*+json, application/xml;charset=UTF-8, text/xml;charset=UTF-8, application/*+xml;charset=UTF-8]
2025-07-08 15:17:22 [http-nio-8888-exec-6] TRACE o.s.w.s.m.m.a.HttpEntityMethodProcessor - Writing [ObjectAddResponse(id=1)]
2025-07-08 15:17:22 [http-nio-8888-exec-6] TRACE o.s.web.servlet.DispatcherServlet - No view rendering, null ModelAndView returned.
2025-07-08 15:17:22 [http-nio-8888-exec-6] DEBUG o.s.web.servlet.DispatcherServlet - Completed 201 CREATED, headers={masked}
2025-07-08 15:17:28 [http-nio-8888-exec-3] DEBUG o.s.security.web.FilterChainProxy - Securing POST /h2-console/query.do?jsessionid=f386148655ffb8b94e75e0412ef7c129
2025-07-08 15:17:28 [http-nio-8888-exec-3] DEBUG o.s.s.w.a.AnonymousAuthenticationFilter - Set SecurityContextHolder to anonymous SecurityContext
2025-07-08 15:17:28 [http-nio-8888-exec-3] DEBUG o.s.security.web.FilterChainProxy - Secured POST /h2-console/query.do?jsessionid=f386148655ffb8b94e75e0412ef7c129
2025-07-08 15:17:28 [http-nio-8888-exec-10] DEBUG o.s.security.web.FilterChainProxy - Securing GET /h2-console/stylesheet.css
2025-07-08 15:17:28 [http-nio-8888-exec-10] DEBUG o.s.s.w.a.AnonymousAuthenticationFilter - Set SecurityContextHolder to anonymous SecurityContext
2025-07-08 15:17:28 [http-nio-8888-exec-4] DEBUG o.s.security.web.FilterChainProxy - Securing GET /h2-console/table.js
2025-07-08 15:17:28 [http-nio-8888-exec-4] DEBUG o.s.s.w.a.AnonymousAuthenticationFilter - Set SecurityContextHolder to anonymous SecurityContext
2025-07-08 15:17:28 [http-nio-8888-exec-4] DEBUG o.s.security.web.FilterChainProxy - Secured GET /h2-console/table.js
2025-07-08 15:17:28 [http-nio-8888-exec-10] DEBUG o.s.security.web.FilterChainProxy - Secured GET /h2-console/stylesheet.css
