2025-06-17 16:16:31 [background-preinit] INFO  o.h.validator.internal.util.Version - HV000001: Hibernate Validator 8.0.1.Final
2025-06-17 16:16:31 [restartedMain] INFO  a.d.tourist.TouristApplication - Starting TouristApplication using Java 21.0.5 with PID 51856 (C:\github\Spring\SpringJava20-Mubariz_Bayramov\tourist\target\classes started by User in C:\github\Spring\SpringJava20-Mubariz_Bayramov\tourist)
2025-06-17 16:16:31 [restartedMain] DEBUG a.d.tourist.TouristApplication - Running with Spring Boot v3.3.1, Spring v6.1.10
2025-06-17 16:16:31 [restartedMain] INFO  a.d.tourist.TouristApplication - No active profile set, falling back to 1 default profile: "default"
2025-06-17 16:16:31 [restartedMain] INFO  o.s.b.d.e.DevToolsPropertyDefaultsPostProcessor - Devtools property defaults active! Set 'spring.devtools.add-properties' to 'false' to disable
2025-06-17 16:16:31 [restartedMain] INFO  o.s.b.d.e.DevToolsPropertyDefaultsPostProcessor - For additional web related logging consider setting the 'logging.level.web' property to 'DEBUG'
2025-06-17 16:16:33 [restartedMain] INFO  o.s.d.r.c.RepositoryConfigurationDelegate - Bootstrapping Spring Data JPA repositories in DEFAULT mode.
2025-06-17 16:16:33 [restartedMain] INFO  o.s.d.r.c.RepositoryConfigurationDelegate - Finished Spring Data repository scanning in 245 ms. Found 9 JPA repository interfaces.
2025-06-17 16:16:34 [restartedMain] INFO  o.s.b.w.e.tomcat.TomcatWebServer - Tomcat initialized with port 8888 (http)
2025-06-17 16:16:34 [restartedMain] INFO  o.a.coyote.http11.Http11NioProtocol - Initializing ProtocolHandler ["http-nio-8888"]
2025-06-17 16:16:34 [restartedMain] INFO  o.a.catalina.core.StandardService - Starting service [Tomcat]
2025-06-17 16:16:34 [restartedMain] INFO  o.a.catalina.core.StandardEngine - Starting Servlet engine: [Apache Tomcat/10.1.25]
2025-06-17 16:16:34 [restartedMain] INFO  o.a.c.c.C.[Tomcat].[localhost].[/] - Initializing Spring embedded WebApplicationContext
2025-06-17 16:16:34 [restartedMain] INFO  o.s.b.w.s.c.ServletWebServerApplicationContext - Root WebApplicationContext: initialization completed in 3580 ms
2025-06-17 16:16:35 [restartedMain] INFO  com.zaxxer.hikari.HikariDataSource - HikariPool-1 - Starting...
2025-06-17 16:16:35 [restartedMain] INFO  com.zaxxer.hikari.pool.HikariPool - HikariPool-1 - Added connection conn0: url=jdbc:h2:mem:db user=ROOT
2025-06-17 16:16:35 [restartedMain] INFO  com.zaxxer.hikari.HikariDataSource - HikariPool-1 - Start completed.
2025-06-17 16:16:35 [restartedMain] INFO  o.s.b.a.h.H2ConsoleAutoConfiguration - H2 console available at '/h2-console'. Database available at 'jdbc:h2:mem:db'
2025-06-17 16:16:35 [restartedMain] INFO  o.h.jpa.internal.util.LogHelper - HHH000204: Processing PersistenceUnitInfo [name: default]
2025-06-17 16:16:35 [restartedMain] INFO  org.hibernate.Version - HHH000412: Hibernate ORM core version 6.5.2.Final
2025-06-17 16:16:35 [restartedMain] INFO  o.h.c.i.RegionFactoryInitiator - HHH000026: Second-level cache disabled
2025-06-17 16:16:36 [restartedMain] INFO  o.s.o.j.p.SpringPersistenceUnitInfo - No LoadTimeWeaver setup: ignoring JPA class transformer
2025-06-17 16:16:38 [restartedMain] INFO  o.h.e.t.j.p.i.JtaPlatformInitiator - HHH000489: No JTA platform available (set 'hibernate.transaction.jta.platform' to enable JTA platform integration)
2025-06-17 16:16:38 [restartedMain] DEBUG org.hibernate.SQL - create table authorities (id integer generated by default as identity, authority varchar(255), username varchar(255), primary key (id))
2025-06-17 16:16:38 [restartedMain] DEBUG org.hibernate.SQL - create table authority_list (id integer generated by default as identity, authority varchar(255), lessor integer, tourist integer, primary key (id))
2025-06-17 16:16:38 [restartedMain] DEBUG org.hibernate.SQL - create table bookings (id integer generated by default as identity, end_date date, start_date date, tourist_id integer, object_id integer not null, primary key (id))
2025-06-17 16:16:38 [restartedMain] DEBUG org.hibernate.SQL - create table comments (id integer generated by default as identity, content varchar(255) not null, tourist_id integer, object_id integer, primary key (id))
2025-06-17 16:16:38 [restartedMain] DEBUG org.hibernate.SQL - create table lessors (id integer generated by default as identity, birthday date, email varchar(255), name varchar(255), phone varchar(255), surname varchar(255), primary key (id))
2025-06-17 16:16:38 [restartedMain] DEBUG org.hibernate.SQL - create table objects (id integer generated by default as identity, address varchar(255), area float(53), category_id integer, description varchar(255), floor integer, lessor_code integer, name varchar(255), page_count integer, price numeric(38,2), price_per_night float(53), publish_date date, room_count integer, primary key (id))
2025-06-17 16:16:38 [restartedMain] DEBUG org.hibernate.SQL - create table ratings (id integer generated by default as identity, score integer, tourist_id integer, object_id integer, primary key (id))
2025-06-17 16:16:38 [restartedMain] DEBUG org.hibernate.SQL - create table reviews (id integer generated by default as identity, comment varchar(255), created_at timestamp(6), rating float(53), object_id integer, tourist_id integer, primary key (id))
2025-06-17 16:16:38 [restartedMain] DEBUG org.hibernate.SQL - create table roles (id bigint generated by default as identity, lessor integer, name varchar(255), tourist integer, primary key (id))
2025-06-17 16:16:38 [restartedMain] DEBUG org.hibernate.SQL - create table tourists (id integer generated by default as identity, birthday date, email varchar(255), name varchar(255), phone varchar(255), surname varchar(255), primary key (id))
2025-06-17 16:16:38 [restartedMain] DEBUG org.hibernate.SQL - create table user_roles (user_id bigint not null, role_id bigint not null, primary key (user_id, role_id))
2025-06-17 16:16:38 [restartedMain] DEBUG org.hibernate.SQL - create table users (id bigint generated by default as identity, enabled boolean, password varchar(255), user_id integer, user_type varchar(255), username varchar(255), primary key (id))
2025-06-17 16:16:38 [restartedMain] DEBUG org.hibernate.SQL - alter table if exists users drop constraint if exists UKr43af9ap4edm43mmtq01oddj6
2025-06-17 16:16:38 [restartedMain] DEBUG org.hibernate.SQL - alter table if exists users add constraint UKr43af9ap4edm43mmtq01oddj6 unique (username)
2025-06-17 16:16:38 [restartedMain] DEBUG org.hibernate.SQL - alter table if exists bookings add constraint FKkw8gvro97vljlul2xqy151kcv foreign key (object_id) references objects
2025-06-17 16:16:38 [restartedMain] DEBUG org.hibernate.SQL - alter table if exists comments add constraint FKohryl63tnbcwqimoy6gd92k2e foreign key (object_id) references objects
2025-06-17 16:16:38 [restartedMain] DEBUG org.hibernate.SQL - alter table if exists ratings add constraint FKd15a9mbgknj51ijj2xkg2bcb9 foreign key (object_id) references objects
2025-06-17 16:16:38 [restartedMain] DEBUG org.hibernate.SQL - alter table if exists reviews add constraint FKbaolsgqcud6gikav7hg1sie2p foreign key (object_id) references objects
2025-06-17 16:16:38 [restartedMain] DEBUG org.hibernate.SQL - alter table if exists reviews add constraint FK73u7atq8oagbwr8r5nnp8kkia foreign key (tourist_id) references tourists
2025-06-17 16:16:38 [restartedMain] DEBUG org.hibernate.SQL - alter table if exists user_roles add constraint FKh8ciramu9cc9q3qcqiv4ue8a6 foreign key (role_id) references roles
2025-06-17 16:16:38 [restartedMain] DEBUG org.hibernate.SQL - alter table if exists user_roles add constraint FKhfh9dx7w3ubf1co1vdev94g3f foreign key (user_id) references users
2025-06-17 16:16:38 [restartedMain] INFO  o.s.o.j.LocalContainerEntityManagerFactoryBean - Initialized JPA EntityManagerFactory for persistence unit 'default'
2025-06-17 16:16:39 [restartedMain] DEBUG a.d.t.f.JwtAuthenticationFilter - Filter 'jwtAuthenticationFilter' configured for use
2025-06-17 16:16:40 [restartedMain] WARN  o.s.b.a.o.j.JpaBaseConfiguration$JpaWebConfiguration - spring.jpa.open-in-view is enabled by default. Therefore, database queries may be performed during view rendering. Explicitly configure spring.jpa.open-in-view to disable this warning
2025-06-17 16:16:40 [restartedMain] INFO  o.s.s.c.a.a.c.InitializeUserDetailsBeanManagerConfigurer$InitializeUserDetailsManagerConfigurer - Global AuthenticationManager configured with UserDetailsService bean with name userDetailsServiceImpl
2025-06-17 16:16:40 [restartedMain] INFO  o.s.d.j.r.query.QueryEnhancerFactory - Hibernate is in classpath; If applicable, HQL parser will be used.
2025-06-17 16:16:43 [restartedMain] INFO  o.s.b.d.a.OptionalLiveReloadServer - LiveReload server is running on port 35729
2025-06-17 16:16:44 [restartedMain] INFO  o.a.coyote.http11.Http11NioProtocol - Starting ProtocolHandler ["http-nio-8888"]
2025-06-17 16:16:44 [restartedMain] INFO  o.s.b.w.e.tomcat.TomcatWebServer - Tomcat started on port 8888 (http) with context path '/'
2025-06-17 16:16:44 [restartedMain] INFO  a.d.tourist.TouristApplication - Started TouristApplication in 13.583 seconds (process running for 14.32)
2025-06-17 16:16:52 [http-nio-8888-exec-1] INFO  o.a.c.c.C.[Tomcat].[localhost].[/] - Initializing Spring DispatcherServlet 'dispatcherServlet'
2025-06-17 16:16:52 [http-nio-8888-exec-1] INFO  o.s.web.servlet.DispatcherServlet - Initializing Servlet 'dispatcherServlet'
2025-06-17 16:16:52 [http-nio-8888-exec-1] INFO  o.s.web.servlet.DispatcherServlet - Completed initialization in 2 ms
2025-06-17 16:16:53 [http-nio-8888-exec-8] INFO  o.s.api.AbstractOpenApiResource - Init duration for springdoc-openapi is: 399 ms
2025-06-17 16:19:00 [http-nio-8888-exec-6] DEBUG org.hibernate.SQL - select ue1_0.id,ue1_0.enabled,ue1_0.password,ue1_0.user_id,ue1_0.user_type,ue1_0.username from users ue1_0 where ue1_0.username=?
2025-06-17 16:19:00 [http-nio-8888-exec-6] DEBUG org.hibernate.SQL - select r1_0.user_id,r1_1.id,r1_1.lessor,r1_1.name,r1_1.tourist from user_roles r1_0 join roles r1_1 on r1_1.id=r1_0.role_id where r1_0.user_id=?
2025-06-17 16:19:00 [http-nio-8888-exec-6] WARN  o.s.s.c.bcrypt.BCryptPasswordEncoder - Encoded password does not look like BCrypt
2025-06-17 16:19:00 [http-nio-8888-exec-6] DEBUG org.hibernate.SQL - select ue1_0.id,ue1_0.enabled,ue1_0.password,ue1_0.user_id,ue1_0.user_type,ue1_0.username from users ue1_0 where ue1_0.username=?
2025-06-17 16:19:00 [http-nio-8888-exec-6] WARN  o.s.s.c.bcrypt.BCryptPasswordEncoder - Encoded password does not look like BCrypt
2025-06-17 16:19:06 [http-nio-8888-exec-3] DEBUG org.hibernate.SQL - select ue1_0.id,ue1_0.enabled,ue1_0.password,ue1_0.user_id,ue1_0.user_type,ue1_0.username from users ue1_0 where ue1_0.username=?
2025-06-17 16:19:06 [http-nio-8888-exec-3] DEBUG org.hibernate.SQL - select r1_0.user_id,r1_1.id,r1_1.lessor,r1_1.name,r1_1.tourist from user_roles r1_0 join roles r1_1 on r1_1.id=r1_0.role_id where r1_0.user_id=?
2025-06-17 16:19:06 [http-nio-8888-exec-3] WARN  o.s.s.c.bcrypt.BCryptPasswordEncoder - Encoded password does not look like BCrypt
2025-06-17 16:19:06 [http-nio-8888-exec-3] DEBUG org.hibernate.SQL - select ue1_0.id,ue1_0.enabled,ue1_0.password,ue1_0.user_id,ue1_0.user_type,ue1_0.username from users ue1_0 where ue1_0.username=?
2025-06-17 16:19:06 [http-nio-8888-exec-3] WARN  o.s.s.c.bcrypt.BCryptPasswordEncoder - Encoded password does not look like BCrypt
2025-06-17 16:26:34 [background-preinit] INFO  o.h.validator.internal.util.Version - HV000001: Hibernate Validator 8.0.1.Final
2025-06-17 16:26:34 [restartedMain] INFO  a.d.tourist.TouristApplication - Starting TouristApplication using Java 21.0.5 with PID 32440 (C:\github\Spring\SpringJava20-Mubariz_Bayramov\tourist\target\classes started by User in C:\github\Spring\SpringJava20-Mubariz_Bayramov\tourist)
2025-06-17 16:26:34 [restartedMain] DEBUG a.d.tourist.TouristApplication - Running with Spring Boot v3.3.1, Spring v6.1.10
2025-06-17 16:26:34 [restartedMain] INFO  a.d.tourist.TouristApplication - No active profile set, falling back to 1 default profile: "default"
2025-06-17 16:26:34 [restartedMain] INFO  o.s.b.d.e.DevToolsPropertyDefaultsPostProcessor - Devtools property defaults active! Set 'spring.devtools.add-properties' to 'false' to disable
2025-06-17 16:26:34 [restartedMain] INFO  o.s.b.d.e.DevToolsPropertyDefaultsPostProcessor - For additional web related logging consider setting the 'logging.level.web' property to 'DEBUG'
2025-06-17 16:26:36 [restartedMain] INFO  o.s.d.r.c.RepositoryConfigurationDelegate - Bootstrapping Spring Data JPA repositories in DEFAULT mode.
2025-06-17 16:26:36 [restartedMain] INFO  o.s.d.r.c.RepositoryConfigurationDelegate - Finished Spring Data repository scanning in 236 ms. Found 9 JPA repository interfaces.
2025-06-17 16:26:38 [restartedMain] INFO  o.s.b.w.e.tomcat.TomcatWebServer - Tomcat initialized with port 8888 (http)
2025-06-17 16:26:38 [restartedMain] INFO  o.a.coyote.http11.Http11NioProtocol - Initializing ProtocolHandler ["http-nio-8888"]
2025-06-17 16:26:38 [restartedMain] INFO  o.a.catalina.core.StandardService - Starting service [Tomcat]
2025-06-17 16:26:38 [restartedMain] INFO  o.a.catalina.core.StandardEngine - Starting Servlet engine: [Apache Tomcat/10.1.25]
2025-06-17 16:26:38 [restartedMain] INFO  o.a.c.c.C.[Tomcat].[localhost].[/] - Initializing Spring embedded WebApplicationContext
2025-06-17 16:26:38 [restartedMain] INFO  o.s.b.w.s.c.ServletWebServerApplicationContext - Root WebApplicationContext: initialization completed in 4003 ms
2025-06-17 16:26:38 [restartedMain] INFO  com.zaxxer.hikari.HikariDataSource - HikariPool-1 - Starting...
2025-06-17 16:26:38 [restartedMain] INFO  com.zaxxer.hikari.pool.HikariPool - HikariPool-1 - Added connection conn0: url=jdbc:h2:mem:db user=ROOT
2025-06-17 16:26:38 [restartedMain] INFO  com.zaxxer.hikari.HikariDataSource - HikariPool-1 - Start completed.
2025-06-17 16:26:38 [restartedMain] INFO  o.s.b.a.h.H2ConsoleAutoConfiguration - H2 console available at '/h2-console'. Database available at 'jdbc:h2:mem:db'
2025-06-17 16:26:39 [restartedMain] INFO  o.h.jpa.internal.util.LogHelper - HHH000204: Processing PersistenceUnitInfo [name: default]
2025-06-17 16:26:39 [restartedMain] INFO  org.hibernate.Version - HHH000412: Hibernate ORM core version 6.5.2.Final
2025-06-17 16:26:39 [restartedMain] INFO  o.h.c.i.RegionFactoryInitiator - HHH000026: Second-level cache disabled
2025-06-17 16:26:39 [restartedMain] INFO  o.s.o.j.p.SpringPersistenceUnitInfo - No LoadTimeWeaver setup: ignoring JPA class transformer
2025-06-17 16:26:41 [restartedMain] INFO  o.h.e.t.j.p.i.JtaPlatformInitiator - HHH000489: No JTA platform available (set 'hibernate.transaction.jta.platform' to enable JTA platform integration)
2025-06-17 16:26:41 [restartedMain] DEBUG org.hibernate.SQL - create table authorities (id integer generated by default as identity, authority varchar(255), username varchar(255), primary key (id))
2025-06-17 16:26:41 [restartedMain] DEBUG org.hibernate.SQL - create table authority_list (id integer generated by default as identity, authority varchar(255), lessor integer, tourist integer, primary key (id))
2025-06-17 16:26:41 [restartedMain] DEBUG org.hibernate.SQL - create table bookings (id integer generated by default as identity, end_date date, start_date date, tourist_id integer, object_id integer not null, primary key (id))
2025-06-17 16:26:41 [restartedMain] DEBUG org.hibernate.SQL - create table comments (id integer generated by default as identity, content varchar(255) not null, tourist_id integer, object_id integer, primary key (id))
2025-06-17 16:26:41 [restartedMain] DEBUG org.hibernate.SQL - create table lessors (id integer generated by default as identity, birthday date, email varchar(255), name varchar(255), phone varchar(255), surname varchar(255), primary key (id))
2025-06-17 16:26:41 [restartedMain] DEBUG org.hibernate.SQL - create table objects (id integer generated by default as identity, address varchar(255), area float(53), category_id integer, description varchar(255), floor integer, lessor_code integer, name varchar(255), page_count integer, price numeric(38,2), price_per_night float(53), publish_date date, room_count integer, primary key (id))
2025-06-17 16:26:41 [restartedMain] DEBUG org.hibernate.SQL - create table ratings (id integer generated by default as identity, score integer, tourist_id integer, object_id integer, primary key (id))
2025-06-17 16:26:41 [restartedMain] DEBUG org.hibernate.SQL - create table reviews (id integer generated by default as identity, comment varchar(255), created_at timestamp(6), rating float(53), object_id integer, tourist_id integer, primary key (id))
2025-06-17 16:26:41 [restartedMain] DEBUG org.hibernate.SQL - create table roles (id bigint generated by default as identity, lessor integer, name varchar(255), tourist integer, primary key (id))
2025-06-17 16:26:41 [restartedMain] DEBUG org.hibernate.SQL - create table tourists (id integer generated by default as identity, birthday date, email varchar(255), name varchar(255), phone varchar(255), surname varchar(255), primary key (id))
2025-06-17 16:26:41 [restartedMain] DEBUG org.hibernate.SQL - create table user_roles (user_id bigint not null, role_id bigint not null, primary key (user_id, role_id))
2025-06-17 16:26:41 [restartedMain] DEBUG org.hibernate.SQL - create table users (id bigint generated by default as identity, enabled boolean, password varchar(255), user_id integer, user_type varchar(255), username varchar(255), primary key (id))
2025-06-17 16:26:41 [restartedMain] DEBUG org.hibernate.SQL - alter table if exists users drop constraint if exists UKr43af9ap4edm43mmtq01oddj6
2025-06-17 16:26:41 [restartedMain] DEBUG org.hibernate.SQL - alter table if exists users add constraint UKr43af9ap4edm43mmtq01oddj6 unique (username)
2025-06-17 16:26:41 [restartedMain] DEBUG org.hibernate.SQL - alter table if exists bookings add constraint FKkw8gvro97vljlul2xqy151kcv foreign key (object_id) references objects
2025-06-17 16:26:41 [restartedMain] DEBUG org.hibernate.SQL - alter table if exists comments add constraint FKohryl63tnbcwqimoy6gd92k2e foreign key (object_id) references objects
2025-06-17 16:26:41 [restartedMain] DEBUG org.hibernate.SQL - alter table if exists ratings add constraint FKd15a9mbgknj51ijj2xkg2bcb9 foreign key (object_id) references objects
2025-06-17 16:26:41 [restartedMain] DEBUG org.hibernate.SQL - alter table if exists reviews add constraint FKbaolsgqcud6gikav7hg1sie2p foreign key (object_id) references objects
2025-06-17 16:26:41 [restartedMain] DEBUG org.hibernate.SQL - alter table if exists reviews add constraint FK73u7atq8oagbwr8r5nnp8kkia foreign key (tourist_id) references tourists
2025-06-17 16:26:41 [restartedMain] DEBUG org.hibernate.SQL - alter table if exists user_roles add constraint FKh8ciramu9cc9q3qcqiv4ue8a6 foreign key (role_id) references roles
2025-06-17 16:26:41 [restartedMain] DEBUG org.hibernate.SQL - alter table if exists user_roles add constraint FKhfh9dx7w3ubf1co1vdev94g3f foreign key (user_id) references users
2025-06-17 16:26:41 [restartedMain] INFO  o.s.o.j.LocalContainerEntityManagerFactoryBean - Initialized JPA EntityManagerFactory for persistence unit 'default'
2025-06-17 16:26:42 [restartedMain] DEBUG a.d.t.f.JwtAuthenticationFilter - Filter 'jwtAuthenticationFilter' configured for use
2025-06-17 16:26:42 [restartedMain] WARN  o.s.b.a.o.j.JpaBaseConfiguration$JpaWebConfiguration - spring.jpa.open-in-view is enabled by default. Therefore, database queries may be performed during view rendering. Explicitly configure spring.jpa.open-in-view to disable this warning
2025-06-17 16:26:42 [restartedMain] INFO  o.s.s.c.a.a.c.InitializeUserDetailsBeanManagerConfigurer$InitializeUserDetailsManagerConfigurer - Global AuthenticationManager configured with UserDetailsService bean with name userDetailsServiceImpl
2025-06-17 16:26:42 [restartedMain] INFO  o.s.d.j.r.query.QueryEnhancerFactory - Hibernate is in classpath; If applicable, HQL parser will be used.
2025-06-17 16:26:45 [restartedMain] INFO  o.s.b.d.a.OptionalLiveReloadServer - LiveReload server is running on port 35729
2025-06-17 16:26:45 [restartedMain] INFO  o.a.coyote.http11.Http11NioProtocol - Starting ProtocolHandler ["http-nio-8888"]
2025-06-17 16:26:45 [restartedMain] INFO  o.s.b.w.e.tomcat.TomcatWebServer - Tomcat started on port 8888 (http) with context path '/'
2025-06-17 16:26:45 [restartedMain] INFO  a.d.tourist.TouristApplication - Started TouristApplication in 11.768 seconds (process running for 12.552)
2025-06-17 16:26:47 [http-nio-8888-exec-2] INFO  o.a.c.c.C.[Tomcat].[localhost].[/] - Initializing Spring DispatcherServlet 'dispatcherServlet'
2025-06-17 16:26:47 [http-nio-8888-exec-2] INFO  o.s.web.servlet.DispatcherServlet - Initializing Servlet 'dispatcherServlet'
2025-06-17 16:26:47 [http-nio-8888-exec-2] INFO  o.s.web.servlet.DispatcherServlet - Completed initialization in 2 ms
2025-06-17 16:26:48 [http-nio-8888-exec-9] INFO  o.s.api.AbstractOpenApiResource - Init duration for springdoc-openapi is: 744 ms
2025-06-17 16:27:12 [http-nio-8888-exec-10] DEBUG org.hibernate.SQL - select ue1_0.id,ue1_0.enabled,ue1_0.password,ue1_0.user_id,ue1_0.user_type,ue1_0.username from users ue1_0 where ue1_0.username=?
2025-06-17 16:27:12 [http-nio-8888-exec-10] DEBUG org.hibernate.SQL - select r1_0.user_id,r1_1.id,r1_1.lessor,r1_1.name,r1_1.tourist from user_roles r1_0 join roles r1_1 on r1_1.id=r1_0.role_id where r1_0.user_id=?
2025-06-17 16:27:12 [http-nio-8888-exec-10] WARN  o.s.s.c.bcrypt.BCryptPasswordEncoder - Encoded password does not look like BCrypt
2025-06-17 16:27:13 [http-nio-8888-exec-10] DEBUG org.hibernate.SQL - select ue1_0.id,ue1_0.enabled,ue1_0.password,ue1_0.user_id,ue1_0.user_type,ue1_0.username from users ue1_0 where ue1_0.username=?
2025-06-17 16:27:13 [http-nio-8888-exec-10] WARN  o.s.s.c.bcrypt.BCryptPasswordEncoder - Encoded password does not look like BCrypt
2025-06-17 16:30:18 [background-preinit] INFO  o.h.validator.internal.util.Version - HV000001: Hibernate Validator 8.0.1.Final
2025-06-17 16:30:18 [restartedMain] INFO  a.d.tourist.TouristApplication - Starting TouristApplication using Java 21.0.5 with PID 45088 (C:\github\Spring\SpringJava20-Mubariz_Bayramov\tourist\target\classes started by User in C:\github\Spring\SpringJava20-Mubariz_Bayramov\tourist)
2025-06-17 16:30:18 [restartedMain] DEBUG a.d.tourist.TouristApplication - Running with Spring Boot v3.3.1, Spring v6.1.10
2025-06-17 16:30:18 [restartedMain] INFO  a.d.tourist.TouristApplication - No active profile set, falling back to 1 default profile: "default"
2025-06-17 16:30:18 [restartedMain] INFO  o.s.b.d.e.DevToolsPropertyDefaultsPostProcessor - Devtools property defaults active! Set 'spring.devtools.add-properties' to 'false' to disable
2025-06-17 16:30:18 [restartedMain] INFO  o.s.b.d.e.DevToolsPropertyDefaultsPostProcessor - For additional web related logging consider setting the 'logging.level.web' property to 'DEBUG'
2025-06-17 16:30:20 [restartedMain] INFO  o.s.d.r.c.RepositoryConfigurationDelegate - Bootstrapping Spring Data JPA repositories in DEFAULT mode.
2025-06-17 16:30:20 [restartedMain] INFO  o.s.d.r.c.RepositoryConfigurationDelegate - Finished Spring Data repository scanning in 515 ms. Found 9 JPA repository interfaces.
2025-06-17 16:30:22 [restartedMain] INFO  o.s.b.w.e.tomcat.TomcatWebServer - Tomcat initialized with port 8888 (http)
2025-06-17 16:30:22 [restartedMain] INFO  o.a.coyote.http11.Http11NioProtocol - Initializing ProtocolHandler ["http-nio-8888"]
2025-06-17 16:30:22 [restartedMain] INFO  o.a.catalina.core.StandardService - Starting service [Tomcat]
2025-06-17 16:30:22 [restartedMain] INFO  o.a.catalina.core.StandardEngine - Starting Servlet engine: [Apache Tomcat/10.1.25]
2025-06-17 16:30:22 [restartedMain] INFO  o.a.c.c.C.[Tomcat].[localhost].[/] - Initializing Spring embedded WebApplicationContext
2025-06-17 16:30:22 [restartedMain] INFO  o.s.b.w.s.c.ServletWebServerApplicationContext - Root WebApplicationContext: initialization completed in 3502 ms
2025-06-17 16:30:22 [restartedMain] INFO  com.zaxxer.hikari.HikariDataSource - HikariPool-1 - Starting...
2025-06-17 16:30:22 [restartedMain] INFO  com.zaxxer.hikari.pool.HikariPool - HikariPool-1 - Added connection conn0: url=jdbc:h2:mem:db user=ROOT
2025-06-17 16:30:22 [restartedMain] INFO  com.zaxxer.hikari.HikariDataSource - HikariPool-1 - Start completed.
2025-06-17 16:30:22 [restartedMain] INFO  o.s.b.a.h.H2ConsoleAutoConfiguration - H2 console available at '/h2-console'. Database available at 'jdbc:h2:mem:db'
2025-06-17 16:30:22 [restartedMain] INFO  o.h.jpa.internal.util.LogHelper - HHH000204: Processing PersistenceUnitInfo [name: default]
2025-06-17 16:30:22 [restartedMain] INFO  org.hibernate.Version - HHH000412: Hibernate ORM core version 6.5.2.Final
2025-06-17 16:30:22 [restartedMain] INFO  o.h.c.i.RegionFactoryInitiator - HHH000026: Second-level cache disabled
2025-06-17 16:30:23 [restartedMain] INFO  o.s.o.j.p.SpringPersistenceUnitInfo - No LoadTimeWeaver setup: ignoring JPA class transformer
2025-06-17 16:30:25 [restartedMain] INFO  o.h.e.t.j.p.i.JtaPlatformInitiator - HHH000489: No JTA platform available (set 'hibernate.transaction.jta.platform' to enable JTA platform integration)
2025-06-17 16:30:26 [restartedMain] DEBUG org.hibernate.SQL - create table authorities (id integer generated by default as identity, authority varchar(255), username varchar(255), primary key (id))
2025-06-17 16:30:26 [restartedMain] DEBUG org.hibernate.SQL - create table authority_list (id integer generated by default as identity, authority varchar(255), lessor integer, tourist integer, primary key (id))
2025-06-17 16:30:26 [restartedMain] DEBUG org.hibernate.SQL - create table bookings (id integer generated by default as identity, end_date date, start_date date, tourist_id integer, object_id integer not null, primary key (id))
2025-06-17 16:30:26 [restartedMain] DEBUG org.hibernate.SQL - create table comments (id integer generated by default as identity, content varchar(255) not null, tourist_id integer, object_id integer, primary key (id))
2025-06-17 16:30:26 [restartedMain] DEBUG org.hibernate.SQL - create table lessors (id integer generated by default as identity, birthday date, email varchar(255), name varchar(255), phone varchar(255), surname varchar(255), primary key (id))
2025-06-17 16:30:26 [restartedMain] DEBUG org.hibernate.SQL - create table objects (id integer generated by default as identity, address varchar(255), area float(53), category_id integer, description varchar(255), floor integer, lessor_code integer, name varchar(255), page_count integer, price numeric(38,2), price_per_night float(53), publish_date date, room_count integer, primary key (id))
2025-06-17 16:30:26 [restartedMain] DEBUG org.hibernate.SQL - create table ratings (id integer generated by default as identity, score integer, tourist_id integer, object_id integer, primary key (id))
2025-06-17 16:30:26 [restartedMain] DEBUG org.hibernate.SQL - create table reviews (id integer generated by default as identity, comment varchar(255), created_at timestamp(6), rating float(53), object_id integer, tourist_id integer, primary key (id))
2025-06-17 16:30:26 [restartedMain] DEBUG org.hibernate.SQL - create table roles (id bigint generated by default as identity, lessor integer, name varchar(255), tourist integer, primary key (id))
2025-06-17 16:30:26 [restartedMain] DEBUG org.hibernate.SQL - create table tourists (id integer generated by default as identity, birthday date, email varchar(255), name varchar(255), phone varchar(255), surname varchar(255), primary key (id))
2025-06-17 16:30:26 [restartedMain] DEBUG org.hibernate.SQL - create table user_roles (user_id bigint not null, role_id bigint not null, primary key (user_id, role_id))
2025-06-17 16:30:26 [restartedMain] DEBUG org.hibernate.SQL - create table users (id bigint generated by default as identity, enabled boolean, password varchar(255), user_id integer, user_type varchar(255), username varchar(255), primary key (id))
2025-06-17 16:30:26 [restartedMain] DEBUG org.hibernate.SQL - alter table if exists users drop constraint if exists UKr43af9ap4edm43mmtq01oddj6
2025-06-17 16:30:26 [restartedMain] DEBUG org.hibernate.SQL - alter table if exists users add constraint UKr43af9ap4edm43mmtq01oddj6 unique (username)
2025-06-17 16:30:26 [restartedMain] DEBUG org.hibernate.SQL - alter table if exists bookings add constraint FKkw8gvro97vljlul2xqy151kcv foreign key (object_id) references objects
2025-06-17 16:30:26 [restartedMain] DEBUG org.hibernate.SQL - alter table if exists comments add constraint FKohryl63tnbcwqimoy6gd92k2e foreign key (object_id) references objects
2025-06-17 16:30:26 [restartedMain] DEBUG org.hibernate.SQL - alter table if exists ratings add constraint FKd15a9mbgknj51ijj2xkg2bcb9 foreign key (object_id) references objects
2025-06-17 16:30:26 [restartedMain] DEBUG org.hibernate.SQL - alter table if exists reviews add constraint FKbaolsgqcud6gikav7hg1sie2p foreign key (object_id) references objects
2025-06-17 16:30:26 [restartedMain] DEBUG org.hibernate.SQL - alter table if exists reviews add constraint FK73u7atq8oagbwr8r5nnp8kkia foreign key (tourist_id) references tourists
2025-06-17 16:30:26 [restartedMain] DEBUG org.hibernate.SQL - alter table if exists user_roles add constraint FKh8ciramu9cc9q3qcqiv4ue8a6 foreign key (role_id) references roles
2025-06-17 16:30:26 [restartedMain] DEBUG org.hibernate.SQL - alter table if exists user_roles add constraint FKhfh9dx7w3ubf1co1vdev94g3f foreign key (user_id) references users
2025-06-17 16:30:26 [restartedMain] INFO  o.s.o.j.LocalContainerEntityManagerFactoryBean - Initialized JPA EntityManagerFactory for persistence unit 'default'
2025-06-17 16:30:27 [restartedMain] DEBUG a.d.t.f.JwtAuthenticationFilter - Filter 'jwtAuthenticationFilter' configured for use
2025-06-17 16:30:27 [restartedMain] WARN  o.s.b.a.o.j.JpaBaseConfiguration$JpaWebConfiguration - spring.jpa.open-in-view is enabled by default. Therefore, database queries may be performed during view rendering. Explicitly configure spring.jpa.open-in-view to disable this warning
2025-06-17 16:30:27 [restartedMain] INFO  o.s.s.c.a.a.c.InitializeUserDetailsBeanManagerConfigurer$InitializeUserDetailsManagerConfigurer - Global AuthenticationManager configured with UserDetailsService bean with name userDetailsServiceImpl
2025-06-17 16:30:28 [restartedMain] INFO  o.s.d.j.r.query.QueryEnhancerFactory - Hibernate is in classpath; If applicable, HQL parser will be used.
2025-06-17 16:30:32 [restartedMain] INFO  o.s.b.d.a.OptionalLiveReloadServer - LiveReload server is running on port 35729
2025-06-17 16:30:32 [restartedMain] INFO  o.a.coyote.http11.Http11NioProtocol - Starting ProtocolHandler ["http-nio-8888"]
2025-06-17 16:30:32 [restartedMain] INFO  o.s.b.w.e.tomcat.TomcatWebServer - Tomcat started on port 8888 (http) with context path '/'
2025-06-17 16:30:32 [restartedMain] INFO  a.d.tourist.TouristApplication - Started TouristApplication in 14.598 seconds (process running for 15.395)
2025-06-17 16:30:35 [http-nio-8888-exec-1] INFO  o.a.c.c.C.[Tomcat].[localhost].[/] - Initializing Spring DispatcherServlet 'dispatcherServlet'
2025-06-17 16:30:35 [http-nio-8888-exec-1] INFO  o.s.web.servlet.DispatcherServlet - Initializing Servlet 'dispatcherServlet'
2025-06-17 16:30:35 [http-nio-8888-exec-1] INFO  o.s.web.servlet.DispatcherServlet - Completed initialization in 3 ms
2025-06-17 16:30:36 [http-nio-8888-exec-9] INFO  o.s.api.AbstractOpenApiResource - Init duration for springdoc-openapi is: 1199 ms
2025-06-17 23:06:11 [background-preinit] INFO  o.h.validator.internal.util.Version - HV000001: Hibernate Validator 8.0.1.Final
2025-06-17 23:06:11 [restartedMain] INFO  a.d.tourist.TouristApplication - Starting TouristApplication using Java 21.0.5 with PID 50880 (C:\github\Spring\SpringJava20-Mubariz_Bayramov\tourist\target\classes started by User in C:\github\Spring\SpringJava20-Mubariz_Bayramov\tourist)
2025-06-17 23:06:11 [restartedMain] DEBUG a.d.tourist.TouristApplication - Running with Spring Boot v3.3.1, Spring v6.1.10
2025-06-17 23:06:11 [restartedMain] INFO  a.d.tourist.TouristApplication - No active profile set, falling back to 1 default profile: "default"
2025-06-17 23:06:11 [restartedMain] INFO  o.s.b.d.e.DevToolsPropertyDefaultsPostProcessor - Devtools property defaults active! Set 'spring.devtools.add-properties' to 'false' to disable
2025-06-17 23:06:11 [restartedMain] INFO  o.s.b.d.e.DevToolsPropertyDefaultsPostProcessor - For additional web related logging consider setting the 'logging.level.web' property to 'DEBUG'
2025-06-17 23:06:13 [restartedMain] INFO  o.s.d.r.c.RepositoryConfigurationDelegate - Bootstrapping Spring Data JPA repositories in DEFAULT mode.
2025-06-17 23:06:13 [restartedMain] INFO  o.s.d.r.c.RepositoryConfigurationDelegate - Finished Spring Data repository scanning in 260 ms. Found 9 JPA repository interfaces.
2025-06-17 23:06:15 [restartedMain] INFO  o.s.b.w.e.tomcat.TomcatWebServer - Tomcat initialized with port 8888 (http)
2025-06-17 23:06:15 [restartedMain] INFO  o.a.coyote.http11.Http11NioProtocol - Initializing ProtocolHandler ["http-nio-8888"]
2025-06-17 23:06:15 [restartedMain] INFO  o.a.catalina.core.StandardService - Starting service [Tomcat]
2025-06-17 23:06:15 [restartedMain] INFO  o.a.catalina.core.StandardEngine - Starting Servlet engine: [Apache Tomcat/10.1.25]
2025-06-17 23:06:15 [restartedMain] INFO  o.a.c.c.C.[Tomcat].[localhost].[/] - Initializing Spring embedded WebApplicationContext
2025-06-17 23:06:15 [restartedMain] INFO  o.s.b.w.s.c.ServletWebServerApplicationContext - Root WebApplicationContext: initialization completed in 3813 ms
2025-06-17 23:06:15 [restartedMain] INFO  com.zaxxer.hikari.HikariDataSource - HikariPool-1 - Starting...
2025-06-17 23:06:15 [restartedMain] INFO  com.zaxxer.hikari.pool.HikariPool - HikariPool-1 - Added connection conn0: url=jdbc:h2:mem:db user=ROOT
2025-06-17 23:06:15 [restartedMain] INFO  com.zaxxer.hikari.HikariDataSource - HikariPool-1 - Start completed.
2025-06-17 23:06:16 [restartedMain] INFO  o.s.b.a.h.H2ConsoleAutoConfiguration - H2 console available at '/h2-console'. Database available at 'jdbc:h2:mem:db'
2025-06-17 23:06:16 [restartedMain] INFO  o.h.jpa.internal.util.LogHelper - HHH000204: Processing PersistenceUnitInfo [name: default]
2025-06-17 23:06:16 [restartedMain] INFO  org.hibernate.Version - HHH000412: Hibernate ORM core version 6.5.2.Final
2025-06-17 23:06:16 [restartedMain] INFO  o.h.c.i.RegionFactoryInitiator - HHH000026: Second-level cache disabled
2025-06-17 23:06:17 [restartedMain] INFO  o.s.o.j.p.SpringPersistenceUnitInfo - No LoadTimeWeaver setup: ignoring JPA class transformer
2025-06-17 23:06:19 [restartedMain] INFO  o.h.e.t.j.p.i.JtaPlatformInitiator - HHH000489: No JTA platform available (set 'hibernate.transaction.jta.platform' to enable JTA platform integration)
2025-06-17 23:06:19 [restartedMain] DEBUG org.hibernate.SQL - create table authorities (id integer generated by default as identity, authority varchar(255), username varchar(255), primary key (id))
2025-06-17 23:06:19 [restartedMain] DEBUG org.hibernate.SQL - create table authority_list (id integer generated by default as identity, authority varchar(255), lessor integer, tourist integer, primary key (id))
2025-06-17 23:06:19 [restartedMain] DEBUG org.hibernate.SQL - create table bookings (id integer generated by default as identity, end_date date, start_date date, tourist_id integer, object_id integer not null, primary key (id))
2025-06-17 23:06:19 [restartedMain] DEBUG org.hibernate.SQL - create table comments (id integer generated by default as identity, content varchar(255) not null, tourist_id integer, object_id integer, primary key (id))
2025-06-17 23:06:19 [restartedMain] DEBUG org.hibernate.SQL - create table lessors (id integer generated by default as identity, birthday date, email varchar(255), name varchar(255), phone varchar(255), surname varchar(255), primary key (id))
2025-06-17 23:06:19 [restartedMain] DEBUG org.hibernate.SQL - create table objects (id integer generated by default as identity, address varchar(255), area float(53), category_id integer, description varchar(255), floor integer, lessor_code integer, name varchar(255), page_count integer, price numeric(38,2), price_per_night float(53), publish_date date, room_count integer, primary key (id))
2025-06-17 23:06:19 [restartedMain] DEBUG org.hibernate.SQL - create table ratings (id integer generated by default as identity, score integer, tourist_id integer, object_id integer, primary key (id))
2025-06-17 23:06:19 [restartedMain] DEBUG org.hibernate.SQL - create table reviews (id integer generated by default as identity, comment varchar(255), created_at timestamp(6), rating float(53), object_id integer, tourist_id integer, primary key (id))
2025-06-17 23:06:19 [restartedMain] DEBUG org.hibernate.SQL - create table roles (id bigint generated by default as identity, lessor integer, name varchar(255), tourist integer, primary key (id))
2025-06-17 23:06:19 [restartedMain] DEBUG org.hibernate.SQL - create table tourists (id integer generated by default as identity, birthday date, email varchar(255), name varchar(255), phone varchar(255), surname varchar(255), primary key (id))
2025-06-17 23:06:19 [restartedMain] DEBUG org.hibernate.SQL - create table user_roles (user_id bigint not null, role_id bigint not null, primary key (user_id, role_id))
2025-06-17 23:06:19 [restartedMain] DEBUG org.hibernate.SQL - create table users (id bigint generated by default as identity, enabled boolean, password varchar(255), user_id integer, user_type varchar(255), username varchar(255), primary key (id))
2025-06-17 23:06:19 [restartedMain] DEBUG org.hibernate.SQL - alter table if exists users drop constraint if exists UKr43af9ap4edm43mmtq01oddj6
2025-06-17 23:06:19 [restartedMain] DEBUG org.hibernate.SQL - alter table if exists users add constraint UKr43af9ap4edm43mmtq01oddj6 unique (username)
2025-06-17 23:06:19 [restartedMain] DEBUG org.hibernate.SQL - alter table if exists bookings add constraint FKkw8gvro97vljlul2xqy151kcv foreign key (object_id) references objects
2025-06-17 23:06:19 [restartedMain] DEBUG org.hibernate.SQL - alter table if exists comments add constraint FKohryl63tnbcwqimoy6gd92k2e foreign key (object_id) references objects
2025-06-17 23:06:19 [restartedMain] DEBUG org.hibernate.SQL - alter table if exists ratings add constraint FKd15a9mbgknj51ijj2xkg2bcb9 foreign key (object_id) references objects
2025-06-17 23:06:19 [restartedMain] DEBUG org.hibernate.SQL - alter table if exists reviews add constraint FKbaolsgqcud6gikav7hg1sie2p foreign key (object_id) references objects
2025-06-17 23:06:19 [restartedMain] DEBUG org.hibernate.SQL - alter table if exists reviews add constraint FK73u7atq8oagbwr8r5nnp8kkia foreign key (tourist_id) references tourists
2025-06-17 23:06:19 [restartedMain] DEBUG org.hibernate.SQL - alter table if exists user_roles add constraint FKh8ciramu9cc9q3qcqiv4ue8a6 foreign key (role_id) references roles
2025-06-17 23:06:19 [restartedMain] DEBUG org.hibernate.SQL - alter table if exists user_roles add constraint FKhfh9dx7w3ubf1co1vdev94g3f foreign key (user_id) references users
2025-06-17 23:06:19 [restartedMain] INFO  o.s.o.j.LocalContainerEntityManagerFactoryBean - Initialized JPA EntityManagerFactory for persistence unit 'default'
2025-06-17 23:06:20 [restartedMain] DEBUG a.d.t.f.JwtAuthenticationFilter - Filter 'jwtAuthenticationFilter' configured for use
2025-06-17 23:06:21 [restartedMain] WARN  o.s.b.a.o.j.JpaBaseConfiguration$JpaWebConfiguration - spring.jpa.open-in-view is enabled by default. Therefore, database queries may be performed during view rendering. Explicitly configure spring.jpa.open-in-view to disable this warning
2025-06-17 23:06:21 [restartedMain] INFO  o.s.s.c.a.a.c.InitializeUserDetailsBeanManagerConfigurer$InitializeUserDetailsManagerConfigurer - Global AuthenticationManager configured with UserDetailsService bean with name userDetailsServiceImpl
2025-06-17 23:06:21 [restartedMain] INFO  o.s.d.j.r.query.QueryEnhancerFactory - Hibernate is in classpath; If applicable, HQL parser will be used.
2025-06-17 23:06:25 [restartedMain] INFO  o.s.b.d.a.OptionalLiveReloadServer - LiveReload server is running on port 35729
2025-06-17 23:06:26 [restartedMain] INFO  o.a.coyote.http11.Http11NioProtocol - Starting ProtocolHandler ["http-nio-8888"]
2025-06-17 23:06:26 [restartedMain] INFO  o.s.b.w.e.tomcat.TomcatWebServer - Tomcat started on port 8888 (http) with context path '/'
2025-06-17 23:06:26 [restartedMain] INFO  a.d.tourist.TouristApplication - Started TouristApplication in 15.385 seconds (process running for 16.175)
2025-06-17 23:06:54 [http-nio-8888-exec-1] INFO  o.a.c.c.C.[Tomcat].[localhost].[/] - Initializing Spring DispatcherServlet 'dispatcherServlet'
2025-06-17 23:06:54 [http-nio-8888-exec-1] INFO  o.s.web.servlet.DispatcherServlet - Initializing Servlet 'dispatcherServlet'
2025-06-17 23:06:54 [http-nio-8888-exec-1] INFO  o.s.web.servlet.DispatcherServlet - Completed initialization in 5 ms
2025-06-17 23:06:56 [http-nio-8888-exec-9] INFO  o.s.api.AbstractOpenApiResource - Init duration for springdoc-openapi is: 1082 ms
2025-06-17 23:14:43 [background-preinit] INFO  o.h.validator.internal.util.Version - HV000001: Hibernate Validator 8.0.1.Final
2025-06-17 23:14:43 [restartedMain] INFO  a.d.tourist.TouristApplication - Starting TouristApplication using Java 21.0.5 with PID 39020 (C:\github\Spring\SpringJava20-Mubariz_Bayramov\tourist\target\classes started by User in C:\github\Spring\SpringJava20-Mubariz_Bayramov\tourist)
2025-06-17 23:14:43 [restartedMain] DEBUG a.d.tourist.TouristApplication - Running with Spring Boot v3.3.1, Spring v6.1.10
2025-06-17 23:14:43 [restartedMain] INFO  a.d.tourist.TouristApplication - No active profile set, falling back to 1 default profile: "default"
2025-06-17 23:14:43 [restartedMain] INFO  o.s.b.d.e.DevToolsPropertyDefaultsPostProcessor - Devtools property defaults active! Set 'spring.devtools.add-properties' to 'false' to disable
2025-06-17 23:14:43 [restartedMain] INFO  o.s.b.d.e.DevToolsPropertyDefaultsPostProcessor - For additional web related logging consider setting the 'logging.level.web' property to 'DEBUG'
2025-06-17 23:14:45 [restartedMain] INFO  o.s.d.r.c.RepositoryConfigurationDelegate - Bootstrapping Spring Data JPA repositories in DEFAULT mode.
2025-06-17 23:14:45 [restartedMain] INFO  o.s.d.r.c.RepositoryConfigurationDelegate - Finished Spring Data repository scanning in 260 ms. Found 9 JPA repository interfaces.
2025-06-17 23:14:47 [restartedMain] INFO  o.s.b.w.e.tomcat.TomcatWebServer - Tomcat initialized with port 8888 (http)
2025-06-17 23:14:47 [restartedMain] INFO  o.a.coyote.http11.Http11NioProtocol - Initializing ProtocolHandler ["http-nio-8888"]
2025-06-17 23:14:47 [restartedMain] INFO  o.a.catalina.core.StandardService - Starting service [Tomcat]
2025-06-17 23:14:47 [restartedMain] INFO  o.a.catalina.core.StandardEngine - Starting Servlet engine: [Apache Tomcat/10.1.25]
2025-06-17 23:14:47 [restartedMain] INFO  o.a.c.c.C.[Tomcat].[localhost].[/] - Initializing Spring embedded WebApplicationContext
2025-06-17 23:14:47 [restartedMain] INFO  o.s.b.w.s.c.ServletWebServerApplicationContext - Root WebApplicationContext: initialization completed in 3435 ms
2025-06-17 23:14:47 [restartedMain] INFO  com.zaxxer.hikari.HikariDataSource - HikariPool-1 - Starting...
2025-06-17 23:14:47 [restartedMain] INFO  com.zaxxer.hikari.pool.HikariPool - HikariPool-1 - Added connection conn0: url=jdbc:h2:mem:db user=ROOT
2025-06-17 23:14:47 [restartedMain] INFO  com.zaxxer.hikari.HikariDataSource - HikariPool-1 - Start completed.
2025-06-17 23:14:47 [restartedMain] INFO  o.s.b.a.h.H2ConsoleAutoConfiguration - H2 console available at '/h2-console'. Database available at 'jdbc:h2:mem:db'
2025-06-17 23:14:48 [restartedMain] INFO  o.h.jpa.internal.util.LogHelper - HHH000204: Processing PersistenceUnitInfo [name: default]
2025-06-17 23:14:48 [restartedMain] INFO  org.hibernate.Version - HHH000412: Hibernate ORM core version 6.5.2.Final
2025-06-17 23:14:48 [restartedMain] INFO  o.h.c.i.RegionFactoryInitiator - HHH000026: Second-level cache disabled
2025-06-17 23:14:48 [restartedMain] INFO  o.s.o.j.p.SpringPersistenceUnitInfo - No LoadTimeWeaver setup: ignoring JPA class transformer
2025-06-17 23:14:51 [restartedMain] INFO  o.h.e.t.j.p.i.JtaPlatformInitiator - HHH000489: No JTA platform available (set 'hibernate.transaction.jta.platform' to enable JTA platform integration)
2025-06-17 23:14:51 [restartedMain] DEBUG org.hibernate.SQL - create table authorities (id integer generated by default as identity, authority varchar(255), username varchar(255), primary key (id))
2025-06-17 23:14:51 [restartedMain] DEBUG org.hibernate.SQL - create table authority_list (id integer generated by default as identity, authority varchar(255), lessor integer, tourist integer, primary key (id))
2025-06-17 23:14:51 [restartedMain] DEBUG org.hibernate.SQL - create table bookings (id integer generated by default as identity, end_date date, start_date date, tourist_id integer, object_id integer not null, primary key (id))
2025-06-17 23:14:51 [restartedMain] DEBUG org.hibernate.SQL - create table comments (id integer generated by default as identity, content varchar(255) not null, tourist_id integer, object_id integer, primary key (id))
2025-06-17 23:14:51 [restartedMain] DEBUG org.hibernate.SQL - create table lessors (id integer generated by default as identity, birthday date, email varchar(255), name varchar(255), phone varchar(255), surname varchar(255), primary key (id))
2025-06-17 23:14:51 [restartedMain] DEBUG org.hibernate.SQL - create table objects (id integer generated by default as identity, address varchar(255), area float(53), category_id integer, description varchar(255), floor integer, lessor_code integer, name varchar(255), page_count integer, price numeric(38,2), price_per_night float(53), publish_date date, room_count integer, primary key (id))
2025-06-17 23:14:51 [restartedMain] DEBUG org.hibernate.SQL - create table ratings (id integer generated by default as identity, score integer, tourist_id integer, object_id integer, primary key (id))
2025-06-17 23:14:51 [restartedMain] DEBUG org.hibernate.SQL - create table reviews (id integer generated by default as identity, comment varchar(255), created_at timestamp(6), rating float(53), object_id integer, tourist_id integer, primary key (id))
2025-06-17 23:14:51 [restartedMain] DEBUG org.hibernate.SQL - create table roles (id bigint generated by default as identity, lessor integer, name varchar(255), tourist integer, primary key (id))
2025-06-17 23:14:51 [restartedMain] DEBUG org.hibernate.SQL - create table tourists (id integer generated by default as identity, birthday date, email varchar(255), name varchar(255), phone varchar(255), surname varchar(255), primary key (id))
2025-06-17 23:14:51 [restartedMain] DEBUG org.hibernate.SQL - create table user_roles (user_id bigint not null, role_id bigint not null, primary key (user_id, role_id))
2025-06-17 23:14:51 [restartedMain] DEBUG org.hibernate.SQL - create table users (id bigint generated by default as identity, enabled boolean, password varchar(255), user_id integer, user_type varchar(255), username varchar(255), primary key (id))
2025-06-17 23:14:51 [restartedMain] DEBUG org.hibernate.SQL - alter table if exists users drop constraint if exists UKr43af9ap4edm43mmtq01oddj6
2025-06-17 23:14:51 [restartedMain] DEBUG org.hibernate.SQL - alter table if exists users add constraint UKr43af9ap4edm43mmtq01oddj6 unique (username)
2025-06-17 23:14:51 [restartedMain] DEBUG org.hibernate.SQL - alter table if exists bookings add constraint FKkw8gvro97vljlul2xqy151kcv foreign key (object_id) references objects
2025-06-17 23:14:51 [restartedMain] DEBUG org.hibernate.SQL - alter table if exists comments add constraint FKohryl63tnbcwqimoy6gd92k2e foreign key (object_id) references objects
2025-06-17 23:14:51 [restartedMain] DEBUG org.hibernate.SQL - alter table if exists ratings add constraint FKd15a9mbgknj51ijj2xkg2bcb9 foreign key (object_id) references objects
2025-06-17 23:14:51 [restartedMain] DEBUG org.hibernate.SQL - alter table if exists reviews add constraint FKbaolsgqcud6gikav7hg1sie2p foreign key (object_id) references objects
2025-06-17 23:14:51 [restartedMain] DEBUG org.hibernate.SQL - alter table if exists reviews add constraint FK73u7atq8oagbwr8r5nnp8kkia foreign key (tourist_id) references tourists
2025-06-17 23:14:51 [restartedMain] DEBUG org.hibernate.SQL - alter table if exists user_roles add constraint FKh8ciramu9cc9q3qcqiv4ue8a6 foreign key (role_id) references roles
2025-06-17 23:14:51 [restartedMain] DEBUG org.hibernate.SQL - alter table if exists user_roles add constraint FKhfh9dx7w3ubf1co1vdev94g3f foreign key (user_id) references users
2025-06-17 23:14:51 [restartedMain] INFO  o.s.o.j.LocalContainerEntityManagerFactoryBean - Initialized JPA EntityManagerFactory for persistence unit 'default'
2025-06-17 23:14:52 [restartedMain] DEBUG a.d.t.f.JwtAuthenticationFilter - Filter 'jwtAuthenticationFilter' configured for use
2025-06-17 23:14:52 [restartedMain] WARN  o.s.b.a.o.j.JpaBaseConfiguration$JpaWebConfiguration - spring.jpa.open-in-view is enabled by default. Therefore, database queries may be performed during view rendering. Explicitly configure spring.jpa.open-in-view to disable this warning
2025-06-17 23:14:52 [restartedMain] INFO  o.s.s.c.a.a.c.InitializeUserDetailsBeanManagerConfigurer$InitializeUserDetailsManagerConfigurer - Global AuthenticationManager configured with UserDetailsService bean with name userDetailsServiceImpl
2025-06-17 23:14:53 [restartedMain] INFO  o.s.d.j.r.query.QueryEnhancerFactory - Hibernate is in classpath; If applicable, HQL parser will be used.
2025-06-17 23:14:57 [restartedMain] INFO  o.s.b.d.a.OptionalLiveReloadServer - LiveReload server is running on port 35729
2025-06-17 23:14:57 [restartedMain] INFO  o.a.coyote.http11.Http11NioProtocol - Starting ProtocolHandler ["http-nio-8888"]
2025-06-17 23:14:57 [restartedMain] INFO  o.s.b.w.e.tomcat.TomcatWebServer - Tomcat started on port 8888 (http) with context path '/'
2025-06-17 23:14:57 [restartedMain] INFO  a.d.tourist.TouristApplication - Started TouristApplication in 14.591 seconds (process running for 15.444)
2025-06-17 23:16:14 [http-nio-8888-exec-1] INFO  o.a.c.c.C.[Tomcat].[localhost].[/] - Initializing Spring DispatcherServlet 'dispatcherServlet'
2025-06-17 23:16:14 [http-nio-8888-exec-1] INFO  o.s.web.servlet.DispatcherServlet - Initializing Servlet 'dispatcherServlet'
2025-06-17 23:16:14 [http-nio-8888-exec-1] INFO  o.s.web.servlet.DispatcherServlet - Completed initialization in 2 ms
2025-06-17 23:16:16 [http-nio-8888-exec-9] INFO  o.s.api.AbstractOpenApiResource - Init duration for springdoc-openapi is: 1151 ms
2025-06-17 23:28:35 [background-preinit] INFO  o.h.validator.internal.util.Version - HV000001: Hibernate Validator 8.0.1.Final
2025-06-17 23:28:35 [restartedMain] INFO  a.d.tourist.TouristApplication - Starting TouristApplication using Java 21.0.5 with PID 41992 (C:\github\Spring\SpringJava20-Mubariz_Bayramov\tourist\target\classes started by User in C:\github\Spring\SpringJava20-Mubariz_Bayramov\tourist)
2025-06-17 23:28:35 [restartedMain] DEBUG a.d.tourist.TouristApplication - Running with Spring Boot v3.3.1, Spring v6.1.10
2025-06-17 23:28:35 [restartedMain] INFO  a.d.tourist.TouristApplication - No active profile set, falling back to 1 default profile: "default"
2025-06-17 23:28:35 [restartedMain] INFO  o.s.b.d.e.DevToolsPropertyDefaultsPostProcessor - Devtools property defaults active! Set 'spring.devtools.add-properties' to 'false' to disable
2025-06-17 23:28:35 [restartedMain] INFO  o.s.b.d.e.DevToolsPropertyDefaultsPostProcessor - For additional web related logging consider setting the 'logging.level.web' property to 'DEBUG'
2025-06-17 23:28:37 [restartedMain] INFO  o.s.d.r.c.RepositoryConfigurationDelegate - Bootstrapping Spring Data JPA repositories in DEFAULT mode.
2025-06-17 23:28:37 [restartedMain] INFO  o.s.d.r.c.RepositoryConfigurationDelegate - Finished Spring Data repository scanning in 248 ms. Found 9 JPA repository interfaces.
2025-06-17 23:28:39 [restartedMain] INFO  o.s.b.w.e.tomcat.TomcatWebServer - Tomcat initialized with port 8888 (http)
2025-06-17 23:28:39 [restartedMain] INFO  o.a.coyote.http11.Http11NioProtocol - Initializing ProtocolHandler ["http-nio-8888"]
2025-06-17 23:28:39 [restartedMain] INFO  o.a.catalina.core.StandardService - Starting service [Tomcat]
2025-06-17 23:28:39 [restartedMain] INFO  o.a.catalina.core.StandardEngine - Starting Servlet engine: [Apache Tomcat/10.1.25]
2025-06-17 23:28:39 [restartedMain] INFO  o.a.c.c.C.[Tomcat].[localhost].[/] - Initializing Spring embedded WebApplicationContext
2025-06-17 23:28:39 [restartedMain] INFO  o.s.b.w.s.c.ServletWebServerApplicationContext - Root WebApplicationContext: initialization completed in 3317 ms
2025-06-17 23:28:39 [restartedMain] INFO  com.zaxxer.hikari.HikariDataSource - HikariPool-1 - Starting...
2025-06-17 23:28:39 [restartedMain] INFO  com.zaxxer.hikari.pool.HikariPool - HikariPool-1 - Added connection conn0: url=jdbc:h2:mem:db user=ROOT
2025-06-17 23:28:39 [restartedMain] INFO  com.zaxxer.hikari.HikariDataSource - HikariPool-1 - Start completed.
2025-06-17 23:28:39 [restartedMain] INFO  o.s.b.a.h.H2ConsoleAutoConfiguration - H2 console available at '/h2-console'. Database available at 'jdbc:h2:mem:db'
2025-06-17 23:28:39 [restartedMain] INFO  o.h.jpa.internal.util.LogHelper - HHH000204: Processing PersistenceUnitInfo [name: default]
2025-06-17 23:28:39 [restartedMain] INFO  org.hibernate.Version - HHH000412: Hibernate ORM core version 6.5.2.Final
2025-06-17 23:28:39 [restartedMain] INFO  o.h.c.i.RegionFactoryInitiator - HHH000026: Second-level cache disabled
2025-06-17 23:28:40 [restartedMain] INFO  o.s.o.j.p.SpringPersistenceUnitInfo - No LoadTimeWeaver setup: ignoring JPA class transformer
2025-06-17 23:28:42 [restartedMain] INFO  o.h.e.t.j.p.i.JtaPlatformInitiator - HHH000489: No JTA platform available (set 'hibernate.transaction.jta.platform' to enable JTA platform integration)
2025-06-17 23:28:42 [restartedMain] DEBUG org.hibernate.SQL - create table authorities (id integer generated by default as identity, authority varchar(255), username varchar(255), primary key (id))
2025-06-17 23:28:42 [restartedMain] DEBUG org.hibernate.SQL - create table authority_list (id integer generated by default as identity, authority varchar(255), lessor integer, tourist integer, primary key (id))
2025-06-17 23:28:42 [restartedMain] DEBUG org.hibernate.SQL - create table bookings (id integer generated by default as identity, end_date date, start_date date, tourist_id integer, object_id integer not null, primary key (id))
2025-06-17 23:28:42 [restartedMain] DEBUG org.hibernate.SQL - create table comments (id integer generated by default as identity, content varchar(255) not null, tourist_id integer, object_id integer, primary key (id))
2025-06-17 23:28:42 [restartedMain] DEBUG org.hibernate.SQL - create table lessors (id integer generated by default as identity, birthday date, email varchar(255), name varchar(255), phone varchar(255), surname varchar(255), primary key (id))
2025-06-17 23:28:42 [restartedMain] DEBUG org.hibernate.SQL - create table objects (id integer generated by default as identity, address varchar(255), area float(53), category_id integer, description varchar(255), floor integer, lessor_code integer, name varchar(255), page_count integer, price numeric(38,2), price_per_night float(53), publish_date date, room_count integer, primary key (id))
2025-06-17 23:28:42 [restartedMain] DEBUG org.hibernate.SQL - create table ratings (id integer generated by default as identity, score integer, tourist_id integer, object_id integer, primary key (id))
2025-06-17 23:28:42 [restartedMain] DEBUG org.hibernate.SQL - create table reviews (id integer generated by default as identity, comment varchar(255), created_at timestamp(6), rating float(53), object_id integer, tourist_id integer, primary key (id))
2025-06-17 23:28:42 [restartedMain] DEBUG org.hibernate.SQL - create table roles (id bigint generated by default as identity, lessor integer, name varchar(255), tourist integer, primary key (id))
2025-06-17 23:28:42 [restartedMain] DEBUG org.hibernate.SQL - create table tourists (id integer generated by default as identity, birthday date, email varchar(255), name varchar(255), phone varchar(255), surname varchar(255), primary key (id))
2025-06-17 23:28:42 [restartedMain] DEBUG org.hibernate.SQL - create table user_roles (user_id bigint not null, role_id bigint not null, primary key (user_id, role_id))
2025-06-17 23:28:42 [restartedMain] DEBUG org.hibernate.SQL - create table users (id bigint generated by default as identity, enabled boolean, password varchar(255), user_id integer, user_type varchar(255), username varchar(255), primary key (id))
2025-06-17 23:28:42 [restartedMain] DEBUG org.hibernate.SQL - alter table if exists users drop constraint if exists UKr43af9ap4edm43mmtq01oddj6
2025-06-17 23:28:42 [restartedMain] DEBUG org.hibernate.SQL - alter table if exists users add constraint UKr43af9ap4edm43mmtq01oddj6 unique (username)
2025-06-17 23:28:42 [restartedMain] DEBUG org.hibernate.SQL - alter table if exists bookings add constraint FKkw8gvro97vljlul2xqy151kcv foreign key (object_id) references objects
2025-06-17 23:28:42 [restartedMain] DEBUG org.hibernate.SQL - alter table if exists comments add constraint FKohryl63tnbcwqimoy6gd92k2e foreign key (object_id) references objects
2025-06-17 23:28:42 [restartedMain] DEBUG org.hibernate.SQL - alter table if exists ratings add constraint FKd15a9mbgknj51ijj2xkg2bcb9 foreign key (object_id) references objects
2025-06-17 23:28:42 [restartedMain] DEBUG org.hibernate.SQL - alter table if exists reviews add constraint FKbaolsgqcud6gikav7hg1sie2p foreign key (object_id) references objects
2025-06-17 23:28:42 [restartedMain] DEBUG org.hibernate.SQL - alter table if exists reviews add constraint FK73u7atq8oagbwr8r5nnp8kkia foreign key (tourist_id) references tourists
2025-06-17 23:28:42 [restartedMain] DEBUG org.hibernate.SQL - alter table if exists user_roles add constraint FKh8ciramu9cc9q3qcqiv4ue8a6 foreign key (role_id) references roles
2025-06-17 23:28:42 [restartedMain] DEBUG org.hibernate.SQL - alter table if exists user_roles add constraint FKhfh9dx7w3ubf1co1vdev94g3f foreign key (user_id) references users
2025-06-17 23:28:42 [restartedMain] INFO  o.s.o.j.LocalContainerEntityManagerFactoryBean - Initialized JPA EntityManagerFactory for persistence unit 'default'
2025-06-17 23:28:43 [restartedMain] DEBUG a.d.t.f.JwtAuthenticationFilter - Filter 'jwtAuthenticationFilter' configured for use
2025-06-17 23:28:43 [restartedMain] WARN  o.s.b.a.o.j.JpaBaseConfiguration$JpaWebConfiguration - spring.jpa.open-in-view is enabled by default. Therefore, database queries may be performed during view rendering. Explicitly configure spring.jpa.open-in-view to disable this warning
2025-06-17 23:28:43 [restartedMain] INFO  o.s.s.c.a.a.c.InitializeUserDetailsBeanManagerConfigurer$InitializeUserDetailsManagerConfigurer - Global AuthenticationManager configured with UserDetailsService bean with name userDetailsServiceImpl
2025-06-17 23:28:43 [restartedMain] INFO  o.s.d.j.r.query.QueryEnhancerFactory - Hibernate is in classpath; If applicable, HQL parser will be used.
2025-06-17 23:28:46 [restartedMain] INFO  o.s.b.d.a.OptionalLiveReloadServer - LiveReload server is running on port 35729
2025-06-17 23:28:46 [restartedMain] INFO  o.a.coyote.http11.Http11NioProtocol - Starting ProtocolHandler ["http-nio-8888"]
2025-06-17 23:28:46 [restartedMain] INFO  o.s.b.w.e.tomcat.TomcatWebServer - Tomcat started on port 8888 (http) with context path '/'
2025-06-17 23:28:46 [restartedMain] INFO  a.d.tourist.TouristApplication - Started TouristApplication in 11.2 seconds (process running for 11.973)
2025-06-17 23:38:25 [background-preinit] INFO  o.h.validator.internal.util.Version - HV000001: Hibernate Validator 8.0.1.Final
2025-06-17 23:38:25 [restartedMain] INFO  a.d.tourist.TouristApplication - Starting TouristApplication using Java 21.0.5 with PID 42144 (C:\github\Spring\SpringJava20-Mubariz_Bayramov\tourist\target\classes started by User in C:\github\Spring\SpringJava20-Mubariz_Bayramov\tourist)
2025-06-17 23:38:25 [restartedMain] DEBUG a.d.tourist.TouristApplication - Running with Spring Boot v3.3.1, Spring v6.1.10
2025-06-17 23:38:25 [restartedMain] INFO  a.d.tourist.TouristApplication - No active profile set, falling back to 1 default profile: "default"
2025-06-17 23:38:25 [restartedMain] INFO  o.s.b.d.e.DevToolsPropertyDefaultsPostProcessor - Devtools property defaults active! Set 'spring.devtools.add-properties' to 'false' to disable
2025-06-17 23:38:25 [restartedMain] INFO  o.s.b.d.e.DevToolsPropertyDefaultsPostProcessor - For additional web related logging consider setting the 'logging.level.web' property to 'DEBUG'
2025-06-17 23:38:27 [restartedMain] INFO  o.s.d.r.c.RepositoryConfigurationDelegate - Bootstrapping Spring Data JPA repositories in DEFAULT mode.
2025-06-17 23:38:27 [restartedMain] INFO  o.s.d.r.c.RepositoryConfigurationDelegate - Finished Spring Data repository scanning in 244 ms. Found 9 JPA repository interfaces.
2025-06-17 23:38:29 [restartedMain] INFO  o.s.b.w.e.tomcat.TomcatWebServer - Tomcat initialized with port 8888 (http)
2025-06-17 23:38:29 [restartedMain] INFO  o.a.coyote.http11.Http11NioProtocol - Initializing ProtocolHandler ["http-nio-8888"]
2025-06-17 23:38:29 [restartedMain] INFO  o.a.catalina.core.StandardService - Starting service [Tomcat]
2025-06-17 23:38:29 [restartedMain] INFO  o.a.catalina.core.StandardEngine - Starting Servlet engine: [Apache Tomcat/10.1.25]
2025-06-17 23:38:29 [restartedMain] INFO  o.a.c.c.C.[Tomcat].[localhost].[/] - Initializing Spring embedded WebApplicationContext
2025-06-17 23:38:29 [restartedMain] INFO  o.s.b.w.s.c.ServletWebServerApplicationContext - Root WebApplicationContext: initialization completed in 3385 ms
2025-06-17 23:38:29 [restartedMain] INFO  com.zaxxer.hikari.HikariDataSource - HikariPool-1 - Starting...
2025-06-17 23:38:29 [restartedMain] INFO  com.zaxxer.hikari.pool.HikariPool - HikariPool-1 - Added connection conn0: url=jdbc:h2:mem:db user=ROOT
2025-06-17 23:38:29 [restartedMain] INFO  com.zaxxer.hikari.HikariDataSource - HikariPool-1 - Start completed.
2025-06-17 23:38:29 [restartedMain] INFO  o.s.b.a.h.H2ConsoleAutoConfiguration - H2 console available at '/h2-console'. Database available at 'jdbc:h2:mem:db'
2025-06-17 23:38:29 [restartedMain] INFO  o.h.jpa.internal.util.LogHelper - HHH000204: Processing PersistenceUnitInfo [name: default]
2025-06-17 23:38:30 [restartedMain] INFO  org.hibernate.Version - HHH000412: Hibernate ORM core version 6.5.2.Final
2025-06-17 23:38:30 [restartedMain] INFO  o.h.c.i.RegionFactoryInitiator - HHH000026: Second-level cache disabled
2025-06-17 23:38:30 [restartedMain] INFO  o.s.o.j.p.SpringPersistenceUnitInfo - No LoadTimeWeaver setup: ignoring JPA class transformer
2025-06-17 23:38:32 [restartedMain] INFO  o.h.e.t.j.p.i.JtaPlatformInitiator - HHH000489: No JTA platform available (set 'hibernate.transaction.jta.platform' to enable JTA platform integration)
2025-06-17 23:38:32 [restartedMain] DEBUG org.hibernate.SQL - create table authorities (id integer generated by default as identity, authority varchar(255), username varchar(255), primary key (id))
2025-06-17 23:38:32 [restartedMain] DEBUG org.hibernate.SQL - create table authority_list (id integer generated by default as identity, authority varchar(255), lessor integer, tourist integer, primary key (id))
2025-06-17 23:38:32 [restartedMain] DEBUG org.hibernate.SQL - create table bookings (id integer generated by default as identity, end_date date, start_date date, tourist_id integer, object_id integer not null, primary key (id))
2025-06-17 23:38:32 [restartedMain] DEBUG org.hibernate.SQL - create table comments (id integer generated by default as identity, content varchar(255) not null, tourist_id integer, object_id integer, primary key (id))
2025-06-17 23:38:32 [restartedMain] DEBUG org.hibernate.SQL - create table lessors (id integer generated by default as identity, birthday date, email varchar(255), name varchar(255), phone varchar(255), surname varchar(255), primary key (id))
2025-06-17 23:38:32 [restartedMain] DEBUG org.hibernate.SQL - create table objects (id integer generated by default as identity, address varchar(255), area float(53), category_id integer, description varchar(255), floor integer, lessor_code integer, name varchar(255), page_count integer, price numeric(38,2), price_per_night float(53), publish_date date, room_count integer, primary key (id))
2025-06-17 23:38:32 [restartedMain] DEBUG org.hibernate.SQL - create table ratings (id integer generated by default as identity, score integer, tourist_id integer, object_id integer, primary key (id))
2025-06-17 23:38:32 [restartedMain] DEBUG org.hibernate.SQL - create table reviews (id integer generated by default as identity, comment varchar(255), created_at timestamp(6), rating float(53), object_id integer, tourist_id integer, primary key (id))
2025-06-17 23:38:32 [restartedMain] DEBUG org.hibernate.SQL - create table roles (id bigint generated by default as identity, lessor integer, name varchar(255), tourist integer, primary key (id))
2025-06-17 23:38:32 [restartedMain] DEBUG org.hibernate.SQL - create table tourists (id integer generated by default as identity, birthday date, email varchar(255), name varchar(255), phone varchar(255), surname varchar(255), primary key (id))
2025-06-17 23:38:32 [restartedMain] DEBUG org.hibernate.SQL - create table user_roles (user_id bigint not null, role_id bigint not null, primary key (user_id, role_id))
2025-06-17 23:38:32 [restartedMain] DEBUG org.hibernate.SQL - create table users (id bigint generated by default as identity, enabled boolean, password varchar(255), user_id integer, user_type varchar(255), username varchar(255), primary key (id))
2025-06-17 23:38:32 [restartedMain] DEBUG org.hibernate.SQL - alter table if exists users drop constraint if exists UKr43af9ap4edm43mmtq01oddj6
2025-06-17 23:38:32 [restartedMain] DEBUG org.hibernate.SQL - alter table if exists users add constraint UKr43af9ap4edm43mmtq01oddj6 unique (username)
2025-06-17 23:38:32 [restartedMain] DEBUG org.hibernate.SQL - alter table if exists bookings add constraint FKkw8gvro97vljlul2xqy151kcv foreign key (object_id) references objects
2025-06-17 23:38:32 [restartedMain] DEBUG org.hibernate.SQL - alter table if exists comments add constraint FKohryl63tnbcwqimoy6gd92k2e foreign key (object_id) references objects
2025-06-17 23:38:32 [restartedMain] DEBUG org.hibernate.SQL - alter table if exists ratings add constraint FKd15a9mbgknj51ijj2xkg2bcb9 foreign key (object_id) references objects
2025-06-17 23:38:32 [restartedMain] DEBUG org.hibernate.SQL - alter table if exists reviews add constraint FKbaolsgqcud6gikav7hg1sie2p foreign key (object_id) references objects
2025-06-17 23:38:32 [restartedMain] DEBUG org.hibernate.SQL - alter table if exists reviews add constraint FK73u7atq8oagbwr8r5nnp8kkia foreign key (tourist_id) references tourists
2025-06-17 23:38:32 [restartedMain] DEBUG org.hibernate.SQL - alter table if exists user_roles add constraint FKh8ciramu9cc9q3qcqiv4ue8a6 foreign key (role_id) references roles
2025-06-17 23:38:32 [restartedMain] DEBUG org.hibernate.SQL - alter table if exists user_roles add constraint FKhfh9dx7w3ubf1co1vdev94g3f foreign key (user_id) references users
2025-06-17 23:38:32 [restartedMain] INFO  o.s.o.j.LocalContainerEntityManagerFactoryBean - Initialized JPA EntityManagerFactory for persistence unit 'default'
2025-06-17 23:38:33 [restartedMain] DEBUG a.d.t.f.JwtAuthenticationFilter - Filter 'jwtAuthenticationFilter' configured for use
2025-06-17 23:38:34 [restartedMain] WARN  o.s.b.a.o.j.JpaBaseConfiguration$JpaWebConfiguration - spring.jpa.open-in-view is enabled by default. Therefore, database queries may be performed during view rendering. Explicitly configure spring.jpa.open-in-view to disable this warning
2025-06-17 23:38:34 [restartedMain] INFO  o.s.s.c.a.a.c.InitializeUserDetailsBeanManagerConfigurer$InitializeUserDetailsManagerConfigurer - Global AuthenticationManager configured with UserDetailsService bean with name userDetailsServiceImpl
2025-06-17 23:38:34 [restartedMain] INFO  o.s.d.j.r.query.QueryEnhancerFactory - Hibernate is in classpath; If applicable, HQL parser will be used.
2025-06-17 23:38:38 [restartedMain] INFO  o.s.b.d.a.OptionalLiveReloadServer - LiveReload server is running on port 35729
2025-06-17 23:38:38 [restartedMain] INFO  o.a.coyote.http11.Http11NioProtocol - Starting ProtocolHandler ["http-nio-8888"]
2025-06-17 23:38:38 [restartedMain] INFO  o.s.b.w.e.tomcat.TomcatWebServer - Tomcat started on port 8888 (http) with context path '/'
2025-06-17 23:38:38 [restartedMain] INFO  a.d.tourist.TouristApplication - Started TouristApplication in 13.53 seconds (process running for 14.267)
2025-06-17 23:48:07 [http-nio-8888-exec-1] INFO  o.a.c.c.C.[Tomcat].[localhost].[/] - Initializing Spring DispatcherServlet 'dispatcherServlet'
2025-06-17 23:48:07 [http-nio-8888-exec-1] INFO  o.s.web.servlet.DispatcherServlet - Initializing Servlet 'dispatcherServlet'
2025-06-17 23:48:07 [http-nio-8888-exec-1] INFO  o.s.web.servlet.DispatcherServlet - Completed initialization in 11 ms
2025-06-17 23:48:08 [http-nio-8888-exec-1] DEBUG org.hibernate.SQL - select ue1_0.id,ue1_0.enabled,ue1_0.password,ue1_0.user_id,ue1_0.user_type,ue1_0.username from users ue1_0 where ue1_0.username=?
2025-06-17 23:48:08 [http-nio-8888-exec-1] DEBUG org.hibernate.SQL - select r1_0.user_id,r1_1.id,r1_1.lessor,r1_1.name,r1_1.tourist from user_roles r1_0 join roles r1_1 on r1_1.id=r1_0.role_id where r1_0.user_id=?
2025-06-17 23:48:08 [http-nio-8888-exec-1] WARN  o.s.s.c.bcrypt.BCryptPasswordEncoder - Encoded password does not look like BCrypt
2025-06-17 23:48:08 [http-nio-8888-exec-1] DEBUG org.hibernate.SQL - select ue1_0.id,ue1_0.enabled,ue1_0.password,ue1_0.user_id,ue1_0.user_type,ue1_0.username from users ue1_0 where ue1_0.username=?
2025-06-17 23:48:08 [http-nio-8888-exec-1] WARN  o.s.s.c.bcrypt.BCryptPasswordEncoder - Encoded password does not look like BCrypt
2025-06-17 23:53:18 [File Watcher] INFO  o.s.b.d.a.LocalDevToolsAutoConfiguration$RestartingClassPathChangeChangedEventListener - Restarting due to 1 class path change (0 additions, 0 deletions, 1 modification)
2025-06-17 23:53:18 [Thread-5] INFO  o.a.coyote.http11.Http11NioProtocol - Stopping ProtocolHandler ["http-nio-8888"]
2025-06-17 23:53:18 [Thread-5] INFO  o.s.o.j.LocalContainerEntityManagerFactoryBean - Closing JPA EntityManagerFactory for persistence unit 'default'
2025-06-17 23:53:18 [Thread-5] WARN  o.s.b.f.s.DisposableBeanAdapter - Invocation of destroy method failed on bean with name 'inMemoryDatabaseShutdownExecutor': org.h2.jdbc.JdbcSQLNonTransientConnectionException: Database is already closed (to disable automatic closing at VM shutdown, add ";DB_CLOSE_ON_EXIT=FALSE" to the db URL) [90121-224]
2025-06-17 23:53:18 [Thread-5] INFO  com.zaxxer.hikari.HikariDataSource - HikariPool-1 - Shutdown initiated...
2025-06-17 23:53:18 [Thread-5] INFO  com.zaxxer.hikari.HikariDataSource - HikariPool-1 - Shutdown completed.
2025-06-17 23:53:18 [restartedMain] INFO  a.d.tourist.TouristApplication - Starting TouristApplication using Java 21.0.5 with PID 42144 (C:\github\Spring\SpringJava20-Mubariz_Bayramov\tourist\target\classes started by User in C:\github\Spring\SpringJava20-Mubariz_Bayramov\tourist)
2025-06-17 23:53:18 [restartedMain] DEBUG a.d.tourist.TouristApplication - Running with Spring Boot v3.3.1, Spring v6.1.10
2025-06-17 23:53:18 [restartedMain] INFO  a.d.tourist.TouristApplication - No active profile set, falling back to 1 default profile: "default"
2025-06-17 23:53:19 [background-preinit] INFO  o.h.validator.internal.util.Version - HV000001: Hibernate Validator 8.0.1.Final
2025-06-17 23:53:19 [restartedMain] INFO  a.d.tourist.TouristApplication - Starting TouristApplication using Java 21.0.5 with PID 37472 (C:\github\Spring\SpringJava20-Mubariz_Bayramov\tourist\target\classes started by User in C:\github\Spring\SpringJava20-Mubariz_Bayramov\tourist)
2025-06-17 23:53:19 [restartedMain] DEBUG a.d.tourist.TouristApplication - Running with Spring Boot v3.3.1, Spring v6.1.10
2025-06-17 23:53:19 [restartedMain] INFO  a.d.tourist.TouristApplication - No active profile set, falling back to 1 default profile: "default"
2025-06-17 23:53:19 [restartedMain] INFO  o.s.b.d.e.DevToolsPropertyDefaultsPostProcessor - Devtools property defaults active! Set 'spring.devtools.add-properties' to 'false' to disable
2025-06-17 23:53:19 [restartedMain] INFO  o.s.b.d.e.DevToolsPropertyDefaultsPostProcessor - For additional web related logging consider setting the 'logging.level.web' property to 'DEBUG'
2025-06-17 23:53:19 [restartedMain] INFO  o.s.d.r.c.RepositoryConfigurationDelegate - Bootstrapping Spring Data JPA repositories in DEFAULT mode.
2025-06-17 23:53:19 [restartedMain] INFO  o.s.d.r.c.RepositoryConfigurationDelegate - Finished Spring Data repository scanning in 79 ms. Found 9 JPA repository interfaces.
2025-06-17 23:53:19 [restartedMain] INFO  o.s.b.w.e.tomcat.TomcatWebServer - Tomcat initialized with port 8888 (http)
2025-06-17 23:53:19 [restartedMain] INFO  o.a.coyote.http11.Http11NioProtocol - Initializing ProtocolHandler ["http-nio-8888"]
2025-06-17 23:53:19 [restartedMain] INFO  o.a.catalina.core.StandardService - Starting service [Tomcat]
2025-06-17 23:53:19 [restartedMain] INFO  o.a.catalina.core.StandardEngine - Starting Servlet engine: [Apache Tomcat/10.1.25]
2025-06-17 23:53:19 [restartedMain] INFO  o.a.c.c.C.[Tomcat].[localhost].[/] - Initializing Spring embedded WebApplicationContext
2025-06-17 23:53:19 [restartedMain] INFO  o.s.b.w.s.c.ServletWebServerApplicationContext - Root WebApplicationContext: initialization completed in 1121 ms
2025-06-17 23:53:19 [restartedMain] INFO  com.zaxxer.hikari.HikariDataSource - HikariPool-2 - Starting...
2025-06-17 23:53:19 [restartedMain] INFO  com.zaxxer.hikari.pool.HikariPool - HikariPool-2 - Added connection conn10: url=jdbc:h2:mem:db user=ROOT
2025-06-17 23:53:19 [restartedMain] INFO  com.zaxxer.hikari.HikariDataSource - HikariPool-2 - Start completed.
2025-06-17 23:53:19 [restartedMain] INFO  o.s.b.a.h.H2ConsoleAutoConfiguration - H2 console available at '/h2-console'. Database available at 'jdbc:h2:mem:db'
2025-06-17 23:53:19 [restartedMain] INFO  o.h.jpa.internal.util.LogHelper - HHH000204: Processing PersistenceUnitInfo [name: default]
2025-06-17 23:53:19 [restartedMain] INFO  o.h.c.i.RegionFactoryInitiator - HHH000026: Second-level cache disabled
2025-06-17 23:53:19 [restartedMain] INFO  o.s.o.j.p.SpringPersistenceUnitInfo - No LoadTimeWeaver setup: ignoring JPA class transformer
2025-06-17 23:53:20 [restartedMain] INFO  o.h.e.t.j.p.i.JtaPlatformInitiator - HHH000489: No JTA platform available (set 'hibernate.transaction.jta.platform' to enable JTA platform integration)
2025-06-17 23:53:20 [restartedMain] DEBUG org.hibernate.SQL - create table authorities (id integer generated by default as identity, authority varchar(255), username varchar(255), primary key (id))
2025-06-17 23:53:20 [restartedMain] DEBUG org.hibernate.SQL - create table authority_list (id integer generated by default as identity, authority varchar(255), lessor integer, tourist integer, primary key (id))
2025-06-17 23:53:20 [restartedMain] DEBUG org.hibernate.SQL - create table bookings (id integer generated by default as identity, end_date date, start_date date, tourist_id integer, object_id integer not null, primary key (id))
2025-06-17 23:53:20 [restartedMain] DEBUG org.hibernate.SQL - create table comments (id integer generated by default as identity, content varchar(255) not null, tourist_id integer, object_id integer, primary key (id))
2025-06-17 23:53:20 [restartedMain] DEBUG org.hibernate.SQL - create table lessors (id integer generated by default as identity, birthday date, email varchar(255), name varchar(255), phone varchar(255), surname varchar(255), primary key (id))
2025-06-17 23:53:20 [restartedMain] DEBUG org.hibernate.SQL - create table objects (id integer generated by default as identity, address varchar(255), area float(53), category_id integer, description varchar(255), floor integer, lessor_code integer, name varchar(255), page_count integer, price numeric(38,2), price_per_night float(53), publish_date date, room_count integer, primary key (id))
2025-06-17 23:53:20 [restartedMain] DEBUG org.hibernate.SQL - create table ratings (id integer generated by default as identity, score integer, tourist_id integer, object_id integer, primary key (id))
2025-06-17 23:53:20 [restartedMain] DEBUG org.hibernate.SQL - create table reviews (id integer generated by default as identity, comment varchar(255), created_at timestamp(6), rating float(53), object_id integer, tourist_id integer, primary key (id))
2025-06-17 23:53:20 [restartedMain] DEBUG org.hibernate.SQL - create table roles (id bigint generated by default as identity, lessor integer, name varchar(255), tourist integer, primary key (id))
2025-06-17 23:53:20 [restartedMain] DEBUG org.hibernate.SQL - create table tourists (id integer generated by default as identity, birthday date, email varchar(255), name varchar(255), phone varchar(255), surname varchar(255), primary key (id))
2025-06-17 23:53:20 [restartedMain] DEBUG org.hibernate.SQL - create table user_roles (user_id bigint not null, role_id bigint not null, primary key (user_id, role_id))
2025-06-17 23:53:20 [restartedMain] DEBUG org.hibernate.SQL - create table users (id bigint generated by default as identity, enabled boolean, password varchar(255), user_id integer, user_type varchar(255), username varchar(255), primary key (id))
2025-06-17 23:53:20 [restartedMain] DEBUG org.hibernate.SQL - alter table if exists users drop constraint if exists UKr43af9ap4edm43mmtq01oddj6
2025-06-17 23:53:20 [restartedMain] DEBUG org.hibernate.SQL - alter table if exists users add constraint UKr43af9ap4edm43mmtq01oddj6 unique (username)
2025-06-17 23:53:20 [restartedMain] DEBUG org.hibernate.SQL - alter table if exists bookings add constraint FKkw8gvro97vljlul2xqy151kcv foreign key (object_id) references objects
2025-06-17 23:53:20 [restartedMain] DEBUG org.hibernate.SQL - alter table if exists comments add constraint FKohryl63tnbcwqimoy6gd92k2e foreign key (object_id) references objects
2025-06-17 23:53:20 [restartedMain] DEBUG org.hibernate.SQL - alter table if exists ratings add constraint FKd15a9mbgknj51ijj2xkg2bcb9 foreign key (object_id) references objects
2025-06-17 23:53:20 [restartedMain] DEBUG org.hibernate.SQL - alter table if exists reviews add constraint FKbaolsgqcud6gikav7hg1sie2p foreign key (object_id) references objects
2025-06-17 23:53:20 [restartedMain] DEBUG org.hibernate.SQL - alter table if exists reviews add constraint FK73u7atq8oagbwr8r5nnp8kkia foreign key (tourist_id) references tourists
2025-06-17 23:53:20 [restartedMain] DEBUG org.hibernate.SQL - alter table if exists user_roles add constraint FKh8ciramu9cc9q3qcqiv4ue8a6 foreign key (role_id) references roles
2025-06-17 23:53:20 [restartedMain] DEBUG org.hibernate.SQL - alter table if exists user_roles add constraint FKhfh9dx7w3ubf1co1vdev94g3f foreign key (user_id) references users
2025-06-17 23:53:20 [restartedMain] INFO  o.s.o.j.LocalContainerEntityManagerFactoryBean - Initialized JPA EntityManagerFactory for persistence unit 'default'
2025-06-17 23:53:20 [restartedMain] DEBUG a.d.t.f.JwtAuthenticationFilter - Filter 'jwtAuthenticationFilter' configured for use
2025-06-17 23:53:20 [restartedMain] WARN  o.s.b.a.o.j.JpaBaseConfiguration$JpaWebConfiguration - spring.jpa.open-in-view is enabled by default. Therefore, database queries may be performed during view rendering. Explicitly configure spring.jpa.open-in-view to disable this warning
2025-06-17 23:53:20 [restartedMain] INFO  o.s.s.c.a.a.c.InitializeUserDetailsBeanManagerConfigurer$InitializeUserDetailsManagerConfigurer - Global AuthenticationManager configured with UserDetailsService bean with name userDetailsServiceImpl
2025-06-17 23:53:20 [restartedMain] INFO  o.s.b.d.a.OptionalLiveReloadServer - LiveReload server is running on port 35729
2025-06-17 23:53:20 [restartedMain] INFO  o.a.coyote.http11.Http11NioProtocol - Starting ProtocolHandler ["http-nio-8888"]
2025-06-17 23:53:20 [restartedMain] INFO  o.s.b.w.e.tomcat.TomcatWebServer - Tomcat started on port 8888 (http) with context path '/'
2025-06-17 23:53:20 [restartedMain] INFO  a.d.tourist.TouristApplication - Started TouristApplication in 2.431 seconds (process running for 896.653)
2025-06-17 23:53:20 [restartedMain] INFO  o.s.b.d.a.ConditionEvaluationDeltaLoggingListener - Condition evaluation unchanged
2025-06-17 23:53:21 [restartedMain] INFO  o.s.d.r.c.RepositoryConfigurationDelegate - Bootstrapping Spring Data JPA repositories in DEFAULT mode.
2025-06-17 23:53:21 [restartedMain] INFO  o.s.d.r.c.RepositoryConfigurationDelegate - Finished Spring Data repository scanning in 245 ms. Found 9 JPA repository interfaces.
2025-06-17 23:53:22 [restartedMain] INFO  o.s.b.w.e.tomcat.TomcatWebServer - Tomcat initialized with port 8888 (http)
2025-06-17 23:53:22 [restartedMain] INFO  o.a.coyote.http11.Http11NioProtocol - Initializing ProtocolHandler ["http-nio-8888"]
2025-06-17 23:53:23 [restartedMain] INFO  o.a.catalina.core.StandardService - Starting service [Tomcat]
2025-06-17 23:53:23 [restartedMain] INFO  o.a.catalina.core.StandardEngine - Starting Servlet engine: [Apache Tomcat/10.1.25]
2025-06-17 23:53:23 [restartedMain] INFO  o.a.c.c.C.[Tomcat].[localhost].[/] - Initializing Spring embedded WebApplicationContext
2025-06-17 23:53:23 [restartedMain] INFO  o.s.b.w.s.c.ServletWebServerApplicationContext - Root WebApplicationContext: initialization completed in 3897 ms
2025-06-17 23:53:23 [restartedMain] INFO  com.zaxxer.hikari.HikariDataSource - HikariPool-1 - Starting...
2025-06-17 23:53:23 [restartedMain] INFO  com.zaxxer.hikari.pool.HikariPool - HikariPool-1 - Added connection conn0: url=jdbc:h2:mem:db user=ROOT
2025-06-17 23:53:23 [restartedMain] INFO  com.zaxxer.hikari.HikariDataSource - HikariPool-1 - Start completed.
2025-06-17 23:53:23 [restartedMain] INFO  o.s.b.a.h.H2ConsoleAutoConfiguration - H2 console available at '/h2-console'. Database available at 'jdbc:h2:mem:db'
2025-06-17 23:53:23 [restartedMain] INFO  o.h.jpa.internal.util.LogHelper - HHH000204: Processing PersistenceUnitInfo [name: default]
2025-06-17 23:53:23 [http-nio-8888-exec-2] INFO  o.a.c.c.C.[Tomcat].[localhost].[/] - Initializing Spring DispatcherServlet 'dispatcherServlet'
2025-06-17 23:53:23 [http-nio-8888-exec-2] INFO  o.s.web.servlet.DispatcherServlet - Initializing Servlet 'dispatcherServlet'
2025-06-17 23:53:23 [http-nio-8888-exec-2] INFO  o.s.web.servlet.DispatcherServlet - Completed initialization in 4 ms
2025-06-17 23:53:23 [restartedMain] INFO  org.hibernate.Version - HHH000412: Hibernate ORM core version 6.5.2.Final
2025-06-17 23:53:23 [restartedMain] INFO  o.h.c.i.RegionFactoryInitiator - HHH000026: Second-level cache disabled
2025-06-17 23:53:24 [restartedMain] INFO  o.s.o.j.p.SpringPersistenceUnitInfo - No LoadTimeWeaver setup: ignoring JPA class transformer
2025-06-17 23:53:24 [http-nio-8888-exec-8] INFO  o.s.api.AbstractOpenApiResource - Init duration for springdoc-openapi is: 680 ms
2025-06-17 23:53:26 [restartedMain] INFO  o.h.e.t.j.p.i.JtaPlatformInitiator - HHH000489: No JTA platform available (set 'hibernate.transaction.jta.platform' to enable JTA platform integration)
2025-06-17 23:53:27 [restartedMain] DEBUG org.hibernate.SQL - create table authorities (id integer generated by default as identity, authority varchar(255), username varchar(255), primary key (id))
2025-06-17 23:53:27 [restartedMain] DEBUG org.hibernate.SQL - create table authority_list (id integer generated by default as identity, authority varchar(255), lessor integer, tourist integer, primary key (id))
2025-06-17 23:53:27 [restartedMain] DEBUG org.hibernate.SQL - create table bookings (id integer generated by default as identity, end_date date, start_date date, tourist_id integer, object_id integer not null, primary key (id))
2025-06-17 23:53:27 [restartedMain] DEBUG org.hibernate.SQL - create table comments (id integer generated by default as identity, content varchar(255) not null, tourist_id integer, object_id integer, primary key (id))
2025-06-17 23:53:27 [restartedMain] DEBUG org.hibernate.SQL - create table lessors (id integer generated by default as identity, birthday date, email varchar(255), name varchar(255), phone varchar(255), surname varchar(255), primary key (id))
2025-06-17 23:53:27 [restartedMain] DEBUG org.hibernate.SQL - create table objects (id integer generated by default as identity, address varchar(255), area float(53), category_id integer, description varchar(255), floor integer, lessor_code integer, name varchar(255), page_count integer, price numeric(38,2), price_per_night float(53), publish_date date, room_count integer, primary key (id))
2025-06-17 23:53:27 [restartedMain] DEBUG org.hibernate.SQL - create table ratings (id integer generated by default as identity, score integer, tourist_id integer, object_id integer, primary key (id))
2025-06-17 23:53:27 [restartedMain] DEBUG org.hibernate.SQL - create table reviews (id integer generated by default as identity, comment varchar(255), created_at timestamp(6), rating float(53), object_id integer, tourist_id integer, primary key (id))
2025-06-17 23:53:27 [restartedMain] DEBUG org.hibernate.SQL - create table roles (id bigint generated by default as identity, lessor integer, name varchar(255), tourist integer, primary key (id))
2025-06-17 23:53:27 [restartedMain] DEBUG org.hibernate.SQL - create table tourists (id integer generated by default as identity, birthday date, email varchar(255), name varchar(255), phone varchar(255), surname varchar(255), primary key (id))
2025-06-17 23:53:27 [restartedMain] DEBUG org.hibernate.SQL - create table user_roles (user_id bigint not null, role_id bigint not null, primary key (user_id, role_id))
2025-06-17 23:53:27 [restartedMain] DEBUG org.hibernate.SQL - create table users (id bigint generated by default as identity, enabled boolean, password varchar(255), user_id integer, user_type varchar(255), username varchar(255), primary key (id))
2025-06-17 23:53:27 [restartedMain] DEBUG org.hibernate.SQL - alter table if exists users drop constraint if exists UKr43af9ap4edm43mmtq01oddj6
2025-06-17 23:53:27 [restartedMain] DEBUG org.hibernate.SQL - alter table if exists users add constraint UKr43af9ap4edm43mmtq01oddj6 unique (username)
2025-06-17 23:53:27 [restartedMain] DEBUG org.hibernate.SQL - alter table if exists bookings add constraint FKkw8gvro97vljlul2xqy151kcv foreign key (object_id) references objects
2025-06-17 23:53:27 [restartedMain] DEBUG org.hibernate.SQL - alter table if exists comments add constraint FKohryl63tnbcwqimoy6gd92k2e foreign key (object_id) references objects
2025-06-17 23:53:27 [restartedMain] DEBUG org.hibernate.SQL - alter table if exists ratings add constraint FKd15a9mbgknj51ijj2xkg2bcb9 foreign key (object_id) references objects
2025-06-17 23:53:27 [restartedMain] DEBUG org.hibernate.SQL - alter table if exists reviews add constraint FKbaolsgqcud6gikav7hg1sie2p foreign key (object_id) references objects
2025-06-17 23:53:27 [restartedMain] DEBUG org.hibernate.SQL - alter table if exists reviews add constraint FK73u7atq8oagbwr8r5nnp8kkia foreign key (tourist_id) references tourists
2025-06-17 23:53:27 [restartedMain] DEBUG org.hibernate.SQL - alter table if exists user_roles add constraint FKh8ciramu9cc9q3qcqiv4ue8a6 foreign key (role_id) references roles
2025-06-17 23:53:27 [restartedMain] DEBUG org.hibernate.SQL - alter table if exists user_roles add constraint FKhfh9dx7w3ubf1co1vdev94g3f foreign key (user_id) references users
2025-06-17 23:53:27 [restartedMain] INFO  o.s.o.j.LocalContainerEntityManagerFactoryBean - Initialized JPA EntityManagerFactory for persistence unit 'default'
2025-06-17 23:53:28 [restartedMain] DEBUG a.d.t.f.JwtAuthenticationFilter - Filter 'jwtAuthenticationFilter' configured for use
2025-06-17 23:53:28 [restartedMain] WARN  o.s.b.a.o.j.JpaBaseConfiguration$JpaWebConfiguration - spring.jpa.open-in-view is enabled by default. Therefore, database queries may be performed during view rendering. Explicitly configure spring.jpa.open-in-view to disable this warning
2025-06-17 23:53:28 [restartedMain] INFO  o.s.s.c.a.a.c.InitializeUserDetailsBeanManagerConfigurer$InitializeUserDetailsManagerConfigurer - Global AuthenticationManager configured with UserDetailsService bean with name userDetailsServiceImpl
2025-06-17 23:53:29 [restartedMain] INFO  o.s.d.j.r.query.QueryEnhancerFactory - Hibernate is in classpath; If applicable, HQL parser will be used.
2025-06-17 23:53:32 [restartedMain] WARN  o.s.b.d.a.OptionalLiveReloadServer - Unable to start LiveReload server
2025-06-17 23:53:33 [restartedMain] INFO  o.a.coyote.http11.Http11NioProtocol - Starting ProtocolHandler ["http-nio-8888"]
2025-06-17 23:53:33 [restartedMain] WARN  o.s.b.w.s.c.AnnotationConfigServletWebServerApplicationContext - Exception encountered during context initialization - cancelling refresh attempt: org.springframework.context.ApplicationContextException: Failed to start bean 'webServerStartStop'
2025-06-17 23:53:33 [restartedMain] INFO  o.s.o.j.LocalContainerEntityManagerFactoryBean - Closing JPA EntityManagerFactory for persistence unit 'default'
2025-06-17 23:53:33 [restartedMain] WARN  o.s.b.f.s.DisposableBeanAdapter - Invocation of destroy method failed on bean with name 'inMemoryDatabaseShutdownExecutor': org.h2.jdbc.JdbcSQLNonTransientConnectionException: Database is already closed (to disable automatic closing at VM shutdown, add ";DB_CLOSE_ON_EXIT=FALSE" to the db URL) [90121-224]
2025-06-17 23:53:33 [restartedMain] INFO  com.zaxxer.hikari.HikariDataSource - HikariPool-1 - Shutdown initiated...
2025-06-17 23:53:33 [restartedMain] INFO  com.zaxxer.hikari.HikariDataSource - HikariPool-1 - Shutdown completed.
2025-06-17 23:53:33 [restartedMain] INFO  o.s.b.a.l.ConditionEvaluationReportLogger - 

Error starting ApplicationContext. To display the condition evaluation report re-run your application with 'debug' enabled.
2025-06-17 23:53:33 [restartedMain] ERROR o.s.b.d.LoggingFailureAnalysisReporter - 

***************************
APPLICATION FAILED TO START
***************************

Description:

Web server failed to start. Port 8888 was already in use.

Action:

Identify and stop the process that's listening on port 8888 or configure this application to listen on another port.

2025-06-17 23:53:44 [http-nio-8888-exec-2] DEBUG org.hibernate.SQL - select ue1_0.id,ue1_0.enabled,ue1_0.password,ue1_0.user_id,ue1_0.user_type,ue1_0.username from users ue1_0 where ue1_0.username=?
2025-06-17 23:53:44 [http-nio-8888-exec-2] DEBUG org.hibernate.SQL - select r1_0.user_id,r1_1.id,r1_1.lessor,r1_1.name,r1_1.tourist from user_roles r1_0 join roles r1_1 on r1_1.id=r1_0.role_id where r1_0.user_id=?
2025-06-17 23:53:44 [http-nio-8888-exec-2] WARN  o.s.s.c.bcrypt.BCryptPasswordEncoder - Encoded password does not look like BCrypt
2025-06-17 23:53:44 [http-nio-8888-exec-2] DEBUG org.hibernate.SQL - select ue1_0.id,ue1_0.enabled,ue1_0.password,ue1_0.user_id,ue1_0.user_type,ue1_0.username from users ue1_0 where ue1_0.username=?
2025-06-17 23:53:44 [http-nio-8888-exec-2] WARN  o.s.s.c.bcrypt.BCryptPasswordEncoder - Encoded password does not look like BCrypt
