2025-06-09 13:11:52 [restartedMain] INFO  a.d.tourist.TouristApplication - Starting TouristApplication using Java 21.0.5 with PID 64864 (C:\github\Spring\SpringJava20-Mubariz_Bayramov\tourist\target\classes started by User in C:\github\Spring\SpringJava20-Mubariz_Bayramov\tourist)
2025-06-09 13:11:52 [restartedMain] DEBUG a.d.tourist.TouristApplication - Running with Spring Boot v3.5.0, Spring v6.2.7
2025-06-09 13:11:52 [restartedMain] INFO  a.d.tourist.TouristApplication - No active profile set, falling back to 1 default profile: "default"
2025-06-09 13:11:52 [restartedMain] INFO  o.s.d.r.c.RepositoryConfigurationDelegate - Bootstrapping Spring Data JPA repositories in DEFAULT mode.
2025-06-09 13:11:52 [restartedMain] INFO  o.s.d.r.c.RepositoryConfigurationDelegate - Finished Spring Data repository scanning in 56 ms. Found 9 JPA repository interfaces.
2025-06-09 13:11:53 [restartedMain] INFO  o.s.b.w.e.tomcat.TomcatWebServer - Tomcat initialized with port 8888 (http)
2025-06-09 13:11:53 [restartedMain] INFO  o.a.catalina.core.StandardService - Starting service [Tomcat]
2025-06-09 13:11:53 [restartedMain] INFO  o.a.catalina.core.StandardEngine - Starting Servlet engine: [Apache Tomcat/10.1.41]
2025-06-09 13:11:53 [restartedMain] INFO  o.a.c.c.C.[Tomcat].[localhost].[/] - Initializing Spring embedded WebApplicationContext
2025-06-09 13:11:53 [restartedMain] INFO  o.s.b.w.s.c.ServletWebServerApplicationContext - Root WebApplicationContext: initialization completed in 849 ms
2025-06-09 13:11:53 [restartedMain] INFO  o.h.jpa.internal.util.LogHelper - HHH000204: Processing PersistenceUnitInfo [name: default]
2025-06-09 13:11:53 [restartedMain] INFO  o.h.c.i.RegionFactoryInitiator - HHH000026: Second-level cache disabled
2025-06-09 13:11:53 [restartedMain] INFO  o.s.o.j.p.SpringPersistenceUnitInfo - No LoadTimeWeaver setup: ignoring JPA class transformer
2025-06-09 13:11:53 [restartedMain] INFO  com.zaxxer.hikari.HikariDataSource - HikariPool-4 - Starting...
2025-06-09 13:11:53 [restartedMain] INFO  com.zaxxer.hikari.pool.HikariPool - HikariPool-4 - Added connection conn40: url=jdbc:h2:mem:db user=ROOT
2025-06-09 13:11:53 [restartedMain] INFO  com.zaxxer.hikari.HikariDataSource - HikariPool-4 - Start completed.
2025-06-09 13:11:53 [restartedMain] INFO  o.hibernate.orm.connections.pooling - HHH10001005: Database info:
	Database JDBC URL [Connecting through datasource 'HikariDataSource (HikariPool-4)']
	Database driver: undefined/unknown
	Database version: 2.3.232
	Autocommit mode: undefined/unknown
	Isolation level: undefined/unknown
	Minimum pool size: undefined/unknown
	Maximum pool size: undefined/unknown
2025-06-09 13:11:53 [restartedMain] INFO  o.h.e.t.j.p.i.JtaPlatformInitiator - HHH000489: No JTA platform available (set 'hibernate.transaction.jta.platform' to enable JTA platform integration)
2025-06-09 13:11:53 [restartedMain] DEBUG org.hibernate.SQL - create table authorities (id integer generated by default as identity, authority varchar(255), username varchar(255), primary key (id))
2025-06-09 13:11:53 [restartedMain] DEBUG org.hibernate.SQL - create table authority_list (id integer generated by default as identity, authority varchar(255), lessor integer, tourist integer, primary key (id))
2025-06-09 13:11:53 [restartedMain] DEBUG org.hibernate.SQL - create table bookings (id integer generated by default as identity, end_date date, start_date date, tourist_id integer, object_id integer not null, primary key (id))
2025-06-09 13:11:53 [restartedMain] DEBUG org.hibernate.SQL - create table comments (id integer generated by default as identity, content varchar(255) not null, tourist_id integer, object_id integer, primary key (id))
2025-06-09 13:11:53 [restartedMain] DEBUG org.hibernate.SQL - create table lessors (id integer generated by default as identity, birthday date, email varchar(255), name varchar(255), phone varchar(255), surname varchar(255), primary key (id))
2025-06-09 13:11:53 [restartedMain] DEBUG org.hibernate.SQL - create table objects (id integer generated by default as identity, address varchar(255), area float(53), category_id integer, description varchar(255), floor integer, lessor_code integer, name varchar(255), price numeric(38,2), price_per_night float(53), room_count integer, primary key (id))
2025-06-09 13:11:53 [restartedMain] DEBUG org.hibernate.SQL - create table ratings (id integer generated by default as identity, score integer, tourist_id integer, object_id integer, primary key (id))
2025-06-09 13:11:53 [restartedMain] DEBUG org.hibernate.SQL - create table reviews (id integer generated by default as identity, comment varchar(255), created_at timestamp(6), rating float(53), object_id integer, tourist_id integer, primary key (id))
2025-06-09 13:11:53 [restartedMain] DEBUG org.hibernate.SQL - create table roles (id bigint generated by default as identity, lessor integer, name varchar(255), tourist integer, primary key (id))
2025-06-09 13:11:53 [restartedMain] DEBUG org.hibernate.SQL - create table tourists (id integer generated by default as identity, birthday date, email varchar(255), name varchar(255), phone varchar(255), surname varchar(255), primary key (id))
2025-06-09 13:11:53 [restartedMain] DEBUG org.hibernate.SQL - create table user_roles (user_id bigint not null, role_id bigint not null, primary key (user_id, role_id))
2025-06-09 13:11:53 [restartedMain] DEBUG org.hibernate.SQL - create table users (id bigint generated by default as identity, enabled boolean, password varchar(255), user_id integer, user_type varchar(255), username varchar(255), primary key (id))
2025-06-09 13:11:53 [restartedMain] DEBUG org.hibernate.SQL - alter table if exists users drop constraint if exists UKr43af9ap4edm43mmtq01oddj6
2025-06-09 13:11:53 [restartedMain] DEBUG org.hibernate.SQL - alter table if exists users add constraint UKr43af9ap4edm43mmtq01oddj6 unique (username)
2025-06-09 13:11:53 [restartedMain] DEBUG org.hibernate.SQL - alter table if exists bookings add constraint FKkw8gvro97vljlul2xqy151kcv foreign key (object_id) references objects
2025-06-09 13:11:53 [restartedMain] DEBUG org.hibernate.SQL - alter table if exists comments add constraint FKohryl63tnbcwqimoy6gd92k2e foreign key (object_id) references objects
2025-06-09 13:11:53 [restartedMain] DEBUG org.hibernate.SQL - alter table if exists ratings add constraint FKd15a9mbgknj51ijj2xkg2bcb9 foreign key (object_id) references objects
2025-06-09 13:11:53 [restartedMain] DEBUG org.hibernate.SQL - alter table if exists reviews add constraint FKbaolsgqcud6gikav7hg1sie2p foreign key (object_id) references objects
2025-06-09 13:11:53 [restartedMain] DEBUG org.hibernate.SQL - alter table if exists reviews add constraint FK73u7atq8oagbwr8r5nnp8kkia foreign key (tourist_id) references tourists
2025-06-09 13:11:53 [restartedMain] DEBUG org.hibernate.SQL - alter table if exists user_roles add constraint FKh8ciramu9cc9q3qcqiv4ue8a6 foreign key (role_id) references roles
2025-06-09 13:11:53 [restartedMain] DEBUG org.hibernate.SQL - alter table if exists user_roles add constraint FKhfh9dx7w3ubf1co1vdev94g3f foreign key (user_id) references users
2025-06-09 13:11:53 [restartedMain] INFO  o.s.o.j.LocalContainerEntityManagerFactoryBean - Initialized JPA EntityManagerFactory for persistence unit 'default'
2025-06-09 13:11:53 [restartedMain] DEBUG a.d.t.f.JwtAuthenticationFilter - Filter 'jwtAuthenticationFilter' configured for use
2025-06-09 13:11:53 [restartedMain] WARN  o.s.b.a.o.j.JpaBaseConfiguration$JpaWebConfiguration - spring.jpa.open-in-view is enabled by default. Therefore, database queries may be performed during view rendering. Explicitly configure spring.jpa.open-in-view to disable this warning
2025-06-09 13:11:53 [restartedMain] INFO  o.s.s.c.a.a.c.InitializeUserDetailsBeanManagerConfigurer$InitializeUserDetailsManagerConfigurer - Global AuthenticationManager configured with UserDetailsService bean with name userDetailsServiceImpl
2025-06-09 13:11:54 [restartedMain] INFO  o.s.b.a.h.H2ConsoleAutoConfiguration - H2 console available at '/h2-console'. Database available at 'jdbc:h2:mem:db'
2025-06-09 13:11:54 [restartedMain] INFO  o.s.b.d.a.OptionalLiveReloadServer - LiveReload server is running on port 35729
2025-06-09 13:11:54 [restartedMain] INFO  o.s.b.w.e.tomcat.TomcatWebServer - Tomcat started on port 8888 (http) with context path '/'
2025-06-09 13:11:54 [restartedMain] INFO  a.d.tourist.TouristApplication - Started TouristApplication in 2.274 seconds (process running for 2664.711)
2025-06-09 13:11:54 [restartedMain] INFO  o.s.b.d.a.ConditionEvaluationDeltaLoggingListener - Condition evaluation unchanged
2025-06-09 13:11:55 [background-preinit] INFO  o.h.validator.internal.util.Version - HV000001: Hibernate Validator 8.0.2.Final
2025-06-09 13:11:55 [restartedMain] INFO  a.d.tourist.TouristApplication - Starting TouristApplication using Java 21.0.5 with PID 83464 (C:\github\Spring\SpringJava20-Mubariz_Bayramov\tourist\target\classes started by User in C:\github\Spring\SpringJava20-Mubariz_Bayramov\tourist)
2025-06-09 13:11:55 [restartedMain] DEBUG a.d.tourist.TouristApplication - Running with Spring Boot v3.5.0, Spring v6.2.7
2025-06-09 13:11:55 [restartedMain] INFO  a.d.tourist.TouristApplication - No active profile set, falling back to 1 default profile: "default"
2025-06-09 13:11:56 [restartedMain] INFO  o.s.b.d.e.DevToolsPropertyDefaultsPostProcessor - Devtools property defaults active! Set 'spring.devtools.add-properties' to 'false' to disable
2025-06-09 13:11:56 [restartedMain] INFO  o.s.b.d.e.DevToolsPropertyDefaultsPostProcessor - For additional web related logging consider setting the 'logging.level.web' property to 'DEBUG'
2025-06-09 13:11:57 [restartedMain] INFO  o.s.d.r.c.RepositoryConfigurationDelegate - Bootstrapping Spring Data JPA repositories in DEFAULT mode.
2025-06-09 13:11:57 [restartedMain] INFO  o.s.d.r.c.RepositoryConfigurationDelegate - Finished Spring Data repository scanning in 215 ms. Found 9 JPA repository interfaces.
2025-06-09 13:11:58 [restartedMain] INFO  o.s.b.w.e.tomcat.TomcatWebServer - Tomcat initialized with port 8888 (http)
2025-06-09 13:11:58 [restartedMain] INFO  o.a.coyote.http11.Http11NioProtocol - Initializing ProtocolHandler ["http-nio-8888"]
2025-06-09 13:11:58 [restartedMain] INFO  o.a.catalina.core.StandardService - Starting service [Tomcat]
2025-06-09 13:11:58 [restartedMain] INFO  o.a.catalina.core.StandardEngine - Starting Servlet engine: [Apache Tomcat/10.1.41]
2025-06-09 13:11:59 [restartedMain] INFO  o.a.c.c.C.[Tomcat].[localhost].[/] - Initializing Spring embedded WebApplicationContext
2025-06-09 13:11:59 [restartedMain] INFO  o.s.b.w.s.c.ServletWebServerApplicationContext - Root WebApplicationContext: initialization completed in 3067 ms
2025-06-09 13:11:59 [restartedMain] INFO  o.h.jpa.internal.util.LogHelper - HHH000204: Processing PersistenceUnitInfo [name: default]
2025-06-09 13:11:59 [restartedMain] INFO  org.hibernate.Version - HHH000412: Hibernate ORM core version 6.6.15.Final
2025-06-09 13:11:59 [restartedMain] INFO  o.h.c.i.RegionFactoryInitiator - HHH000026: Second-level cache disabled
2025-06-09 13:11:59 [restartedMain] INFO  o.s.o.j.p.SpringPersistenceUnitInfo - No LoadTimeWeaver setup: ignoring JPA class transformer
2025-06-09 13:12:00 [restartedMain] INFO  com.zaxxer.hikari.HikariDataSource - HikariPool-1 - Starting...
2025-06-09 13:12:00 [restartedMain] INFO  com.zaxxer.hikari.pool.HikariPool - HikariPool-1 - Added connection conn0: url=jdbc:h2:mem:db user=ROOT
2025-06-09 13:12:00 [restartedMain] INFO  com.zaxxer.hikari.HikariDataSource - HikariPool-1 - Start completed.
2025-06-09 13:12:00 [restartedMain] INFO  o.hibernate.orm.connections.pooling - HHH10001005: Database info:
	Database JDBC URL [Connecting through datasource 'HikariDataSource (HikariPool-1)']
	Database driver: undefined/unknown
	Database version: 2.3.232
	Autocommit mode: undefined/unknown
	Isolation level: undefined/unknown
	Minimum pool size: undefined/unknown
	Maximum pool size: undefined/unknown
2025-06-09 13:12:01 [restartedMain] INFO  o.h.e.t.j.p.i.JtaPlatformInitiator - HHH000489: No JTA platform available (set 'hibernate.transaction.jta.platform' to enable JTA platform integration)
2025-06-09 13:12:01 [restartedMain] DEBUG org.hibernate.SQL - create table authorities (id integer generated by default as identity, authority varchar(255), username varchar(255), primary key (id))
2025-06-09 13:12:02 [restartedMain] DEBUG org.hibernate.SQL - create table authority_list (id integer generated by default as identity, authority varchar(255), lessor integer, tourist integer, primary key (id))
2025-06-09 13:12:02 [restartedMain] DEBUG org.hibernate.SQL - create table bookings (id integer generated by default as identity, end_date date, start_date date, tourist_id integer, object_id integer not null, primary key (id))
2025-06-09 13:12:02 [restartedMain] DEBUG org.hibernate.SQL - create table comments (id integer generated by default as identity, content varchar(255) not null, tourist_id integer, object_id integer, primary key (id))
2025-06-09 13:12:02 [restartedMain] DEBUG org.hibernate.SQL - create table lessors (id integer generated by default as identity, birthday date, email varchar(255), name varchar(255), phone varchar(255), surname varchar(255), primary key (id))
2025-06-09 13:12:02 [restartedMain] DEBUG org.hibernate.SQL - create table objects (id integer generated by default as identity, address varchar(255), area float(53), category_id integer, description varchar(255), floor integer, lessor_code integer, name varchar(255), price numeric(38,2), price_per_night float(53), room_count integer, primary key (id))
2025-06-09 13:12:02 [restartedMain] DEBUG org.hibernate.SQL - create table ratings (id integer generated by default as identity, score integer, tourist_id integer, object_id integer, primary key (id))
2025-06-09 13:12:02 [restartedMain] DEBUG org.hibernate.SQL - create table reviews (id integer generated by default as identity, comment varchar(255), created_at timestamp(6), rating float(53), object_id integer, tourist_id integer, primary key (id))
2025-06-09 13:12:02 [restartedMain] DEBUG org.hibernate.SQL - create table roles (id bigint generated by default as identity, lessor integer, name varchar(255), tourist integer, primary key (id))
2025-06-09 13:12:02 [restartedMain] DEBUG org.hibernate.SQL - create table tourists (id integer generated by default as identity, birthday date, email varchar(255), name varchar(255), phone varchar(255), surname varchar(255), primary key (id))
2025-06-09 13:12:02 [restartedMain] DEBUG org.hibernate.SQL - create table user_roles (user_id bigint not null, role_id bigint not null, primary key (user_id, role_id))
2025-06-09 13:12:02 [restartedMain] DEBUG org.hibernate.SQL - create table users (id bigint generated by default as identity, enabled boolean, password varchar(255), user_id integer, user_type varchar(255), username varchar(255), primary key (id))
2025-06-09 13:12:02 [restartedMain] DEBUG org.hibernate.SQL - alter table if exists users drop constraint if exists UKr43af9ap4edm43mmtq01oddj6
2025-06-09 13:12:02 [restartedMain] DEBUG org.hibernate.SQL - alter table if exists users add constraint UKr43af9ap4edm43mmtq01oddj6 unique (username)
2025-06-09 13:12:02 [restartedMain] DEBUG org.hibernate.SQL - alter table if exists bookings add constraint FKkw8gvro97vljlul2xqy151kcv foreign key (object_id) references objects
2025-06-09 13:12:02 [restartedMain] DEBUG org.hibernate.SQL - alter table if exists comments add constraint FKohryl63tnbcwqimoy6gd92k2e foreign key (object_id) references objects
2025-06-09 13:12:02 [restartedMain] DEBUG org.hibernate.SQL - alter table if exists ratings add constraint FKd15a9mbgknj51ijj2xkg2bcb9 foreign key (object_id) references objects
2025-06-09 13:12:02 [restartedMain] DEBUG org.hibernate.SQL - alter table if exists reviews add constraint FKbaolsgqcud6gikav7hg1sie2p foreign key (object_id) references objects
2025-06-09 13:12:02 [restartedMain] DEBUG org.hibernate.SQL - alter table if exists reviews add constraint FK73u7atq8oagbwr8r5nnp8kkia foreign key (tourist_id) references tourists
2025-06-09 13:12:02 [restartedMain] DEBUG org.hibernate.SQL - alter table if exists user_roles add constraint FKh8ciramu9cc9q3qcqiv4ue8a6 foreign key (role_id) references roles
2025-06-09 13:12:02 [restartedMain] DEBUG org.hibernate.SQL - alter table if exists user_roles add constraint FKhfh9dx7w3ubf1co1vdev94g3f foreign key (user_id) references users
2025-06-09 13:12:02 [restartedMain] INFO  o.s.o.j.LocalContainerEntityManagerFactoryBean - Initialized JPA EntityManagerFactory for persistence unit 'default'
2025-06-09 13:12:02 [restartedMain] DEBUG a.d.t.f.JwtAuthenticationFilter - Filter 'jwtAuthenticationFilter' configured for use
2025-06-09 13:12:02 [restartedMain] WARN  o.s.b.a.o.j.JpaBaseConfiguration$JpaWebConfiguration - spring.jpa.open-in-view is enabled by default. Therefore, database queries may be performed during view rendering. Explicitly configure spring.jpa.open-in-view to disable this warning
2025-06-09 13:12:02 [restartedMain] INFO  o.s.s.c.a.a.c.InitializeUserDetailsBeanManagerConfigurer$InitializeUserDetailsManagerConfigurer - Global AuthenticationManager configured with UserDetailsService bean with name userDetailsServiceImpl
2025-06-09 13:12:03 [restartedMain] INFO  o.s.d.j.r.query.QueryEnhancerFactory - Hibernate is in classpath; If applicable, HQL parser will be used.
2025-06-09 13:12:05 [restartedMain] INFO  o.s.b.a.h.H2ConsoleAutoConfiguration - H2 console available at '/h2-console'. Database available at 'jdbc:h2:mem:db'
2025-06-09 13:12:06 [restartedMain] WARN  o.s.b.d.a.OptionalLiveReloadServer - Unable to start LiveReload server
2025-06-09 13:12:06 [restartedMain] INFO  o.a.coyote.http11.Http11NioProtocol - Starting ProtocolHandler ["http-nio-8888"]
2025-06-09 13:12:06 [restartedMain] WARN  o.s.b.w.s.c.AnnotationConfigServletWebServerApplicationContext - Exception encountered during context initialization - cancelling refresh attempt: org.springframework.context.ApplicationContextException: Failed to start bean 'webServerStartStop'
2025-06-09 13:12:06 [restartedMain] INFO  o.s.o.j.LocalContainerEntityManagerFactoryBean - Closing JPA EntityManagerFactory for persistence unit 'default'
2025-06-09 13:12:06 [restartedMain] WARN  o.s.b.f.s.DisposableBeanAdapter - Invocation of destroy method failed on bean with name 'inMemoryDatabaseShutdownExecutor': org.h2.jdbc.JdbcSQLNonTransientConnectionException: Database is already closed (to disable automatic closing at VM shutdown, add ";DB_CLOSE_ON_EXIT=FALSE" to the db URL) [90121-232]
2025-06-09 13:12:06 [restartedMain] INFO  com.zaxxer.hikari.HikariDataSource - HikariPool-1 - Shutdown initiated...
2025-06-09 13:12:06 [restartedMain] INFO  com.zaxxer.hikari.HikariDataSource - HikariPool-1 - Shutdown completed.
2025-06-09 13:12:06 [restartedMain] INFO  o.s.b.a.l.ConditionEvaluationReportLogger - 

Error starting ApplicationContext. To display the condition evaluation report re-run your application with 'debug' enabled.
2025-06-09 13:12:06 [restartedMain] ERROR o.s.b.d.LoggingFailureAnalysisReporter - 

***************************
APPLICATION FAILED TO START
***************************

Description:

Web server failed to start. Port 8888 was already in use.

Action:

Identify and stop the process that's listening on port 8888 or configure this application to listen on another port.

2025-06-09 13:12:26 [File Watcher] INFO  o.s.b.d.a.LocalDevToolsAutoConfiguration$RestartingClassPathChangeChangedEventListener - Restarting due to 1 class path change (1 addition, 0 deletions, 0 modifications)
2025-06-09 13:12:26 [Thread-16] INFO  o.s.b.w.e.tomcat.GracefulShutdown - Commencing graceful shutdown. Waiting for active requests to complete
2025-06-09 13:12:26 [tomcat-shutdown] INFO  o.s.b.w.e.tomcat.GracefulShutdown - Graceful shutdown complete
2025-06-09 13:12:26 [Thread-16] INFO  o.s.o.j.LocalContainerEntityManagerFactoryBean - Closing JPA EntityManagerFactory for persistence unit 'default'
2025-06-09 13:12:26 [Thread-16] WARN  o.s.b.f.s.DisposableBeanAdapter - Invocation of destroy method failed on bean with name 'inMemoryDatabaseShutdownExecutor': org.h2.jdbc.JdbcSQLNonTransientConnectionException: Database is already closed (to disable automatic closing at VM shutdown, add ";DB_CLOSE_ON_EXIT=FALSE" to the db URL) [90121-232]
2025-06-09 13:12:26 [Thread-16] INFO  com.zaxxer.hikari.HikariDataSource - HikariPool-4 - Shutdown initiated...
2025-06-09 13:12:26 [Thread-16] INFO  com.zaxxer.hikari.HikariDataSource - HikariPool-4 - Shutdown completed.
2025-06-09 13:12:27 [restartedMain] INFO  a.d.tourist.TouristApplication - Starting TouristApplication using Java 21.0.5 with PID 64864 (C:\github\Spring\SpringJava20-Mubariz_Bayramov\tourist\target\classes started by User in C:\github\Spring\SpringJava20-Mubariz_Bayramov\tourist)
2025-06-09 13:12:27 [restartedMain] DEBUG a.d.tourist.TouristApplication - Running with Spring Boot v3.5.0, Spring v6.2.7
2025-06-09 13:12:27 [restartedMain] INFO  a.d.tourist.TouristApplication - No active profile set, falling back to 1 default profile: "default"
2025-06-09 13:12:27 [restartedMain] INFO  o.s.d.r.c.RepositoryConfigurationDelegate - Bootstrapping Spring Data JPA repositories in DEFAULT mode.
2025-06-09 13:12:27 [restartedMain] INFO  o.s.d.r.c.RepositoryConfigurationDelegate - Finished Spring Data repository scanning in 54 ms. Found 9 JPA repository interfaces.
2025-06-09 13:12:27 [restartedMain] INFO  o.s.b.w.e.tomcat.TomcatWebServer - Tomcat initialized with port 8888 (http)
2025-06-09 13:12:27 [restartedMain] INFO  o.a.catalina.core.StandardService - Starting service [Tomcat]
2025-06-09 13:12:27 [restartedMain] INFO  o.a.catalina.core.StandardEngine - Starting Servlet engine: [Apache Tomcat/10.1.41]
2025-06-09 13:12:27 [restartedMain] INFO  o.a.c.c.C.[Tomcat].[localhost].[/] - Initializing Spring embedded WebApplicationContext
2025-06-09 13:12:27 [restartedMain] INFO  o.s.b.w.s.c.ServletWebServerApplicationContext - Root WebApplicationContext: initialization completed in 586 ms
2025-06-09 13:12:27 [restartedMain] INFO  o.h.jpa.internal.util.LogHelper - HHH000204: Processing PersistenceUnitInfo [name: default]
2025-06-09 13:12:27 [restartedMain] INFO  o.h.c.i.RegionFactoryInitiator - HHH000026: Second-level cache disabled
2025-06-09 13:12:27 [restartedMain] INFO  o.s.o.j.p.SpringPersistenceUnitInfo - No LoadTimeWeaver setup: ignoring JPA class transformer
2025-06-09 13:12:27 [restartedMain] INFO  com.zaxxer.hikari.HikariDataSource - HikariPool-5 - Starting...
2025-06-09 13:12:27 [restartedMain] INFO  com.zaxxer.hikari.pool.HikariPool - HikariPool-5 - Added connection conn50: url=jdbc:h2:mem:db user=ROOT
2025-06-09 13:12:27 [restartedMain] INFO  com.zaxxer.hikari.HikariDataSource - HikariPool-5 - Start completed.
2025-06-09 13:12:27 [restartedMain] INFO  o.hibernate.orm.connections.pooling - HHH10001005: Database info:
	Database JDBC URL [Connecting through datasource 'HikariDataSource (HikariPool-5)']
	Database driver: undefined/unknown
	Database version: 2.3.232
	Autocommit mode: undefined/unknown
	Isolation level: undefined/unknown
	Minimum pool size: undefined/unknown
	Maximum pool size: undefined/unknown
2025-06-09 13:12:27 [restartedMain] INFO  o.h.e.t.j.p.i.JtaPlatformInitiator - HHH000489: No JTA platform available (set 'hibernate.transaction.jta.platform' to enable JTA platform integration)
2025-06-09 13:12:27 [restartedMain] DEBUG org.hibernate.SQL - create table authorities (id integer generated by default as identity, authority varchar(255), username varchar(255), primary key (id))
2025-06-09 13:12:27 [restartedMain] DEBUG org.hibernate.SQL - create table authority_list (id integer generated by default as identity, authority varchar(255), lessor integer, tourist integer, primary key (id))
2025-06-09 13:12:27 [restartedMain] DEBUG org.hibernate.SQL - create table bookings (id integer generated by default as identity, end_date date, start_date date, tourist_id integer, object_id integer not null, primary key (id))
2025-06-09 13:12:27 [restartedMain] DEBUG org.hibernate.SQL - create table comments (id integer generated by default as identity, content varchar(255) not null, tourist_id integer, object_id integer, primary key (id))
2025-06-09 13:12:27 [restartedMain] DEBUG org.hibernate.SQL - create table lessors (id integer generated by default as identity, birthday date, email varchar(255), name varchar(255), phone varchar(255), surname varchar(255), primary key (id))
2025-06-09 13:12:27 [restartedMain] DEBUG org.hibernate.SQL - create table objects (id integer generated by default as identity, address varchar(255), area float(53), category_id integer, description varchar(255), floor integer, lessor_code integer, name varchar(255), price numeric(38,2), price_per_night float(53), room_count integer, primary key (id))
2025-06-09 13:12:27 [restartedMain] DEBUG org.hibernate.SQL - create table ratings (id integer generated by default as identity, score integer, tourist_id integer, object_id integer, primary key (id))
2025-06-09 13:12:27 [restartedMain] DEBUG org.hibernate.SQL - create table reviews (id integer generated by default as identity, comment varchar(255), created_at timestamp(6), rating float(53), object_id integer, tourist_id integer, primary key (id))
2025-06-09 13:12:27 [restartedMain] DEBUG org.hibernate.SQL - create table roles (id bigint generated by default as identity, lessor integer, name varchar(255), tourist integer, primary key (id))
2025-06-09 13:12:27 [restartedMain] DEBUG org.hibernate.SQL - create table tourists (id integer generated by default as identity, birthday date, email varchar(255), name varchar(255), phone varchar(255), surname varchar(255), primary key (id))
2025-06-09 13:12:27 [restartedMain] DEBUG org.hibernate.SQL - create table user_roles (user_id bigint not null, role_id bigint not null, primary key (user_id, role_id))
2025-06-09 13:12:27 [restartedMain] DEBUG org.hibernate.SQL - create table users (id bigint generated by default as identity, enabled boolean, password varchar(255), user_id integer, user_type varchar(255), username varchar(255), primary key (id))
2025-06-09 13:12:27 [restartedMain] DEBUG org.hibernate.SQL - alter table if exists users drop constraint if exists UKr43af9ap4edm43mmtq01oddj6
2025-06-09 13:12:27 [restartedMain] DEBUG org.hibernate.SQL - alter table if exists users add constraint UKr43af9ap4edm43mmtq01oddj6 unique (username)
2025-06-09 13:12:27 [restartedMain] DEBUG org.hibernate.SQL - alter table if exists bookings add constraint FKkw8gvro97vljlul2xqy151kcv foreign key (object_id) references objects
2025-06-09 13:12:27 [restartedMain] DEBUG org.hibernate.SQL - alter table if exists comments add constraint FKohryl63tnbcwqimoy6gd92k2e foreign key (object_id) references objects
2025-06-09 13:12:27 [restartedMain] DEBUG org.hibernate.SQL - alter table if exists ratings add constraint FKd15a9mbgknj51ijj2xkg2bcb9 foreign key (object_id) references objects
2025-06-09 13:12:27 [restartedMain] DEBUG org.hibernate.SQL - alter table if exists reviews add constraint FKbaolsgqcud6gikav7hg1sie2p foreign key (object_id) references objects
2025-06-09 13:12:27 [restartedMain] DEBUG org.hibernate.SQL - alter table if exists reviews add constraint FK73u7atq8oagbwr8r5nnp8kkia foreign key (tourist_id) references tourists
2025-06-09 13:12:27 [restartedMain] DEBUG org.hibernate.SQL - alter table if exists user_roles add constraint FKh8ciramu9cc9q3qcqiv4ue8a6 foreign key (role_id) references roles
2025-06-09 13:12:27 [restartedMain] DEBUG org.hibernate.SQL - alter table if exists user_roles add constraint FKhfh9dx7w3ubf1co1vdev94g3f foreign key (user_id) references users
2025-06-09 13:12:27 [restartedMain] INFO  o.s.o.j.LocalContainerEntityManagerFactoryBean - Initialized JPA EntityManagerFactory for persistence unit 'default'
2025-06-09 13:12:28 [restartedMain] DEBUG a.d.t.f.JwtAuthenticationFilter - Filter 'jwtAuthenticationFilter' configured for use
2025-06-09 13:12:28 [restartedMain] WARN  o.s.b.a.o.j.JpaBaseConfiguration$JpaWebConfiguration - spring.jpa.open-in-view is enabled by default. Therefore, database queries may be performed during view rendering. Explicitly configure spring.jpa.open-in-view to disable this warning
2025-06-09 13:12:28 [restartedMain] INFO  o.s.s.c.a.a.c.InitializeUserDetailsBeanManagerConfigurer$InitializeUserDetailsManagerConfigurer - Global AuthenticationManager configured with UserDetailsService bean with name userDetailsServiceImpl
2025-06-09 13:12:28 [restartedMain] INFO  o.s.b.a.h.H2ConsoleAutoConfiguration - H2 console available at '/h2-console'. Database available at 'jdbc:h2:mem:db'
2025-06-09 13:12:28 [restartedMain] INFO  o.s.b.d.a.OptionalLiveReloadServer - LiveReload server is running on port 35729
2025-06-09 13:12:28 [restartedMain] INFO  o.s.b.w.e.tomcat.TomcatWebServer - Tomcat started on port 8888 (http) with context path '/'
2025-06-09 13:12:28 [restartedMain] INFO  a.d.tourist.TouristApplication - Started TouristApplication in 1.476 seconds (process running for 2698.876)
2025-06-09 13:12:28 [restartedMain] INFO  o.s.b.d.a.ConditionEvaluationDeltaLoggingListener - Condition evaluation unchanged
2025-06-09 13:12:45 [File Watcher] INFO  o.s.b.d.a.LocalDevToolsAutoConfiguration$RestartingClassPathChangeChangedEventListener - Restarting due to 1 class path change (0 additions, 1 deletion, 0 modifications)
2025-06-09 13:12:45 [Thread-20] INFO  o.s.b.w.e.tomcat.GracefulShutdown - Commencing graceful shutdown. Waiting for active requests to complete
2025-06-09 13:12:45 [tomcat-shutdown] INFO  o.s.b.w.e.tomcat.GracefulShutdown - Graceful shutdown complete
2025-06-09 13:12:45 [Thread-20] INFO  o.s.o.j.LocalContainerEntityManagerFactoryBean - Closing JPA EntityManagerFactory for persistence unit 'default'
2025-06-09 13:12:45 [Thread-20] WARN  o.s.b.f.s.DisposableBeanAdapter - Invocation of destroy method failed on bean with name 'inMemoryDatabaseShutdownExecutor': org.h2.jdbc.JdbcSQLNonTransientConnectionException: Database is already closed (to disable automatic closing at VM shutdown, add ";DB_CLOSE_ON_EXIT=FALSE" to the db URL) [90121-232]
2025-06-09 13:12:45 [Thread-20] INFO  com.zaxxer.hikari.HikariDataSource - HikariPool-5 - Shutdown initiated...
2025-06-09 13:12:45 [Thread-20] INFO  com.zaxxer.hikari.HikariDataSource - HikariPool-5 - Shutdown completed.
2025-06-09 13:12:45 [restartedMain] INFO  a.d.tourist.TouristApplication - Starting TouristApplication using Java 21.0.5 with PID 64864 (C:\github\Spring\SpringJava20-Mubariz_Bayramov\tourist\target\classes started by User in C:\github\Spring\SpringJava20-Mubariz_Bayramov\tourist)
2025-06-09 13:12:45 [restartedMain] DEBUG a.d.tourist.TouristApplication - Running with Spring Boot v3.5.0, Spring v6.2.7
2025-06-09 13:12:45 [restartedMain] INFO  a.d.tourist.TouristApplication - No active profile set, falling back to 1 default profile: "default"
2025-06-09 13:12:45 [restartedMain] INFO  o.s.d.r.c.RepositoryConfigurationDelegate - Bootstrapping Spring Data JPA repositories in DEFAULT mode.
2025-06-09 13:12:45 [restartedMain] INFO  o.s.d.r.c.RepositoryConfigurationDelegate - Finished Spring Data repository scanning in 44 ms. Found 9 JPA repository interfaces.
2025-06-09 13:12:45 [restartedMain] INFO  o.s.b.w.e.tomcat.TomcatWebServer - Tomcat initialized with port 8888 (http)
2025-06-09 13:12:45 [restartedMain] INFO  o.a.catalina.core.StandardService - Starting service [Tomcat]
2025-06-09 13:12:45 [restartedMain] INFO  o.a.catalina.core.StandardEngine - Starting Servlet engine: [Apache Tomcat/10.1.41]
2025-06-09 13:12:46 [restartedMain] INFO  o.a.c.c.C.[Tomcat].[localhost].[/] - Initializing Spring embedded WebApplicationContext
2025-06-09 13:12:46 [restartedMain] INFO  o.s.b.w.s.c.ServletWebServerApplicationContext - Root WebApplicationContext: initialization completed in 509 ms
2025-06-09 13:12:46 [restartedMain] INFO  o.h.jpa.internal.util.LogHelper - HHH000204: Processing PersistenceUnitInfo [name: default]
2025-06-09 13:12:46 [restartedMain] INFO  o.h.c.i.RegionFactoryInitiator - HHH000026: Second-level cache disabled
2025-06-09 13:12:46 [restartedMain] INFO  o.s.o.j.p.SpringPersistenceUnitInfo - No LoadTimeWeaver setup: ignoring JPA class transformer
2025-06-09 13:12:46 [restartedMain] INFO  com.zaxxer.hikari.HikariDataSource - HikariPool-6 - Starting...
2025-06-09 13:12:46 [restartedMain] INFO  com.zaxxer.hikari.pool.HikariPool - HikariPool-6 - Added connection conn60: url=jdbc:h2:mem:db user=ROOT
2025-06-09 13:12:46 [restartedMain] INFO  com.zaxxer.hikari.HikariDataSource - HikariPool-6 - Start completed.
2025-06-09 13:12:46 [restartedMain] INFO  o.hibernate.orm.connections.pooling - HHH10001005: Database info:
	Database JDBC URL [Connecting through datasource 'HikariDataSource (HikariPool-6)']
	Database driver: undefined/unknown
	Database version: 2.3.232
	Autocommit mode: undefined/unknown
	Isolation level: undefined/unknown
	Minimum pool size: undefined/unknown
	Maximum pool size: undefined/unknown
2025-06-09 13:12:46 [restartedMain] INFO  o.h.e.t.j.p.i.JtaPlatformInitiator - HHH000489: No JTA platform available (set 'hibernate.transaction.jta.platform' to enable JTA platform integration)
2025-06-09 13:12:46 [restartedMain] DEBUG org.hibernate.SQL - create table authorities (id integer generated by default as identity, authority varchar(255), username varchar(255), primary key (id))
2025-06-09 13:12:46 [restartedMain] DEBUG org.hibernate.SQL - create table authority_list (id integer generated by default as identity, authority varchar(255), lessor integer, tourist integer, primary key (id))
2025-06-09 13:12:46 [restartedMain] DEBUG org.hibernate.SQL - create table bookings (id integer generated by default as identity, end_date date, start_date date, tourist_id integer, object_id integer not null, primary key (id))
2025-06-09 13:12:46 [restartedMain] DEBUG org.hibernate.SQL - create table comments (id integer generated by default as identity, content varchar(255) not null, tourist_id integer, object_id integer, primary key (id))
2025-06-09 13:12:46 [restartedMain] DEBUG org.hibernate.SQL - create table lessors (id integer generated by default as identity, birthday date, email varchar(255), name varchar(255), phone varchar(255), surname varchar(255), primary key (id))
2025-06-09 13:12:46 [restartedMain] DEBUG org.hibernate.SQL - create table objects (id integer generated by default as identity, address varchar(255), area float(53), category_id integer, description varchar(255), floor integer, lessor_code integer, name varchar(255), price numeric(38,2), price_per_night float(53), room_count integer, primary key (id))
2025-06-09 13:12:46 [restartedMain] DEBUG org.hibernate.SQL - create table ratings (id integer generated by default as identity, score integer, tourist_id integer, object_id integer, primary key (id))
2025-06-09 13:12:46 [restartedMain] DEBUG org.hibernate.SQL - create table reviews (id integer generated by default as identity, comment varchar(255), created_at timestamp(6), rating float(53), object_id integer, tourist_id integer, primary key (id))
2025-06-09 13:12:46 [restartedMain] DEBUG org.hibernate.SQL - create table roles (id bigint generated by default as identity, lessor integer, name varchar(255), tourist integer, primary key (id))
2025-06-09 13:12:46 [restartedMain] DEBUG org.hibernate.SQL - create table tourists (id integer generated by default as identity, birthday date, email varchar(255), name varchar(255), phone varchar(255), surname varchar(255), primary key (id))
2025-06-09 13:12:46 [restartedMain] DEBUG org.hibernate.SQL - create table user_roles (user_id bigint not null, role_id bigint not null, primary key (user_id, role_id))
2025-06-09 13:12:46 [restartedMain] DEBUG org.hibernate.SQL - create table users (id bigint generated by default as identity, enabled boolean, password varchar(255), user_id integer, user_type varchar(255), username varchar(255), primary key (id))
2025-06-09 13:12:46 [restartedMain] DEBUG org.hibernate.SQL - alter table if exists users drop constraint if exists UKr43af9ap4edm43mmtq01oddj6
2025-06-09 13:12:46 [restartedMain] DEBUG org.hibernate.SQL - alter table if exists users add constraint UKr43af9ap4edm43mmtq01oddj6 unique (username)
2025-06-09 13:12:46 [restartedMain] DEBUG org.hibernate.SQL - alter table if exists bookings add constraint FKkw8gvro97vljlul2xqy151kcv foreign key (object_id) references objects
2025-06-09 13:12:46 [restartedMain] DEBUG org.hibernate.SQL - alter table if exists comments add constraint FKohryl63tnbcwqimoy6gd92k2e foreign key (object_id) references objects
2025-06-09 13:12:46 [restartedMain] DEBUG org.hibernate.SQL - alter table if exists ratings add constraint FKd15a9mbgknj51ijj2xkg2bcb9 foreign key (object_id) references objects
2025-06-09 13:12:46 [restartedMain] DEBUG org.hibernate.SQL - alter table if exists reviews add constraint FKbaolsgqcud6gikav7hg1sie2p foreign key (object_id) references objects
2025-06-09 13:12:46 [restartedMain] DEBUG org.hibernate.SQL - alter table if exists reviews add constraint FK73u7atq8oagbwr8r5nnp8kkia foreign key (tourist_id) references tourists
2025-06-09 13:12:46 [restartedMain] DEBUG org.hibernate.SQL - alter table if exists user_roles add constraint FKh8ciramu9cc9q3qcqiv4ue8a6 foreign key (role_id) references roles
2025-06-09 13:12:46 [restartedMain] DEBUG org.hibernate.SQL - alter table if exists user_roles add constraint FKhfh9dx7w3ubf1co1vdev94g3f foreign key (user_id) references users
2025-06-09 13:12:46 [restartedMain] INFO  o.s.o.j.LocalContainerEntityManagerFactoryBean - Initialized JPA EntityManagerFactory for persistence unit 'default'
2025-06-09 13:12:46 [restartedMain] DEBUG a.d.t.f.JwtAuthenticationFilter - Filter 'jwtAuthenticationFilter' configured for use
2025-06-09 13:12:46 [restartedMain] WARN  o.s.b.a.o.j.JpaBaseConfiguration$JpaWebConfiguration - spring.jpa.open-in-view is enabled by default. Therefore, database queries may be performed during view rendering. Explicitly configure spring.jpa.open-in-view to disable this warning
2025-06-09 13:12:46 [restartedMain] INFO  o.s.s.c.a.a.c.InitializeUserDetailsBeanManagerConfigurer$InitializeUserDetailsManagerConfigurer - Global AuthenticationManager configured with UserDetailsService bean with name userDetailsServiceImpl
2025-06-09 13:12:46 [restartedMain] INFO  o.s.b.a.h.H2ConsoleAutoConfiguration - H2 console available at '/h2-console'. Database available at 'jdbc:h2:mem:db'
2025-06-09 13:12:46 [restartedMain] INFO  o.s.b.d.a.OptionalLiveReloadServer - LiveReload server is running on port 35729
2025-06-09 13:12:46 [restartedMain] INFO  o.s.b.w.e.tomcat.TomcatWebServer - Tomcat started on port 8888 (http) with context path '/'
2025-06-09 13:12:46 [restartedMain] INFO  a.d.tourist.TouristApplication - Started TouristApplication in 1.429 seconds (process running for 2717.331)
2025-06-09 13:12:46 [restartedMain] INFO  o.s.b.d.a.ConditionEvaluationDeltaLoggingListener - Condition evaluation unchanged
2025-06-09 16:30:00 [background-preinit] INFO  o.h.validator.internal.util.Version - HV000001: Hibernate Validator 8.0.2.Final
2025-06-09 16:30:00 [restartedMain] INFO  a.d.tourist.TouristApplication - Starting TouristApplication using Java 21.0.5 with PID 72416 (C:\github\Spring\SpringJava20-Mubariz_Bayramov\tourist\target\classes started by User in C:\github\Spring\SpringJava20-Mubariz_Bayramov\tourist)
2025-06-09 16:30:00 [restartedMain] DEBUG a.d.tourist.TouristApplication - Running with Spring Boot v3.5.0, Spring v6.2.7
2025-06-09 16:30:00 [restartedMain] INFO  a.d.tourist.TouristApplication - No active profile set, falling back to 1 default profile: "default"
2025-06-09 16:30:00 [restartedMain] INFO  o.s.b.d.e.DevToolsPropertyDefaultsPostProcessor - Devtools property defaults active! Set 'spring.devtools.add-properties' to 'false' to disable
2025-06-09 16:30:00 [restartedMain] INFO  o.s.b.d.e.DevToolsPropertyDefaultsPostProcessor - For additional web related logging consider setting the 'logging.level.web' property to 'DEBUG'
2025-06-09 16:30:03 [restartedMain] INFO  o.s.d.r.c.RepositoryConfigurationDelegate - Bootstrapping Spring Data JPA repositories in DEFAULT mode.
2025-06-09 16:30:04 [restartedMain] INFO  o.s.d.r.c.RepositoryConfigurationDelegate - Finished Spring Data repository scanning in 366 ms. Found 9 JPA repository interfaces.
2025-06-09 16:30:05 [restartedMain] INFO  o.s.b.w.e.tomcat.TomcatWebServer - Tomcat initialized with port 8888 (http)
2025-06-09 16:30:05 [restartedMain] INFO  o.a.coyote.http11.Http11NioProtocol - Initializing ProtocolHandler ["http-nio-8888"]
2025-06-09 16:30:05 [restartedMain] INFO  o.a.catalina.core.StandardService - Starting service [Tomcat]
2025-06-09 16:30:05 [restartedMain] INFO  o.a.catalina.core.StandardEngine - Starting Servlet engine: [Apache Tomcat/10.1.41]
2025-06-09 16:30:06 [restartedMain] INFO  o.a.c.c.C.[Tomcat].[localhost].[/] - Initializing Spring embedded WebApplicationContext
2025-06-09 16:30:06 [restartedMain] INFO  o.s.b.w.s.c.ServletWebServerApplicationContext - Root WebApplicationContext: initialization completed in 5348 ms
2025-06-09 16:30:06 [restartedMain] INFO  o.h.jpa.internal.util.LogHelper - HHH000204: Processing PersistenceUnitInfo [name: default]
2025-06-09 16:30:06 [restartedMain] INFO  org.hibernate.Version - HHH000412: Hibernate ORM core version 6.6.15.Final
2025-06-09 16:30:06 [restartedMain] INFO  o.h.c.i.RegionFactoryInitiator - HHH000026: Second-level cache disabled
2025-06-09 16:30:07 [restartedMain] INFO  o.s.o.j.p.SpringPersistenceUnitInfo - No LoadTimeWeaver setup: ignoring JPA class transformer
2025-06-09 16:30:07 [restartedMain] INFO  com.zaxxer.hikari.HikariDataSource - HikariPool-1 - Starting...
2025-06-09 16:30:07 [restartedMain] INFO  com.zaxxer.hikari.pool.HikariPool - HikariPool-1 - Added connection conn0: url=jdbc:h2:mem:db user=ROOT
2025-06-09 16:30:07 [restartedMain] INFO  com.zaxxer.hikari.HikariDataSource - HikariPool-1 - Start completed.
2025-06-09 16:30:07 [restartedMain] INFO  o.hibernate.orm.connections.pooling - HHH10001005: Database info:
	Database JDBC URL [Connecting through datasource 'HikariDataSource (HikariPool-1)']
	Database driver: undefined/unknown
	Database version: 2.3.232
	Autocommit mode: undefined/unknown
	Isolation level: undefined/unknown
	Minimum pool size: undefined/unknown
	Maximum pool size: undefined/unknown
2025-06-09 16:30:09 [restartedMain] INFO  o.h.e.t.j.p.i.JtaPlatformInitiator - HHH000489: No JTA platform available (set 'hibernate.transaction.jta.platform' to enable JTA platform integration)
2025-06-09 16:30:09 [restartedMain] DEBUG org.hibernate.SQL - create table authorities (id integer generated by default as identity, authority varchar(255), username varchar(255), primary key (id))
2025-06-09 16:30:09 [restartedMain] DEBUG org.hibernate.SQL - create table authority_list (id integer generated by default as identity, authority varchar(255), lessor integer, tourist integer, primary key (id))
2025-06-09 16:30:09 [restartedMain] DEBUG org.hibernate.SQL - create table bookings (id integer generated by default as identity, end_date date, start_date date, tourist_id integer, object_id integer not null, primary key (id))
2025-06-09 16:30:09 [restartedMain] DEBUG org.hibernate.SQL - create table comments (id integer generated by default as identity, content varchar(255) not null, tourist_id integer, object_id integer, primary key (id))
2025-06-09 16:30:09 [restartedMain] DEBUG org.hibernate.SQL - create table lessors (id integer generated by default as identity, birthday date, email varchar(255), name varchar(255), phone varchar(255), surname varchar(255), primary key (id))
2025-06-09 16:30:09 [restartedMain] DEBUG org.hibernate.SQL - create table objects (id integer generated by default as identity, address varchar(255), area float(53), category_id integer, description varchar(255), floor integer, lessor_code integer, name varchar(255), price numeric(38,2), price_per_night float(53), room_count integer, primary key (id))
2025-06-09 16:30:09 [restartedMain] DEBUG org.hibernate.SQL - create table ratings (id integer generated by default as identity, score integer, tourist_id integer, object_id integer, primary key (id))
2025-06-09 16:30:09 [restartedMain] DEBUG org.hibernate.SQL - create table reviews (id integer generated by default as identity, comment varchar(255), created_at timestamp(6), rating float(53), object_id integer, tourist_id integer, primary key (id))
2025-06-09 16:30:09 [restartedMain] DEBUG org.hibernate.SQL - create table roles (id bigint generated by default as identity, lessor integer, name varchar(255), tourist integer, primary key (id))
2025-06-09 16:30:09 [restartedMain] DEBUG org.hibernate.SQL - create table tourists (id integer generated by default as identity, birthday date, email varchar(255), name varchar(255), phone varchar(255), surname varchar(255), primary key (id))
2025-06-09 16:30:09 [restartedMain] DEBUG org.hibernate.SQL - create table user_roles (user_id bigint not null, role_id bigint not null, primary key (user_id, role_id))
2025-06-09 16:30:09 [restartedMain] DEBUG org.hibernate.SQL - create table users (id bigint generated by default as identity, enabled boolean, password varchar(255), user_id integer, user_type varchar(255), username varchar(255), primary key (id))
2025-06-09 16:30:09 [restartedMain] DEBUG org.hibernate.SQL - alter table if exists users drop constraint if exists UKr43af9ap4edm43mmtq01oddj6
2025-06-09 16:30:09 [restartedMain] DEBUG org.hibernate.SQL - alter table if exists users add constraint UKr43af9ap4edm43mmtq01oddj6 unique (username)
2025-06-09 16:30:09 [restartedMain] DEBUG org.hibernate.SQL - alter table if exists bookings add constraint FKkw8gvro97vljlul2xqy151kcv foreign key (object_id) references objects
2025-06-09 16:30:09 [restartedMain] DEBUG org.hibernate.SQL - alter table if exists comments add constraint FKohryl63tnbcwqimoy6gd92k2e foreign key (object_id) references objects
2025-06-09 16:30:09 [restartedMain] DEBUG org.hibernate.SQL - alter table if exists ratings add constraint FKd15a9mbgknj51ijj2xkg2bcb9 foreign key (object_id) references objects
2025-06-09 16:30:09 [restartedMain] DEBUG org.hibernate.SQL - alter table if exists reviews add constraint FKbaolsgqcud6gikav7hg1sie2p foreign key (object_id) references objects
2025-06-09 16:30:09 [restartedMain] DEBUG org.hibernate.SQL - alter table if exists reviews add constraint FK73u7atq8oagbwr8r5nnp8kkia foreign key (tourist_id) references tourists
2025-06-09 16:30:09 [restartedMain] DEBUG org.hibernate.SQL - alter table if exists user_roles add constraint FKh8ciramu9cc9q3qcqiv4ue8a6 foreign key (role_id) references roles
2025-06-09 16:30:09 [restartedMain] DEBUG org.hibernate.SQL - alter table if exists user_roles add constraint FKhfh9dx7w3ubf1co1vdev94g3f foreign key (user_id) references users
2025-06-09 16:30:09 [restartedMain] INFO  o.s.o.j.LocalContainerEntityManagerFactoryBean - Initialized JPA EntityManagerFactory for persistence unit 'default'
2025-06-09 16:30:10 [restartedMain] DEBUG a.d.t.f.JwtAuthenticationFilter - Filter 'jwtAuthenticationFilter' configured for use
2025-06-09 16:30:11 [restartedMain] WARN  o.s.b.a.o.j.JpaBaseConfiguration$JpaWebConfiguration - spring.jpa.open-in-view is enabled by default. Therefore, database queries may be performed during view rendering. Explicitly configure spring.jpa.open-in-view to disable this warning
2025-06-09 16:30:11 [restartedMain] INFO  o.s.s.c.a.a.c.InitializeUserDetailsBeanManagerConfigurer$InitializeUserDetailsManagerConfigurer - Global AuthenticationManager configured with UserDetailsService bean with name userDetailsServiceImpl
2025-06-09 16:30:11 [restartedMain] INFO  o.s.d.j.r.query.QueryEnhancerFactory - Hibernate is in classpath; If applicable, HQL parser will be used.
2025-06-09 16:30:15 [restartedMain] INFO  o.s.b.a.h.H2ConsoleAutoConfiguration - H2 console available at '/h2-console'. Database available at 'jdbc:h2:mem:db'
2025-06-09 16:30:15 [restartedMain] INFO  o.s.b.d.a.OptionalLiveReloadServer - LiveReload server is running on port 35729
2025-06-09 16:30:15 [restartedMain] INFO  o.a.coyote.http11.Http11NioProtocol - Starting ProtocolHandler ["http-nio-8888"]
2025-06-09 16:30:15 [restartedMain] INFO  o.s.b.w.e.tomcat.TomcatWebServer - Tomcat started on port 8888 (http) with context path '/'
2025-06-09 16:30:15 [restartedMain] INFO  a.d.tourist.TouristApplication - Started TouristApplication in 16.188 seconds (process running for 16.932)
2025-06-09 16:35:25 [background-preinit] INFO  o.h.validator.internal.util.Version - HV000001: Hibernate Validator 8.0.2.Final
2025-06-09 16:35:26 [restartedMain] INFO  a.d.tourist.TouristApplication - Starting TouristApplication using Java 21.0.5 with PID 61128 (C:\github\Spring\SpringJava20-Mubariz_Bayramov\tourist\target\classes started by User in C:\github\Spring\SpringJava20-Mubariz_Bayramov\tourist)
2025-06-09 16:35:26 [restartedMain] DEBUG a.d.tourist.TouristApplication - Running with Spring Boot v3.5.0, Spring v6.2.7
2025-06-09 16:35:26 [restartedMain] INFO  a.d.tourist.TouristApplication - No active profile set, falling back to 1 default profile: "default"
2025-06-09 16:35:26 [restartedMain] INFO  o.s.b.d.e.DevToolsPropertyDefaultsPostProcessor - Devtools property defaults active! Set 'spring.devtools.add-properties' to 'false' to disable
2025-06-09 16:35:26 [restartedMain] INFO  o.s.b.d.e.DevToolsPropertyDefaultsPostProcessor - For additional web related logging consider setting the 'logging.level.web' property to 'DEBUG'
2025-06-09 16:35:27 [restartedMain] INFO  o.s.d.r.c.RepositoryConfigurationDelegate - Bootstrapping Spring Data JPA repositories in DEFAULT mode.
2025-06-09 16:35:28 [restartedMain] INFO  o.s.d.r.c.RepositoryConfigurationDelegate - Finished Spring Data repository scanning in 284 ms. Found 9 JPA repository interfaces.
2025-06-09 16:35:29 [restartedMain] INFO  o.s.b.w.e.tomcat.TomcatWebServer - Tomcat initialized with port 8888 (http)
2025-06-09 16:35:29 [restartedMain] INFO  o.a.coyote.http11.Http11NioProtocol - Initializing ProtocolHandler ["http-nio-8888"]
2025-06-09 16:35:29 [restartedMain] INFO  o.a.catalina.core.StandardService - Starting service [Tomcat]
2025-06-09 16:35:29 [restartedMain] INFO  o.a.catalina.core.StandardEngine - Starting Servlet engine: [Apache Tomcat/10.1.41]
2025-06-09 16:35:29 [restartedMain] INFO  o.a.c.c.C.[Tomcat].[localhost].[/] - Initializing Spring embedded WebApplicationContext
2025-06-09 16:35:29 [restartedMain] INFO  o.s.b.w.s.c.ServletWebServerApplicationContext - Root WebApplicationContext: initialization completed in 3435 ms
2025-06-09 16:35:29 [restartedMain] INFO  o.h.jpa.internal.util.LogHelper - HHH000204: Processing PersistenceUnitInfo [name: default]
2025-06-09 16:35:29 [restartedMain] INFO  org.hibernate.Version - HHH000412: Hibernate ORM core version 6.6.15.Final
2025-06-09 16:35:29 [restartedMain] INFO  o.h.c.i.RegionFactoryInitiator - HHH000026: Second-level cache disabled
2025-06-09 16:35:30 [restartedMain] INFO  o.s.o.j.p.SpringPersistenceUnitInfo - No LoadTimeWeaver setup: ignoring JPA class transformer
2025-06-09 16:35:30 [restartedMain] INFO  com.zaxxer.hikari.HikariDataSource - HikariPool-1 - Starting...
2025-06-09 16:35:30 [restartedMain] INFO  com.zaxxer.hikari.pool.HikariPool - HikariPool-1 - Added connection conn0: url=jdbc:h2:mem:db user=ROOT
2025-06-09 16:35:30 [restartedMain] INFO  com.zaxxer.hikari.HikariDataSource - HikariPool-1 - Start completed.
2025-06-09 16:35:30 [restartedMain] INFO  o.hibernate.orm.connections.pooling - HHH10001005: Database info:
	Database JDBC URL [Connecting through datasource 'HikariDataSource (HikariPool-1)']
	Database driver: undefined/unknown
	Database version: 2.3.232
	Autocommit mode: undefined/unknown
	Isolation level: undefined/unknown
	Minimum pool size: undefined/unknown
	Maximum pool size: undefined/unknown
2025-06-09 16:35:32 [restartedMain] INFO  o.h.e.t.j.p.i.JtaPlatformInitiator - HHH000489: No JTA platform available (set 'hibernate.transaction.jta.platform' to enable JTA platform integration)
2025-06-09 16:35:32 [restartedMain] DEBUG org.hibernate.SQL - create table authorities (id integer generated by default as identity, authority varchar(255), username varchar(255), primary key (id))
2025-06-09 16:35:32 [restartedMain] DEBUG org.hibernate.SQL - create table authority_list (id integer generated by default as identity, authority varchar(255), lessor integer, tourist integer, primary key (id))
2025-06-09 16:35:32 [restartedMain] DEBUG org.hibernate.SQL - create table bookings (id integer generated by default as identity, end_date date, start_date date, tourist_id integer, object_id integer not null, primary key (id))
2025-06-09 16:35:32 [restartedMain] DEBUG org.hibernate.SQL - create table comments (id integer generated by default as identity, content varchar(255) not null, tourist_id integer, object_id integer, primary key (id))
2025-06-09 16:35:32 [restartedMain] DEBUG org.hibernate.SQL - create table lessors (id integer generated by default as identity, birthday date, email varchar(255), name varchar(255), phone varchar(255), surname varchar(255), primary key (id))
2025-06-09 16:35:32 [restartedMain] DEBUG org.hibernate.SQL - create table objects (id integer generated by default as identity, address varchar(255), area float(53), category_id integer, description varchar(255), floor integer, lessor_code integer, name varchar(255), price numeric(38,2), price_per_night float(53), room_count integer, primary key (id))
2025-06-09 16:35:32 [restartedMain] DEBUG org.hibernate.SQL - create table ratings (id integer generated by default as identity, score integer, tourist_id integer, object_id integer, primary key (id))
2025-06-09 16:35:32 [restartedMain] DEBUG org.hibernate.SQL - create table reviews (id integer generated by default as identity, comment varchar(255), created_at timestamp(6), rating float(53), object_id integer, tourist_id integer, primary key (id))
2025-06-09 16:35:32 [restartedMain] DEBUG org.hibernate.SQL - create table roles (id bigint generated by default as identity, lessor integer, name varchar(255), tourist integer, primary key (id))
2025-06-09 16:35:32 [restartedMain] DEBUG org.hibernate.SQL - create table tourists (id integer generated by default as identity, birthday date, email varchar(255), name varchar(255), phone varchar(255), surname varchar(255), primary key (id))
2025-06-09 16:35:32 [restartedMain] DEBUG org.hibernate.SQL - create table user_roles (user_id bigint not null, role_id bigint not null, primary key (user_id, role_id))
2025-06-09 16:35:32 [restartedMain] DEBUG org.hibernate.SQL - create table users (id bigint generated by default as identity, enabled boolean, password varchar(255), user_id integer, user_type varchar(255), username varchar(255), primary key (id))
2025-06-09 16:35:32 [restartedMain] DEBUG org.hibernate.SQL - alter table if exists users drop constraint if exists UKr43af9ap4edm43mmtq01oddj6
2025-06-09 16:35:32 [restartedMain] DEBUG org.hibernate.SQL - alter table if exists users add constraint UKr43af9ap4edm43mmtq01oddj6 unique (username)
2025-06-09 16:35:32 [restartedMain] DEBUG org.hibernate.SQL - alter table if exists bookings add constraint FKkw8gvro97vljlul2xqy151kcv foreign key (object_id) references objects
2025-06-09 16:35:32 [restartedMain] DEBUG org.hibernate.SQL - alter table if exists comments add constraint FKohryl63tnbcwqimoy6gd92k2e foreign key (object_id) references objects
2025-06-09 16:35:32 [restartedMain] DEBUG org.hibernate.SQL - alter table if exists ratings add constraint FKd15a9mbgknj51ijj2xkg2bcb9 foreign key (object_id) references objects
2025-06-09 16:35:32 [restartedMain] DEBUG org.hibernate.SQL - alter table if exists reviews add constraint FKbaolsgqcud6gikav7hg1sie2p foreign key (object_id) references objects
2025-06-09 16:35:32 [restartedMain] DEBUG org.hibernate.SQL - alter table if exists reviews add constraint FK73u7atq8oagbwr8r5nnp8kkia foreign key (tourist_id) references tourists
2025-06-09 16:35:32 [restartedMain] DEBUG org.hibernate.SQL - alter table if exists user_roles add constraint FKh8ciramu9cc9q3qcqiv4ue8a6 foreign key (role_id) references roles
2025-06-09 16:35:32 [restartedMain] DEBUG org.hibernate.SQL - alter table if exists user_roles add constraint FKhfh9dx7w3ubf1co1vdev94g3f foreign key (user_id) references users
2025-06-09 16:35:32 [restartedMain] INFO  o.s.o.j.LocalContainerEntityManagerFactoryBean - Initialized JPA EntityManagerFactory for persistence unit 'default'
2025-06-09 16:35:33 [restartedMain] DEBUG a.d.t.f.JwtAuthenticationFilter - Filter 'jwtAuthenticationFilter' configured for use
2025-06-09 16:35:33 [restartedMain] WARN  o.s.b.a.o.j.JpaBaseConfiguration$JpaWebConfiguration - spring.jpa.open-in-view is enabled by default. Therefore, database queries may be performed during view rendering. Explicitly configure spring.jpa.open-in-view to disable this warning
2025-06-09 16:35:33 [restartedMain] INFO  o.s.s.c.a.a.c.InitializeUserDetailsBeanManagerConfigurer$InitializeUserDetailsManagerConfigurer - Global AuthenticationManager configured with UserDetailsService bean with name userDetailsServiceImpl
2025-06-09 16:35:34 [restartedMain] INFO  o.s.d.j.r.query.QueryEnhancerFactory - Hibernate is in classpath; If applicable, HQL parser will be used.
2025-06-09 16:35:37 [restartedMain] INFO  o.s.b.a.h.H2ConsoleAutoConfiguration - H2 console available at '/h2-console'. Database available at 'jdbc:h2:mem:db'
2025-06-09 16:35:37 [restartedMain] INFO  o.s.b.d.a.OptionalLiveReloadServer - LiveReload server is running on port 35729
2025-06-09 16:35:37 [restartedMain] INFO  o.a.coyote.http11.Http11NioProtocol - Starting ProtocolHandler ["http-nio-8888"]
2025-06-09 16:35:37 [restartedMain] INFO  o.s.b.w.e.tomcat.TomcatWebServer - Tomcat started on port 8888 (http) with context path '/'
2025-06-09 16:35:37 [restartedMain] INFO  a.d.tourist.TouristApplication - Started TouristApplication in 12.339 seconds (process running for 13.115)
2025-06-09 16:35:50 [http-nio-8888-exec-1] INFO  o.a.c.c.C.[Tomcat].[localhost].[/] - Initializing Spring DispatcherServlet 'dispatcherServlet'
2025-06-09 16:35:50 [http-nio-8888-exec-1] INFO  o.s.web.servlet.DispatcherServlet - Initializing Servlet 'dispatcherServlet'
2025-06-09 16:35:50 [http-nio-8888-exec-1] INFO  o.s.web.servlet.DispatcherServlet - Completed initialization in 2 ms
