2025-06-20 14:27:11 [background-preinit] INFO  o.h.validator.internal.util.Version - HV000001: Hibernate Validator 8.0.1.Final
2025-06-20 14:27:11 [restartedMain] INFO  a.d.tourist.TouristApplication - Starting TouristApplication using Java 21.0.5 with PID 41184 (C:\github\Spring\SpringJava20-Mubariz_Bayramov\tourist\target\classes started by User in C:\github\Spring\SpringJava20-Mubariz_Bayramov\tourist)
2025-06-20 14:27:11 [restartedMain] DEBUG a.d.tourist.TouristApplication - Running with Spring Boot v3.3.1, Spring v6.1.10
2025-06-20 14:27:11 [restartedMain] INFO  a.d.tourist.TouristApplication - No active profile set, falling back to 1 default profile: "default"
2025-06-20 14:27:11 [restartedMain] INFO  o.s.b.d.e.DevToolsPropertyDefaultsPostProcessor - Devtools property defaults active! Set 'spring.devtools.add-properties' to 'false' to disable
2025-06-20 14:27:11 [restartedMain] INFO  o.s.b.d.e.DevToolsPropertyDefaultsPostProcessor - For additional web related logging consider setting the 'logging.level.web' property to 'DEBUG'
2025-06-20 14:27:13 [restartedMain] INFO  o.s.d.r.c.RepositoryConfigurationDelegate - Bootstrapping Spring Data JPA repositories in DEFAULT mode.
2025-06-20 14:27:13 [restartedMain] INFO  o.s.d.r.c.RepositoryConfigurationDelegate - Finished Spring Data repository scanning in 254 ms. Found 9 JPA repository interfaces.
2025-06-20 14:27:14 [restartedMain] INFO  o.s.b.w.e.tomcat.TomcatWebServer - Tomcat initialized with port 8888 (http)
2025-06-20 14:27:14 [restartedMain] INFO  o.a.coyote.http11.Http11NioProtocol - Initializing ProtocolHandler ["http-nio-8888"]
2025-06-20 14:27:14 [restartedMain] INFO  o.a.catalina.core.StandardService - Starting service [Tomcat]
2025-06-20 14:27:14 [restartedMain] INFO  o.a.catalina.core.StandardEngine - Starting Servlet engine: [Apache Tomcat/10.1.25]
2025-06-20 14:27:15 [restartedMain] INFO  o.a.c.c.C.[Tomcat].[localhost].[/] - Initializing Spring embedded WebApplicationContext
2025-06-20 14:27:15 [restartedMain] INFO  o.s.b.w.s.c.ServletWebServerApplicationContext - Root WebApplicationContext: initialization completed in 3472 ms
2025-06-20 14:27:15 [restartedMain] INFO  com.zaxxer.hikari.HikariDataSource - HikariPool-1 - Starting...
2025-06-20 14:27:15 [restartedMain] INFO  com.zaxxer.hikari.pool.HikariPool - HikariPool-1 - Added connection conn0: url=jdbc:h2:mem:db user=ROOT
2025-06-20 14:27:15 [restartedMain] INFO  com.zaxxer.hikari.HikariDataSource - HikariPool-1 - Start completed.
2025-06-20 14:27:15 [restartedMain] INFO  o.s.b.a.h.H2ConsoleAutoConfiguration - H2 console available at '/h2-console'. Database available at 'jdbc:h2:mem:db'
2025-06-20 14:27:15 [restartedMain] INFO  o.h.jpa.internal.util.LogHelper - HHH000204: Processing PersistenceUnitInfo [name: default]
2025-06-20 14:27:15 [restartedMain] INFO  org.hibernate.Version - HHH000412: Hibernate ORM core version 6.5.2.Final
2025-06-20 14:27:15 [restartedMain] INFO  o.h.c.i.RegionFactoryInitiator - HHH000026: Second-level cache disabled
2025-06-20 14:27:16 [restartedMain] INFO  o.s.o.j.p.SpringPersistenceUnitInfo - No LoadTimeWeaver setup: ignoring JPA class transformer
2025-06-20 14:27:18 [restartedMain] INFO  o.h.e.t.j.p.i.JtaPlatformInitiator - HHH000489: No JTA platform available (set 'hibernate.transaction.jta.platform' to enable JTA platform integration)
2025-06-20 14:27:18 [restartedMain] DEBUG org.hibernate.SQL - create table authorities (id integer generated by default as identity, authority varchar(255), username varchar(255), primary key (id))
2025-06-20 14:27:18 [restartedMain] DEBUG org.hibernate.SQL - create table authority_list (id integer generated by default as identity, authority varchar(255), lessor integer, tourist integer, primary key (id))
2025-06-20 14:27:18 [restartedMain] DEBUG org.hibernate.SQL - create table bookings (id integer generated by default as identity, end_date date, start_date date, tourist_id integer, object_id integer not null, primary key (id))
2025-06-20 14:27:18 [restartedMain] DEBUG org.hibernate.SQL - create table comments (id integer generated by default as identity, content varchar(255) not null, tourist_id integer, object_id integer, primary key (id))
2025-06-20 14:27:18 [restartedMain] DEBUG org.hibernate.SQL - create table lessors (id integer generated by default as identity, birthday date, email varchar(255), name varchar(255), phone varchar(255), surname varchar(255), primary key (id))
2025-06-20 14:27:18 [restartedMain] DEBUG org.hibernate.SQL - create table objects (id integer generated by default as identity, address varchar(255), area float(53), category_id integer, description varchar(255), floor integer, lessor_code integer, name varchar(255), page_count integer, price numeric(38,2), price_per_night float(53), publish_date date, room_count integer, primary key (id))
2025-06-20 14:27:18 [restartedMain] DEBUG org.hibernate.SQL - create table ratings (id integer generated by default as identity, score integer, tourist_id integer, object_id integer, primary key (id))
2025-06-20 14:27:18 [restartedMain] DEBUG org.hibernate.SQL - create table reviews (id integer generated by default as identity, comment varchar(255), created_at timestamp(6), rating float(53), object_id integer, tourist_id integer, primary key (id))
2025-06-20 14:27:18 [restartedMain] DEBUG org.hibernate.SQL - create table roles (id bigint generated by default as identity, lessor integer, name varchar(255), tourist integer, primary key (id))
2025-06-20 14:27:18 [restartedMain] DEBUG org.hibernate.SQL - create table tourists (id integer generated by default as identity, birthday date, email varchar(255), name varchar(255), phone varchar(255), surname varchar(255), primary key (id))
2025-06-20 14:27:18 [restartedMain] DEBUG org.hibernate.SQL - create table user_roles (user_id bigint not null, role_id bigint not null, primary key (user_id, role_id))
2025-06-20 14:27:18 [restartedMain] DEBUG org.hibernate.SQL - create table users (id bigint generated by default as identity, enabled boolean, password varchar(255), user_id integer, user_type varchar(255), username varchar(255), primary key (id))
2025-06-20 14:27:18 [restartedMain] DEBUG org.hibernate.SQL - alter table if exists users drop constraint if exists UKr43af9ap4edm43mmtq01oddj6
2025-06-20 14:27:18 [restartedMain] DEBUG org.hibernate.SQL - alter table if exists users add constraint UKr43af9ap4edm43mmtq01oddj6 unique (username)
2025-06-20 14:27:18 [restartedMain] DEBUG org.hibernate.SQL - alter table if exists bookings add constraint FKkw8gvro97vljlul2xqy151kcv foreign key (object_id) references objects
2025-06-20 14:27:18 [restartedMain] DEBUG org.hibernate.SQL - alter table if exists comments add constraint FKohryl63tnbcwqimoy6gd92k2e foreign key (object_id) references objects
2025-06-20 14:27:18 [restartedMain] DEBUG org.hibernate.SQL - alter table if exists ratings add constraint FKd15a9mbgknj51ijj2xkg2bcb9 foreign key (object_id) references objects
2025-06-20 14:27:18 [restartedMain] DEBUG org.hibernate.SQL - alter table if exists reviews add constraint FKbaolsgqcud6gikav7hg1sie2p foreign key (object_id) references objects
2025-06-20 14:27:18 [restartedMain] DEBUG org.hibernate.SQL - alter table if exists reviews add constraint FK73u7atq8oagbwr8r5nnp8kkia foreign key (tourist_id) references tourists
2025-06-20 14:27:18 [restartedMain] DEBUG org.hibernate.SQL - alter table if exists user_roles add constraint FKh8ciramu9cc9q3qcqiv4ue8a6 foreign key (role_id) references roles
2025-06-20 14:27:18 [restartedMain] DEBUG org.hibernate.SQL - alter table if exists user_roles add constraint FKhfh9dx7w3ubf1co1vdev94g3f foreign key (user_id) references users
2025-06-20 14:27:18 [restartedMain] INFO  o.s.o.j.LocalContainerEntityManagerFactoryBean - Initialized JPA EntityManagerFactory for persistence unit 'default'
2025-06-20 14:27:18 [restartedMain] DEBUG a.d.t.f.JwtAuthenticationFilter - Filter 'jwtAuthenticationFilter' configured for use
2025-06-20 14:27:19 [restartedMain] WARN  o.s.b.a.o.j.JpaBaseConfiguration$JpaWebConfiguration - spring.jpa.open-in-view is enabled by default. Therefore, database queries may be performed during view rendering. Explicitly configure spring.jpa.open-in-view to disable this warning
2025-06-20 14:27:19 [restartedMain] INFO  o.s.s.c.a.a.c.InitializeUserDetailsBeanManagerConfigurer$InitializeUserDetailsManagerConfigurer - Global AuthenticationManager configured with UserDetailsService bean with name userDetailsServiceImpl
2025-06-20 14:27:19 [restartedMain] INFO  o.s.d.j.r.query.QueryEnhancerFactory - Hibernate is in classpath; If applicable, HQL parser will be used.
2025-06-20 14:27:21 [restartedMain] INFO  o.s.b.d.a.OptionalLiveReloadServer - LiveReload server is running on port 35729
2025-06-20 14:27:21 [restartedMain] INFO  o.a.coyote.http11.Http11NioProtocol - Starting ProtocolHandler ["http-nio-8888"]
2025-06-20 14:27:21 [restartedMain] INFO  o.s.b.w.e.tomcat.TomcatWebServer - Tomcat started on port 8888 (http) with context path '/'
2025-06-20 14:27:21 [restartedMain] INFO  a.d.tourist.TouristApplication - Started TouristApplication in 11.426 seconds (process running for 12.239)
2025-06-20 14:28:44 [http-nio-8888-exec-1] INFO  o.a.c.c.C.[Tomcat].[localhost].[/] - Initializing Spring DispatcherServlet 'dispatcherServlet'
2025-06-20 14:28:44 [http-nio-8888-exec-1] INFO  o.s.web.servlet.DispatcherServlet - Initializing Servlet 'dispatcherServlet'
2025-06-20 14:28:44 [http-nio-8888-exec-1] INFO  o.s.web.servlet.DispatcherServlet - Completed initialization in 4 ms
2025-06-20 14:28:45 [http-nio-8888-exec-5] INFO  o.s.api.AbstractOpenApiResource - Init duration for springdoc-openapi is: 1133 ms
2025-06-20 14:29:20 [http-nio-8888-exec-7] DEBUG org.hibernate.SQL - select ue1_0.id,ue1_0.enabled,ue1_0.password,ue1_0.user_id,ue1_0.user_type,ue1_0.username from users ue1_0 where ue1_0.username=?
2025-06-20 14:29:20 [http-nio-8888-exec-7] DEBUG org.hibernate.SQL - select r1_0.user_id,r1_1.id,r1_1.lessor,r1_1.name,r1_1.tourist from user_roles r1_0 join roles r1_1 on r1_1.id=r1_0.role_id where r1_0.user_id=?
2025-06-20 14:29:20 [http-nio-8888-exec-7] WARN  o.s.s.c.bcrypt.BCryptPasswordEncoder - Encoded password does not look like BCrypt
2025-06-20 14:29:20 [http-nio-8888-exec-7] DEBUG org.hibernate.SQL - select ue1_0.id,ue1_0.enabled,ue1_0.password,ue1_0.user_id,ue1_0.user_type,ue1_0.username from users ue1_0 where ue1_0.username=?
2025-06-20 14:29:20 [http-nio-8888-exec-7] WARN  o.s.s.c.bcrypt.BCryptPasswordEncoder - Encoded password does not look like BCrypt
2025-06-20 15:41:46 [background-preinit] INFO  o.h.validator.internal.util.Version - HV000001: Hibernate Validator 8.0.1.Final
2025-06-20 15:41:47 [restartedMain] INFO  a.d.tourist.TouristApplication - Starting TouristApplication using Java 21.0.5 with PID 72792 (C:\github\Spring\SpringJava20-Mubariz_Bayramov\tourist\target\classes started by User in C:\github\Spring\SpringJava20-Mubariz_Bayramov\tourist)
2025-06-20 15:41:47 [restartedMain] DEBUG a.d.tourist.TouristApplication - Running with Spring Boot v3.3.1, Spring v6.1.10
2025-06-20 15:41:47 [restartedMain] INFO  a.d.tourist.TouristApplication - No active profile set, falling back to 1 default profile: "default"
2025-06-20 15:41:47 [restartedMain] INFO  o.s.b.d.e.DevToolsPropertyDefaultsPostProcessor - Devtools property defaults active! Set 'spring.devtools.add-properties' to 'false' to disable
2025-06-20 15:41:47 [restartedMain] INFO  o.s.b.d.e.DevToolsPropertyDefaultsPostProcessor - For additional web related logging consider setting the 'logging.level.web' property to 'DEBUG'
2025-06-20 15:41:48 [restartedMain] INFO  o.s.d.r.c.RepositoryConfigurationDelegate - Bootstrapping Spring Data JPA repositories in DEFAULT mode.
2025-06-20 15:41:49 [restartedMain] INFO  o.s.d.r.c.RepositoryConfigurationDelegate - Finished Spring Data repository scanning in 282 ms. Found 9 JPA repository interfaces.
2025-06-20 15:41:50 [restartedMain] INFO  o.s.b.w.e.tomcat.TomcatWebServer - Tomcat initialized with port 8888 (http)
2025-06-20 15:41:50 [restartedMain] INFO  o.a.coyote.http11.Http11NioProtocol - Initializing ProtocolHandler ["http-nio-8888"]
2025-06-20 15:41:50 [restartedMain] INFO  o.a.catalina.core.StandardService - Starting service [Tomcat]
2025-06-20 15:41:50 [restartedMain] INFO  o.a.catalina.core.StandardEngine - Starting Servlet engine: [Apache Tomcat/10.1.25]
2025-06-20 15:41:50 [restartedMain] INFO  o.a.c.c.C.[Tomcat].[localhost].[/] - Initializing Spring embedded WebApplicationContext
2025-06-20 15:41:50 [restartedMain] INFO  o.s.b.w.s.c.ServletWebServerApplicationContext - Root WebApplicationContext: initialization completed in 3389 ms
2025-06-20 15:41:50 [restartedMain] INFO  com.zaxxer.hikari.HikariDataSource - HikariPool-1 - Starting...
2025-06-20 15:41:50 [restartedMain] INFO  com.zaxxer.hikari.pool.HikariPool - HikariPool-1 - Added connection conn0: url=jdbc:h2:mem:db user=ROOT
2025-06-20 15:41:50 [restartedMain] INFO  com.zaxxer.hikari.HikariDataSource - HikariPool-1 - Start completed.
2025-06-20 15:41:50 [restartedMain] INFO  o.s.b.a.h.H2ConsoleAutoConfiguration - H2 console available at '/h2-console'. Database available at 'jdbc:h2:mem:db'
2025-06-20 15:41:51 [restartedMain] INFO  o.h.jpa.internal.util.LogHelper - HHH000204: Processing PersistenceUnitInfo [name: default]
2025-06-20 15:41:51 [restartedMain] INFO  org.hibernate.Version - HHH000412: Hibernate ORM core version 6.5.2.Final
2025-06-20 15:41:51 [restartedMain] INFO  o.h.c.i.RegionFactoryInitiator - HHH000026: Second-level cache disabled
2025-06-20 15:41:51 [restartedMain] INFO  o.s.o.j.p.SpringPersistenceUnitInfo - No LoadTimeWeaver setup: ignoring JPA class transformer
2025-06-20 15:41:54 [restartedMain] INFO  o.h.e.t.j.p.i.JtaPlatformInitiator - HHH000489: No JTA platform available (set 'hibernate.transaction.jta.platform' to enable JTA platform integration)
2025-06-20 15:41:54 [restartedMain] DEBUG org.hibernate.SQL - create table authorities (id integer generated by default as identity, authority varchar(255), username varchar(255), primary key (id))
2025-06-20 15:41:54 [restartedMain] DEBUG org.hibernate.SQL - create table authority_list (id integer generated by default as identity, authority varchar(255), lessor integer, tourist integer, primary key (id))
2025-06-20 15:41:54 [restartedMain] DEBUG org.hibernate.SQL - create table bookings (id integer generated by default as identity, end_date date, start_date date, tourist_id integer, object_id integer not null, primary key (id))
2025-06-20 15:41:54 [restartedMain] DEBUG org.hibernate.SQL - create table comments (id integer generated by default as identity, content varchar(255) not null, tourist_id integer, object_id integer, primary key (id))
2025-06-20 15:41:54 [restartedMain] DEBUG org.hibernate.SQL - create table lessors (id integer generated by default as identity, birthday date, email varchar(255), name varchar(255), phone varchar(255), surname varchar(255), primary key (id))
2025-06-20 15:41:54 [restartedMain] DEBUG org.hibernate.SQL - create table objects (id integer generated by default as identity, address varchar(255), area float(53), category_id integer, description varchar(255), floor integer, lessor_code integer, name varchar(255), page_count integer, price numeric(38,2), price_per_night float(53), publish_date date, room_count integer, primary key (id))
2025-06-20 15:41:54 [restartedMain] DEBUG org.hibernate.SQL - create table ratings (id integer generated by default as identity, score integer, tourist_id integer, object_id integer, primary key (id))
2025-06-20 15:41:54 [restartedMain] DEBUG org.hibernate.SQL - create table reviews (id integer generated by default as identity, comment varchar(255), created_at timestamp(6), rating float(53), object_id integer, tourist_id integer, primary key (id))
2025-06-20 15:41:54 [restartedMain] DEBUG org.hibernate.SQL - create table roles (id bigint generated by default as identity, lessor integer, name varchar(255), tourist integer, primary key (id))
2025-06-20 15:41:54 [restartedMain] DEBUG org.hibernate.SQL - create table tourists (id integer generated by default as identity, birthday date, email varchar(255), name varchar(255), phone varchar(255), surname varchar(255), primary key (id))
2025-06-20 15:41:54 [restartedMain] DEBUG org.hibernate.SQL - create table user_roles (user_id bigint not null, role_id bigint not null, primary key (user_id, role_id))
2025-06-20 15:41:54 [restartedMain] DEBUG org.hibernate.SQL - create table users (id bigint generated by default as identity, enabled boolean, password varchar(255), user_id integer, user_type varchar(255), username varchar(255), primary key (id))
2025-06-20 15:41:54 [restartedMain] DEBUG org.hibernate.SQL - alter table if exists users drop constraint if exists UKr43af9ap4edm43mmtq01oddj6
2025-06-20 15:41:54 [restartedMain] DEBUG org.hibernate.SQL - alter table if exists users add constraint UKr43af9ap4edm43mmtq01oddj6 unique (username)
2025-06-20 15:41:54 [restartedMain] DEBUG org.hibernate.SQL - alter table if exists bookings add constraint FKkw8gvro97vljlul2xqy151kcv foreign key (object_id) references objects
2025-06-20 15:41:54 [restartedMain] DEBUG org.hibernate.SQL - alter table if exists comments add constraint FKohryl63tnbcwqimoy6gd92k2e foreign key (object_id) references objects
2025-06-20 15:41:54 [restartedMain] DEBUG org.hibernate.SQL - alter table if exists ratings add constraint FKd15a9mbgknj51ijj2xkg2bcb9 foreign key (object_id) references objects
2025-06-20 15:41:54 [restartedMain] DEBUG org.hibernate.SQL - alter table if exists reviews add constraint FKbaolsgqcud6gikav7hg1sie2p foreign key (object_id) references objects
2025-06-20 15:41:54 [restartedMain] DEBUG org.hibernate.SQL - alter table if exists reviews add constraint FK73u7atq8oagbwr8r5nnp8kkia foreign key (tourist_id) references tourists
2025-06-20 15:41:54 [restartedMain] DEBUG org.hibernate.SQL - alter table if exists user_roles add constraint FKh8ciramu9cc9q3qcqiv4ue8a6 foreign key (role_id) references roles
2025-06-20 15:41:54 [restartedMain] DEBUG org.hibernate.SQL - alter table if exists user_roles add constraint FKhfh9dx7w3ubf1co1vdev94g3f foreign key (user_id) references users
2025-06-20 15:41:54 [restartedMain] INFO  o.s.o.j.LocalContainerEntityManagerFactoryBean - Initialized JPA EntityManagerFactory for persistence unit 'default'
2025-06-20 15:41:55 [restartedMain] DEBUG a.d.t.f.JwtAuthenticationFilter - Filter 'jwtAuthenticationFilter' configured for use
2025-06-20 15:41:55 [restartedMain] WARN  o.s.b.a.o.j.JpaBaseConfiguration$JpaWebConfiguration - spring.jpa.open-in-view is enabled by default. Therefore, database queries may be performed during view rendering. Explicitly configure spring.jpa.open-in-view to disable this warning
2025-06-20 15:41:55 [restartedMain] INFO  o.s.s.c.a.a.c.InitializeUserDetailsBeanManagerConfigurer$InitializeUserDetailsManagerConfigurer - Global AuthenticationManager configured with UserDetailsService bean with name userDetailsServiceImpl
2025-06-20 15:41:56 [restartedMain] INFO  o.s.d.j.r.query.QueryEnhancerFactory - Hibernate is in classpath; If applicable, HQL parser will be used.
2025-06-20 15:42:00 [restartedMain] INFO  o.s.b.d.a.OptionalLiveReloadServer - LiveReload server is running on port 35729
2025-06-20 15:42:00 [restartedMain] INFO  o.a.coyote.http11.Http11NioProtocol - Starting ProtocolHandler ["http-nio-8888"]
2025-06-20 15:42:00 [restartedMain] INFO  o.s.b.w.e.tomcat.TomcatWebServer - Tomcat started on port 8888 (http) with context path '/'
2025-06-20 15:42:00 [restartedMain] INFO  a.d.tourist.TouristApplication - Started TouristApplication in 14.474 seconds (process running for 15.324)
2025-06-20 15:42:01 [http-nio-8888-exec-1] INFO  o.a.c.c.C.[Tomcat].[localhost].[/] - Initializing Spring DispatcherServlet 'dispatcherServlet'
2025-06-20 15:42:01 [http-nio-8888-exec-1] INFO  o.s.web.servlet.DispatcherServlet - Initializing Servlet 'dispatcherServlet'
2025-06-20 15:42:01 [http-nio-8888-exec-1] INFO  o.s.web.servlet.DispatcherServlet - Completed initialization in 3 ms
2025-06-20 15:42:03 [http-nio-8888-exec-8] INFO  o.s.api.AbstractOpenApiResource - Init duration for springdoc-openapi is: 1138 ms
2025-06-20 15:46:36 [background-preinit] INFO  o.h.validator.internal.util.Version - HV000001: Hibernate Validator 8.0.1.Final
2025-06-20 15:46:36 [restartedMain] INFO  a.d.tourist.TouristApplication - Starting TouristApplication using Java 21.0.5 with PID 62964 (C:\github\Spring\SpringJava20-Mubariz_Bayramov\tourist\target\classes started by User in C:\github\Spring\SpringJava20-Mubariz_Bayramov\tourist)
2025-06-20 15:46:36 [restartedMain] DEBUG a.d.tourist.TouristApplication - Running with Spring Boot v3.3.1, Spring v6.1.10
2025-06-20 15:46:36 [restartedMain] INFO  a.d.tourist.TouristApplication - No active profile set, falling back to 1 default profile: "default"
2025-06-20 15:46:36 [restartedMain] INFO  o.s.b.d.e.DevToolsPropertyDefaultsPostProcessor - Devtools property defaults active! Set 'spring.devtools.add-properties' to 'false' to disable
2025-06-20 15:46:36 [restartedMain] INFO  o.s.b.d.e.DevToolsPropertyDefaultsPostProcessor - For additional web related logging consider setting the 'logging.level.web' property to 'DEBUG'
2025-06-20 15:46:38 [restartedMain] INFO  o.s.d.r.c.RepositoryConfigurationDelegate - Bootstrapping Spring Data JPA repositories in DEFAULT mode.
2025-06-20 15:46:38 [restartedMain] INFO  o.s.d.r.c.RepositoryConfigurationDelegate - Finished Spring Data repository scanning in 235 ms. Found 9 JPA repository interfaces.
2025-06-20 15:46:39 [restartedMain] INFO  o.s.b.w.e.tomcat.TomcatWebServer - Tomcat initialized with port 8888 (http)
2025-06-20 15:46:39 [restartedMain] INFO  o.a.coyote.http11.Http11NioProtocol - Initializing ProtocolHandler ["http-nio-8888"]
2025-06-20 15:46:39 [restartedMain] INFO  o.a.catalina.core.StandardService - Starting service [Tomcat]
2025-06-20 15:46:39 [restartedMain] INFO  o.a.catalina.core.StandardEngine - Starting Servlet engine: [Apache Tomcat/10.1.25]
2025-06-20 15:46:40 [restartedMain] INFO  o.a.c.c.C.[Tomcat].[localhost].[/] - Initializing Spring embedded WebApplicationContext
2025-06-20 15:46:40 [restartedMain] INFO  o.s.b.w.s.c.ServletWebServerApplicationContext - Root WebApplicationContext: initialization completed in 3522 ms
2025-06-20 15:46:40 [restartedMain] INFO  com.zaxxer.hikari.HikariDataSource - HikariPool-1 - Starting...
2025-06-20 15:46:40 [restartedMain] INFO  com.zaxxer.hikari.pool.HikariPool - HikariPool-1 - Added connection conn0: url=jdbc:h2:mem:db user=ROOT
2025-06-20 15:46:40 [restartedMain] INFO  com.zaxxer.hikari.HikariDataSource - HikariPool-1 - Start completed.
2025-06-20 15:46:40 [restartedMain] INFO  o.s.b.a.h.H2ConsoleAutoConfiguration - H2 console available at '/h2-console'. Database available at 'jdbc:h2:mem:db'
2025-06-20 15:46:40 [restartedMain] INFO  o.h.jpa.internal.util.LogHelper - HHH000204: Processing PersistenceUnitInfo [name: default]
2025-06-20 15:46:40 [restartedMain] INFO  org.hibernate.Version - HHH000412: Hibernate ORM core version 6.5.2.Final
2025-06-20 15:46:40 [restartedMain] INFO  o.h.c.i.RegionFactoryInitiator - HHH000026: Second-level cache disabled
2025-06-20 15:46:41 [restartedMain] INFO  o.s.o.j.p.SpringPersistenceUnitInfo - No LoadTimeWeaver setup: ignoring JPA class transformer
2025-06-20 15:46:43 [restartedMain] INFO  o.h.e.t.j.p.i.JtaPlatformInitiator - HHH000489: No JTA platform available (set 'hibernate.transaction.jta.platform' to enable JTA platform integration)
2025-06-20 15:46:43 [restartedMain] DEBUG org.hibernate.SQL - create table authorities (id integer generated by default as identity, authority varchar(255), username varchar(255), primary key (id))
2025-06-20 15:46:43 [restartedMain] DEBUG org.hibernate.SQL - create table authority_list (id integer generated by default as identity, authority varchar(255), lessor integer, tourist integer, primary key (id))
2025-06-20 15:46:43 [restartedMain] DEBUG org.hibernate.SQL - create table bookings (id integer generated by default as identity, end_date date, start_date date, tourist_id integer, object_id integer not null, primary key (id))
2025-06-20 15:46:43 [restartedMain] DEBUG org.hibernate.SQL - create table comments (id integer generated by default as identity, content varchar(255) not null, tourist_id integer, object_id integer, primary key (id))
2025-06-20 15:46:43 [restartedMain] DEBUG org.hibernate.SQL - create table lessors (id integer generated by default as identity, birthday date, email varchar(255), name varchar(255), phone varchar(255), surname varchar(255), primary key (id))
2025-06-20 15:46:43 [restartedMain] DEBUG org.hibernate.SQL - create table objects (id integer generated by default as identity, address varchar(255), area float(53), category_id integer, description varchar(255), floor integer, lessor_code integer, name varchar(255), page_count integer, price numeric(38,2), price_per_night float(53), publish_date date, room_count integer, primary key (id))
2025-06-20 15:46:44 [restartedMain] DEBUG org.hibernate.SQL - create table ratings (id integer generated by default as identity, score integer, tourist_id integer, object_id integer, primary key (id))
2025-06-20 15:46:44 [restartedMain] DEBUG org.hibernate.SQL - create table reviews (id integer generated by default as identity, comment varchar(255), created_at timestamp(6), rating float(53), object_id integer, tourist_id integer, primary key (id))
2025-06-20 15:46:44 [restartedMain] DEBUG org.hibernate.SQL - create table roles (id bigint generated by default as identity, lessor integer, name varchar(255), tourist integer, primary key (id))
2025-06-20 15:46:44 [restartedMain] DEBUG org.hibernate.SQL - create table tourists (id integer generated by default as identity, birthday date, email varchar(255), name varchar(255), phone varchar(255), surname varchar(255), primary key (id))
2025-06-20 15:46:44 [restartedMain] DEBUG org.hibernate.SQL - create table user_roles (user_id bigint not null, role_id bigint not null, primary key (user_id, role_id))
2025-06-20 15:46:44 [restartedMain] DEBUG org.hibernate.SQL - create table users (id bigint generated by default as identity, enabled boolean, password varchar(255), user_id integer, user_type varchar(255), username varchar(255), primary key (id))
2025-06-20 15:46:44 [restartedMain] DEBUG org.hibernate.SQL - alter table if exists users drop constraint if exists UKr43af9ap4edm43mmtq01oddj6
2025-06-20 15:46:44 [restartedMain] DEBUG org.hibernate.SQL - alter table if exists users add constraint UKr43af9ap4edm43mmtq01oddj6 unique (username)
2025-06-20 15:46:44 [restartedMain] DEBUG org.hibernate.SQL - alter table if exists bookings add constraint FKkw8gvro97vljlul2xqy151kcv foreign key (object_id) references objects
2025-06-20 15:46:44 [restartedMain] DEBUG org.hibernate.SQL - alter table if exists comments add constraint FKohryl63tnbcwqimoy6gd92k2e foreign key (object_id) references objects
2025-06-20 15:46:44 [restartedMain] DEBUG org.hibernate.SQL - alter table if exists ratings add constraint FKd15a9mbgknj51ijj2xkg2bcb9 foreign key (object_id) references objects
2025-06-20 15:46:44 [restartedMain] DEBUG org.hibernate.SQL - alter table if exists reviews add constraint FKbaolsgqcud6gikav7hg1sie2p foreign key (object_id) references objects
2025-06-20 15:46:44 [restartedMain] DEBUG org.hibernate.SQL - alter table if exists reviews add constraint FK73u7atq8oagbwr8r5nnp8kkia foreign key (tourist_id) references tourists
2025-06-20 15:46:44 [restartedMain] DEBUG org.hibernate.SQL - alter table if exists user_roles add constraint FKh8ciramu9cc9q3qcqiv4ue8a6 foreign key (role_id) references roles
2025-06-20 15:46:44 [restartedMain] DEBUG org.hibernate.SQL - alter table if exists user_roles add constraint FKhfh9dx7w3ubf1co1vdev94g3f foreign key (user_id) references users
2025-06-20 15:46:44 [restartedMain] INFO  o.s.o.j.LocalContainerEntityManagerFactoryBean - Initialized JPA EntityManagerFactory for persistence unit 'default'
2025-06-20 15:46:45 [restartedMain] DEBUG a.d.t.f.JwtAuthenticationFilter - Filter 'jwtAuthenticationFilter' configured for use
2025-06-20 15:46:45 [restartedMain] WARN  o.s.b.a.o.j.JpaBaseConfiguration$JpaWebConfiguration - spring.jpa.open-in-view is enabled by default. Therefore, database queries may be performed during view rendering. Explicitly configure spring.jpa.open-in-view to disable this warning
2025-06-20 15:46:45 [restartedMain] INFO  o.s.s.c.a.a.c.InitializeUserDetailsBeanManagerConfigurer$InitializeUserDetailsManagerConfigurer - Global AuthenticationManager configured with UserDetailsService bean with name userDetailsServiceImpl
2025-06-20 15:46:46 [restartedMain] INFO  o.s.d.j.r.query.QueryEnhancerFactory - Hibernate is in classpath; If applicable, HQL parser will be used.
2025-06-20 15:46:50 [restartedMain] INFO  o.s.b.d.a.OptionalLiveReloadServer - LiveReload server is running on port 35729
2025-06-20 15:46:50 [restartedMain] INFO  o.a.coyote.http11.Http11NioProtocol - Starting ProtocolHandler ["http-nio-8888"]
2025-06-20 15:46:50 [restartedMain] INFO  o.s.b.w.e.tomcat.TomcatWebServer - Tomcat started on port 8888 (http) with context path '/'
2025-06-20 15:46:50 [restartedMain] INFO  a.d.tourist.TouristApplication - Started TouristApplication in 14.947 seconds (process running for 15.857)
2025-06-20 15:47:02 [http-nio-8888-exec-1] INFO  o.a.c.c.C.[Tomcat].[localhost].[/] - Initializing Spring DispatcherServlet 'dispatcherServlet'
2025-06-20 15:47:02 [http-nio-8888-exec-1] INFO  o.s.web.servlet.DispatcherServlet - Initializing Servlet 'dispatcherServlet'
2025-06-20 15:47:02 [http-nio-8888-exec-1] INFO  o.s.web.servlet.DispatcherServlet - Completed initialization in 4 ms
2025-06-20 16:04:05 [background-preinit] INFO  o.h.validator.internal.util.Version - HV000001: Hibernate Validator 8.0.1.Final
2025-06-20 16:04:05 [restartedMain] INFO  a.d.tourist.TouristApplication - Starting TouristApplication using Java 21.0.5 with PID 65800 (C:\github\Spring\SpringJava20-Mubariz_Bayramov\tourist\target\classes started by User in C:\github\Spring\SpringJava20-Mubariz_Bayramov\tourist)
2025-06-20 16:04:05 [restartedMain] DEBUG a.d.tourist.TouristApplication - Running with Spring Boot v3.3.1, Spring v6.1.10
2025-06-20 16:04:05 [restartedMain] INFO  a.d.tourist.TouristApplication - No active profile set, falling back to 1 default profile: "default"
2025-06-20 16:04:05 [restartedMain] INFO  o.s.b.d.e.DevToolsPropertyDefaultsPostProcessor - Devtools property defaults active! Set 'spring.devtools.add-properties' to 'false' to disable
2025-06-20 16:04:05 [restartedMain] INFO  o.s.b.d.e.DevToolsPropertyDefaultsPostProcessor - For additional web related logging consider setting the 'logging.level.web' property to 'DEBUG'
2025-06-20 16:04:07 [restartedMain] INFO  o.s.d.r.c.RepositoryConfigurationDelegate - Bootstrapping Spring Data JPA repositories in DEFAULT mode.
2025-06-20 16:04:07 [restartedMain] INFO  o.s.d.r.c.RepositoryConfigurationDelegate - Finished Spring Data repository scanning in 171 ms. Found 9 JPA repository interfaces.
2025-06-20 16:04:09 [restartedMain] INFO  o.s.b.w.e.tomcat.TomcatWebServer - Tomcat initialized with port 8888 (http)
2025-06-20 16:04:09 [restartedMain] INFO  o.a.coyote.http11.Http11NioProtocol - Initializing ProtocolHandler ["http-nio-8888"]
2025-06-20 16:04:09 [restartedMain] INFO  o.a.catalina.core.StandardService - Starting service [Tomcat]
2025-06-20 16:04:09 [restartedMain] INFO  o.a.catalina.core.StandardEngine - Starting Servlet engine: [Apache Tomcat/10.1.25]
2025-06-20 16:04:09 [restartedMain] INFO  o.a.c.c.C.[Tomcat].[localhost].[/] - Initializing Spring embedded WebApplicationContext
2025-06-20 16:04:09 [restartedMain] INFO  o.s.b.w.s.c.ServletWebServerApplicationContext - Root WebApplicationContext: initialization completed in 3595 ms
2025-06-20 16:04:09 [restartedMain] INFO  com.zaxxer.hikari.HikariDataSource - HikariPool-1 - Starting...
2025-06-20 16:04:09 [restartedMain] INFO  com.zaxxer.hikari.pool.HikariPool - HikariPool-1 - Added connection conn0: url=jdbc:h2:mem:db user=ROOT
2025-06-20 16:04:09 [restartedMain] INFO  com.zaxxer.hikari.HikariDataSource - HikariPool-1 - Start completed.
2025-06-20 16:04:09 [restartedMain] INFO  o.s.b.a.h.H2ConsoleAutoConfiguration - H2 console available at '/h2-console'. Database available at 'jdbc:h2:mem:db'
2025-06-20 16:04:09 [restartedMain] INFO  o.h.jpa.internal.util.LogHelper - HHH000204: Processing PersistenceUnitInfo [name: default]
2025-06-20 16:04:09 [restartedMain] INFO  org.hibernate.Version - HHH000412: Hibernate ORM core version 6.5.2.Final
2025-06-20 16:04:09 [restartedMain] INFO  o.h.c.i.RegionFactoryInitiator - HHH000026: Second-level cache disabled
2025-06-20 16:04:10 [restartedMain] INFO  o.s.o.j.p.SpringPersistenceUnitInfo - No LoadTimeWeaver setup: ignoring JPA class transformer
2025-06-20 16:04:11 [restartedMain] INFO  o.h.e.t.j.p.i.JtaPlatformInitiator - HHH000489: No JTA platform available (set 'hibernate.transaction.jta.platform' to enable JTA platform integration)
2025-06-20 16:04:11 [restartedMain] DEBUG org.hibernate.SQL - create table authorities (id integer generated by default as identity, authority varchar(255), username varchar(255), primary key (id))
2025-06-20 16:04:11 [restartedMain] DEBUG org.hibernate.SQL - create table authority_list (id integer generated by default as identity, authority varchar(255), lessor integer, tourist integer, primary key (id))
2025-06-20 16:04:11 [restartedMain] DEBUG org.hibernate.SQL - create table bookings (id integer generated by default as identity, end_date date, start_date date, tourist_id integer, object_id integer not null, primary key (id))
2025-06-20 16:04:11 [restartedMain] DEBUG org.hibernate.SQL - create table comments (id integer generated by default as identity, content varchar(255) not null, tourist_id integer, object_id integer, primary key (id))
2025-06-20 16:04:11 [restartedMain] DEBUG org.hibernate.SQL - create table lessors (id integer generated by default as identity, birthday date, email varchar(255), name varchar(255), phone varchar(255), surname varchar(255), primary key (id))
2025-06-20 16:04:11 [restartedMain] DEBUG org.hibernate.SQL - create table objects (id integer generated by default as identity, address varchar(255), area float(53), category_id integer, description varchar(255), floor integer, lessor_code integer, name varchar(255), page_count integer, price numeric(38,2), price_per_night float(53), publish_date date, room_count integer, primary key (id))
2025-06-20 16:04:11 [restartedMain] DEBUG org.hibernate.SQL - create table ratings (id integer generated by default as identity, score integer, tourist_id integer, object_id integer, primary key (id))
2025-06-20 16:04:11 [restartedMain] DEBUG org.hibernate.SQL - create table reviews (id integer generated by default as identity, comment varchar(255), created_at timestamp(6), rating float(53), object_id integer, tourist_id integer, primary key (id))
2025-06-20 16:04:11 [restartedMain] DEBUG org.hibernate.SQL - create table roles (id bigint generated by default as identity, lessor integer, name varchar(255), tourist integer, primary key (id))
2025-06-20 16:04:11 [restartedMain] DEBUG org.hibernate.SQL - create table tourists (id integer generated by default as identity, birthday date, email varchar(255), name varchar(255), phone varchar(255), surname varchar(255), primary key (id))
2025-06-20 16:04:11 [restartedMain] DEBUG org.hibernate.SQL - create table user_roles (user_id bigint not null, role_id bigint not null, primary key (user_id, role_id))
2025-06-20 16:04:11 [restartedMain] DEBUG org.hibernate.SQL - create table users (id bigint generated by default as identity, enabled boolean, password varchar(255), user_id integer, user_type varchar(255), username varchar(255), primary key (id))
2025-06-20 16:04:11 [restartedMain] DEBUG org.hibernate.SQL - alter table if exists users drop constraint if exists UKr43af9ap4edm43mmtq01oddj6
2025-06-20 16:04:11 [restartedMain] DEBUG org.hibernate.SQL - alter table if exists users add constraint UKr43af9ap4edm43mmtq01oddj6 unique (username)
2025-06-20 16:04:11 [restartedMain] DEBUG org.hibernate.SQL - alter table if exists bookings add constraint FKkw8gvro97vljlul2xqy151kcv foreign key (object_id) references objects
2025-06-20 16:04:11 [restartedMain] DEBUG org.hibernate.SQL - alter table if exists comments add constraint FKohryl63tnbcwqimoy6gd92k2e foreign key (object_id) references objects
2025-06-20 16:04:11 [restartedMain] DEBUG org.hibernate.SQL - alter table if exists ratings add constraint FKd15a9mbgknj51ijj2xkg2bcb9 foreign key (object_id) references objects
2025-06-20 16:04:11 [restartedMain] DEBUG org.hibernate.SQL - alter table if exists reviews add constraint FKbaolsgqcud6gikav7hg1sie2p foreign key (object_id) references objects
2025-06-20 16:04:11 [restartedMain] DEBUG org.hibernate.SQL - alter table if exists reviews add constraint FK73u7atq8oagbwr8r5nnp8kkia foreign key (tourist_id) references tourists
2025-06-20 16:04:11 [restartedMain] DEBUG org.hibernate.SQL - alter table if exists user_roles add constraint FKh8ciramu9cc9q3qcqiv4ue8a6 foreign key (role_id) references roles
2025-06-20 16:04:12 [restartedMain] DEBUG org.hibernate.SQL - alter table if exists user_roles add constraint FKhfh9dx7w3ubf1co1vdev94g3f foreign key (user_id) references users
2025-06-20 16:04:12 [restartedMain] INFO  o.s.o.j.LocalContainerEntityManagerFactoryBean - Initialized JPA EntityManagerFactory for persistence unit 'default'
2025-06-20 16:04:12 [restartedMain] DEBUG a.d.t.f.JwtAuthenticationFilter - Filter 'jwtAuthenticationFilter' configured for use
2025-06-20 16:04:12 [restartedMain] WARN  o.s.b.a.o.j.JpaBaseConfiguration$JpaWebConfiguration - spring.jpa.open-in-view is enabled by default. Therefore, database queries may be performed during view rendering. Explicitly configure spring.jpa.open-in-view to disable this warning
2025-06-20 16:04:12 [restartedMain] INFO  o.s.s.c.a.a.c.InitializeUserDetailsBeanManagerConfigurer$InitializeUserDetailsManagerConfigurer - Global AuthenticationManager configured with UserDetailsService bean with name userDetailsServiceImpl
2025-06-20 16:04:13 [restartedMain] INFO  o.s.d.j.r.query.QueryEnhancerFactory - Hibernate is in classpath; If applicable, HQL parser will be used.
2025-06-20 16:04:16 [restartedMain] INFO  o.s.b.d.a.OptionalLiveReloadServer - LiveReload server is running on port 35729
2025-06-20 16:04:16 [restartedMain] INFO  o.a.coyote.http11.Http11NioProtocol - Starting ProtocolHandler ["http-nio-8888"]
2025-06-20 16:04:16 [restartedMain] INFO  o.s.b.w.e.tomcat.TomcatWebServer - Tomcat started on port 8888 (http) with context path '/'
2025-06-20 16:04:16 [restartedMain] INFO  a.d.tourist.TouristApplication - Started TouristApplication in 11.344 seconds (process running for 12.034)
2025-06-20 16:04:48 [http-nio-8888-exec-1] INFO  o.a.c.c.C.[Tomcat].[localhost].[/] - Initializing Spring DispatcherServlet 'dispatcherServlet'
2025-06-20 16:04:48 [http-nio-8888-exec-1] INFO  o.s.web.servlet.DispatcherServlet - Initializing Servlet 'dispatcherServlet'
2025-06-20 16:04:48 [http-nio-8888-exec-1] INFO  o.s.web.servlet.DispatcherServlet - Completed initialization in 1 ms
