2025-06-28 18:23:18 [background-preinit] INFO  o.h.validator.internal.util.Version - HV000001: Hibernate Validator 8.0.1.Final
2025-06-28 18:23:18 [restartedMain] INFO  a.d.tourist.TouristApplication - Starting TouristApplication using Java 21.0.5 with PID 94700 (C:\github\Spring\SpringJava20-Mubariz_Bayramov\tourist\target\classes started by User in C:\github\Spring\SpringJava20-Mubariz_Bayramov\tourist)
2025-06-28 18:23:18 [restartedMain] DEBUG a.d.tourist.TouristApplication - Running with Spring Boot v3.3.1, Spring v6.1.10
2025-06-28 18:23:18 [restartedMain] INFO  a.d.tourist.TouristApplication - No active profile set, falling back to 1 default profile: "default"
2025-06-28 18:23:18 [restartedMain] INFO  o.s.b.d.e.DevToolsPropertyDefaultsPostProcessor - Devtools property defaults active! Set 'spring.devtools.add-properties' to 'false' to disable
2025-06-28 18:23:18 [restartedMain] INFO  o.s.b.d.e.DevToolsPropertyDefaultsPostProcessor - For additional web related logging consider setting the 'logging.level.web' property to 'DEBUG'
2025-06-28 18:23:20 [restartedMain] INFO  o.s.d.r.c.RepositoryConfigurationDelegate - Bootstrapping Spring Data JPA repositories in DEFAULT mode.
2025-06-28 18:23:21 [restartedMain] INFO  o.s.d.r.c.RepositoryConfigurationDelegate - Finished Spring Data repository scanning in 268 ms. Found 9 JPA repository interfaces.
2025-06-28 18:23:22 [restartedMain] INFO  o.s.b.w.e.tomcat.TomcatWebServer - Tomcat initialized with port 8888 (http)
2025-06-28 18:23:22 [restartedMain] INFO  o.a.coyote.http11.Http11NioProtocol - Initializing ProtocolHandler ["http-nio-8888"]
2025-06-28 18:23:22 [restartedMain] INFO  o.a.catalina.core.StandardService - Starting service [Tomcat]
2025-06-28 18:23:22 [restartedMain] INFO  o.a.catalina.core.StandardEngine - Starting Servlet engine: [Apache Tomcat/10.1.25]
2025-06-28 18:23:22 [restartedMain] INFO  o.a.c.c.C.[Tomcat].[localhost].[/] - Initializing Spring embedded WebApplicationContext
2025-06-28 18:23:22 [restartedMain] INFO  o.s.b.w.s.c.ServletWebServerApplicationContext - Root WebApplicationContext: initialization completed in 3881 ms
2025-06-28 18:23:22 [restartedMain] INFO  com.zaxxer.hikari.HikariDataSource - HikariPool-1 - Starting...
2025-06-28 18:23:23 [restartedMain] INFO  com.zaxxer.hikari.pool.HikariPool - HikariPool-1 - Added connection conn0: url=jdbc:h2:mem:db user=ROOT
2025-06-28 18:23:23 [restartedMain] INFO  com.zaxxer.hikari.HikariDataSource - HikariPool-1 - Start completed.
2025-06-28 18:23:23 [restartedMain] INFO  o.s.b.a.h.H2ConsoleAutoConfiguration - H2 console available at '/h2-console'. Database available at 'jdbc:h2:mem:db'
2025-06-28 18:23:23 [restartedMain] INFO  o.h.jpa.internal.util.LogHelper - HHH000204: Processing PersistenceUnitInfo [name: default]
2025-06-28 18:23:23 [restartedMain] INFO  org.hibernate.Version - HHH000412: Hibernate ORM core version 6.5.2.Final
2025-06-28 18:23:23 [restartedMain] INFO  o.h.c.i.RegionFactoryInitiator - HHH000026: Second-level cache disabled
2025-06-28 18:23:24 [restartedMain] INFO  o.s.o.j.p.SpringPersistenceUnitInfo - No LoadTimeWeaver setup: ignoring JPA class transformer
2025-06-28 18:23:26 [restartedMain] INFO  o.h.e.t.j.p.i.JtaPlatformInitiator - HHH000489: No JTA platform available (set 'hibernate.transaction.jta.platform' to enable JTA platform integration)
2025-06-28 18:23:26 [restartedMain] DEBUG org.hibernate.SQL - create table authorities (id integer generated by default as identity, authority varchar(255), username varchar(255), primary key (id))
2025-06-28 18:23:27 [restartedMain] DEBUG org.hibernate.SQL - create table authority_list (id integer generated by default as identity, authority varchar(255), lessor integer, tourist integer, primary key (id))
2025-06-28 18:23:27 [restartedMain] DEBUG org.hibernate.SQL - create table bookings (id integer generated by default as identity, end_date date, start_date date, tourist_id integer, object_id integer not null, primary key (id))
2025-06-28 18:23:27 [restartedMain] DEBUG org.hibernate.SQL - create table comments (id integer generated by default as identity, content varchar(255) not null, tourist_id integer, object_id integer, primary key (id))
2025-06-28 18:23:27 [restartedMain] DEBUG org.hibernate.SQL - create table lessors (id integer generated by default as identity, birthday date, email varchar(255), name varchar(255), phone varchar(255), surname varchar(255), primary key (id))
2025-06-28 18:23:27 [restartedMain] DEBUG org.hibernate.SQL - create table objects (id integer generated by default as identity, address varchar(255), area float(53), category_id integer, description varchar(255), floor integer, lessor_code integer, name varchar(255), page_count integer, price numeric(38,2), price_per_night float(53), publish_date date, room_count integer, primary key (id))
2025-06-28 18:23:27 [restartedMain] DEBUG org.hibernate.SQL - create table ratings (id integer generated by default as identity, score integer, tourist_id integer, object_id integer, primary key (id))
2025-06-28 18:23:27 [restartedMain] DEBUG org.hibernate.SQL - create table reviews (id integer generated by default as identity, comment varchar(255), created_at timestamp(6), rating float(53), object_id integer, tourist_id integer, primary key (id))
2025-06-28 18:23:27 [restartedMain] DEBUG org.hibernate.SQL - create table roles (id bigint generated by default as identity, lessor integer, name varchar(255), tourist integer, primary key (id))
2025-06-28 18:23:27 [restartedMain] DEBUG org.hibernate.SQL - create table tourists (id integer generated by default as identity, birthday date, email varchar(255), name varchar(255), phone varchar(255), surname varchar(255), primary key (id))
2025-06-28 18:23:27 [restartedMain] DEBUG org.hibernate.SQL - create table user_roles (user_id bigint not null, role_id bigint not null, primary key (user_id, role_id))
2025-06-28 18:23:27 [restartedMain] DEBUG org.hibernate.SQL - create table users (id bigint generated by default as identity, enabled boolean, password varchar(255), user_id integer, user_type varchar(255), username varchar(255), primary key (id))
2025-06-28 18:23:27 [restartedMain] DEBUG org.hibernate.SQL - alter table if exists users drop constraint if exists UKr43af9ap4edm43mmtq01oddj6
2025-06-28 18:23:27 [restartedMain] DEBUG org.hibernate.SQL - alter table if exists users add constraint UKr43af9ap4edm43mmtq01oddj6 unique (username)
2025-06-28 18:23:27 [restartedMain] DEBUG org.hibernate.SQL - alter table if exists bookings add constraint FKkw8gvro97vljlul2xqy151kcv foreign key (object_id) references objects
2025-06-28 18:23:27 [restartedMain] DEBUG org.hibernate.SQL - alter table if exists comments add constraint FKohryl63tnbcwqimoy6gd92k2e foreign key (object_id) references objects
2025-06-28 18:23:27 [restartedMain] DEBUG org.hibernate.SQL - alter table if exists ratings add constraint FKd15a9mbgknj51ijj2xkg2bcb9 foreign key (object_id) references objects
2025-06-28 18:23:27 [restartedMain] DEBUG org.hibernate.SQL - alter table if exists reviews add constraint FKbaolsgqcud6gikav7hg1sie2p foreign key (object_id) references objects
2025-06-28 18:23:27 [restartedMain] DEBUG org.hibernate.SQL - alter table if exists reviews add constraint FK73u7atq8oagbwr8r5nnp8kkia foreign key (tourist_id) references tourists
2025-06-28 18:23:27 [restartedMain] DEBUG org.hibernate.SQL - alter table if exists user_roles add constraint FKh8ciramu9cc9q3qcqiv4ue8a6 foreign key (role_id) references roles
2025-06-28 18:23:27 [restartedMain] DEBUG org.hibernate.SQL - alter table if exists user_roles add constraint FKhfh9dx7w3ubf1co1vdev94g3f foreign key (user_id) references users
2025-06-28 18:23:27 [restartedMain] INFO  o.s.o.j.LocalContainerEntityManagerFactoryBean - Initialized JPA EntityManagerFactory for persistence unit 'default'
2025-06-28 18:23:28 [restartedMain] DEBUG a.d.t.f.JwtAuthenticationFilter - Filter 'jwtAuthenticationFilter' configured for use
2025-06-28 18:23:28 [restartedMain] WARN  o.s.b.a.o.j.JpaBaseConfiguration$JpaWebConfiguration - spring.jpa.open-in-view is enabled by default. Therefore, database queries may be performed during view rendering. Explicitly configure spring.jpa.open-in-view to disable this warning
2025-06-28 18:23:28 [restartedMain] INFO  o.s.s.c.a.a.c.InitializeUserDetailsBeanManagerConfigurer$InitializeUserDetailsManagerConfigurer - Global AuthenticationManager configured with UserDetailsService bean with name userDetailsServiceImpl
2025-06-28 18:23:29 [restartedMain] INFO  o.s.d.j.r.query.QueryEnhancerFactory - Hibernate is in classpath; If applicable, HQL parser will be used.
2025-06-28 18:23:31 [restartedMain] TRACE o.s.w.s.m.m.a.RequestMappingHandlerMapping - 
	a.d.t.c.AuthController:
	{POST [/apis/login]}: createAuthenticationToken(AuthRequest)
	{POST [/apis/refresh-token]}: refreshToken(TokenRequest)
2025-06-28 18:23:31 [restartedMain] TRACE o.s.w.s.m.m.a.RequestMappingHandlerMapping - 
	a.d.t.c.ObjectController:
	{PUT [/objects]}: update(ObjectUpdateRequest,BindingResult)
	{POST [/objects]}: add(ObjectAddRequest,BindingResult)
	{POST [/objects/filter]}: findAllSearchFilter(ObjectFilterRequest)
	{GET [/objects/search]}: findAllSearch(String)
	{DELETE [/objects/{id}]}: deleteById(Integer)
	{GET [/objects/{id}]}: findById(Integer)
2025-06-28 18:23:31 [restartedMain] TRACE o.s.w.s.m.m.a.RequestMappingHandlerMapping - 
	a.d.t.c.TouristController:
	{POST [/tourists/register]}: register(TouristAddRequest,BindingResult)
	{POST [/tourists/rate]}: rateObject(RatingRequest,BindingResult)
	{POST [/tourists/book]}: bookObject(BookingRequest,BindingResult)
	{POST [/tourists/comment]}: commentOnObject(CommentRequest,BindingResult)
	{GET [/tourists/search]}: searchObjects(String,Double,Double)
2025-06-28 18:23:31 [restartedMain] TRACE o.s.w.s.m.m.a.RequestMappingHandlerMapping - 
	a.d.t.c.UserController:
	{POST [/users/lessor]}: addLessor(LessorAddRequest,BindingResult)
	{POST [/users/tourist]}: addTourist(TouristAddRequest,BindingResult)
2025-06-28 18:23:31 [restartedMain] TRACE o.s.w.s.m.m.a.RequestMappingHandlerMapping - 
	o.s.b.a.w.s.e.BasicErrorController:
	{ [/error]}: error(HttpServletRequest)
	{ [/error], produces [text/html]}: errorHtml(HttpServletRequest,HttpServletResponse)
2025-06-28 18:23:31 [restartedMain] TRACE o.s.w.s.m.m.a.RequestMappingHandlerMapping - 
	o.s.w.a.OpenApiWebMvcResource:
	{GET [/v3/api-docs.yaml], produces [application/vnd.oai.openapi]}: openapiYaml(HttpServletRequest,String,Locale)
	{GET [/v3/api-docs], produces [application/json]}: openapiJson(HttpServletRequest,String,Locale)
2025-06-28 18:23:31 [restartedMain] TRACE o.s.w.s.m.m.a.RequestMappingHandlerMapping - 
	o.s.w.u.SwaggerWelcomeWebMvc:
	{GET [/swagger-ui.html]}: redirectToUi(HttpServletRequest)
2025-06-28 18:23:31 [restartedMain] TRACE o.s.w.s.m.m.a.RequestMappingHandlerMapping - 
	o.s.w.u.SwaggerConfigResource:
	{GET [/v3/api-docs/swagger-config], produces [application/json]}: openapiJson(HttpServletRequest)
2025-06-28 18:23:31 [restartedMain] DEBUG o.s.w.s.m.m.a.RequestMappingHandlerMapping - 21 mappings in 'requestMappingHandlerMapping'
2025-06-28 18:23:31 [restartedMain] DEBUG o.s.w.s.h.BeanNameUrlHandlerMapping - Detected 0 mappings in 'beanNameHandlerMapping'
2025-06-28 18:23:32 [restartedMain] TRACE o.s.w.s.f.s.RouterFunctionMapping - 0 RouterFunction(s) in 'routerFunctionMapping'
2025-06-28 18:23:32 [restartedMain] TRACE o.s.w.s.h.SimpleUrlHandlerMapping - Mapped [/webjars/**] onto ResourceHttpRequestHandler [classpath [META-INF/resources/webjars/]]
2025-06-28 18:23:32 [restartedMain] TRACE o.s.w.s.h.SimpleUrlHandlerMapping - Mapped [/**] onto ResourceHttpRequestHandler [classpath [META-INF/resources/], classpath [resources/], classpath [static/], classpath [public/], ServletContext [/]]
2025-06-28 18:23:32 [restartedMain] TRACE o.s.w.s.h.SimpleUrlHandlerMapping - Mapped [/swagger-ui*/*swagger-initializer.js] onto ResourceHttpRequestHandler [classpath [META-INF/resources/webjars/]]
2025-06-28 18:23:32 [restartedMain] TRACE o.s.w.s.h.SimpleUrlHandlerMapping - Mapped [/swagger-ui*/**] onto ResourceHttpRequestHandler [classpath [META-INF/resources/webjars/]]
2025-06-28 18:23:32 [restartedMain] DEBUG o.s.w.s.h.SimpleUrlHandlerMapping - Patterns [/webjars/**, /**, /swagger-ui*/*swagger-initializer.js, /swagger-ui*/**] in 'resourceHandlerMapping'
2025-06-28 18:23:32 [restartedMain] DEBUG o.s.s.web.DefaultSecurityFilterChain - Will secure any request with filters: DisableEncodeUrlFilter, WebAsyncManagerIntegrationFilter, SecurityContextHolderFilter, HeaderWriterFilter, CorsFilter, LogoutFilter, JwtAuthenticationFilter, RequestCacheAwareFilter, SecurityContextHolderAwareRequestFilter, AnonymousAuthenticationFilter, SessionManagementFilter, ExceptionTranslationFilter, AuthorizationFilter
2025-06-28 18:23:32 [restartedMain] DEBUG o.s.w.s.m.m.a.RequestMappingHandlerAdapter - ControllerAdvice beans: 0 @ModelAttribute, 0 @InitBinder, 1 RequestBodyAdvice, 1 ResponseBodyAdvice
2025-06-28 18:23:32 [restartedMain] DEBUG o.s.w.s.m.m.a.ExceptionHandlerExceptionResolver - ControllerAdvice beans: 2 @ExceptionHandler, 1 ResponseBodyAdvice
2025-06-28 18:23:33 [restartedMain] WARN  o.s.b.d.a.OptionalLiveReloadServer - Unable to start LiveReload server
2025-06-28 18:23:33 [restartedMain] INFO  o.a.coyote.http11.Http11NioProtocol - Starting ProtocolHandler ["http-nio-8888"]
2025-06-28 18:23:33 [restartedMain] WARN  o.s.b.w.s.c.AnnotationConfigServletWebServerApplicationContext - Exception encountered during context initialization - cancelling refresh attempt: org.springframework.context.ApplicationContextException: Failed to start bean 'webServerStartStop'
2025-06-28 18:23:33 [restartedMain] INFO  o.s.o.j.LocalContainerEntityManagerFactoryBean - Closing JPA EntityManagerFactory for persistence unit 'default'
2025-06-28 18:23:33 [restartedMain] WARN  o.s.b.f.s.DisposableBeanAdapter - Invocation of destroy method failed on bean with name 'inMemoryDatabaseShutdownExecutor': org.h2.jdbc.JdbcSQLNonTransientConnectionException: Database is already closed (to disable automatic closing at VM shutdown, add ";DB_CLOSE_ON_EXIT=FALSE" to the db URL) [90121-224]
2025-06-28 18:23:33 [restartedMain] INFO  com.zaxxer.hikari.HikariDataSource - HikariPool-1 - Shutdown initiated...
2025-06-28 18:23:33 [restartedMain] INFO  com.zaxxer.hikari.HikariDataSource - HikariPool-1 - Shutdown completed.
2025-06-28 18:23:33 [restartedMain] INFO  o.s.b.a.l.ConditionEvaluationReportLogger - 

Error starting ApplicationContext. To display the condition evaluation report re-run your application with 'debug' enabled.
2025-06-28 18:23:33 [restartedMain] ERROR o.s.b.d.LoggingFailureAnalysisReporter - 

***************************
APPLICATION FAILED TO START
***************************

Description:

Web server failed to start. Port 8888 was already in use.

Action:

Identify and stop the process that's listening on port 8888 or configure this application to listen on another port.

2025-06-28 18:24:51 [background-preinit] INFO  o.h.validator.internal.util.Version - HV000001: Hibernate Validator 8.0.1.Final
2025-06-28 18:24:52 [restartedMain] INFO  a.d.tourist.TouristApplication - Starting TouristApplication using Java 21.0.5 with PID 119228 (C:\github\Spring\SpringJava20-Mubariz_Bayramov\tourist\target\classes started by User in C:\github\Spring\SpringJava20-Mubariz_Bayramov\tourist)
2025-06-28 18:24:52 [restartedMain] DEBUG a.d.tourist.TouristApplication - Running with Spring Boot v3.3.1, Spring v6.1.10
2025-06-28 18:24:52 [restartedMain] INFO  a.d.tourist.TouristApplication - No active profile set, falling back to 1 default profile: "default"
2025-06-28 18:24:52 [restartedMain] INFO  o.s.b.d.e.DevToolsPropertyDefaultsPostProcessor - Devtools property defaults active! Set 'spring.devtools.add-properties' to 'false' to disable
2025-06-28 18:24:52 [restartedMain] INFO  o.s.b.d.e.DevToolsPropertyDefaultsPostProcessor - For additional web related logging consider setting the 'logging.level.web' property to 'DEBUG'
2025-06-28 18:24:53 [restartedMain] INFO  o.s.d.r.c.RepositoryConfigurationDelegate - Bootstrapping Spring Data JPA repositories in DEFAULT mode.
2025-06-28 18:24:54 [restartedMain] INFO  o.s.d.r.c.RepositoryConfigurationDelegate - Finished Spring Data repository scanning in 392 ms. Found 9 JPA repository interfaces.
2025-06-28 18:24:55 [restartedMain] INFO  o.s.b.w.e.tomcat.TomcatWebServer - Tomcat initialized with port 8888 (http)
2025-06-28 18:24:55 [restartedMain] INFO  o.a.coyote.http11.Http11NioProtocol - Initializing ProtocolHandler ["http-nio-8888"]
2025-06-28 18:24:55 [restartedMain] INFO  o.a.catalina.core.StandardService - Starting service [Tomcat]
2025-06-28 18:24:55 [restartedMain] INFO  o.a.catalina.core.StandardEngine - Starting Servlet engine: [Apache Tomcat/10.1.25]
2025-06-28 18:24:55 [restartedMain] INFO  o.a.c.c.C.[Tomcat].[localhost].[/] - Initializing Spring embedded WebApplicationContext
2025-06-28 18:24:55 [restartedMain] INFO  o.s.b.w.s.c.ServletWebServerApplicationContext - Root WebApplicationContext: initialization completed in 3673 ms
2025-06-28 18:24:55 [restartedMain] INFO  com.zaxxer.hikari.HikariDataSource - HikariPool-1 - Starting...
2025-06-28 18:24:56 [restartedMain] INFO  com.zaxxer.hikari.pool.HikariPool - HikariPool-1 - Added connection conn0: url=jdbc:h2:mem:db user=ROOT
2025-06-28 18:24:56 [restartedMain] INFO  com.zaxxer.hikari.HikariDataSource - HikariPool-1 - Start completed.
2025-06-28 18:24:56 [restartedMain] INFO  o.s.b.a.h.H2ConsoleAutoConfiguration - H2 console available at '/h2-console'. Database available at 'jdbc:h2:mem:db'
2025-06-28 18:24:56 [restartedMain] INFO  o.h.jpa.internal.util.LogHelper - HHH000204: Processing PersistenceUnitInfo [name: default]
2025-06-28 18:24:56 [restartedMain] INFO  org.hibernate.Version - HHH000412: Hibernate ORM core version 6.5.2.Final
2025-06-28 18:24:56 [restartedMain] INFO  o.h.c.i.RegionFactoryInitiator - HHH000026: Second-level cache disabled
2025-06-28 18:24:57 [restartedMain] INFO  o.s.o.j.p.SpringPersistenceUnitInfo - No LoadTimeWeaver setup: ignoring JPA class transformer
2025-06-28 18:25:00 [restartedMain] INFO  o.h.e.t.j.p.i.JtaPlatformInitiator - HHH000489: No JTA platform available (set 'hibernate.transaction.jta.platform' to enable JTA platform integration)
2025-06-28 18:25:00 [restartedMain] DEBUG org.hibernate.SQL - create table authorities (id integer generated by default as identity, authority varchar(255), username varchar(255), primary key (id))
2025-06-28 18:25:00 [restartedMain] DEBUG org.hibernate.SQL - create table authority_list (id integer generated by default as identity, authority varchar(255), lessor integer, tourist integer, primary key (id))
2025-06-28 18:25:00 [restartedMain] DEBUG org.hibernate.SQL - create table bookings (id integer generated by default as identity, end_date date, start_date date, tourist_id integer, object_id integer not null, primary key (id))
2025-06-28 18:25:00 [restartedMain] DEBUG org.hibernate.SQL - create table comments (id integer generated by default as identity, content varchar(255) not null, tourist_id integer, object_id integer, primary key (id))
2025-06-28 18:25:00 [restartedMain] DEBUG org.hibernate.SQL - create table lessors (id integer generated by default as identity, birthday date, email varchar(255), name varchar(255), phone varchar(255), surname varchar(255), primary key (id))
2025-06-28 18:25:00 [restartedMain] DEBUG org.hibernate.SQL - create table objects (id integer generated by default as identity, address varchar(255), area float(53), category_id integer, description varchar(255), floor integer, lessor_code integer, name varchar(255), page_count integer, price numeric(38,2), price_per_night float(53), publish_date date, room_count integer, primary key (id))
2025-06-28 18:25:00 [restartedMain] DEBUG org.hibernate.SQL - create table ratings (id integer generated by default as identity, score integer, tourist_id integer, object_id integer, primary key (id))
2025-06-28 18:25:00 [restartedMain] DEBUG org.hibernate.SQL - create table reviews (id integer generated by default as identity, comment varchar(255), created_at timestamp(6), rating float(53), object_id integer, tourist_id integer, primary key (id))
2025-06-28 18:25:00 [restartedMain] DEBUG org.hibernate.SQL - create table roles (id bigint generated by default as identity, lessor integer, name varchar(255), tourist integer, primary key (id))
2025-06-28 18:25:00 [restartedMain] DEBUG org.hibernate.SQL - create table tourists (id integer generated by default as identity, birthday date, email varchar(255), name varchar(255), phone varchar(255), surname varchar(255), primary key (id))
2025-06-28 18:25:00 [restartedMain] DEBUG org.hibernate.SQL - create table user_roles (user_id bigint not null, role_id bigint not null, primary key (user_id, role_id))
2025-06-28 18:25:00 [restartedMain] DEBUG org.hibernate.SQL - create table users (id bigint generated by default as identity, enabled boolean, password varchar(255), user_id integer, user_type varchar(255), username varchar(255), primary key (id))
2025-06-28 18:25:00 [restartedMain] DEBUG org.hibernate.SQL - alter table if exists users drop constraint if exists UKr43af9ap4edm43mmtq01oddj6
2025-06-28 18:25:00 [restartedMain] DEBUG org.hibernate.SQL - alter table if exists users add constraint UKr43af9ap4edm43mmtq01oddj6 unique (username)
2025-06-28 18:25:00 [restartedMain] DEBUG org.hibernate.SQL - alter table if exists bookings add constraint FKkw8gvro97vljlul2xqy151kcv foreign key (object_id) references objects
2025-06-28 18:25:00 [restartedMain] DEBUG org.hibernate.SQL - alter table if exists comments add constraint FKohryl63tnbcwqimoy6gd92k2e foreign key (object_id) references objects
2025-06-28 18:25:00 [restartedMain] DEBUG org.hibernate.SQL - alter table if exists ratings add constraint FKd15a9mbgknj51ijj2xkg2bcb9 foreign key (object_id) references objects
2025-06-28 18:25:00 [restartedMain] DEBUG org.hibernate.SQL - alter table if exists reviews add constraint FKbaolsgqcud6gikav7hg1sie2p foreign key (object_id) references objects
2025-06-28 18:25:00 [restartedMain] DEBUG org.hibernate.SQL - alter table if exists reviews add constraint FK73u7atq8oagbwr8r5nnp8kkia foreign key (tourist_id) references tourists
2025-06-28 18:25:00 [restartedMain] DEBUG org.hibernate.SQL - alter table if exists user_roles add constraint FKh8ciramu9cc9q3qcqiv4ue8a6 foreign key (role_id) references roles
2025-06-28 18:25:00 [restartedMain] DEBUG org.hibernate.SQL - alter table if exists user_roles add constraint FKhfh9dx7w3ubf1co1vdev94g3f foreign key (user_id) references users
2025-06-28 18:25:00 [restartedMain] INFO  o.s.o.j.LocalContainerEntityManagerFactoryBean - Initialized JPA EntityManagerFactory for persistence unit 'default'
2025-06-28 18:25:01 [restartedMain] DEBUG a.d.t.f.JwtAuthenticationFilter - Filter 'jwtAuthenticationFilter' configured for use
2025-06-28 18:25:02 [restartedMain] WARN  o.s.b.a.o.j.JpaBaseConfiguration$JpaWebConfiguration - spring.jpa.open-in-view is enabled by default. Therefore, database queries may be performed during view rendering. Explicitly configure spring.jpa.open-in-view to disable this warning
2025-06-28 18:25:02 [restartedMain] INFO  o.s.s.c.a.a.c.InitializeUserDetailsBeanManagerConfigurer$InitializeUserDetailsManagerConfigurer - Global AuthenticationManager configured with UserDetailsService bean with name userDetailsServiceImpl
2025-06-28 18:25:02 [restartedMain] INFO  o.s.d.j.r.query.QueryEnhancerFactory - Hibernate is in classpath; If applicable, HQL parser will be used.
2025-06-28 18:25:04 [restartedMain] TRACE o.s.w.s.m.m.a.RequestMappingHandlerMapping - 
	a.d.t.c.AuthController:
	{POST [/apis/login]}: createAuthenticationToken(AuthRequest)
	{POST [/apis/refresh-token]}: refreshToken(TokenRequest)
2025-06-28 18:25:04 [restartedMain] TRACE o.s.w.s.m.m.a.RequestMappingHandlerMapping - 
	a.d.t.c.ObjectController:
	{PUT [/objects]}: update(ObjectUpdateRequest,BindingResult)
	{POST [/objects]}: add(ObjectAddRequest,BindingResult)
	{GET [/objects/{id}]}: findById(Integer)
	{DELETE [/objects/{id}]}: deleteById(Integer)
	{POST [/objects/filter]}: findAllSearchFilter(ObjectFilterRequest)
	{GET [/objects/search]}: findAllSearch(String)
2025-06-28 18:25:04 [restartedMain] TRACE o.s.w.s.m.m.a.RequestMappingHandlerMapping - 
	a.d.t.c.TouristController:
	{POST [/tourists/register]}: register(TouristAddRequest,BindingResult)
	{POST [/tourists/comment]}: commentOnObject(CommentRequest,BindingResult)
	{GET [/tourists/search]}: searchObjects(String,Double,Double)
	{POST [/tourists/rate]}: rateObject(RatingRequest,BindingResult)
	{POST [/tourists/book]}: bookObject(BookingRequest,BindingResult)
2025-06-28 18:25:04 [restartedMain] TRACE o.s.w.s.m.m.a.RequestMappingHandlerMapping - 
	a.d.t.c.UserController:
	{POST [/users/lessor]}: addLessor(LessorAddRequest,BindingResult)
	{POST [/users/tourist]}: addTourist(TouristAddRequest,BindingResult)
2025-06-28 18:25:04 [restartedMain] TRACE o.s.w.s.m.m.a.RequestMappingHandlerMapping - 
	o.s.b.a.w.s.e.BasicErrorController:
	{ [/error]}: error(HttpServletRequest)
	{ [/error], produces [text/html]}: errorHtml(HttpServletRequest,HttpServletResponse)
2025-06-28 18:25:04 [restartedMain] TRACE o.s.w.s.m.m.a.RequestMappingHandlerMapping - 
	o.s.w.a.OpenApiWebMvcResource:
	{GET [/v3/api-docs], produces [application/json]}: openapiJson(HttpServletRequest,String,Locale)
	{GET [/v3/api-docs.yaml], produces [application/vnd.oai.openapi]}: openapiYaml(HttpServletRequest,String,Locale)
2025-06-28 18:25:04 [restartedMain] TRACE o.s.w.s.m.m.a.RequestMappingHandlerMapping - 
	o.s.w.u.SwaggerWelcomeWebMvc:
	{GET [/swagger-ui.html]}: redirectToUi(HttpServletRequest)
2025-06-28 18:25:04 [restartedMain] TRACE o.s.w.s.m.m.a.RequestMappingHandlerMapping - 
	o.s.w.u.SwaggerConfigResource:
	{GET [/v3/api-docs/swagger-config], produces [application/json]}: openapiJson(HttpServletRequest)
2025-06-28 18:25:04 [restartedMain] DEBUG o.s.w.s.m.m.a.RequestMappingHandlerMapping - 21 mappings in 'requestMappingHandlerMapping'
2025-06-28 18:25:04 [restartedMain] DEBUG o.s.w.s.h.BeanNameUrlHandlerMapping - Detected 0 mappings in 'beanNameHandlerMapping'
2025-06-28 18:25:04 [restartedMain] TRACE o.s.w.s.f.s.RouterFunctionMapping - 0 RouterFunction(s) in 'routerFunctionMapping'
2025-06-28 18:25:04 [restartedMain] TRACE o.s.w.s.h.SimpleUrlHandlerMapping - Mapped [/webjars/**] onto ResourceHttpRequestHandler [classpath [META-INF/resources/webjars/]]
2025-06-28 18:25:04 [restartedMain] TRACE o.s.w.s.h.SimpleUrlHandlerMapping - Mapped [/**] onto ResourceHttpRequestHandler [classpath [META-INF/resources/], classpath [resources/], classpath [static/], classpath [public/], ServletContext [/]]
2025-06-28 18:25:04 [restartedMain] TRACE o.s.w.s.h.SimpleUrlHandlerMapping - Mapped [/swagger-ui*/*swagger-initializer.js] onto ResourceHttpRequestHandler [classpath [META-INF/resources/webjars/]]
2025-06-28 18:25:04 [restartedMain] TRACE o.s.w.s.h.SimpleUrlHandlerMapping - Mapped [/swagger-ui*/**] onto ResourceHttpRequestHandler [classpath [META-INF/resources/webjars/]]
2025-06-28 18:25:04 [restartedMain] DEBUG o.s.w.s.h.SimpleUrlHandlerMapping - Patterns [/webjars/**, /**, /swagger-ui*/*swagger-initializer.js, /swagger-ui*/**] in 'resourceHandlerMapping'
2025-06-28 18:25:05 [restartedMain] DEBUG o.s.s.web.DefaultSecurityFilterChain - Will secure any request with filters: DisableEncodeUrlFilter, WebAsyncManagerIntegrationFilter, SecurityContextHolderFilter, HeaderWriterFilter, CorsFilter, LogoutFilter, JwtAuthenticationFilter, RequestCacheAwareFilter, SecurityContextHolderAwareRequestFilter, AnonymousAuthenticationFilter, SessionManagementFilter, ExceptionTranslationFilter, AuthorizationFilter
2025-06-28 18:25:05 [restartedMain] DEBUG o.s.w.s.m.m.a.RequestMappingHandlerAdapter - ControllerAdvice beans: 0 @ModelAttribute, 0 @InitBinder, 1 RequestBodyAdvice, 1 ResponseBodyAdvice
2025-06-28 18:25:05 [restartedMain] DEBUG o.s.w.s.m.m.a.ExceptionHandlerExceptionResolver - ControllerAdvice beans: 2 @ExceptionHandler, 1 ResponseBodyAdvice
2025-06-28 18:25:06 [restartedMain] WARN  o.s.b.d.a.OptionalLiveReloadServer - Unable to start LiveReload server
2025-06-28 18:25:06 [restartedMain] INFO  o.a.coyote.http11.Http11NioProtocol - Starting ProtocolHandler ["http-nio-8888"]
2025-06-28 18:25:06 [restartedMain] WARN  o.s.b.w.s.c.AnnotationConfigServletWebServerApplicationContext - Exception encountered during context initialization - cancelling refresh attempt: org.springframework.context.ApplicationContextException: Failed to start bean 'webServerStartStop'
2025-06-28 18:25:06 [restartedMain] INFO  o.s.o.j.LocalContainerEntityManagerFactoryBean - Closing JPA EntityManagerFactory for persistence unit 'default'
2025-06-28 18:25:06 [restartedMain] WARN  o.s.b.f.s.DisposableBeanAdapter - Invocation of destroy method failed on bean with name 'inMemoryDatabaseShutdownExecutor': org.h2.jdbc.JdbcSQLNonTransientConnectionException: Database is already closed (to disable automatic closing at VM shutdown, add ";DB_CLOSE_ON_EXIT=FALSE" to the db URL) [90121-224]
2025-06-28 18:25:06 [restartedMain] INFO  com.zaxxer.hikari.HikariDataSource - HikariPool-1 - Shutdown initiated...
2025-06-28 18:25:06 [restartedMain] INFO  com.zaxxer.hikari.HikariDataSource - HikariPool-1 - Shutdown completed.
2025-06-28 18:25:06 [restartedMain] INFO  o.s.b.a.l.ConditionEvaluationReportLogger - 

Error starting ApplicationContext. To display the condition evaluation report re-run your application with 'debug' enabled.
2025-06-28 18:25:06 [restartedMain] ERROR o.s.b.d.LoggingFailureAnalysisReporter - 

***************************
APPLICATION FAILED TO START
***************************

Description:

Web server failed to start. Port 8888 was already in use.

Action:

Identify and stop the process that's listening on port 8888 or configure this application to listen on another port.

2025-06-28 18:26:48 [background-preinit] INFO  o.h.validator.internal.util.Version - HV000001: Hibernate Validator 8.0.1.Final
2025-06-28 18:26:48 [restartedMain] INFO  a.d.tourist.TouristApplication - Starting TouristApplication using Java 21.0.5 with PID 116228 (C:\github\Spring\SpringJava20-Mubariz_Bayramov\tourist\target\classes started by User in C:\github\Spring\SpringJava20-Mubariz_Bayramov\tourist)
2025-06-28 18:26:48 [restartedMain] DEBUG a.d.tourist.TouristApplication - Running with Spring Boot v3.3.1, Spring v6.1.10
2025-06-28 18:26:48 [restartedMain] INFO  a.d.tourist.TouristApplication - No active profile set, falling back to 1 default profile: "default"
2025-06-28 18:26:48 [restartedMain] INFO  o.s.b.d.e.DevToolsPropertyDefaultsPostProcessor - Devtools property defaults active! Set 'spring.devtools.add-properties' to 'false' to disable
2025-06-28 18:26:48 [restartedMain] INFO  o.s.b.d.e.DevToolsPropertyDefaultsPostProcessor - For additional web related logging consider setting the 'logging.level.web' property to 'DEBUG'
2025-06-28 18:26:50 [restartedMain] INFO  o.s.d.r.c.RepositoryConfigurationDelegate - Bootstrapping Spring Data JPA repositories in DEFAULT mode.
2025-06-28 18:26:50 [restartedMain] INFO  o.s.d.r.c.RepositoryConfigurationDelegate - Finished Spring Data repository scanning in 317 ms. Found 9 JPA repository interfaces.
2025-06-28 18:26:52 [restartedMain] INFO  o.s.b.w.e.tomcat.TomcatWebServer - Tomcat initialized with port 8888 (http)
2025-06-28 18:26:52 [restartedMain] INFO  o.a.coyote.http11.Http11NioProtocol - Initializing ProtocolHandler ["http-nio-8888"]
2025-06-28 18:26:52 [restartedMain] INFO  o.a.catalina.core.StandardService - Starting service [Tomcat]
2025-06-28 18:26:52 [restartedMain] INFO  o.a.catalina.core.StandardEngine - Starting Servlet engine: [Apache Tomcat/10.1.25]
2025-06-28 18:26:52 [restartedMain] INFO  o.a.c.c.C.[Tomcat].[localhost].[/] - Initializing Spring embedded WebApplicationContext
2025-06-28 18:26:52 [restartedMain] INFO  o.s.b.w.s.c.ServletWebServerApplicationContext - Root WebApplicationContext: initialization completed in 3537 ms
2025-06-28 18:26:52 [restartedMain] INFO  com.zaxxer.hikari.HikariDataSource - HikariPool-1 - Starting...
2025-06-28 18:26:52 [restartedMain] INFO  com.zaxxer.hikari.pool.HikariPool - HikariPool-1 - Added connection conn0: url=jdbc:h2:mem:db user=ROOT
2025-06-28 18:26:52 [restartedMain] INFO  com.zaxxer.hikari.HikariDataSource - HikariPool-1 - Start completed.
2025-06-28 18:26:52 [restartedMain] INFO  o.s.b.a.h.H2ConsoleAutoConfiguration - H2 console available at '/h2-console'. Database available at 'jdbc:h2:mem:db'
2025-06-28 18:26:52 [restartedMain] INFO  o.h.jpa.internal.util.LogHelper - HHH000204: Processing PersistenceUnitInfo [name: default]
2025-06-28 18:26:52 [restartedMain] INFO  org.hibernate.Version - HHH000412: Hibernate ORM core version 6.5.2.Final
2025-06-28 18:26:52 [restartedMain] INFO  o.h.c.i.RegionFactoryInitiator - HHH000026: Second-level cache disabled
2025-06-28 18:26:53 [restartedMain] INFO  o.s.o.j.p.SpringPersistenceUnitInfo - No LoadTimeWeaver setup: ignoring JPA class transformer
2025-06-28 18:26:55 [restartedMain] INFO  o.h.e.t.j.p.i.JtaPlatformInitiator - HHH000489: No JTA platform available (set 'hibernate.transaction.jta.platform' to enable JTA platform integration)
2025-06-28 18:26:56 [restartedMain] DEBUG org.hibernate.SQL - create table authorities (id integer generated by default as identity, authority varchar(255), username varchar(255), primary key (id))
2025-06-28 18:26:56 [restartedMain] DEBUG org.hibernate.SQL - create table authority_list (id integer generated by default as identity, authority varchar(255), lessor integer, tourist integer, primary key (id))
2025-06-28 18:26:56 [restartedMain] DEBUG org.hibernate.SQL - create table bookings (id integer generated by default as identity, end_date date, start_date date, tourist_id integer, object_id integer not null, primary key (id))
2025-06-28 18:26:56 [restartedMain] DEBUG org.hibernate.SQL - create table comments (id integer generated by default as identity, content varchar(255) not null, tourist_id integer, object_id integer, primary key (id))
2025-06-28 18:26:56 [restartedMain] DEBUG org.hibernate.SQL - create table lessors (id integer generated by default as identity, birthday date, email varchar(255), name varchar(255), phone varchar(255), surname varchar(255), primary key (id))
2025-06-28 18:26:56 [restartedMain] DEBUG org.hibernate.SQL - create table objects (id integer generated by default as identity, address varchar(255), area float(53), category_id integer, description varchar(255), floor integer, lessor_code integer, name varchar(255), page_count integer, price numeric(38,2), price_per_night float(53), publish_date date, room_count integer, primary key (id))
2025-06-28 18:26:56 [restartedMain] DEBUG org.hibernate.SQL - create table ratings (id integer generated by default as identity, score integer, tourist_id integer, object_id integer, primary key (id))
2025-06-28 18:26:56 [restartedMain] DEBUG org.hibernate.SQL - create table reviews (id integer generated by default as identity, comment varchar(255), created_at timestamp(6), rating float(53), object_id integer, tourist_id integer, primary key (id))
2025-06-28 18:26:56 [restartedMain] DEBUG org.hibernate.SQL - create table roles (id bigint generated by default as identity, lessor integer, name varchar(255), tourist integer, primary key (id))
2025-06-28 18:26:56 [restartedMain] DEBUG org.hibernate.SQL - create table tourists (id integer generated by default as identity, birthday date, email varchar(255), name varchar(255), phone varchar(255), surname varchar(255), primary key (id))
2025-06-28 18:26:56 [restartedMain] DEBUG org.hibernate.SQL - create table user_roles (user_id bigint not null, role_id bigint not null, primary key (user_id, role_id))
2025-06-28 18:26:56 [restartedMain] DEBUG org.hibernate.SQL - create table users (id bigint generated by default as identity, enabled boolean, password varchar(255), user_id integer, user_type varchar(255), username varchar(255), primary key (id))
2025-06-28 18:26:56 [restartedMain] DEBUG org.hibernate.SQL - alter table if exists users drop constraint if exists UKr43af9ap4edm43mmtq01oddj6
2025-06-28 18:26:56 [restartedMain] DEBUG org.hibernate.SQL - alter table if exists users add constraint UKr43af9ap4edm43mmtq01oddj6 unique (username)
2025-06-28 18:26:56 [restartedMain] DEBUG org.hibernate.SQL - alter table if exists bookings add constraint FKkw8gvro97vljlul2xqy151kcv foreign key (object_id) references objects
2025-06-28 18:26:56 [restartedMain] DEBUG org.hibernate.SQL - alter table if exists comments add constraint FKohryl63tnbcwqimoy6gd92k2e foreign key (object_id) references objects
2025-06-28 18:26:56 [restartedMain] DEBUG org.hibernate.SQL - alter table if exists ratings add constraint FKd15a9mbgknj51ijj2xkg2bcb9 foreign key (object_id) references objects
2025-06-28 18:26:56 [restartedMain] DEBUG org.hibernate.SQL - alter table if exists reviews add constraint FKbaolsgqcud6gikav7hg1sie2p foreign key (object_id) references objects
2025-06-28 18:26:56 [restartedMain] DEBUG org.hibernate.SQL - alter table if exists reviews add constraint FK73u7atq8oagbwr8r5nnp8kkia foreign key (tourist_id) references tourists
2025-06-28 18:26:56 [restartedMain] DEBUG org.hibernate.SQL - alter table if exists user_roles add constraint FKh8ciramu9cc9q3qcqiv4ue8a6 foreign key (role_id) references roles
2025-06-28 18:26:56 [restartedMain] DEBUG org.hibernate.SQL - alter table if exists user_roles add constraint FKhfh9dx7w3ubf1co1vdev94g3f foreign key (user_id) references users
2025-06-28 18:26:56 [restartedMain] INFO  o.s.o.j.LocalContainerEntityManagerFactoryBean - Initialized JPA EntityManagerFactory for persistence unit 'default'
2025-06-28 18:26:57 [restartedMain] DEBUG a.d.t.f.JwtAuthenticationFilter - Filter 'jwtAuthenticationFilter' configured for use
2025-06-28 18:26:57 [restartedMain] WARN  o.s.b.a.o.j.JpaBaseConfiguration$JpaWebConfiguration - spring.jpa.open-in-view is enabled by default. Therefore, database queries may be performed during view rendering. Explicitly configure spring.jpa.open-in-view to disable this warning
2025-06-28 18:26:57 [restartedMain] INFO  o.s.s.c.a.a.c.InitializeUserDetailsBeanManagerConfigurer$InitializeUserDetailsManagerConfigurer - Global AuthenticationManager configured with UserDetailsService bean with name userDetailsServiceImpl
2025-06-28 18:26:58 [restartedMain] INFO  o.s.d.j.r.query.QueryEnhancerFactory - Hibernate is in classpath; If applicable, HQL parser will be used.
2025-06-28 18:27:00 [restartedMain] TRACE o.s.w.s.m.m.a.RequestMappingHandlerMapping - 
	a.d.t.c.AuthController:
	{POST [/apis/refresh-token]}: refreshToken(TokenRequest)
	{POST [/apis/login]}: createAuthenticationToken(AuthRequest)
2025-06-28 18:27:00 [restartedMain] TRACE o.s.w.s.m.m.a.RequestMappingHandlerMapping - 
	a.d.t.c.ObjectController:
	{PUT [/objects]}: update(ObjectUpdateRequest,BindingResult)
	{POST [/objects]}: add(ObjectAddRequest,BindingResult)
	{DELETE [/objects/{id}]}: deleteById(Integer)
	{GET [/objects/{id}]}: findById(Integer)
	{GET [/objects/search]}: findAllSearch(String)
	{POST [/objects/filter]}: findAllSearchFilter(ObjectFilterRequest)
2025-06-28 18:27:00 [restartedMain] TRACE o.s.w.s.m.m.a.RequestMappingHandlerMapping - 
	a.d.t.c.TouristController:
	{POST [/tourists/register]}: register(TouristAddRequest,BindingResult)
	{POST [/tourists/book]}: bookObject(BookingRequest,BindingResult)
	{POST [/tourists/rate]}: rateObject(RatingRequest,BindingResult)
	{GET [/tourists/search]}: searchObjects(String,Double,Double)
	{POST [/tourists/comment]}: commentOnObject(CommentRequest,BindingResult)
2025-06-28 18:27:00 [restartedMain] TRACE o.s.w.s.m.m.a.RequestMappingHandlerMapping - 
	a.d.t.c.UserController:
	{POST [/users/lessor]}: addLessor(LessorAddRequest,BindingResult)
	{POST [/users/tourist]}: addTourist(TouristAddRequest,BindingResult)
2025-06-28 18:27:00 [restartedMain] TRACE o.s.w.s.m.m.a.RequestMappingHandlerMapping - 
	o.s.b.a.w.s.e.BasicErrorController:
	{ [/error]}: error(HttpServletRequest)
	{ [/error], produces [text/html]}: errorHtml(HttpServletRequest,HttpServletResponse)
2025-06-28 18:27:00 [restartedMain] TRACE o.s.w.s.m.m.a.RequestMappingHandlerMapping - 
	o.s.w.a.OpenApiWebMvcResource:
	{GET [/v3/api-docs.yaml], produces [application/vnd.oai.openapi]}: openapiYaml(HttpServletRequest,String,Locale)
	{GET [/v3/api-docs], produces [application/json]}: openapiJson(HttpServletRequest,String,Locale)
2025-06-28 18:27:00 [restartedMain] TRACE o.s.w.s.m.m.a.RequestMappingHandlerMapping - 
	o.s.w.u.SwaggerWelcomeWebMvc:
	{GET [/swagger-ui.html]}: redirectToUi(HttpServletRequest)
2025-06-28 18:27:00 [restartedMain] TRACE o.s.w.s.m.m.a.RequestMappingHandlerMapping - 
	o.s.w.u.SwaggerConfigResource:
	{GET [/v3/api-docs/swagger-config], produces [application/json]}: openapiJson(HttpServletRequest)
2025-06-28 18:27:00 [restartedMain] DEBUG o.s.w.s.m.m.a.RequestMappingHandlerMapping - 21 mappings in 'requestMappingHandlerMapping'
2025-06-28 18:27:00 [restartedMain] DEBUG o.s.w.s.h.BeanNameUrlHandlerMapping - Detected 0 mappings in 'beanNameHandlerMapping'
2025-06-28 18:27:00 [restartedMain] TRACE o.s.w.s.f.s.RouterFunctionMapping - 0 RouterFunction(s) in 'routerFunctionMapping'
2025-06-28 18:27:00 [restartedMain] TRACE o.s.w.s.h.SimpleUrlHandlerMapping - Mapped [/webjars/**] onto ResourceHttpRequestHandler [classpath [META-INF/resources/webjars/]]
2025-06-28 18:27:00 [restartedMain] TRACE o.s.w.s.h.SimpleUrlHandlerMapping - Mapped [/**] onto ResourceHttpRequestHandler [classpath [META-INF/resources/], classpath [resources/], classpath [static/], classpath [public/], ServletContext [/]]
2025-06-28 18:27:00 [restartedMain] TRACE o.s.w.s.h.SimpleUrlHandlerMapping - Mapped [/swagger-ui*/*swagger-initializer.js] onto ResourceHttpRequestHandler [classpath [META-INF/resources/webjars/]]
2025-06-28 18:27:00 [restartedMain] TRACE o.s.w.s.h.SimpleUrlHandlerMapping - Mapped [/swagger-ui*/**] onto ResourceHttpRequestHandler [classpath [META-INF/resources/webjars/]]
2025-06-28 18:27:00 [restartedMain] DEBUG o.s.w.s.h.SimpleUrlHandlerMapping - Patterns [/webjars/**, /**, /swagger-ui*/*swagger-initializer.js, /swagger-ui*/**] in 'resourceHandlerMapping'
2025-06-28 18:27:01 [restartedMain] DEBUG o.s.s.web.DefaultSecurityFilterChain - Will secure any request with filters: DisableEncodeUrlFilter, WebAsyncManagerIntegrationFilter, SecurityContextHolderFilter, HeaderWriterFilter, CorsFilter, LogoutFilter, JwtAuthenticationFilter, RequestCacheAwareFilter, SecurityContextHolderAwareRequestFilter, AnonymousAuthenticationFilter, SessionManagementFilter, ExceptionTranslationFilter, AuthorizationFilter
2025-06-28 18:27:01 [restartedMain] DEBUG o.s.w.s.m.m.a.RequestMappingHandlerAdapter - ControllerAdvice beans: 0 @ModelAttribute, 0 @InitBinder, 1 RequestBodyAdvice, 1 ResponseBodyAdvice
2025-06-28 18:27:01 [restartedMain] DEBUG o.s.w.s.m.m.a.ExceptionHandlerExceptionResolver - ControllerAdvice beans: 2 @ExceptionHandler, 1 ResponseBodyAdvice
2025-06-28 18:27:02 [restartedMain] WARN  o.s.b.d.a.OptionalLiveReloadServer - Unable to start LiveReload server
2025-06-28 18:27:02 [restartedMain] INFO  o.a.coyote.http11.Http11NioProtocol - Starting ProtocolHandler ["http-nio-8888"]
2025-06-28 18:27:02 [restartedMain] WARN  o.s.b.w.s.c.AnnotationConfigServletWebServerApplicationContext - Exception encountered during context initialization - cancelling refresh attempt: org.springframework.context.ApplicationContextException: Failed to start bean 'webServerStartStop'
2025-06-28 18:27:02 [restartedMain] INFO  o.s.o.j.LocalContainerEntityManagerFactoryBean - Closing JPA EntityManagerFactory for persistence unit 'default'
2025-06-28 18:27:02 [restartedMain] WARN  o.s.b.f.s.DisposableBeanAdapter - Invocation of destroy method failed on bean with name 'inMemoryDatabaseShutdownExecutor': org.h2.jdbc.JdbcSQLNonTransientConnectionException: Database is already closed (to disable automatic closing at VM shutdown, add ";DB_CLOSE_ON_EXIT=FALSE" to the db URL) [90121-224]
2025-06-28 18:27:02 [restartedMain] INFO  com.zaxxer.hikari.HikariDataSource - HikariPool-1 - Shutdown initiated...
2025-06-28 18:27:02 [restartedMain] INFO  com.zaxxer.hikari.HikariDataSource - HikariPool-1 - Shutdown completed.
2025-06-28 18:27:02 [restartedMain] INFO  o.s.b.a.l.ConditionEvaluationReportLogger - 

Error starting ApplicationContext. To display the condition evaluation report re-run your application with 'debug' enabled.
2025-06-28 18:27:02 [restartedMain] ERROR o.s.b.d.LoggingFailureAnalysisReporter - 

***************************
APPLICATION FAILED TO START
***************************

Description:

Web server failed to start. Port 8888 was already in use.

Action:

Identify and stop the process that's listening on port 8888 or configure this application to listen on another port.

2025-06-28 18:27:14 [background-preinit] INFO  o.h.validator.internal.util.Version - HV000001: Hibernate Validator 8.0.1.Final
2025-06-28 18:27:14 [restartedMain] INFO  a.d.tourist.TouristApplication - Starting TouristApplication using Java 21.0.5 with PID 117512 (C:\github\Spring\SpringJava20-Mubariz_Bayramov\tourist\target\classes started by User in C:\github\Spring\SpringJava20-Mubariz_Bayramov\tourist)
2025-06-28 18:27:14 [restartedMain] DEBUG a.d.tourist.TouristApplication - Running with Spring Boot v3.3.1, Spring v6.1.10
2025-06-28 18:27:14 [restartedMain] INFO  a.d.tourist.TouristApplication - No active profile set, falling back to 1 default profile: "default"
2025-06-28 18:27:14 [restartedMain] INFO  o.s.b.d.e.DevToolsPropertyDefaultsPostProcessor - Devtools property defaults active! Set 'spring.devtools.add-properties' to 'false' to disable
2025-06-28 18:27:14 [restartedMain] INFO  o.s.b.d.e.DevToolsPropertyDefaultsPostProcessor - For additional web related logging consider setting the 'logging.level.web' property to 'DEBUG'
2025-06-28 18:27:16 [restartedMain] INFO  o.s.d.r.c.RepositoryConfigurationDelegate - Bootstrapping Spring Data JPA repositories in DEFAULT mode.
2025-06-28 18:27:16 [restartedMain] INFO  o.s.d.r.c.RepositoryConfigurationDelegate - Finished Spring Data repository scanning in 251 ms. Found 9 JPA repository interfaces.
2025-06-28 18:27:18 [restartedMain] INFO  o.s.b.w.e.tomcat.TomcatWebServer - Tomcat initialized with port 8888 (http)
2025-06-28 18:27:18 [restartedMain] INFO  o.a.coyote.http11.Http11NioProtocol - Initializing ProtocolHandler ["http-nio-8888"]
2025-06-28 18:27:18 [restartedMain] INFO  o.a.catalina.core.StandardService - Starting service [Tomcat]
2025-06-28 18:27:18 [restartedMain] INFO  o.a.catalina.core.StandardEngine - Starting Servlet engine: [Apache Tomcat/10.1.25]
2025-06-28 18:27:18 [restartedMain] INFO  o.a.c.c.C.[Tomcat].[localhost].[/] - Initializing Spring embedded WebApplicationContext
2025-06-28 18:27:18 [restartedMain] INFO  o.s.b.w.s.c.ServletWebServerApplicationContext - Root WebApplicationContext: initialization completed in 3432 ms
2025-06-28 18:27:18 [restartedMain] INFO  com.zaxxer.hikari.HikariDataSource - HikariPool-1 - Starting...
2025-06-28 18:27:18 [restartedMain] INFO  com.zaxxer.hikari.pool.HikariPool - HikariPool-1 - Added connection conn0: url=jdbc:h2:mem:db user=ROOT
2025-06-28 18:27:18 [restartedMain] INFO  com.zaxxer.hikari.HikariDataSource - HikariPool-1 - Start completed.
2025-06-28 18:27:18 [restartedMain] INFO  o.s.b.a.h.H2ConsoleAutoConfiguration - H2 console available at '/h2-console'. Database available at 'jdbc:h2:mem:db'
2025-06-28 18:27:18 [restartedMain] INFO  o.h.jpa.internal.util.LogHelper - HHH000204: Processing PersistenceUnitInfo [name: default]
2025-06-28 18:27:18 [restartedMain] INFO  org.hibernate.Version - HHH000412: Hibernate ORM core version 6.5.2.Final
2025-06-28 18:27:18 [restartedMain] INFO  o.h.c.i.RegionFactoryInitiator - HHH000026: Second-level cache disabled
2025-06-28 18:27:19 [restartedMain] INFO  o.s.o.j.p.SpringPersistenceUnitInfo - No LoadTimeWeaver setup: ignoring JPA class transformer
2025-06-28 18:27:21 [restartedMain] INFO  o.h.e.t.j.p.i.JtaPlatformInitiator - HHH000489: No JTA platform available (set 'hibernate.transaction.jta.platform' to enable JTA platform integration)
2025-06-28 18:27:21 [restartedMain] DEBUG org.hibernate.SQL - create table authorities (id integer generated by default as identity, authority varchar(255), username varchar(255), primary key (id))
2025-06-28 18:27:21 [restartedMain] DEBUG org.hibernate.SQL - create table authority_list (id integer generated by default as identity, authority varchar(255), lessor integer, tourist integer, primary key (id))
2025-06-28 18:27:21 [restartedMain] DEBUG org.hibernate.SQL - create table bookings (id integer generated by default as identity, end_date date, start_date date, tourist_id integer, object_id integer not null, primary key (id))
2025-06-28 18:27:21 [restartedMain] DEBUG org.hibernate.SQL - create table comments (id integer generated by default as identity, content varchar(255) not null, tourist_id integer, object_id integer, primary key (id))
2025-06-28 18:27:21 [restartedMain] DEBUG org.hibernate.SQL - create table lessors (id integer generated by default as identity, birthday date, email varchar(255), name varchar(255), phone varchar(255), surname varchar(255), primary key (id))
2025-06-28 18:27:21 [restartedMain] DEBUG org.hibernate.SQL - create table objects (id integer generated by default as identity, address varchar(255), area float(53), category_id integer, description varchar(255), floor integer, lessor_code integer, name varchar(255), page_count integer, price numeric(38,2), price_per_night float(53), publish_date date, room_count integer, primary key (id))
2025-06-28 18:27:21 [restartedMain] DEBUG org.hibernate.SQL - create table ratings (id integer generated by default as identity, score integer, tourist_id integer, object_id integer, primary key (id))
2025-06-28 18:27:21 [restartedMain] DEBUG org.hibernate.SQL - create table reviews (id integer generated by default as identity, comment varchar(255), created_at timestamp(6), rating float(53), object_id integer, tourist_id integer, primary key (id))
2025-06-28 18:27:21 [restartedMain] DEBUG org.hibernate.SQL - create table roles (id bigint generated by default as identity, lessor integer, name varchar(255), tourist integer, primary key (id))
2025-06-28 18:27:21 [restartedMain] DEBUG org.hibernate.SQL - create table tourists (id integer generated by default as identity, birthday date, email varchar(255), name varchar(255), phone varchar(255), surname varchar(255), primary key (id))
2025-06-28 18:27:21 [restartedMain] DEBUG org.hibernate.SQL - create table user_roles (user_id bigint not null, role_id bigint not null, primary key (user_id, role_id))
2025-06-28 18:27:21 [restartedMain] DEBUG org.hibernate.SQL - create table users (id bigint generated by default as identity, enabled boolean, password varchar(255), user_id integer, user_type varchar(255), username varchar(255), primary key (id))
2025-06-28 18:27:21 [restartedMain] DEBUG org.hibernate.SQL - alter table if exists users drop constraint if exists UKr43af9ap4edm43mmtq01oddj6
2025-06-28 18:27:21 [restartedMain] DEBUG org.hibernate.SQL - alter table if exists users add constraint UKr43af9ap4edm43mmtq01oddj6 unique (username)
2025-06-28 18:27:21 [restartedMain] DEBUG org.hibernate.SQL - alter table if exists bookings add constraint FKkw8gvro97vljlul2xqy151kcv foreign key (object_id) references objects
2025-06-28 18:27:21 [restartedMain] DEBUG org.hibernate.SQL - alter table if exists comments add constraint FKohryl63tnbcwqimoy6gd92k2e foreign key (object_id) references objects
2025-06-28 18:27:21 [restartedMain] DEBUG org.hibernate.SQL - alter table if exists ratings add constraint FKd15a9mbgknj51ijj2xkg2bcb9 foreign key (object_id) references objects
2025-06-28 18:27:21 [restartedMain] DEBUG org.hibernate.SQL - alter table if exists reviews add constraint FKbaolsgqcud6gikav7hg1sie2p foreign key (object_id) references objects
2025-06-28 18:27:21 [restartedMain] DEBUG org.hibernate.SQL - alter table if exists reviews add constraint FK73u7atq8oagbwr8r5nnp8kkia foreign key (tourist_id) references tourists
2025-06-28 18:27:21 [restartedMain] DEBUG org.hibernate.SQL - alter table if exists user_roles add constraint FKh8ciramu9cc9q3qcqiv4ue8a6 foreign key (role_id) references roles
2025-06-28 18:27:21 [restartedMain] DEBUG org.hibernate.SQL - alter table if exists user_roles add constraint FKhfh9dx7w3ubf1co1vdev94g3f foreign key (user_id) references users
2025-06-28 18:27:21 [restartedMain] INFO  o.s.o.j.LocalContainerEntityManagerFactoryBean - Initialized JPA EntityManagerFactory for persistence unit 'default'
2025-06-28 18:27:22 [restartedMain] DEBUG a.d.t.f.JwtAuthenticationFilter - Filter 'jwtAuthenticationFilter' configured for use
2025-06-28 18:27:22 [restartedMain] WARN  o.s.b.a.o.j.JpaBaseConfiguration$JpaWebConfiguration - spring.jpa.open-in-view is enabled by default. Therefore, database queries may be performed during view rendering. Explicitly configure spring.jpa.open-in-view to disable this warning
2025-06-28 18:27:22 [restartedMain] INFO  o.s.s.c.a.a.c.InitializeUserDetailsBeanManagerConfigurer$InitializeUserDetailsManagerConfigurer - Global AuthenticationManager configured with UserDetailsService bean with name userDetailsServiceImpl
2025-06-28 18:27:22 [restartedMain] INFO  o.s.d.j.r.query.QueryEnhancerFactory - Hibernate is in classpath; If applicable, HQL parser will be used.
2025-06-28 18:27:23 [restartedMain] TRACE o.s.w.s.m.m.a.RequestMappingHandlerMapping - 
	a.d.t.c.AuthController:
	{POST [/apis/login]}: createAuthenticationToken(AuthRequest)
	{POST [/apis/refresh-token]}: refreshToken(TokenRequest)
2025-06-28 18:27:23 [restartedMain] TRACE o.s.w.s.m.m.a.RequestMappingHandlerMapping - 
	a.d.t.c.ObjectController:
	{PUT [/objects]}: update(ObjectUpdateRequest,BindingResult)
	{POST [/objects]}: add(ObjectAddRequest,BindingResult)
	{DELETE [/objects/{id}]}: deleteById(Integer)
	{GET [/objects/{id}]}: findById(Integer)
	{POST [/objects/filter]}: findAllSearchFilter(ObjectFilterRequest)
	{GET [/objects/search]}: findAllSearch(String)
2025-06-28 18:27:23 [restartedMain] TRACE o.s.w.s.m.m.a.RequestMappingHandlerMapping - 
	a.d.t.c.TouristController:
	{POST [/tourists/register]}: register(TouristAddRequest,BindingResult)
	{POST [/tourists/comment]}: commentOnObject(CommentRequest,BindingResult)
	{GET [/tourists/search]}: searchObjects(String,Double,Double)
	{POST [/tourists/book]}: bookObject(BookingRequest,BindingResult)
	{POST [/tourists/rate]}: rateObject(RatingRequest,BindingResult)
2025-06-28 18:27:23 [restartedMain] TRACE o.s.w.s.m.m.a.RequestMappingHandlerMapping - 
	a.d.t.c.UserController:
	{POST [/users/tourist]}: addTourist(TouristAddRequest,BindingResult)
	{POST [/users/lessor]}: addLessor(LessorAddRequest,BindingResult)
2025-06-28 18:27:23 [restartedMain] TRACE o.s.w.s.m.m.a.RequestMappingHandlerMapping - 
	o.s.b.a.w.s.e.BasicErrorController:
	{ [/error]}: error(HttpServletRequest)
	{ [/error], produces [text/html]}: errorHtml(HttpServletRequest,HttpServletResponse)
2025-06-28 18:27:24 [restartedMain] TRACE o.s.w.s.m.m.a.RequestMappingHandlerMapping - 
	o.s.w.a.OpenApiWebMvcResource:
	{GET [/v3/api-docs.yaml], produces [application/vnd.oai.openapi]}: openapiYaml(HttpServletRequest,String,Locale)
	{GET [/v3/api-docs], produces [application/json]}: openapiJson(HttpServletRequest,String,Locale)
2025-06-28 18:27:24 [restartedMain] TRACE o.s.w.s.m.m.a.RequestMappingHandlerMapping - 
	o.s.w.u.SwaggerWelcomeWebMvc:
	{GET [/swagger-ui.html]}: redirectToUi(HttpServletRequest)
2025-06-28 18:27:24 [restartedMain] TRACE o.s.w.s.m.m.a.RequestMappingHandlerMapping - 
	o.s.w.u.SwaggerConfigResource:
	{GET [/v3/api-docs/swagger-config], produces [application/json]}: openapiJson(HttpServletRequest)
2025-06-28 18:27:24 [restartedMain] DEBUG o.s.w.s.m.m.a.RequestMappingHandlerMapping - 21 mappings in 'requestMappingHandlerMapping'
2025-06-28 18:27:24 [restartedMain] DEBUG o.s.w.s.h.BeanNameUrlHandlerMapping - Detected 0 mappings in 'beanNameHandlerMapping'
2025-06-28 18:27:24 [restartedMain] TRACE o.s.w.s.f.s.RouterFunctionMapping - 0 RouterFunction(s) in 'routerFunctionMapping'
2025-06-28 18:27:24 [restartedMain] TRACE o.s.w.s.h.SimpleUrlHandlerMapping - Mapped [/webjars/**] onto ResourceHttpRequestHandler [classpath [META-INF/resources/webjars/]]
2025-06-28 18:27:24 [restartedMain] TRACE o.s.w.s.h.SimpleUrlHandlerMapping - Mapped [/**] onto ResourceHttpRequestHandler [classpath [META-INF/resources/], classpath [resources/], classpath [static/], classpath [public/], ServletContext [/]]
2025-06-28 18:27:24 [restartedMain] TRACE o.s.w.s.h.SimpleUrlHandlerMapping - Mapped [/swagger-ui*/*swagger-initializer.js] onto ResourceHttpRequestHandler [classpath [META-INF/resources/webjars/]]
2025-06-28 18:27:24 [restartedMain] TRACE o.s.w.s.h.SimpleUrlHandlerMapping - Mapped [/swagger-ui*/**] onto ResourceHttpRequestHandler [classpath [META-INF/resources/webjars/]]
2025-06-28 18:27:24 [restartedMain] DEBUG o.s.w.s.h.SimpleUrlHandlerMapping - Patterns [/webjars/**, /**, /swagger-ui*/*swagger-initializer.js, /swagger-ui*/**] in 'resourceHandlerMapping'
2025-06-28 18:27:24 [restartedMain] DEBUG o.s.s.web.DefaultSecurityFilterChain - Will secure any request with filters: DisableEncodeUrlFilter, WebAsyncManagerIntegrationFilter, SecurityContextHolderFilter, HeaderWriterFilter, CorsFilter, LogoutFilter, JwtAuthenticationFilter, RequestCacheAwareFilter, SecurityContextHolderAwareRequestFilter, AnonymousAuthenticationFilter, SessionManagementFilter, ExceptionTranslationFilter, AuthorizationFilter
2025-06-28 18:27:24 [restartedMain] DEBUG o.s.w.s.m.m.a.RequestMappingHandlerAdapter - ControllerAdvice beans: 0 @ModelAttribute, 0 @InitBinder, 1 RequestBodyAdvice, 1 ResponseBodyAdvice
2025-06-28 18:27:24 [restartedMain] DEBUG o.s.w.s.m.m.a.ExceptionHandlerExceptionResolver - ControllerAdvice beans: 2 @ExceptionHandler, 1 ResponseBodyAdvice
2025-06-28 18:27:24 [restartedMain] WARN  o.s.b.d.a.OptionalLiveReloadServer - Unable to start LiveReload server
2025-06-28 18:27:25 [restartedMain] INFO  o.a.coyote.http11.Http11NioProtocol - Starting ProtocolHandler ["http-nio-8888"]
2025-06-28 18:27:25 [restartedMain] WARN  o.s.b.w.s.c.AnnotationConfigServletWebServerApplicationContext - Exception encountered during context initialization - cancelling refresh attempt: org.springframework.context.ApplicationContextException: Failed to start bean 'webServerStartStop'
2025-06-28 18:27:25 [restartedMain] INFO  o.s.o.j.LocalContainerEntityManagerFactoryBean - Closing JPA EntityManagerFactory for persistence unit 'default'
2025-06-28 18:27:25 [restartedMain] WARN  o.s.b.f.s.DisposableBeanAdapter - Invocation of destroy method failed on bean with name 'inMemoryDatabaseShutdownExecutor': org.h2.jdbc.JdbcSQLNonTransientConnectionException: Database is already closed (to disable automatic closing at VM shutdown, add ";DB_CLOSE_ON_EXIT=FALSE" to the db URL) [90121-224]
2025-06-28 18:27:25 [restartedMain] INFO  com.zaxxer.hikari.HikariDataSource - HikariPool-1 - Shutdown initiated...
2025-06-28 18:27:25 [restartedMain] INFO  com.zaxxer.hikari.HikariDataSource - HikariPool-1 - Shutdown completed.
2025-06-28 18:27:25 [restartedMain] INFO  o.s.b.a.l.ConditionEvaluationReportLogger - 

Error starting ApplicationContext. To display the condition evaluation report re-run your application with 'debug' enabled.
2025-06-28 18:27:25 [restartedMain] ERROR o.s.b.d.LoggingFailureAnalysisReporter - 

***************************
APPLICATION FAILED TO START
***************************

Description:

Web server failed to start. Port 8888 was already in use.

Action:

Identify and stop the process that's listening on port 8888 or configure this application to listen on another port.

2025-06-28 18:27:34 [background-preinit] INFO  o.h.validator.internal.util.Version - HV000001: Hibernate Validator 8.0.1.Final
2025-06-28 18:27:34 [restartedMain] INFO  a.d.tourist.TouristApplication - Starting TouristApplication using Java 21.0.5 with PID 117168 (C:\github\Spring\SpringJava20-Mubariz_Bayramov\tourist\target\classes started by User in C:\github\Spring\SpringJava20-Mubariz_Bayramov\tourist)
2025-06-28 18:27:34 [restartedMain] DEBUG a.d.tourist.TouristApplication - Running with Spring Boot v3.3.1, Spring v6.1.10
2025-06-28 18:27:34 [restartedMain] INFO  a.d.tourist.TouristApplication - No active profile set, falling back to 1 default profile: "default"
2025-06-28 18:27:35 [restartedMain] INFO  o.s.b.d.e.DevToolsPropertyDefaultsPostProcessor - Devtools property defaults active! Set 'spring.devtools.add-properties' to 'false' to disable
2025-06-28 18:27:35 [restartedMain] INFO  o.s.b.d.e.DevToolsPropertyDefaultsPostProcessor - For additional web related logging consider setting the 'logging.level.web' property to 'DEBUG'
2025-06-28 18:27:36 [restartedMain] INFO  o.s.d.r.c.RepositoryConfigurationDelegate - Bootstrapping Spring Data JPA repositories in DEFAULT mode.
2025-06-28 18:27:37 [restartedMain] INFO  o.s.d.r.c.RepositoryConfigurationDelegate - Finished Spring Data repository scanning in 247 ms. Found 9 JPA repository interfaces.
2025-06-28 18:27:38 [restartedMain] INFO  o.s.b.w.e.tomcat.TomcatWebServer - Tomcat initialized with port 8888 (http)
2025-06-28 18:27:38 [restartedMain] INFO  o.a.coyote.http11.Http11NioProtocol - Initializing ProtocolHandler ["http-nio-8888"]
2025-06-28 18:27:38 [restartedMain] INFO  o.a.catalina.core.StandardService - Starting service [Tomcat]
2025-06-28 18:27:38 [restartedMain] INFO  o.a.catalina.core.StandardEngine - Starting Servlet engine: [Apache Tomcat/10.1.25]
2025-06-28 18:27:38 [restartedMain] INFO  o.a.c.c.C.[Tomcat].[localhost].[/] - Initializing Spring embedded WebApplicationContext
2025-06-28 18:27:38 [restartedMain] INFO  o.s.b.w.s.c.ServletWebServerApplicationContext - Root WebApplicationContext: initialization completed in 3429 ms
2025-06-28 18:27:38 [restartedMain] INFO  com.zaxxer.hikari.HikariDataSource - HikariPool-1 - Starting...
2025-06-28 18:27:38 [restartedMain] INFO  com.zaxxer.hikari.pool.HikariPool - HikariPool-1 - Added connection conn0: url=jdbc:h2:mem:db user=ROOT
2025-06-28 18:27:38 [restartedMain] INFO  com.zaxxer.hikari.HikariDataSource - HikariPool-1 - Start completed.
2025-06-28 18:27:38 [restartedMain] INFO  o.s.b.a.h.H2ConsoleAutoConfiguration - H2 console available at '/h2-console'. Database available at 'jdbc:h2:mem:db'
2025-06-28 18:27:39 [restartedMain] INFO  o.h.jpa.internal.util.LogHelper - HHH000204: Processing PersistenceUnitInfo [name: default]
2025-06-28 18:27:39 [restartedMain] INFO  org.hibernate.Version - HHH000412: Hibernate ORM core version 6.5.2.Final
2025-06-28 18:27:39 [restartedMain] INFO  o.h.c.i.RegionFactoryInitiator - HHH000026: Second-level cache disabled
2025-06-28 18:27:39 [restartedMain] INFO  o.s.o.j.p.SpringPersistenceUnitInfo - No LoadTimeWeaver setup: ignoring JPA class transformer
2025-06-28 18:27:41 [restartedMain] INFO  o.h.e.t.j.p.i.JtaPlatformInitiator - HHH000489: No JTA platform available (set 'hibernate.transaction.jta.platform' to enable JTA platform integration)
2025-06-28 18:27:41 [restartedMain] DEBUG org.hibernate.SQL - create table authorities (id integer generated by default as identity, authority varchar(255), username varchar(255), primary key (id))
2025-06-28 18:27:41 [restartedMain] DEBUG org.hibernate.SQL - create table authority_list (id integer generated by default as identity, authority varchar(255), lessor integer, tourist integer, primary key (id))
2025-06-28 18:27:41 [restartedMain] DEBUG org.hibernate.SQL - create table bookings (id integer generated by default as identity, end_date date, start_date date, tourist_id integer, object_id integer not null, primary key (id))
2025-06-28 18:27:41 [restartedMain] DEBUG org.hibernate.SQL - create table comments (id integer generated by default as identity, content varchar(255) not null, tourist_id integer, object_id integer, primary key (id))
2025-06-28 18:27:41 [restartedMain] DEBUG org.hibernate.SQL - create table lessors (id integer generated by default as identity, birthday date, email varchar(255), name varchar(255), phone varchar(255), surname varchar(255), primary key (id))
2025-06-28 18:27:41 [restartedMain] DEBUG org.hibernate.SQL - create table objects (id integer generated by default as identity, address varchar(255), area float(53), category_id integer, description varchar(255), floor integer, lessor_code integer, name varchar(255), page_count integer, price numeric(38,2), price_per_night float(53), publish_date date, room_count integer, primary key (id))
2025-06-28 18:27:41 [restartedMain] DEBUG org.hibernate.SQL - create table ratings (id integer generated by default as identity, score integer, tourist_id integer, object_id integer, primary key (id))
2025-06-28 18:27:41 [restartedMain] DEBUG org.hibernate.SQL - create table reviews (id integer generated by default as identity, comment varchar(255), created_at timestamp(6), rating float(53), object_id integer, tourist_id integer, primary key (id))
2025-06-28 18:27:41 [restartedMain] DEBUG org.hibernate.SQL - create table roles (id bigint generated by default as identity, lessor integer, name varchar(255), tourist integer, primary key (id))
2025-06-28 18:27:41 [restartedMain] DEBUG org.hibernate.SQL - create table tourists (id integer generated by default as identity, birthday date, email varchar(255), name varchar(255), phone varchar(255), surname varchar(255), primary key (id))
2025-06-28 18:27:41 [restartedMain] DEBUG org.hibernate.SQL - create table user_roles (user_id bigint not null, role_id bigint not null, primary key (user_id, role_id))
2025-06-28 18:27:41 [restartedMain] DEBUG org.hibernate.SQL - create table users (id bigint generated by default as identity, enabled boolean, password varchar(255), user_id integer, user_type varchar(255), username varchar(255), primary key (id))
2025-06-28 18:27:41 [restartedMain] DEBUG org.hibernate.SQL - alter table if exists users drop constraint if exists UKr43af9ap4edm43mmtq01oddj6
2025-06-28 18:27:41 [restartedMain] DEBUG org.hibernate.SQL - alter table if exists users add constraint UKr43af9ap4edm43mmtq01oddj6 unique (username)
2025-06-28 18:27:41 [restartedMain] DEBUG org.hibernate.SQL - alter table if exists bookings add constraint FKkw8gvro97vljlul2xqy151kcv foreign key (object_id) references objects
2025-06-28 18:27:41 [restartedMain] DEBUG org.hibernate.SQL - alter table if exists comments add constraint FKohryl63tnbcwqimoy6gd92k2e foreign key (object_id) references objects
2025-06-28 18:27:41 [restartedMain] DEBUG org.hibernate.SQL - alter table if exists ratings add constraint FKd15a9mbgknj51ijj2xkg2bcb9 foreign key (object_id) references objects
2025-06-28 18:27:41 [restartedMain] DEBUG org.hibernate.SQL - alter table if exists reviews add constraint FKbaolsgqcud6gikav7hg1sie2p foreign key (object_id) references objects
2025-06-28 18:27:41 [restartedMain] DEBUG org.hibernate.SQL - alter table if exists reviews add constraint FK73u7atq8oagbwr8r5nnp8kkia foreign key (tourist_id) references tourists
2025-06-28 18:27:41 [restartedMain] DEBUG org.hibernate.SQL - alter table if exists user_roles add constraint FKh8ciramu9cc9q3qcqiv4ue8a6 foreign key (role_id) references roles
2025-06-28 18:27:41 [restartedMain] DEBUG org.hibernate.SQL - alter table if exists user_roles add constraint FKhfh9dx7w3ubf1co1vdev94g3f foreign key (user_id) references users
2025-06-28 18:27:41 [restartedMain] INFO  o.s.o.j.LocalContainerEntityManagerFactoryBean - Initialized JPA EntityManagerFactory for persistence unit 'default'
2025-06-28 18:27:42 [restartedMain] DEBUG a.d.t.f.JwtAuthenticationFilter - Filter 'jwtAuthenticationFilter' configured for use
2025-06-28 18:27:42 [restartedMain] WARN  o.s.b.a.o.j.JpaBaseConfiguration$JpaWebConfiguration - spring.jpa.open-in-view is enabled by default. Therefore, database queries may be performed during view rendering. Explicitly configure spring.jpa.open-in-view to disable this warning
2025-06-28 18:27:42 [restartedMain] INFO  o.s.s.c.a.a.c.InitializeUserDetailsBeanManagerConfigurer$InitializeUserDetailsManagerConfigurer - Global AuthenticationManager configured with UserDetailsService bean with name userDetailsServiceImpl
2025-06-28 18:27:42 [restartedMain] INFO  o.s.d.j.r.query.QueryEnhancerFactory - Hibernate is in classpath; If applicable, HQL parser will be used.
2025-06-28 18:27:44 [restartedMain] TRACE o.s.w.s.m.m.a.RequestMappingHandlerMapping - 
	a.d.t.c.AuthController:
	{POST [/apis/login]}: createAuthenticationToken(AuthRequest)
	{POST [/apis/refresh-token]}: refreshToken(TokenRequest)
2025-06-28 18:27:44 [restartedMain] TRACE o.s.w.s.m.m.a.RequestMappingHandlerMapping - 
	a.d.t.c.ObjectController:
	{PUT [/objects]}: update(ObjectUpdateRequest,BindingResult)
	{POST [/objects]}: add(ObjectAddRequest,BindingResult)
	{GET [/objects/{id}]}: findById(Integer)
	{DELETE [/objects/{id}]}: deleteById(Integer)
	{POST [/objects/filter]}: findAllSearchFilter(ObjectFilterRequest)
	{GET [/objects/search]}: findAllSearch(String)
2025-06-28 18:27:44 [restartedMain] TRACE o.s.w.s.m.m.a.RequestMappingHandlerMapping - 
	a.d.t.c.TouristController:
	{POST [/tourists/register]}: register(TouristAddRequest,BindingResult)
	{POST [/tourists/book]}: bookObject(BookingRequest,BindingResult)
	{POST [/tourists/rate]}: rateObject(RatingRequest,BindingResult)
	{POST [/tourists/comment]}: commentOnObject(CommentRequest,BindingResult)
	{GET [/tourists/search]}: searchObjects(String,Double,Double)
2025-06-28 18:27:44 [restartedMain] TRACE o.s.w.s.m.m.a.RequestMappingHandlerMapping - 
	a.d.t.c.UserController:
	{POST [/users/tourist]}: addTourist(TouristAddRequest,BindingResult)
	{POST [/users/lessor]}: addLessor(LessorAddRequest,BindingResult)
2025-06-28 18:27:44 [restartedMain] TRACE o.s.w.s.m.m.a.RequestMappingHandlerMapping - 
	o.s.b.a.w.s.e.BasicErrorController:
	{ [/error]}: error(HttpServletRequest)
	{ [/error], produces [text/html]}: errorHtml(HttpServletRequest,HttpServletResponse)
2025-06-28 18:27:44 [restartedMain] TRACE o.s.w.s.m.m.a.RequestMappingHandlerMapping - 
	o.s.w.a.OpenApiWebMvcResource:
	{GET [/v3/api-docs.yaml], produces [application/vnd.oai.openapi]}: openapiYaml(HttpServletRequest,String,Locale)
	{GET [/v3/api-docs], produces [application/json]}: openapiJson(HttpServletRequest,String,Locale)
2025-06-28 18:27:44 [restartedMain] TRACE o.s.w.s.m.m.a.RequestMappingHandlerMapping - 
	o.s.w.u.SwaggerWelcomeWebMvc:
	{GET [/swagger-ui.html]}: redirectToUi(HttpServletRequest)
2025-06-28 18:27:44 [restartedMain] TRACE o.s.w.s.m.m.a.RequestMappingHandlerMapping - 
	o.s.w.u.SwaggerConfigResource:
	{GET [/v3/api-docs/swagger-config], produces [application/json]}: openapiJson(HttpServletRequest)
2025-06-28 18:27:44 [restartedMain] DEBUG o.s.w.s.m.m.a.RequestMappingHandlerMapping - 21 mappings in 'requestMappingHandlerMapping'
2025-06-28 18:27:44 [restartedMain] DEBUG o.s.w.s.h.BeanNameUrlHandlerMapping - Detected 0 mappings in 'beanNameHandlerMapping'
2025-06-28 18:27:44 [restartedMain] TRACE o.s.w.s.f.s.RouterFunctionMapping - 0 RouterFunction(s) in 'routerFunctionMapping'
2025-06-28 18:27:44 [restartedMain] TRACE o.s.w.s.h.SimpleUrlHandlerMapping - Mapped [/webjars/**] onto ResourceHttpRequestHandler [classpath [META-INF/resources/webjars/]]
2025-06-28 18:27:44 [restartedMain] TRACE o.s.w.s.h.SimpleUrlHandlerMapping - Mapped [/**] onto ResourceHttpRequestHandler [classpath [META-INF/resources/], classpath [resources/], classpath [static/], classpath [public/], ServletContext [/]]
2025-06-28 18:27:44 [restartedMain] TRACE o.s.w.s.h.SimpleUrlHandlerMapping - Mapped [/swagger-ui*/*swagger-initializer.js] onto ResourceHttpRequestHandler [classpath [META-INF/resources/webjars/]]
2025-06-28 18:27:44 [restartedMain] TRACE o.s.w.s.h.SimpleUrlHandlerMapping - Mapped [/swagger-ui*/**] onto ResourceHttpRequestHandler [classpath [META-INF/resources/webjars/]]
2025-06-28 18:27:44 [restartedMain] DEBUG o.s.w.s.h.SimpleUrlHandlerMapping - Patterns [/webjars/**, /**, /swagger-ui*/*swagger-initializer.js, /swagger-ui*/**] in 'resourceHandlerMapping'
2025-06-28 18:27:44 [restartedMain] DEBUG o.s.s.web.DefaultSecurityFilterChain - Will secure any request with filters: DisableEncodeUrlFilter, WebAsyncManagerIntegrationFilter, SecurityContextHolderFilter, HeaderWriterFilter, CorsFilter, LogoutFilter, JwtAuthenticationFilter, RequestCacheAwareFilter, SecurityContextHolderAwareRequestFilter, AnonymousAuthenticationFilter, SessionManagementFilter, ExceptionTranslationFilter, AuthorizationFilter
2025-06-28 18:27:44 [restartedMain] DEBUG o.s.w.s.m.m.a.RequestMappingHandlerAdapter - ControllerAdvice beans: 0 @ModelAttribute, 0 @InitBinder, 1 RequestBodyAdvice, 1 ResponseBodyAdvice
2025-06-28 18:27:44 [restartedMain] DEBUG o.s.w.s.m.m.a.ExceptionHandlerExceptionResolver - ControllerAdvice beans: 2 @ExceptionHandler, 1 ResponseBodyAdvice
2025-06-28 18:27:45 [restartedMain] WARN  o.s.b.d.a.OptionalLiveReloadServer - Unable to start LiveReload server
2025-06-28 18:27:45 [restartedMain] INFO  o.a.coyote.http11.Http11NioProtocol - Starting ProtocolHandler ["http-nio-8888"]
2025-06-28 18:27:45 [restartedMain] WARN  o.s.b.w.s.c.AnnotationConfigServletWebServerApplicationContext - Exception encountered during context initialization - cancelling refresh attempt: org.springframework.context.ApplicationContextException: Failed to start bean 'webServerStartStop'
2025-06-28 18:27:45 [restartedMain] INFO  o.s.o.j.LocalContainerEntityManagerFactoryBean - Closing JPA EntityManagerFactory for persistence unit 'default'
2025-06-28 18:27:45 [restartedMain] WARN  o.s.b.f.s.DisposableBeanAdapter - Invocation of destroy method failed on bean with name 'inMemoryDatabaseShutdownExecutor': org.h2.jdbc.JdbcSQLNonTransientConnectionException: Database is already closed (to disable automatic closing at VM shutdown, add ";DB_CLOSE_ON_EXIT=FALSE" to the db URL) [90121-224]
2025-06-28 18:27:45 [restartedMain] INFO  com.zaxxer.hikari.HikariDataSource - HikariPool-1 - Shutdown initiated...
2025-06-28 18:27:45 [restartedMain] INFO  com.zaxxer.hikari.HikariDataSource - HikariPool-1 - Shutdown completed.
2025-06-28 18:27:45 [restartedMain] INFO  o.s.b.a.l.ConditionEvaluationReportLogger - 

Error starting ApplicationContext. To display the condition evaluation report re-run your application with 'debug' enabled.
2025-06-28 18:27:45 [restartedMain] ERROR o.s.b.d.LoggingFailureAnalysisReporter - 

***************************
APPLICATION FAILED TO START
***************************

Description:

Web server failed to start. Port 8888 was already in use.

Action:

Identify and stop the process that's listening on port 8888 or configure this application to listen on another port.

2025-06-28 18:28:59 [background-preinit] INFO  o.h.validator.internal.util.Version - HV000001: Hibernate Validator 8.0.1.Final
2025-06-28 18:28:59 [restartedMain] INFO  a.d.tourist.TouristApplication - Starting TouristApplication using Java 21.0.5 with PID 111960 (C:\github\Spring\SpringJava20-Mubariz_Bayramov\tourist\target\classes started by User in C:\github\Spring\SpringJava20-Mubariz_Bayramov\tourist)
2025-06-28 18:28:59 [restartedMain] DEBUG a.d.tourist.TouristApplication - Running with Spring Boot v3.3.1, Spring v6.1.10
2025-06-28 18:28:59 [restartedMain] INFO  a.d.tourist.TouristApplication - No active profile set, falling back to 1 default profile: "default"
2025-06-28 18:28:59 [restartedMain] INFO  o.s.b.d.e.DevToolsPropertyDefaultsPostProcessor - Devtools property defaults active! Set 'spring.devtools.add-properties' to 'false' to disable
2025-06-28 18:28:59 [restartedMain] INFO  o.s.b.d.e.DevToolsPropertyDefaultsPostProcessor - For additional web related logging consider setting the 'logging.level.web' property to 'DEBUG'
2025-06-28 18:29:01 [restartedMain] INFO  o.s.d.r.c.RepositoryConfigurationDelegate - Bootstrapping Spring Data JPA repositories in DEFAULT mode.
2025-06-28 18:29:01 [restartedMain] INFO  o.s.d.r.c.RepositoryConfigurationDelegate - Finished Spring Data repository scanning in 233 ms. Found 9 JPA repository interfaces.
2025-06-28 18:29:03 [restartedMain] INFO  o.s.b.w.e.tomcat.TomcatWebServer - Tomcat initialized with port 8888 (http)
2025-06-28 18:29:03 [restartedMain] INFO  o.a.coyote.http11.Http11NioProtocol - Initializing ProtocolHandler ["http-nio-8888"]
2025-06-28 18:29:03 [restartedMain] INFO  o.a.catalina.core.StandardService - Starting service [Tomcat]
2025-06-28 18:29:03 [restartedMain] INFO  o.a.catalina.core.StandardEngine - Starting Servlet engine: [Apache Tomcat/10.1.25]
2025-06-28 18:29:03 [restartedMain] INFO  o.a.c.c.C.[Tomcat].[localhost].[/] - Initializing Spring embedded WebApplicationContext
2025-06-28 18:29:03 [restartedMain] INFO  o.s.b.w.s.c.ServletWebServerApplicationContext - Root WebApplicationContext: initialization completed in 3729 ms
2025-06-28 18:29:03 [restartedMain] INFO  com.zaxxer.hikari.HikariDataSource - HikariPool-1 - Starting...
2025-06-28 18:29:03 [restartedMain] INFO  com.zaxxer.hikari.pool.HikariPool - HikariPool-1 - Added connection conn0: url=jdbc:h2:mem:db user=ROOT
2025-06-28 18:29:03 [restartedMain] INFO  com.zaxxer.hikari.HikariDataSource - HikariPool-1 - Start completed.
2025-06-28 18:29:03 [restartedMain] INFO  o.s.b.a.h.H2ConsoleAutoConfiguration - H2 console available at '/h2-console'. Database available at 'jdbc:h2:mem:db'
2025-06-28 18:29:04 [restartedMain] INFO  o.h.jpa.internal.util.LogHelper - HHH000204: Processing PersistenceUnitInfo [name: default]
2025-06-28 18:29:04 [restartedMain] INFO  org.hibernate.Version - HHH000412: Hibernate ORM core version 6.5.2.Final
2025-06-28 18:29:04 [restartedMain] INFO  o.h.c.i.RegionFactoryInitiator - HHH000026: Second-level cache disabled
2025-06-28 18:29:04 [restartedMain] INFO  o.s.o.j.p.SpringPersistenceUnitInfo - No LoadTimeWeaver setup: ignoring JPA class transformer
2025-06-28 18:29:06 [restartedMain] INFO  o.h.e.t.j.p.i.JtaPlatformInitiator - HHH000489: No JTA platform available (set 'hibernate.transaction.jta.platform' to enable JTA platform integration)
2025-06-28 18:29:07 [restartedMain] DEBUG org.hibernate.SQL - create table authorities (id integer generated by default as identity, authority varchar(255), username varchar(255), primary key (id))
2025-06-28 18:29:07 [restartedMain] DEBUG org.hibernate.SQL - create table authority_list (id integer generated by default as identity, authority varchar(255), lessor integer, tourist integer, primary key (id))
2025-06-28 18:29:07 [restartedMain] DEBUG org.hibernate.SQL - create table bookings (id integer generated by default as identity, end_date date, start_date date, tourist_id integer, object_id integer not null, primary key (id))
2025-06-28 18:29:07 [restartedMain] DEBUG org.hibernate.SQL - create table comments (id integer generated by default as identity, content varchar(255) not null, tourist_id integer, object_id integer, primary key (id))
2025-06-28 18:29:07 [restartedMain] DEBUG org.hibernate.SQL - create table lessors (id integer generated by default as identity, birthday date, email varchar(255), name varchar(255), phone varchar(255), surname varchar(255), primary key (id))
2025-06-28 18:29:07 [restartedMain] DEBUG org.hibernate.SQL - create table objects (id integer generated by default as identity, address varchar(255), area float(53), category_id integer, description varchar(255), floor integer, lessor_code integer, name varchar(255), page_count integer, price numeric(38,2), price_per_night float(53), publish_date date, room_count integer, primary key (id))
2025-06-28 18:29:07 [restartedMain] DEBUG org.hibernate.SQL - create table ratings (id integer generated by default as identity, score integer, tourist_id integer, object_id integer, primary key (id))
2025-06-28 18:29:07 [restartedMain] DEBUG org.hibernate.SQL - create table reviews (id integer generated by default as identity, comment varchar(255), created_at timestamp(6), rating float(53), object_id integer, tourist_id integer, primary key (id))
2025-06-28 18:29:07 [restartedMain] DEBUG org.hibernate.SQL - create table roles (id bigint generated by default as identity, lessor integer, name varchar(255), tourist integer, primary key (id))
2025-06-28 18:29:07 [restartedMain] DEBUG org.hibernate.SQL - create table tourists (id integer generated by default as identity, birthday date, email varchar(255), name varchar(255), phone varchar(255), surname varchar(255), primary key (id))
2025-06-28 18:29:07 [restartedMain] DEBUG org.hibernate.SQL - create table user_roles (user_id bigint not null, role_id bigint not null, primary key (user_id, role_id))
2025-06-28 18:29:07 [restartedMain] DEBUG org.hibernate.SQL - create table users (id bigint generated by default as identity, enabled boolean, password varchar(255), user_id integer, user_type varchar(255), username varchar(255), primary key (id))
2025-06-28 18:29:07 [restartedMain] DEBUG org.hibernate.SQL - alter table if exists users drop constraint if exists UKr43af9ap4edm43mmtq01oddj6
2025-06-28 18:29:07 [restartedMain] DEBUG org.hibernate.SQL - alter table if exists users add constraint UKr43af9ap4edm43mmtq01oddj6 unique (username)
2025-06-28 18:29:07 [restartedMain] DEBUG org.hibernate.SQL - alter table if exists bookings add constraint FKkw8gvro97vljlul2xqy151kcv foreign key (object_id) references objects
2025-06-28 18:29:07 [restartedMain] DEBUG org.hibernate.SQL - alter table if exists comments add constraint FKohryl63tnbcwqimoy6gd92k2e foreign key (object_id) references objects
2025-06-28 18:29:07 [restartedMain] DEBUG org.hibernate.SQL - alter table if exists ratings add constraint FKd15a9mbgknj51ijj2xkg2bcb9 foreign key (object_id) references objects
2025-06-28 18:29:07 [restartedMain] DEBUG org.hibernate.SQL - alter table if exists reviews add constraint FKbaolsgqcud6gikav7hg1sie2p foreign key (object_id) references objects
2025-06-28 18:29:07 [restartedMain] DEBUG org.hibernate.SQL - alter table if exists reviews add constraint FK73u7atq8oagbwr8r5nnp8kkia foreign key (tourist_id) references tourists
2025-06-28 18:29:07 [restartedMain] DEBUG org.hibernate.SQL - alter table if exists user_roles add constraint FKh8ciramu9cc9q3qcqiv4ue8a6 foreign key (role_id) references roles
2025-06-28 18:29:07 [restartedMain] DEBUG org.hibernate.SQL - alter table if exists user_roles add constraint FKhfh9dx7w3ubf1co1vdev94g3f foreign key (user_id) references users
2025-06-28 18:29:07 [restartedMain] INFO  o.s.o.j.LocalContainerEntityManagerFactoryBean - Initialized JPA EntityManagerFactory for persistence unit 'default'
2025-06-28 18:29:08 [restartedMain] DEBUG a.d.t.f.JwtAuthenticationFilter - Filter 'jwtAuthenticationFilter' configured for use
2025-06-28 18:29:08 [restartedMain] WARN  o.s.b.a.o.j.JpaBaseConfiguration$JpaWebConfiguration - spring.jpa.open-in-view is enabled by default. Therefore, database queries may be performed during view rendering. Explicitly configure spring.jpa.open-in-view to disable this warning
2025-06-28 18:29:08 [restartedMain] INFO  o.s.s.c.a.a.c.InitializeUserDetailsBeanManagerConfigurer$InitializeUserDetailsManagerConfigurer - Global AuthenticationManager configured with UserDetailsService bean with name userDetailsServiceImpl
2025-06-28 18:29:09 [restartedMain] INFO  o.s.d.j.r.query.QueryEnhancerFactory - Hibernate is in classpath; If applicable, HQL parser will be used.
2025-06-28 18:29:11 [restartedMain] TRACE o.s.w.s.m.m.a.RequestMappingHandlerMapping - 
	a.d.t.c.AuthController:
	{POST [/apis/login]}: createAuthenticationToken(AuthRequest)
	{POST [/apis/refresh-token]}: refreshToken(TokenRequest)
2025-06-28 18:29:11 [restartedMain] TRACE o.s.w.s.m.m.a.RequestMappingHandlerMapping - 
	a.d.t.c.ObjectController:
	{PUT [/objects]}: update(ObjectUpdateRequest,BindingResult)
	{POST [/objects]}: add(ObjectAddRequest,BindingResult)
	{POST [/objects/filter]}: findAllSearchFilter(ObjectFilterRequest)
	{GET [/objects/{id}]}: findById(Integer)
	{DELETE [/objects/{id}]}: deleteById(Integer)
	{GET [/objects/search]}: findAllSearch(String)
2025-06-28 18:29:11 [restartedMain] TRACE o.s.w.s.m.m.a.RequestMappingHandlerMapping - 
	a.d.t.c.TouristController:
	{POST [/tourists/register]}: register(TouristAddRequest,BindingResult)
	{POST [/tourists/rate]}: rateObject(RatingRequest,BindingResult)
	{POST [/tourists/book]}: bookObject(BookingRequest,BindingResult)
	{POST [/tourists/comment]}: commentOnObject(CommentRequest,BindingResult)
	{GET [/tourists/search]}: searchObjects(String,Double,Double)
2025-06-28 18:29:11 [restartedMain] TRACE o.s.w.s.m.m.a.RequestMappingHandlerMapping - 
	a.d.t.c.UserController:
	{POST [/users/lessor]}: addLessor(LessorAddRequest,BindingResult)
	{POST [/users/tourist]}: addTourist(TouristAddRequest,BindingResult)
2025-06-28 18:29:11 [restartedMain] TRACE o.s.w.s.m.m.a.RequestMappingHandlerMapping - 
	o.s.b.a.w.s.e.BasicErrorController:
	{ [/error]}: error(HttpServletRequest)
	{ [/error], produces [text/html]}: errorHtml(HttpServletRequest,HttpServletResponse)
2025-06-28 18:29:11 [restartedMain] TRACE o.s.w.s.m.m.a.RequestMappingHandlerMapping - 
	o.s.w.a.OpenApiWebMvcResource:
	{GET [/v3/api-docs.yaml], produces [application/vnd.oai.openapi]}: openapiYaml(HttpServletRequest,String,Locale)
	{GET [/v3/api-docs], produces [application/json]}: openapiJson(HttpServletRequest,String,Locale)
2025-06-28 18:29:11 [restartedMain] TRACE o.s.w.s.m.m.a.RequestMappingHandlerMapping - 
	o.s.w.u.SwaggerWelcomeWebMvc:
	{GET [/swagger-ui.html]}: redirectToUi(HttpServletRequest)
2025-06-28 18:29:11 [restartedMain] TRACE o.s.w.s.m.m.a.RequestMappingHandlerMapping - 
	o.s.w.u.SwaggerConfigResource:
	{GET [/v3/api-docs/swagger-config], produces [application/json]}: openapiJson(HttpServletRequest)
2025-06-28 18:29:11 [restartedMain] DEBUG o.s.w.s.m.m.a.RequestMappingHandlerMapping - 21 mappings in 'requestMappingHandlerMapping'
2025-06-28 18:29:11 [restartedMain] DEBUG o.s.w.s.h.BeanNameUrlHandlerMapping - Detected 0 mappings in 'beanNameHandlerMapping'
2025-06-28 18:29:12 [restartedMain] TRACE o.s.w.s.f.s.RouterFunctionMapping - 0 RouterFunction(s) in 'routerFunctionMapping'
2025-06-28 18:29:12 [restartedMain] TRACE o.s.w.s.h.SimpleUrlHandlerMapping - Mapped [/webjars/**] onto ResourceHttpRequestHandler [classpath [META-INF/resources/webjars/]]
2025-06-28 18:29:12 [restartedMain] TRACE o.s.w.s.h.SimpleUrlHandlerMapping - Mapped [/**] onto ResourceHttpRequestHandler [classpath [META-INF/resources/], classpath [resources/], classpath [static/], classpath [public/], ServletContext [/]]
2025-06-28 18:29:12 [restartedMain] TRACE o.s.w.s.h.SimpleUrlHandlerMapping - Mapped [/swagger-ui*/*swagger-initializer.js] onto ResourceHttpRequestHandler [classpath [META-INF/resources/webjars/]]
2025-06-28 18:29:12 [restartedMain] TRACE o.s.w.s.h.SimpleUrlHandlerMapping - Mapped [/swagger-ui*/**] onto ResourceHttpRequestHandler [classpath [META-INF/resources/webjars/]]
2025-06-28 18:29:12 [restartedMain] DEBUG o.s.w.s.h.SimpleUrlHandlerMapping - Patterns [/webjars/**, /**, /swagger-ui*/*swagger-initializer.js, /swagger-ui*/**] in 'resourceHandlerMapping'
2025-06-28 18:29:12 [restartedMain] DEBUG o.s.s.web.DefaultSecurityFilterChain - Will secure any request with filters: DisableEncodeUrlFilter, WebAsyncManagerIntegrationFilter, SecurityContextHolderFilter, HeaderWriterFilter, CorsFilter, LogoutFilter, JwtAuthenticationFilter, RequestCacheAwareFilter, SecurityContextHolderAwareRequestFilter, AnonymousAuthenticationFilter, SessionManagementFilter, ExceptionTranslationFilter, AuthorizationFilter
2025-06-28 18:29:12 [restartedMain] DEBUG o.s.w.s.m.m.a.RequestMappingHandlerAdapter - ControllerAdvice beans: 0 @ModelAttribute, 0 @InitBinder, 1 RequestBodyAdvice, 1 ResponseBodyAdvice
2025-06-28 18:29:12 [restartedMain] DEBUG o.s.w.s.m.m.a.ExceptionHandlerExceptionResolver - ControllerAdvice beans: 2 @ExceptionHandler, 1 ResponseBodyAdvice
2025-06-28 18:29:13 [restartedMain] WARN  o.s.b.d.a.OptionalLiveReloadServer - Unable to start LiveReload server
2025-06-28 18:29:13 [restartedMain] INFO  o.a.coyote.http11.Http11NioProtocol - Starting ProtocolHandler ["http-nio-8888"]
2025-06-28 18:29:13 [restartedMain] WARN  o.s.b.w.s.c.AnnotationConfigServletWebServerApplicationContext - Exception encountered during context initialization - cancelling refresh attempt: org.springframework.context.ApplicationContextException: Failed to start bean 'webServerStartStop'
2025-06-28 18:29:13 [restartedMain] INFO  o.s.o.j.LocalContainerEntityManagerFactoryBean - Closing JPA EntityManagerFactory for persistence unit 'default'
2025-06-28 18:29:13 [restartedMain] WARN  o.s.b.f.s.DisposableBeanAdapter - Invocation of destroy method failed on bean with name 'inMemoryDatabaseShutdownExecutor': org.h2.jdbc.JdbcSQLNonTransientConnectionException: Database is already closed (to disable automatic closing at VM shutdown, add ";DB_CLOSE_ON_EXIT=FALSE" to the db URL) [90121-224]
2025-06-28 18:29:13 [restartedMain] INFO  com.zaxxer.hikari.HikariDataSource - HikariPool-1 - Shutdown initiated...
2025-06-28 18:29:13 [restartedMain] INFO  com.zaxxer.hikari.HikariDataSource - HikariPool-1 - Shutdown completed.
2025-06-28 18:29:13 [restartedMain] INFO  o.s.b.a.l.ConditionEvaluationReportLogger - 

Error starting ApplicationContext. To display the condition evaluation report re-run your application with 'debug' enabled.
2025-06-28 18:29:13 [restartedMain] ERROR o.s.b.d.LoggingFailureAnalysisReporter - 

***************************
APPLICATION FAILED TO START
***************************

Description:

Web server failed to start. Port 8888 was already in use.

Action:

Identify and stop the process that's listening on port 8888 or configure this application to listen on another port.

