2025-05-20 13:15:35 [background-preinit] INFO  o.h.validator.internal.util.Version - HV000001: Hibernate Validator 8.0.1.Final
2025-05-20 13:15:35 [restartedMain] INFO  a.d.l.LibrarianMubarizBayramovApplication - Starting LibrarianMubarizBayramovApplication using Java 21.0.5 with PID 43724 (C:\github\Spring\SpringJava20-Mubariz_Bayramov\librarian-mubariz-bayramov\target\classes started by User in C:\github\Spring\SpringJava20-Mubariz_Bayramov\librarian-mubariz-bayramov)
2025-05-20 13:15:35 [restartedMain] DEBUG a.d.l.LibrarianMubarizBayramovApplication - Running with Spring Boot v3.3.1, Spring v6.1.10
2025-05-20 13:15:35 [restartedMain] INFO  a.d.l.LibrarianMubarizBayramovApplication - No active profile set, falling back to 1 default profile: "default"
2025-05-20 13:15:35 [restartedMain] INFO  o.s.b.d.e.DevToolsPropertyDefaultsPostProcessor - Devtools property defaults active! Set 'spring.devtools.add-properties' to 'false' to disable
2025-05-20 13:15:35 [restartedMain] INFO  o.s.b.d.e.DevToolsPropertyDefaultsPostProcessor - For additional web related logging consider setting the 'logging.level.web' property to 'DEBUG'
2025-05-20 13:15:36 [restartedMain] INFO  o.s.d.r.c.RepositoryConfigurationDelegate - Bootstrapping Spring Data JPA repositories in DEFAULT mode.
2025-05-20 13:15:37 [restartedMain] INFO  o.s.d.r.c.RepositoryConfigurationDelegate - Finished Spring Data repository scanning in 259 ms. Found 9 JPA repository interfaces.
2025-05-20 13:15:38 [restartedMain] INFO  o.s.b.w.e.tomcat.TomcatWebServer - Tomcat initialized with port 8888 (http)
2025-05-20 13:15:38 [restartedMain] INFO  o.a.coyote.http11.Http11NioProtocol - Initializing ProtocolHandler ["http-nio-8888"]
2025-05-20 13:15:38 [restartedMain] INFO  o.a.catalina.core.StandardService - Starting service [Tomcat]
2025-05-20 13:15:38 [restartedMain] INFO  o.a.catalina.core.StandardEngine - Starting Servlet engine: [Apache Tomcat/10.1.25]
2025-05-20 13:15:38 [restartedMain] INFO  o.a.c.c.C.[Tomcat].[localhost].[/] - Initializing Spring embedded WebApplicationContext
2025-05-20 13:15:38 [restartedMain] INFO  o.s.b.w.s.c.ServletWebServerApplicationContext - Root WebApplicationContext: initialization completed in 2939 ms
2025-05-20 13:15:38 [restartedMain] INFO  com.zaxxer.hikari.HikariDataSource - HikariPool-1 - Starting...
2025-05-20 13:15:38 [restartedMain] INFO  com.zaxxer.hikari.pool.HikariPool - HikariPool-1 - Added connection conn0: url=jdbc:h2:mem:db user=ROOT
2025-05-20 13:15:38 [restartedMain] INFO  com.zaxxer.hikari.HikariDataSource - HikariPool-1 - Start completed.
2025-05-20 13:15:38 [restartedMain] INFO  o.s.b.a.h.H2ConsoleAutoConfiguration - H2 console available at '/h2-console'. Database available at 'jdbc:h2:mem:db'
2025-05-20 13:15:38 [restartedMain] INFO  o.h.jpa.internal.util.LogHelper - HHH000204: Processing PersistenceUnitInfo [name: default]
2025-05-20 13:15:38 [restartedMain] INFO  org.hibernate.Version - HHH000412: Hibernate ORM core version 6.5.2.Final
2025-05-20 13:15:38 [restartedMain] INFO  o.h.c.i.RegionFactoryInitiator - HHH000026: Second-level cache disabled
2025-05-20 13:15:39 [restartedMain] INFO  o.s.o.j.p.SpringPersistenceUnitInfo - No LoadTimeWeaver setup: ignoring JPA class transformer
2025-05-20 13:15:41 [restartedMain] INFO  o.h.e.t.j.p.i.JtaPlatformInitiator - HHH000489: No JTA platform available (set 'hibernate.transaction.jta.platform' to enable JTA platform integration)
2025-05-20 13:15:41 [restartedMain] DEBUG org.hibernate.SQL - create table authorities (id integer generated by default as identity, authority varchar(255), username varchar(255), primary key (id))
2025-05-20 13:15:41 [restartedMain] DEBUG org.hibernate.SQL - create table authority_list (id integer generated by default as identity, authority varchar(255), librarian integer, student integer, primary key (id))
2025-05-20 13:15:41 [restartedMain] DEBUG org.hibernate.SQL - create table books (id integer generated by default as identity, author varchar(255), category_id integer, color varchar(255), description varchar(255), librarian_code integer, name varchar(255), page_count integer, price numeric(38,2), publish_date date, quantity integer, weight float(53), primary key (id))
2025-05-20 13:15:41 [restartedMain] DEBUG org.hibernate.SQL - create table librarians (id integer generated by default as identity, birthday date, name varchar(255), phone varchar(255), surname varchar(255), primary key (id))
2025-05-20 13:15:41 [restartedMain] DEBUG org.hibernate.SQL - create table librarians_book_count (id integer not null, count integer, name varchar(255), primary key (id))
2025-05-20 13:15:41 [restartedMain] DEBUG org.hibernate.SQL - create table roles (id bigint generated by default as identity, librarian integer not null, name varchar(255), student integer not null, primary key (id))
2025-05-20 13:15:41 [restartedMain] DEBUG org.hibernate.SQL - create table student_books (id integer generated by default as identity, book_id integer, due_date date, given_date date, is_returned boolean not null, returned boolean not null, student_id integer, primary key (id))
2025-05-20 13:15:41 [restartedMain] DEBUG org.hibernate.SQL - create table students (id integer generated by default as identity, age integer, email varchar(255), librarian_code integer, name varchar(255), surname varchar(255), primary key (id))
2025-05-20 13:15:41 [restartedMain] DEBUG org.hibernate.SQL - create table translates (id integer generated by default as identity, language varchar(255), translate varchar(255), word varchar(255), primary key (id))
2025-05-20 13:15:41 [restartedMain] DEBUG org.hibernate.SQL - create table user_roles (user_id bigint not null, role_id bigint not null, primary key (user_id, role_id))
2025-05-20 13:15:41 [restartedMain] DEBUG org.hibernate.SQL - create table users (id bigint generated by default as identity, enabled boolean, password varchar(255), user_id integer, user_type varchar(255), username varchar(255), primary key (id))
2025-05-20 13:15:41 [restartedMain] DEBUG org.hibernate.SQL - alter table if exists user_roles add constraint FKh8ciramu9cc9q3qcqiv4ue8a6 foreign key (role_id) references roles
2025-05-20 13:15:41 [restartedMain] DEBUG org.hibernate.SQL - alter table if exists user_roles add constraint FKhfh9dx7w3ubf1co1vdev94g3f foreign key (user_id) references users
2025-05-20 13:15:41 [restartedMain] INFO  o.s.o.j.LocalContainerEntityManagerFactoryBean - Initialized JPA EntityManagerFactory for persistence unit 'default'
2025-05-20 13:15:41 [restartedMain] DEBUG a.d.l.f.JwtAuthenticationFilter - Filter 'jwtAuthenticationFilter' configured for use
2025-05-20 13:15:41 [restartedMain] WARN  o.s.b.a.o.j.JpaBaseConfiguration$JpaWebConfiguration - spring.jpa.open-in-view is enabled by default. Therefore, database queries may be performed during view rendering. Explicitly configure spring.jpa.open-in-view to disable this warning
2025-05-20 13:15:41 [restartedMain] INFO  o.s.s.c.a.a.c.InitializeUserDetailsBeanManagerConfigurer$InitializeUserDetailsManagerConfigurer - Global AuthenticationManager configured with UserDetailsService bean with name userDetailsServiceImpl
2025-05-20 13:15:42 [restartedMain] INFO  o.s.d.j.r.query.QueryEnhancerFactory - Hibernate is in classpath; If applicable, HQL parser will be used.
2025-05-20 13:15:44 [restartedMain] INFO  o.s.b.d.a.OptionalLiveReloadServer - LiveReload server is running on port 35729
2025-05-20 13:15:44 [restartedMain] INFO  o.a.coyote.http11.Http11NioProtocol - Starting ProtocolHandler ["http-nio-8888"]
2025-05-20 13:15:44 [restartedMain] INFO  o.s.b.w.e.tomcat.TomcatWebServer - Tomcat started on port 8888 (http) with context path '/'
2025-05-20 13:15:44 [restartedMain] INFO  a.d.l.LibrarianMubarizBayramovApplication - Started LibrarianMubarizBayramovApplication in 9.519 seconds (process running for 10.193)
2025-05-20 13:27:39 [background-preinit] INFO  o.h.validator.internal.util.Version - HV000001: Hibernate Validator 8.0.1.Final
2025-05-20 13:27:39 [restartedMain] INFO  a.d.l.LibrarianMubarizBayramovApplication - Starting LibrarianMubarizBayramovApplication using Java 21.0.5 with PID 48752 (C:\github\Spring\SpringJava20-Mubariz_Bayramov\librarian-mubariz-bayramov\target\classes started by User in C:\github\Spring\SpringJava20-Mubariz_Bayramov\librarian-mubariz-bayramov)
2025-05-20 13:27:39 [restartedMain] DEBUG a.d.l.LibrarianMubarizBayramovApplication - Running with Spring Boot v3.3.1, Spring v6.1.10
2025-05-20 13:27:39 [restartedMain] INFO  a.d.l.LibrarianMubarizBayramovApplication - No active profile set, falling back to 1 default profile: "default"
2025-05-20 13:27:39 [background-preinit] INFO  o.h.validator.internal.util.Version - HV000001: Hibernate Validator 8.0.1.Final
2025-05-20 13:27:39 [restartedMain] INFO  o.s.b.d.e.DevToolsPropertyDefaultsPostProcessor - Devtools property defaults active! Set 'spring.devtools.add-properties' to 'false' to disable
2025-05-20 13:27:39 [restartedMain] INFO  o.s.b.d.e.DevToolsPropertyDefaultsPostProcessor - For additional web related logging consider setting the 'logging.level.web' property to 'DEBUG'
2025-05-20 13:27:39 [restartedMain] INFO  a.d.l.LibrarianMubarizBayramovApplication - Starting LibrarianMubarizBayramovApplication using Java 21.0.5 with PID 37344 (C:\github\Spring\SpringJava20-Mubariz_Bayramov\librarian-mubariz-bayramov\target\classes started by User in C:\github\Spring\SpringJava20-Mubariz_Bayramov\librarian-mubariz-bayramov)
2025-05-20 13:27:39 [restartedMain] DEBUG a.d.l.LibrarianMubarizBayramovApplication - Running with Spring Boot v3.3.1, Spring v6.1.10
2025-05-20 13:27:39 [restartedMain] INFO  a.d.l.LibrarianMubarizBayramovApplication - No active profile set, falling back to 1 default profile: "default"
2025-05-20 13:27:39 [restartedMain] INFO  o.s.b.d.e.DevToolsPropertyDefaultsPostProcessor - Devtools property defaults active! Set 'spring.devtools.add-properties' to 'false' to disable
2025-05-20 13:27:39 [restartedMain] INFO  o.s.b.d.e.DevToolsPropertyDefaultsPostProcessor - For additional web related logging consider setting the 'logging.level.web' property to 'DEBUG'
2025-05-20 13:27:42 [restartedMain] INFO  o.s.d.r.c.RepositoryConfigurationDelegate - Bootstrapping Spring Data JPA repositories in DEFAULT mode.
2025-05-20 13:27:42 [restartedMain] INFO  o.s.d.r.c.RepositoryConfigurationDelegate - Bootstrapping Spring Data JPA repositories in DEFAULT mode.
2025-05-20 13:27:42 [restartedMain] INFO  o.s.d.r.c.RepositoryConfigurationDelegate - Finished Spring Data repository scanning in 273 ms. Found 9 JPA repository interfaces.
2025-05-20 13:27:42 [restartedMain] INFO  o.s.d.r.c.RepositoryConfigurationDelegate - Finished Spring Data repository scanning in 262 ms. Found 9 JPA repository interfaces.
2025-05-20 13:27:44 [restartedMain] INFO  o.s.b.w.e.tomcat.TomcatWebServer - Tomcat initialized with port 8888 (http)
2025-05-20 13:27:44 [restartedMain] INFO  o.a.coyote.http11.Http11NioProtocol - Initializing ProtocolHandler ["http-nio-8888"]
2025-05-20 13:27:44 [restartedMain] INFO  o.a.catalina.core.StandardService - Starting service [Tomcat]
2025-05-20 13:27:44 [restartedMain] INFO  o.a.catalina.core.StandardEngine - Starting Servlet engine: [Apache Tomcat/10.1.25]
2025-05-20 13:27:44 [restartedMain] INFO  o.s.b.w.e.tomcat.TomcatWebServer - Tomcat initialized with port 8888 (http)
2025-05-20 13:27:44 [restartedMain] INFO  o.a.coyote.http11.Http11NioProtocol - Initializing ProtocolHandler ["http-nio-8888"]
2025-05-20 13:27:44 [restartedMain] INFO  o.a.catalina.core.StandardService - Starting service [Tomcat]
2025-05-20 13:27:44 [restartedMain] INFO  o.a.catalina.core.StandardEngine - Starting Servlet engine: [Apache Tomcat/10.1.25]
2025-05-20 13:27:44 [restartedMain] INFO  o.a.c.c.C.[Tomcat].[localhost].[/] - Initializing Spring embedded WebApplicationContext
2025-05-20 13:27:44 [restartedMain] INFO  o.s.b.w.s.c.ServletWebServerApplicationContext - Root WebApplicationContext: initialization completed in 4774 ms
2025-05-20 13:27:44 [restartedMain] INFO  o.a.c.c.C.[Tomcat].[localhost].[/] - Initializing Spring embedded WebApplicationContext
2025-05-20 13:27:44 [restartedMain] INFO  o.s.b.w.s.c.ServletWebServerApplicationContext - Root WebApplicationContext: initialization completed in 4739 ms
2025-05-20 13:27:44 [restartedMain] INFO  com.zaxxer.hikari.HikariDataSource - HikariPool-1 - Starting...
2025-05-20 13:27:44 [restartedMain] INFO  com.zaxxer.hikari.HikariDataSource - HikariPool-1 - Starting...
2025-05-20 13:27:45 [restartedMain] INFO  com.zaxxer.hikari.pool.HikariPool - HikariPool-1 - Added connection conn0: url=jdbc:h2:mem:db user=ROOT
2025-05-20 13:27:45 [restartedMain] INFO  com.zaxxer.hikari.HikariDataSource - HikariPool-1 - Start completed.
2025-05-20 13:27:45 [restartedMain] INFO  o.s.b.a.h.H2ConsoleAutoConfiguration - H2 console available at '/h2-console'. Database available at 'jdbc:h2:mem:db'
2025-05-20 13:27:45 [restartedMain] INFO  com.zaxxer.hikari.pool.HikariPool - HikariPool-1 - Added connection conn0: url=jdbc:h2:mem:db user=ROOT
2025-05-20 13:27:45 [restartedMain] INFO  com.zaxxer.hikari.HikariDataSource - HikariPool-1 - Start completed.
2025-05-20 13:27:45 [restartedMain] INFO  o.s.b.a.h.H2ConsoleAutoConfiguration - H2 console available at '/h2-console'. Database available at 'jdbc:h2:mem:db'
2025-05-20 13:27:45 [restartedMain] INFO  o.h.jpa.internal.util.LogHelper - HHH000204: Processing PersistenceUnitInfo [name: default]
2025-05-20 13:27:45 [restartedMain] INFO  o.h.jpa.internal.util.LogHelper - HHH000204: Processing PersistenceUnitInfo [name: default]
2025-05-20 13:27:45 [restartedMain] INFO  org.hibernate.Version - HHH000412: Hibernate ORM core version 6.5.2.Final
2025-05-20 13:27:45 [restartedMain] INFO  org.hibernate.Version - HHH000412: Hibernate ORM core version 6.5.2.Final
2025-05-20 13:27:45 [restartedMain] INFO  o.h.c.i.RegionFactoryInitiator - HHH000026: Second-level cache disabled
2025-05-20 13:27:45 [restartedMain] INFO  o.h.c.i.RegionFactoryInitiator - HHH000026: Second-level cache disabled
2025-05-20 13:27:46 [restartedMain] INFO  o.s.o.j.p.SpringPersistenceUnitInfo - No LoadTimeWeaver setup: ignoring JPA class transformer
2025-05-20 13:27:46 [restartedMain] INFO  o.s.o.j.p.SpringPersistenceUnitInfo - No LoadTimeWeaver setup: ignoring JPA class transformer
2025-05-20 13:27:48 [restartedMain] INFO  o.h.e.t.j.p.i.JtaPlatformInitiator - HHH000489: No JTA platform available (set 'hibernate.transaction.jta.platform' to enable JTA platform integration)
2025-05-20 13:27:48 [restartedMain] INFO  o.h.e.t.j.p.i.JtaPlatformInitiator - HHH000489: No JTA platform available (set 'hibernate.transaction.jta.platform' to enable JTA platform integration)
2025-05-20 13:27:48 [restartedMain] DEBUG org.hibernate.SQL - create table authorities (id integer generated by default as identity, authority varchar(255), username varchar(255), primary key (id))
2025-05-20 13:27:48 [restartedMain] DEBUG org.hibernate.SQL - create table authorities (id integer generated by default as identity, authority varchar(255), username varchar(255), primary key (id))
2025-05-20 13:27:48 [restartedMain] DEBUG org.hibernate.SQL - create table authority_list (id integer generated by default as identity, authority varchar(255), librarian integer, student integer, primary key (id))
2025-05-20 13:27:48 [restartedMain] DEBUG org.hibernate.SQL - create table books (id integer generated by default as identity, author varchar(255), category_id integer, color varchar(255), description varchar(255), librarian_code integer, name varchar(255), page_count integer, price numeric(38,2), publish_date date, quantity integer, weight float(53), primary key (id))
2025-05-20 13:27:48 [restartedMain] DEBUG org.hibernate.SQL - create table librarians (id integer generated by default as identity, birthday date, name varchar(255), phone varchar(255), surname varchar(255), primary key (id))
2025-05-20 13:27:48 [restartedMain] DEBUG org.hibernate.SQL - create table librarians_book_count (id integer not null, count integer, name varchar(255), primary key (id))
2025-05-20 13:27:48 [restartedMain] DEBUG org.hibernate.SQL - create table roles (id bigint generated by default as identity, librarian integer not null, name varchar(255), student integer not null, primary key (id))
2025-05-20 13:27:48 [restartedMain] DEBUG org.hibernate.SQL - create table student_books (id integer generated by default as identity, book_id integer, due_date date, given_date date, is_returned boolean not null, returned boolean not null, student_id integer, primary key (id))
2025-05-20 13:27:48 [restartedMain] DEBUG org.hibernate.SQL - create table students (id integer generated by default as identity, age integer, email varchar(255), librarian_code integer, name varchar(255), surname varchar(255), primary key (id))
2025-05-20 13:27:48 [restartedMain] DEBUG org.hibernate.SQL - create table translates (id integer generated by default as identity, language varchar(255), translate varchar(255), word varchar(255), primary key (id))
2025-05-20 13:27:48 [restartedMain] DEBUG org.hibernate.SQL - create table user_roles (user_id bigint not null, role_id bigint not null, primary key (user_id, role_id))
2025-05-20 13:27:48 [restartedMain] DEBUG org.hibernate.SQL - create table users (id bigint generated by default as identity, enabled boolean, password varchar(255), user_id integer, user_type varchar(255), username varchar(255), primary key (id))
2025-05-20 13:27:48 [restartedMain] DEBUG org.hibernate.SQL - alter table if exists user_roles add constraint FKh8ciramu9cc9q3qcqiv4ue8a6 foreign key (role_id) references roles
2025-05-20 13:27:48 [restartedMain] DEBUG org.hibernate.SQL - create table authority_list (id integer generated by default as identity, authority varchar(255), librarian integer, student integer, primary key (id))
2025-05-20 13:27:48 [restartedMain] DEBUG org.hibernate.SQL - create table books (id integer generated by default as identity, author varchar(255), category_id integer, color varchar(255), description varchar(255), librarian_code integer, name varchar(255), page_count integer, price numeric(38,2), publish_date date, quantity integer, weight float(53), primary key (id))
2025-05-20 13:27:48 [restartedMain] DEBUG org.hibernate.SQL - alter table if exists user_roles add constraint FKhfh9dx7w3ubf1co1vdev94g3f foreign key (user_id) references users
2025-05-20 13:27:48 [restartedMain] DEBUG org.hibernate.SQL - create table librarians (id integer generated by default as identity, birthday date, name varchar(255), phone varchar(255), surname varchar(255), primary key (id))
2025-05-20 13:27:48 [restartedMain] DEBUG org.hibernate.SQL - create table librarians_book_count (id integer not null, count integer, name varchar(255), primary key (id))
2025-05-20 13:27:48 [restartedMain] DEBUG org.hibernate.SQL - create table roles (id bigint generated by default as identity, librarian integer not null, name varchar(255), student integer not null, primary key (id))
2025-05-20 13:27:48 [restartedMain] INFO  o.s.o.j.LocalContainerEntityManagerFactoryBean - Initialized JPA EntityManagerFactory for persistence unit 'default'
2025-05-20 13:27:48 [restartedMain] DEBUG org.hibernate.SQL - create table student_books (id integer generated by default as identity, book_id integer, due_date date, given_date date, is_returned boolean not null, returned boolean not null, student_id integer, primary key (id))
2025-05-20 13:27:48 [restartedMain] DEBUG org.hibernate.SQL - create table students (id integer generated by default as identity, age integer, email varchar(255), librarian_code integer, name varchar(255), surname varchar(255), primary key (id))
2025-05-20 13:27:48 [restartedMain] DEBUG org.hibernate.SQL - create table translates (id integer generated by default as identity, language varchar(255), translate varchar(255), word varchar(255), primary key (id))
2025-05-20 13:27:48 [restartedMain] DEBUG org.hibernate.SQL - create table user_roles (user_id bigint not null, role_id bigint not null, primary key (user_id, role_id))
2025-05-20 13:27:48 [restartedMain] DEBUG org.hibernate.SQL - create table users (id bigint generated by default as identity, enabled boolean, password varchar(255), user_id integer, user_type varchar(255), username varchar(255), primary key (id))
2025-05-20 13:27:48 [restartedMain] DEBUG org.hibernate.SQL - alter table if exists user_roles add constraint FKh8ciramu9cc9q3qcqiv4ue8a6 foreign key (role_id) references roles
2025-05-20 13:27:48 [restartedMain] DEBUG org.hibernate.SQL - alter table if exists user_roles add constraint FKhfh9dx7w3ubf1co1vdev94g3f foreign key (user_id) references users
2025-05-20 13:27:48 [restartedMain] INFO  o.s.o.j.LocalContainerEntityManagerFactoryBean - Initialized JPA EntityManagerFactory for persistence unit 'default'
2025-05-20 13:27:49 [restartedMain] DEBUG a.d.l.f.JwtAuthenticationFilter - Filter 'jwtAuthenticationFilter' configured for use
2025-05-20 13:27:49 [restartedMain] DEBUG a.d.l.f.JwtAuthenticationFilter - Filter 'jwtAuthenticationFilter' configured for use
2025-05-20 13:27:49 [restartedMain] WARN  o.s.b.a.o.j.JpaBaseConfiguration$JpaWebConfiguration - spring.jpa.open-in-view is enabled by default. Therefore, database queries may be performed during view rendering. Explicitly configure spring.jpa.open-in-view to disable this warning
2025-05-20 13:27:49 [restartedMain] INFO  o.s.s.c.a.a.c.InitializeUserDetailsBeanManagerConfigurer$InitializeUserDetailsManagerConfigurer - Global AuthenticationManager configured with UserDetailsService bean with name userDetailsServiceImpl
2025-05-20 13:27:49 [restartedMain] WARN  o.s.b.a.o.j.JpaBaseConfiguration$JpaWebConfiguration - spring.jpa.open-in-view is enabled by default. Therefore, database queries may be performed during view rendering. Explicitly configure spring.jpa.open-in-view to disable this warning
2025-05-20 13:27:49 [restartedMain] INFO  o.s.s.c.a.a.c.InitializeUserDetailsBeanManagerConfigurer$InitializeUserDetailsManagerConfigurer - Global AuthenticationManager configured with UserDetailsService bean with name userDetailsServiceImpl
2025-05-20 13:27:49 [restartedMain] INFO  o.s.d.j.r.query.QueryEnhancerFactory - Hibernate is in classpath; If applicable, HQL parser will be used.
2025-05-20 13:27:50 [restartedMain] INFO  o.s.d.j.r.query.QueryEnhancerFactory - Hibernate is in classpath; If applicable, HQL parser will be used.
2025-05-20 13:27:52 [restartedMain] INFO  o.s.b.d.a.OptionalLiveReloadServer - LiveReload server is running on port 35729
2025-05-20 13:27:52 [restartedMain] INFO  o.a.coyote.http11.Http11NioProtocol - Starting ProtocolHandler ["http-nio-8888"]
2025-05-20 13:27:52 [restartedMain] WARN  o.s.b.d.a.OptionalLiveReloadServer - Unable to start LiveReload server
2025-05-20 13:27:52 [restartedMain] INFO  o.s.b.w.e.tomcat.TomcatWebServer - Tomcat started on port 8888 (http) with context path '/'
2025-05-20 13:27:52 [restartedMain] INFO  a.d.l.LibrarianMubarizBayramovApplication - Started LibrarianMubarizBayramovApplication in 14.052 seconds (process running for 14.932)
2025-05-20 13:27:52 [restartedMain] INFO  o.a.coyote.http11.Http11NioProtocol - Starting ProtocolHandler ["http-nio-8888"]
2025-05-20 13:27:52 [restartedMain] WARN  o.s.b.w.s.c.AnnotationConfigServletWebServerApplicationContext - Exception encountered during context initialization - cancelling refresh attempt: org.springframework.context.ApplicationContextException: Failed to start bean 'webServerStartStop'
2025-05-20 13:27:52 [restartedMain] INFO  o.s.o.j.LocalContainerEntityManagerFactoryBean - Closing JPA EntityManagerFactory for persistence unit 'default'
2025-05-20 13:27:52 [restartedMain] WARN  o.s.b.f.s.DisposableBeanAdapter - Invocation of destroy method failed on bean with name 'inMemoryDatabaseShutdownExecutor': org.h2.jdbc.JdbcSQLNonTransientConnectionException: Database is already closed (to disable automatic closing at VM shutdown, add ";DB_CLOSE_ON_EXIT=FALSE" to the db URL) [90121-224]
2025-05-20 13:27:52 [restartedMain] INFO  com.zaxxer.hikari.HikariDataSource - HikariPool-1 - Shutdown initiated...
2025-05-20 13:27:52 [restartedMain] INFO  com.zaxxer.hikari.HikariDataSource - HikariPool-1 - Shutdown completed.
2025-05-20 13:27:52 [restartedMain] INFO  o.s.b.a.l.ConditionEvaluationReportLogger - 

Error starting ApplicationContext. To display the condition evaluation report re-run your application with 'debug' enabled.
2025-05-20 13:27:53 [restartedMain] ERROR o.s.b.d.LoggingFailureAnalysisReporter - 

***************************
APPLICATION FAILED TO START
***************************

Description:

Web server failed to start. Port 8888 was already in use.

Action:

Identify and stop the process that's listening on port 8888 or configure this application to listen on another port.

