2025-05-08 00:03:10 [background-preinit] INFO  o.h.validator.internal.util.Version - HV000001: Hibernate Validator 8.0.1.Final
2025-05-08 00:03:10 [restartedMain] INFO  a.d.l.LibrarianMubarizBayramovApplication - Starting LibrarianMubarizBayramovApplication using Java 21.0.5 with PID 44584 (C:\github\Spring\SpringJava20-Mubariz_Bayramov\librarian-mubariz-bayramov\target\classes started by User in C:\github\Spring\SpringJava20-Mubariz_Bayramov\librarian-mubariz-bayramov)
2025-05-08 00:03:10 [restartedMain] DEBUG a.d.l.LibrarianMubarizBayramovApplication - Running with Spring Boot v3.3.1, Spring v6.1.10
2025-05-08 00:03:10 [restartedMain] INFO  a.d.l.LibrarianMubarizBayramovApplication - No active profile set, falling back to 1 default profile: "default"
2025-05-08 00:03:10 [restartedMain] INFO  o.s.b.d.e.DevToolsPropertyDefaultsPostProcessor - Devtools property defaults active! Set 'spring.devtools.add-properties' to 'false' to disable
2025-05-08 00:03:10 [restartedMain] INFO  o.s.b.d.e.DevToolsPropertyDefaultsPostProcessor - For additional web related logging consider setting the 'logging.level.web' property to 'DEBUG'
2025-05-08 00:03:12 [restartedMain] INFO  o.s.d.r.c.RepositoryConfigurationDelegate - Bootstrapping Spring Data JPA repositories in DEFAULT mode.
2025-05-08 00:03:12 [restartedMain] INFO  o.s.d.r.c.RepositoryConfigurationDelegate - Finished Spring Data repository scanning in 241 ms. Found 9 JPA repository interfaces.
2025-05-08 00:03:13 [restartedMain] INFO  o.s.b.w.e.tomcat.TomcatWebServer - Tomcat initialized with port 8888 (http)
2025-05-08 00:03:13 [restartedMain] INFO  o.a.coyote.http11.Http11NioProtocol - Initializing ProtocolHandler ["http-nio-8888"]
2025-05-08 00:03:13 [restartedMain] INFO  o.a.catalina.core.StandardService - Starting service [Tomcat]
2025-05-08 00:03:13 [restartedMain] INFO  o.a.catalina.core.StandardEngine - Starting Servlet engine: [Apache Tomcat/10.1.25]
2025-05-08 00:03:14 [restartedMain] INFO  o.a.c.c.C.[Tomcat].[localhost].[/] - Initializing Spring embedded WebApplicationContext
2025-05-08 00:03:14 [restartedMain] INFO  o.s.b.w.s.c.ServletWebServerApplicationContext - Root WebApplicationContext: initialization completed in 3497 ms
2025-05-08 00:03:14 [restartedMain] INFO  com.zaxxer.hikari.HikariDataSource - HikariPool-1 - Starting...
2025-05-08 00:03:14 [restartedMain] INFO  com.zaxxer.hikari.pool.HikariPool - HikariPool-1 - Added connection conn0: url=jdbc:h2:mem:db user=ROOT
2025-05-08 00:03:14 [restartedMain] INFO  com.zaxxer.hikari.HikariDataSource - HikariPool-1 - Start completed.
2025-05-08 00:03:14 [restartedMain] INFO  o.s.b.a.h.H2ConsoleAutoConfiguration - H2 console available at '/h2-console'. Database available at 'jdbc:h2:mem:db'
2025-05-08 00:03:14 [restartedMain] INFO  o.h.jpa.internal.util.LogHelper - HHH000204: Processing PersistenceUnitInfo [name: default]
2025-05-08 00:03:14 [restartedMain] INFO  org.hibernate.Version - HHH000412: Hibernate ORM core version 6.5.2.Final
2025-05-08 00:03:14 [restartedMain] INFO  o.h.c.i.RegionFactoryInitiator - HHH000026: Second-level cache disabled
2025-05-08 00:03:15 [restartedMain] INFO  o.s.o.j.p.SpringPersistenceUnitInfo - No LoadTimeWeaver setup: ignoring JPA class transformer
2025-05-08 00:03:16 [restartedMain] INFO  o.h.e.t.j.p.i.JtaPlatformInitiator - HHH000489: No JTA platform available (set 'hibernate.transaction.jta.platform' to enable JTA platform integration)
2025-05-08 00:03:17 [restartedMain] DEBUG org.hibernate.SQL - create table authorities (id integer generated by default as identity, authority varchar(255), username varchar(255), primary key (id))
2025-05-08 00:03:17 [restartedMain] DEBUG org.hibernate.SQL - create table authority_list (id integer generated by default as identity, authority varchar(255), librarian integer, student integer, primary key (id))
2025-05-08 00:03:17 [restartedMain] DEBUG org.hibernate.SQL - create table books (id integer generated by default as identity, author varchar(255), category_id integer, color varchar(255), description varchar(255), librarian_code integer, name varchar(255), page_count integer, price numeric(38,2), publish_date date, quantity integer, weight float(53), primary key (id))
2025-05-08 00:03:17 [restartedMain] DEBUG org.hibernate.SQL - create table librarians (id integer generated by default as identity, birthday date, name varchar(255), phone varchar(255), surname varchar(255), primary key (id))
2025-05-08 00:03:17 [restartedMain] DEBUG org.hibernate.SQL - create table librarians_book_count (id integer not null, count integer, name varchar(255), primary key (id))
2025-05-08 00:03:17 [restartedMain] DEBUG org.hibernate.SQL - create table roles (id bigint generated by default as identity, librarian integer not null, name varchar(255), student integer not null, primary key (id))
2025-05-08 00:03:17 [restartedMain] DEBUG org.hibernate.SQL - create table student_books (id integer generated by default as identity, book_id integer, due_date date, given_date date, returned boolean not null, student_id integer, primary key (id))
2025-05-08 00:03:17 [restartedMain] DEBUG org.hibernate.SQL - create table students (id integer generated by default as identity, age integer, email varchar(255), librarian_code integer, name varchar(255), surname varchar(255), primary key (id))
2025-05-08 00:03:17 [restartedMain] DEBUG org.hibernate.SQL - create table translates (id integer generated by default as identity, language varchar(255), translate varchar(255), word varchar(255), primary key (id))
2025-05-08 00:03:17 [restartedMain] DEBUG org.hibernate.SQL - create table user_roles (user_id bigint not null, role_id bigint not null, primary key (user_id, role_id))
2025-05-08 00:03:17 [restartedMain] DEBUG org.hibernate.SQL - create table users (id bigint generated by default as identity, enabled boolean, password varchar(255), user_id integer, user_type varchar(255), username varchar(255), primary key (id))
2025-05-08 00:03:17 [restartedMain] DEBUG org.hibernate.SQL - alter table if exists user_roles add constraint FKh8ciramu9cc9q3qcqiv4ue8a6 foreign key (role_id) references roles
2025-05-08 00:03:17 [restartedMain] DEBUG org.hibernate.SQL - alter table if exists user_roles add constraint FKhfh9dx7w3ubf1co1vdev94g3f foreign key (user_id) references users
2025-05-08 00:03:17 [restartedMain] INFO  o.s.o.j.LocalContainerEntityManagerFactoryBean - Initialized JPA EntityManagerFactory for persistence unit 'default'
2025-05-08 00:03:17 [restartedMain] DEBUG a.d.l.f.JwtAuthenticationFilter - Filter 'jwtAuthenticationFilter' configured for use
2025-05-08 00:03:17 [restartedMain] WARN  o.s.b.a.o.j.JpaBaseConfiguration$JpaWebConfiguration - spring.jpa.open-in-view is enabled by default. Therefore, database queries may be performed during view rendering. Explicitly configure spring.jpa.open-in-view to disable this warning
2025-05-08 00:03:17 [restartedMain] INFO  o.s.s.c.a.a.c.InitializeUserDetailsBeanManagerConfigurer$InitializeUserDetailsManagerConfigurer - Global AuthenticationManager configured with UserDetailsService bean with name userDetailsServiceImpl
2025-05-08 00:03:18 [restartedMain] INFO  o.s.d.j.r.query.QueryEnhancerFactory - Hibernate is in classpath; If applicable, HQL parser will be used.
2025-05-08 00:03:20 [restartedMain] INFO  o.s.b.d.a.OptionalLiveReloadServer - LiveReload server is running on port 35729
2025-05-08 00:03:20 [restartedMain] INFO  o.a.coyote.http11.Http11NioProtocol - Starting ProtocolHandler ["http-nio-8888"]
2025-05-08 00:03:20 [restartedMain] INFO  o.s.b.w.e.tomcat.TomcatWebServer - Tomcat started on port 8888 (http) with context path '/'
2025-05-08 00:03:20 [restartedMain] INFO  a.d.l.LibrarianMubarizBayramovApplication - Started LibrarianMubarizBayramovApplication in 10.784 seconds (process running for 11.56)
2025-05-08 00:07:16 [background-preinit] INFO  o.h.validator.internal.util.Version - HV000001: Hibernate Validator 8.0.1.Final
2025-05-08 00:07:16 [restartedMain] INFO  a.d.l.LibrarianMubarizBayramovApplication - Starting LibrarianMubarizBayramovApplication using Java 21.0.5 with PID 60164 (C:\github\Spring\SpringJava20-Mubariz_Bayramov\librarian-mubariz-bayramov\target\classes started by User in C:\github\Spring\SpringJava20-Mubariz_Bayramov\librarian-mubariz-bayramov)
2025-05-08 00:07:16 [restartedMain] DEBUG a.d.l.LibrarianMubarizBayramovApplication - Running with Spring Boot v3.3.1, Spring v6.1.10
2025-05-08 00:07:16 [restartedMain] INFO  a.d.l.LibrarianMubarizBayramovApplication - No active profile set, falling back to 1 default profile: "default"
2025-05-08 00:07:16 [restartedMain] INFO  o.s.b.d.e.DevToolsPropertyDefaultsPostProcessor - Devtools property defaults active! Set 'spring.devtools.add-properties' to 'false' to disable
2025-05-08 00:07:16 [restartedMain] INFO  o.s.b.d.e.DevToolsPropertyDefaultsPostProcessor - For additional web related logging consider setting the 'logging.level.web' property to 'DEBUG'
2025-05-08 00:07:18 [restartedMain] INFO  o.s.d.r.c.RepositoryConfigurationDelegate - Bootstrapping Spring Data JPA repositories in DEFAULT mode.
2025-05-08 00:07:18 [restartedMain] INFO  o.s.d.r.c.RepositoryConfigurationDelegate - Finished Spring Data repository scanning in 290 ms. Found 9 JPA repository interfaces.
2025-05-08 00:07:20 [restartedMain] INFO  o.s.b.w.e.tomcat.TomcatWebServer - Tomcat initialized with port 8888 (http)
2025-05-08 00:07:20 [restartedMain] INFO  o.a.coyote.http11.Http11NioProtocol - Initializing ProtocolHandler ["http-nio-8888"]
2025-05-08 00:07:20 [restartedMain] INFO  o.a.catalina.core.StandardService - Starting service [Tomcat]
2025-05-08 00:07:20 [restartedMain] INFO  o.a.catalina.core.StandardEngine - Starting Servlet engine: [Apache Tomcat/10.1.25]
2025-05-08 00:07:20 [restartedMain] INFO  o.a.c.c.C.[Tomcat].[localhost].[/] - Initializing Spring embedded WebApplicationContext
2025-05-08 00:07:20 [restartedMain] INFO  o.s.b.w.s.c.ServletWebServerApplicationContext - Root WebApplicationContext: initialization completed in 3692 ms
2025-05-08 00:07:20 [restartedMain] INFO  com.zaxxer.hikari.HikariDataSource - HikariPool-1 - Starting...
2025-05-08 00:07:20 [restartedMain] INFO  com.zaxxer.hikari.pool.HikariPool - HikariPool-1 - Added connection conn0: url=jdbc:h2:mem:db user=ROOT
2025-05-08 00:07:20 [restartedMain] INFO  com.zaxxer.hikari.HikariDataSource - HikariPool-1 - Start completed.
2025-05-08 00:07:20 [restartedMain] INFO  o.s.b.a.h.H2ConsoleAutoConfiguration - H2 console available at '/h2-console'. Database available at 'jdbc:h2:mem:db'
2025-05-08 00:07:20 [restartedMain] INFO  o.h.jpa.internal.util.LogHelper - HHH000204: Processing PersistenceUnitInfo [name: default]
2025-05-08 00:07:20 [restartedMain] INFO  org.hibernate.Version - HHH000412: Hibernate ORM core version 6.5.2.Final
2025-05-08 00:07:21 [restartedMain] INFO  o.h.c.i.RegionFactoryInitiator - HHH000026: Second-level cache disabled
2025-05-08 00:07:21 [restartedMain] INFO  o.s.o.j.p.SpringPersistenceUnitInfo - No LoadTimeWeaver setup: ignoring JPA class transformer
2025-05-08 00:07:23 [restartedMain] INFO  o.h.e.t.j.p.i.JtaPlatformInitiator - HHH000489: No JTA platform available (set 'hibernate.transaction.jta.platform' to enable JTA platform integration)
2025-05-08 00:07:23 [restartedMain] DEBUG org.hibernate.SQL - create table authorities (id integer generated by default as identity, authority varchar(255), username varchar(255), primary key (id))
2025-05-08 00:07:23 [restartedMain] DEBUG org.hibernate.SQL - create table authority_list (id integer generated by default as identity, authority varchar(255), librarian integer, student integer, primary key (id))
2025-05-08 00:07:23 [restartedMain] DEBUG org.hibernate.SQL - create table books (id integer generated by default as identity, author varchar(255), category_id integer, color varchar(255), description varchar(255), librarian_code integer, name varchar(255), page_count integer, price numeric(38,2), publish_date date, quantity integer, weight float(53), primary key (id))
2025-05-08 00:07:23 [restartedMain] DEBUG org.hibernate.SQL - create table librarians (id integer generated by default as identity, birthday date, name varchar(255), phone varchar(255), surname varchar(255), primary key (id))
2025-05-08 00:07:23 [restartedMain] DEBUG org.hibernate.SQL - create table librarians_book_count (id integer not null, count integer, name varchar(255), primary key (id))
2025-05-08 00:07:23 [restartedMain] DEBUG org.hibernate.SQL - create table roles (id bigint generated by default as identity, librarian integer not null, name varchar(255), student integer not null, primary key (id))
2025-05-08 00:07:23 [restartedMain] DEBUG org.hibernate.SQL - create table student_books (id integer generated by default as identity, book_id integer, due_date date, given_date date, returned boolean not null, student_id integer, primary key (id))
2025-05-08 00:07:23 [restartedMain] DEBUG org.hibernate.SQL - create table students (id integer generated by default as identity, age integer, email varchar(255), librarian_code integer, name varchar(255), surname varchar(255), primary key (id))
2025-05-08 00:07:23 [restartedMain] DEBUG org.hibernate.SQL - create table translates (id integer generated by default as identity, language varchar(255), translate varchar(255), word varchar(255), primary key (id))
2025-05-08 00:07:23 [restartedMain] DEBUG org.hibernate.SQL - create table user_roles (user_id bigint not null, role_id bigint not null, primary key (user_id, role_id))
2025-05-08 00:07:23 [restartedMain] DEBUG org.hibernate.SQL - create table users (id bigint generated by default as identity, enabled boolean, password varchar(255), user_id integer, user_type varchar(255), username varchar(255), primary key (id))
2025-05-08 00:07:23 [restartedMain] DEBUG org.hibernate.SQL - alter table if exists user_roles add constraint FKh8ciramu9cc9q3qcqiv4ue8a6 foreign key (role_id) references roles
2025-05-08 00:07:23 [restartedMain] DEBUG org.hibernate.SQL - alter table if exists user_roles add constraint FKhfh9dx7w3ubf1co1vdev94g3f foreign key (user_id) references users
2025-05-08 00:07:23 [restartedMain] INFO  o.s.o.j.LocalContainerEntityManagerFactoryBean - Initialized JPA EntityManagerFactory for persistence unit 'default'
2025-05-08 00:07:23 [restartedMain] DEBUG a.d.l.f.JwtAuthenticationFilter - Filter 'jwtAuthenticationFilter' configured for use
2025-05-08 00:07:24 [restartedMain] WARN  o.s.b.a.o.j.JpaBaseConfiguration$JpaWebConfiguration - spring.jpa.open-in-view is enabled by default. Therefore, database queries may be performed during view rendering. Explicitly configure spring.jpa.open-in-view to disable this warning
2025-05-08 00:07:24 [restartedMain] INFO  o.s.s.c.a.a.c.InitializeUserDetailsBeanManagerConfigurer$InitializeUserDetailsManagerConfigurer - Global AuthenticationManager configured with UserDetailsService bean with name userDetailsServiceImpl
2025-05-08 00:07:24 [restartedMain] INFO  o.s.d.j.r.query.QueryEnhancerFactory - Hibernate is in classpath; If applicable, HQL parser will be used.
2025-05-08 00:07:26 [restartedMain] INFO  o.s.b.d.a.OptionalLiveReloadServer - LiveReload server is running on port 35729
2025-05-08 00:07:26 [restartedMain] INFO  o.a.coyote.http11.Http11NioProtocol - Starting ProtocolHandler ["http-nio-8888"]
2025-05-08 00:07:26 [restartedMain] INFO  o.s.b.w.e.tomcat.TomcatWebServer - Tomcat started on port 8888 (http) with context path '/'
2025-05-08 00:07:26 [restartedMain] INFO  a.d.l.LibrarianMubarizBayramovApplication - Started LibrarianMubarizBayramovApplication in 10.977 seconds (process running for 11.791)
2025-05-08 00:13:44 [background-preinit] INFO  o.h.validator.internal.util.Version - HV000001: Hibernate Validator 8.0.1.Final
2025-05-08 00:13:44 [restartedMain] INFO  a.d.l.LibrarianMubarizBayramovApplication - Starting LibrarianMubarizBayramovApplication using Java 21.0.5 with PID 57016 (C:\github\Spring\SpringJava20-Mubariz_Bayramov\librarian-mubariz-bayramov\target\classes started by User in C:\github\Spring\SpringJava20-Mubariz_Bayramov\librarian-mubariz-bayramov)
2025-05-08 00:13:44 [restartedMain] DEBUG a.d.l.LibrarianMubarizBayramovApplication - Running with Spring Boot v3.3.1, Spring v6.1.10
2025-05-08 00:13:44 [restartedMain] INFO  a.d.l.LibrarianMubarizBayramovApplication - No active profile set, falling back to 1 default profile: "default"
2025-05-08 00:13:44 [restartedMain] INFO  o.s.b.d.e.DevToolsPropertyDefaultsPostProcessor - Devtools property defaults active! Set 'spring.devtools.add-properties' to 'false' to disable
2025-05-08 00:13:44 [restartedMain] INFO  o.s.b.d.e.DevToolsPropertyDefaultsPostProcessor - For additional web related logging consider setting the 'logging.level.web' property to 'DEBUG'
2025-05-08 00:13:45 [restartedMain] INFO  o.s.d.r.c.RepositoryConfigurationDelegate - Bootstrapping Spring Data JPA repositories in DEFAULT mode.
2025-05-08 00:13:46 [restartedMain] INFO  o.s.d.r.c.RepositoryConfigurationDelegate - Finished Spring Data repository scanning in 293 ms. Found 9 JPA repository interfaces.
2025-05-08 00:13:47 [restartedMain] INFO  o.s.b.w.e.tomcat.TomcatWebServer - Tomcat initialized with port 8888 (http)
2025-05-08 00:13:47 [restartedMain] INFO  o.a.coyote.http11.Http11NioProtocol - Initializing ProtocolHandler ["http-nio-8888"]
2025-05-08 00:13:47 [restartedMain] INFO  o.a.catalina.core.StandardService - Starting service [Tomcat]
2025-05-08 00:13:47 [restartedMain] INFO  o.a.catalina.core.StandardEngine - Starting Servlet engine: [Apache Tomcat/10.1.25]
2025-05-08 00:13:47 [restartedMain] INFO  o.a.c.c.C.[Tomcat].[localhost].[/] - Initializing Spring embedded WebApplicationContext
2025-05-08 00:13:47 [restartedMain] INFO  o.s.b.w.s.c.ServletWebServerApplicationContext - Root WebApplicationContext: initialization completed in 3683 ms
2025-05-08 00:13:48 [restartedMain] INFO  com.zaxxer.hikari.HikariDataSource - HikariPool-1 - Starting...
2025-05-08 00:13:48 [restartedMain] INFO  com.zaxxer.hikari.pool.HikariPool - HikariPool-1 - Added connection conn0: url=jdbc:h2:mem:db user=ROOT
2025-05-08 00:13:48 [restartedMain] INFO  com.zaxxer.hikari.HikariDataSource - HikariPool-1 - Start completed.
2025-05-08 00:13:48 [restartedMain] INFO  o.s.b.a.h.H2ConsoleAutoConfiguration - H2 console available at '/h2-console'. Database available at 'jdbc:h2:mem:db'
2025-05-08 00:13:48 [restartedMain] INFO  o.h.jpa.internal.util.LogHelper - HHH000204: Processing PersistenceUnitInfo [name: default]
2025-05-08 00:13:48 [restartedMain] INFO  org.hibernate.Version - HHH000412: Hibernate ORM core version 6.5.2.Final
2025-05-08 00:13:48 [restartedMain] INFO  o.h.c.i.RegionFactoryInitiator - HHH000026: Second-level cache disabled
2025-05-08 00:13:49 [restartedMain] INFO  o.s.o.j.p.SpringPersistenceUnitInfo - No LoadTimeWeaver setup: ignoring JPA class transformer
2025-05-08 00:13:50 [restartedMain] INFO  o.h.e.t.j.p.i.JtaPlatformInitiator - HHH000489: No JTA platform available (set 'hibernate.transaction.jta.platform' to enable JTA platform integration)
2025-05-08 00:13:50 [restartedMain] DEBUG org.hibernate.SQL - create table authorities (id integer generated by default as identity, authority varchar(255), username varchar(255), primary key (id))
2025-05-08 00:13:50 [restartedMain] DEBUG org.hibernate.SQL - create table authority_list (id integer generated by default as identity, authority varchar(255), librarian integer, student integer, primary key (id))
2025-05-08 00:13:50 [restartedMain] DEBUG org.hibernate.SQL - create table books (id integer generated by default as identity, author varchar(255), category_id integer, color varchar(255), description varchar(255), librarian_code integer, name varchar(255), page_count integer, price numeric(38,2), publish_date date, quantity integer, weight float(53), primary key (id))
2025-05-08 00:13:50 [restartedMain] DEBUG org.hibernate.SQL - create table librarians (id integer generated by default as identity, birthday date, name varchar(255), phone varchar(255), surname varchar(255), primary key (id))
2025-05-08 00:13:50 [restartedMain] DEBUG org.hibernate.SQL - create table librarians_book_count (id integer not null, count integer, name varchar(255), primary key (id))
2025-05-08 00:13:50 [restartedMain] DEBUG org.hibernate.SQL - create table roles (id bigint generated by default as identity, librarian integer not null, name varchar(255), student integer not null, primary key (id))
2025-05-08 00:13:50 [restartedMain] DEBUG org.hibernate.SQL - create table student_books (id integer generated by default as identity, book_id integer, due_date date, given_date date, returned boolean not null, student_id integer, primary key (id))
2025-05-08 00:13:50 [restartedMain] DEBUG org.hibernate.SQL - create table students (id integer generated by default as identity, age integer, email varchar(255), librarian_code integer, name varchar(255), surname varchar(255), primary key (id))
2025-05-08 00:13:50 [restartedMain] DEBUG org.hibernate.SQL - create table translates (id integer generated by default as identity, language varchar(255), translate varchar(255), word varchar(255), primary key (id))
2025-05-08 00:13:50 [restartedMain] DEBUG org.hibernate.SQL - create table user_roles (user_id bigint not null, role_id bigint not null, primary key (user_id, role_id))
2025-05-08 00:13:50 [restartedMain] DEBUG org.hibernate.SQL - create table users (id bigint generated by default as identity, enabled boolean, password varchar(255), user_id integer, user_type varchar(255), username varchar(255), primary key (id))
2025-05-08 00:13:50 [restartedMain] DEBUG org.hibernate.SQL - alter table if exists user_roles add constraint FKh8ciramu9cc9q3qcqiv4ue8a6 foreign key (role_id) references roles
2025-05-08 00:13:50 [restartedMain] DEBUG org.hibernate.SQL - alter table if exists user_roles add constraint FKhfh9dx7w3ubf1co1vdev94g3f foreign key (user_id) references users
2025-05-08 00:13:50 [restartedMain] INFO  o.s.o.j.LocalContainerEntityManagerFactoryBean - Initialized JPA EntityManagerFactory for persistence unit 'default'
2025-05-08 00:13:51 [restartedMain] DEBUG a.d.l.f.JwtAuthenticationFilter - Filter 'jwtAuthenticationFilter' configured for use
2025-05-08 00:13:51 [restartedMain] WARN  o.s.b.a.o.j.JpaBaseConfiguration$JpaWebConfiguration - spring.jpa.open-in-view is enabled by default. Therefore, database queries may be performed during view rendering. Explicitly configure spring.jpa.open-in-view to disable this warning
2025-05-08 00:13:51 [restartedMain] INFO  o.s.s.c.a.a.c.InitializeUserDetailsBeanManagerConfigurer$InitializeUserDetailsManagerConfigurer - Global AuthenticationManager configured with UserDetailsService bean with name userDetailsServiceImpl
2025-05-08 00:13:51 [restartedMain] INFO  o.s.d.j.r.query.QueryEnhancerFactory - Hibernate is in classpath; If applicable, HQL parser will be used.
2025-05-08 00:13:53 [restartedMain] INFO  o.s.b.d.a.OptionalLiveReloadServer - LiveReload server is running on port 35729
2025-05-08 00:13:53 [restartedMain] INFO  o.a.coyote.http11.Http11NioProtocol - Starting ProtocolHandler ["http-nio-8888"]
2025-05-08 00:13:53 [restartedMain] INFO  o.s.b.w.e.tomcat.TomcatWebServer - Tomcat started on port 8888 (http) with context path '/'
2025-05-08 00:13:53 [restartedMain] INFO  a.d.l.LibrarianMubarizBayramovApplication - Started LibrarianMubarizBayramovApplication in 10.519 seconds (process running for 11.3)
2025-05-08 12:28:06 [background-preinit] INFO  o.h.validator.internal.util.Version - HV000001: Hibernate Validator 8.0.1.Final
2025-05-08 12:28:06 [restartedMain] INFO  a.d.l.LibrarianMubarizBayramovApplication - Starting LibrarianMubarizBayramovApplication using Java 21.0.5 with PID 3952 (C:\github\Spring\SpringJava20-Mubariz_Bayramov\librarian-mubariz-bayramov\target\classes started by User in C:\github\Spring\SpringJava20-Mubariz_Bayramov\librarian-mubariz-bayramov)
2025-05-08 12:28:06 [restartedMain] DEBUG a.d.l.LibrarianMubarizBayramovApplication - Running with Spring Boot v3.3.1, Spring v6.1.10
2025-05-08 12:28:06 [restartedMain] INFO  a.d.l.LibrarianMubarizBayramovApplication - No active profile set, falling back to 1 default profile: "default"
2025-05-08 12:28:06 [restartedMain] INFO  o.s.b.d.e.DevToolsPropertyDefaultsPostProcessor - Devtools property defaults active! Set 'spring.devtools.add-properties' to 'false' to disable
2025-05-08 12:28:06 [restartedMain] INFO  o.s.b.d.e.DevToolsPropertyDefaultsPostProcessor - For additional web related logging consider setting the 'logging.level.web' property to 'DEBUG'
2025-05-08 12:28:08 [restartedMain] INFO  o.s.d.r.c.RepositoryConfigurationDelegate - Bootstrapping Spring Data JPA repositories in DEFAULT mode.
2025-05-08 12:28:09 [restartedMain] INFO  o.s.d.r.c.RepositoryConfigurationDelegate - Finished Spring Data repository scanning in 272 ms. Found 9 JPA repository interfaces.
2025-05-08 12:28:10 [restartedMain] INFO  o.s.b.w.e.tomcat.TomcatWebServer - Tomcat initialized with port 8888 (http)
2025-05-08 12:28:10 [restartedMain] INFO  o.a.coyote.http11.Http11NioProtocol - Initializing ProtocolHandler ["http-nio-8888"]
2025-05-08 12:28:10 [restartedMain] INFO  o.a.catalina.core.StandardService - Starting service [Tomcat]
2025-05-08 12:28:10 [restartedMain] INFO  o.a.catalina.core.StandardEngine - Starting Servlet engine: [Apache Tomcat/10.1.25]
2025-05-08 12:28:10 [restartedMain] INFO  o.a.c.c.C.[Tomcat].[localhost].[/] - Initializing Spring embedded WebApplicationContext
2025-05-08 12:28:10 [restartedMain] INFO  o.s.b.w.s.c.ServletWebServerApplicationContext - Root WebApplicationContext: initialization completed in 4038 ms
2025-05-08 12:28:11 [restartedMain] INFO  com.zaxxer.hikari.HikariDataSource - HikariPool-1 - Starting...
2025-05-08 12:28:11 [restartedMain] INFO  com.zaxxer.hikari.pool.HikariPool - HikariPool-1 - Added connection conn0: url=jdbc:h2:mem:db user=ROOT
2025-05-08 12:28:11 [restartedMain] INFO  com.zaxxer.hikari.HikariDataSource - HikariPool-1 - Start completed.
2025-05-08 12:28:11 [restartedMain] INFO  o.s.b.a.h.H2ConsoleAutoConfiguration - H2 console available at '/h2-console'. Database available at 'jdbc:h2:mem:db'
2025-05-08 12:28:11 [restartedMain] INFO  o.h.jpa.internal.util.LogHelper - HHH000204: Processing PersistenceUnitInfo [name: default]
2025-05-08 12:28:11 [restartedMain] INFO  org.hibernate.Version - HHH000412: Hibernate ORM core version 6.5.2.Final
2025-05-08 12:28:12 [restartedMain] INFO  o.h.c.i.RegionFactoryInitiator - HHH000026: Second-level cache disabled
2025-05-08 12:28:12 [restartedMain] INFO  o.s.o.j.p.SpringPersistenceUnitInfo - No LoadTimeWeaver setup: ignoring JPA class transformer
2025-05-08 12:28:14 [restartedMain] INFO  o.h.e.t.j.p.i.JtaPlatformInitiator - HHH000489: No JTA platform available (set 'hibernate.transaction.jta.platform' to enable JTA platform integration)
2025-05-08 12:28:14 [restartedMain] DEBUG org.hibernate.SQL - create table authorities (id integer generated by default as identity, authority varchar(255), username varchar(255), primary key (id))
2025-05-08 12:28:14 [restartedMain] DEBUG org.hibernate.SQL - create table authority_list (id integer generated by default as identity, authority varchar(255), librarian integer, student integer, primary key (id))
2025-05-08 12:28:14 [restartedMain] DEBUG org.hibernate.SQL - create table books (id integer generated by default as identity, author varchar(255), category_id integer, color varchar(255), description varchar(255), librarian_code integer, name varchar(255), page_count integer, price numeric(38,2), publish_date date, quantity integer, weight float(53), primary key (id))
2025-05-08 12:28:14 [restartedMain] DEBUG org.hibernate.SQL - create table librarians (id integer generated by default as identity, birthday date, name varchar(255), phone varchar(255), surname varchar(255), primary key (id))
2025-05-08 12:28:14 [restartedMain] DEBUG org.hibernate.SQL - create table librarians_book_count (id integer not null, count integer, name varchar(255), primary key (id))
2025-05-08 12:28:14 [restartedMain] DEBUG org.hibernate.SQL - create table roles (id bigint generated by default as identity, librarian integer not null, name varchar(255), student integer not null, primary key (id))
2025-05-08 12:28:14 [restartedMain] DEBUG org.hibernate.SQL - create table student_books (id integer generated by default as identity, book_id integer, due_date date, given_date date, returned boolean not null, student_id integer, primary key (id))
2025-05-08 12:28:14 [restartedMain] DEBUG org.hibernate.SQL - create table students (id integer generated by default as identity, age integer, email varchar(255), librarian_code integer, name varchar(255), surname varchar(255), primary key (id))
2025-05-08 12:28:14 [restartedMain] DEBUG org.hibernate.SQL - create table translates (id integer generated by default as identity, language varchar(255), translate varchar(255), word varchar(255), primary key (id))
2025-05-08 12:28:14 [restartedMain] DEBUG org.hibernate.SQL - create table user_roles (user_id bigint not null, role_id bigint not null, primary key (user_id, role_id))
2025-05-08 12:28:14 [restartedMain] DEBUG org.hibernate.SQL - create table users (id bigint generated by default as identity, enabled boolean, password varchar(255), user_id integer, user_type varchar(255), username varchar(255), primary key (id))
2025-05-08 12:28:14 [restartedMain] DEBUG org.hibernate.SQL - alter table if exists user_roles add constraint FKh8ciramu9cc9q3qcqiv4ue8a6 foreign key (role_id) references roles
2025-05-08 12:28:14 [restartedMain] DEBUG org.hibernate.SQL - alter table if exists user_roles add constraint FKhfh9dx7w3ubf1co1vdev94g3f foreign key (user_id) references users
2025-05-08 12:28:14 [restartedMain] INFO  o.s.o.j.LocalContainerEntityManagerFactoryBean - Initialized JPA EntityManagerFactory for persistence unit 'default'
2025-05-08 12:28:14 [restartedMain] DEBUG a.d.l.f.JwtAuthenticationFilter - Filter 'jwtAuthenticationFilter' configured for use
2025-05-08 12:28:15 [restartedMain] WARN  o.s.b.a.o.j.JpaBaseConfiguration$JpaWebConfiguration - spring.jpa.open-in-view is enabled by default. Therefore, database queries may be performed during view rendering. Explicitly configure spring.jpa.open-in-view to disable this warning
2025-05-08 12:28:15 [restartedMain] INFO  o.s.s.c.a.a.c.InitializeUserDetailsBeanManagerConfigurer$InitializeUserDetailsManagerConfigurer - Global AuthenticationManager configured with UserDetailsService bean with name userDetailsServiceImpl
2025-05-08 12:28:15 [restartedMain] INFO  o.s.d.j.r.query.QueryEnhancerFactory - Hibernate is in classpath; If applicable, HQL parser will be used.
2025-05-08 12:28:17 [restartedMain] INFO  o.s.b.d.a.OptionalLiveReloadServer - LiveReload server is running on port 35729
2025-05-08 12:28:17 [restartedMain] INFO  o.a.coyote.http11.Http11NioProtocol - Starting ProtocolHandler ["http-nio-8888"]
2025-05-08 12:28:17 [restartedMain] INFO  o.s.b.w.e.tomcat.TomcatWebServer - Tomcat started on port 8888 (http) with context path '/'
2025-05-08 12:28:17 [restartedMain] INFO  a.d.l.LibrarianMubarizBayramovApplication - Started LibrarianMubarizBayramovApplication in 12.102 seconds (process running for 12.909)
2025-05-08 12:30:49 [background-preinit] INFO  o.h.validator.internal.util.Version - HV000001: Hibernate Validator 8.0.1.Final
2025-05-08 12:30:49 [restartedMain] INFO  a.d.l.LibrarianMubarizBayramovApplication - Starting LibrarianMubarizBayramovApplication using Java 21.0.5 with PID 65272 (C:\github\Spring\SpringJava20-Mubariz_Bayramov\librarian-mubariz-bayramov\target\classes started by User in C:\github\Spring\SpringJava20-Mubariz_Bayramov\librarian-mubariz-bayramov)
2025-05-08 12:30:49 [restartedMain] DEBUG a.d.l.LibrarianMubarizBayramovApplication - Running with Spring Boot v3.3.1, Spring v6.1.10
2025-05-08 12:30:49 [restartedMain] INFO  a.d.l.LibrarianMubarizBayramovApplication - No active profile set, falling back to 1 default profile: "default"
2025-05-08 12:30:49 [restartedMain] INFO  o.s.b.d.e.DevToolsPropertyDefaultsPostProcessor - Devtools property defaults active! Set 'spring.devtools.add-properties' to 'false' to disable
2025-05-08 12:30:49 [restartedMain] INFO  o.s.b.d.e.DevToolsPropertyDefaultsPostProcessor - For additional web related logging consider setting the 'logging.level.web' property to 'DEBUG'
2025-05-08 12:30:51 [restartedMain] INFO  o.s.d.r.c.RepositoryConfigurationDelegate - Bootstrapping Spring Data JPA repositories in DEFAULT mode.
2025-05-08 12:30:51 [restartedMain] INFO  o.s.d.r.c.RepositoryConfigurationDelegate - Finished Spring Data repository scanning in 238 ms. Found 9 JPA repository interfaces.
2025-05-08 12:30:53 [restartedMain] INFO  o.s.b.w.e.tomcat.TomcatWebServer - Tomcat initialized with port 8888 (http)
2025-05-08 12:30:53 [restartedMain] INFO  o.a.coyote.http11.Http11NioProtocol - Initializing ProtocolHandler ["http-nio-8888"]
2025-05-08 12:30:53 [restartedMain] INFO  o.a.catalina.core.StandardService - Starting service [Tomcat]
2025-05-08 12:30:53 [restartedMain] INFO  o.a.catalina.core.StandardEngine - Starting Servlet engine: [Apache Tomcat/10.1.25]
2025-05-08 12:30:53 [restartedMain] INFO  o.a.c.c.C.[Tomcat].[localhost].[/] - Initializing Spring embedded WebApplicationContext
2025-05-08 12:30:53 [restartedMain] INFO  o.s.b.w.s.c.ServletWebServerApplicationContext - Root WebApplicationContext: initialization completed in 3699 ms
2025-05-08 12:30:53 [restartedMain] INFO  com.zaxxer.hikari.HikariDataSource - HikariPool-1 - Starting...
2025-05-08 12:30:53 [restartedMain] INFO  com.zaxxer.hikari.pool.HikariPool - HikariPool-1 - Added connection conn0: url=jdbc:h2:mem:db user=ROOT
2025-05-08 12:30:53 [restartedMain] INFO  com.zaxxer.hikari.HikariDataSource - HikariPool-1 - Start completed.
2025-05-08 12:30:53 [restartedMain] INFO  o.s.b.a.h.H2ConsoleAutoConfiguration - H2 console available at '/h2-console'. Database available at 'jdbc:h2:mem:db'
2025-05-08 12:30:53 [restartedMain] INFO  o.h.jpa.internal.util.LogHelper - HHH000204: Processing PersistenceUnitInfo [name: default]
2025-05-08 12:30:54 [restartedMain] INFO  org.hibernate.Version - HHH000412: Hibernate ORM core version 6.5.2.Final
2025-05-08 12:30:54 [restartedMain] INFO  o.h.c.i.RegionFactoryInitiator - HHH000026: Second-level cache disabled
2025-05-08 12:30:54 [restartedMain] INFO  o.s.o.j.p.SpringPersistenceUnitInfo - No LoadTimeWeaver setup: ignoring JPA class transformer
2025-05-08 12:30:56 [restartedMain] INFO  o.h.e.t.j.p.i.JtaPlatformInitiator - HHH000489: No JTA platform available (set 'hibernate.transaction.jta.platform' to enable JTA platform integration)
2025-05-08 12:30:57 [restartedMain] DEBUG org.hibernate.SQL - create table authorities (id integer generated by default as identity, authority varchar(255), username varchar(255), primary key (id))
2025-05-08 12:30:57 [restartedMain] DEBUG org.hibernate.SQL - create table authority_list (id integer generated by default as identity, authority varchar(255), librarian integer, student integer, primary key (id))
2025-05-08 12:30:57 [restartedMain] DEBUG org.hibernate.SQL - create table books (id integer generated by default as identity, author varchar(255), category_id integer, color varchar(255), description varchar(255), librarian_code integer, name varchar(255), page_count integer, price numeric(38,2), publish_date date, quantity integer, weight float(53), primary key (id))
2025-05-08 12:30:57 [restartedMain] DEBUG org.hibernate.SQL - create table librarians (id integer generated by default as identity, birthday date, name varchar(255), phone varchar(255), surname varchar(255), primary key (id))
2025-05-08 12:30:57 [restartedMain] DEBUG org.hibernate.SQL - create table librarians_book_count (id integer not null, count integer, name varchar(255), primary key (id))
2025-05-08 12:30:57 [restartedMain] DEBUG org.hibernate.SQL - create table roles (id bigint generated by default as identity, librarian integer not null, name varchar(255), student integer not null, primary key (id))
2025-05-08 12:30:57 [restartedMain] DEBUG org.hibernate.SQL - create table student_books (id integer generated by default as identity, book_id integer, due_date date, given_date date, returned boolean not null, student_id integer, primary key (id))
2025-05-08 12:30:57 [restartedMain] DEBUG org.hibernate.SQL - create table students (id integer generated by default as identity, age integer, email varchar(255), librarian_code integer, name varchar(255), surname varchar(255), primary key (id))
2025-05-08 12:30:57 [restartedMain] DEBUG org.hibernate.SQL - create table translates (id integer generated by default as identity, language varchar(255), translate varchar(255), word varchar(255), primary key (id))
2025-05-08 12:30:57 [restartedMain] DEBUG org.hibernate.SQL - create table user_roles (user_id bigint not null, role_id bigint not null, primary key (user_id, role_id))
2025-05-08 12:30:57 [restartedMain] DEBUG org.hibernate.SQL - create table users (id bigint generated by default as identity, enabled boolean, password varchar(255), user_id integer, user_type varchar(255), username varchar(255), primary key (id))
2025-05-08 12:30:57 [restartedMain] DEBUG org.hibernate.SQL - alter table if exists user_roles add constraint FKh8ciramu9cc9q3qcqiv4ue8a6 foreign key (role_id) references roles
2025-05-08 12:30:57 [restartedMain] DEBUG org.hibernate.SQL - alter table if exists user_roles add constraint FKhfh9dx7w3ubf1co1vdev94g3f foreign key (user_id) references users
2025-05-08 12:30:57 [restartedMain] INFO  o.s.o.j.LocalContainerEntityManagerFactoryBean - Initialized JPA EntityManagerFactory for persistence unit 'default'
2025-05-08 12:30:58 [restartedMain] DEBUG a.d.l.f.JwtAuthenticationFilter - Filter 'jwtAuthenticationFilter' configured for use
2025-05-08 12:30:58 [restartedMain] WARN  o.s.b.a.o.j.JpaBaseConfiguration$JpaWebConfiguration - spring.jpa.open-in-view is enabled by default. Therefore, database queries may be performed during view rendering. Explicitly configure spring.jpa.open-in-view to disable this warning
2025-05-08 12:30:58 [restartedMain] INFO  o.s.s.c.a.a.c.InitializeUserDetailsBeanManagerConfigurer$InitializeUserDetailsManagerConfigurer - Global AuthenticationManager configured with UserDetailsService bean with name userDetailsServiceImpl
2025-05-08 12:30:59 [restartedMain] INFO  o.s.d.j.r.query.QueryEnhancerFactory - Hibernate is in classpath; If applicable, HQL parser will be used.
2025-05-08 12:31:02 [restartedMain] INFO  o.s.b.d.a.OptionalLiveReloadServer - LiveReload server is running on port 35729
2025-05-08 12:31:03 [restartedMain] INFO  o.a.coyote.http11.Http11NioProtocol - Starting ProtocolHandler ["http-nio-8888"]
2025-05-08 12:31:03 [restartedMain] INFO  o.s.b.w.e.tomcat.TomcatWebServer - Tomcat started on port 8888 (http) with context path '/'
2025-05-08 12:31:03 [restartedMain] INFO  a.d.l.LibrarianMubarizBayramovApplication - Started LibrarianMubarizBayramovApplication in 14.43 seconds (process running for 15.188)
2025-05-08 12:34:42 [background-preinit] INFO  o.h.validator.internal.util.Version - HV000001: Hibernate Validator 8.0.1.Final
2025-05-08 12:34:42 [restartedMain] INFO  a.d.l.LibrarianMubarizBayramovApplication - Starting LibrarianMubarizBayramovApplication using Java 21.0.5 with PID 19940 (C:\github\Spring\SpringJava20-Mubariz_Bayramov\librarian-mubariz-bayramov\target\classes started by User in C:\github\Spring\SpringJava20-Mubariz_Bayramov\librarian-mubariz-bayramov)
2025-05-08 12:34:42 [restartedMain] DEBUG a.d.l.LibrarianMubarizBayramovApplication - Running with Spring Boot v3.3.1, Spring v6.1.10
2025-05-08 12:34:42 [restartedMain] INFO  a.d.l.LibrarianMubarizBayramovApplication - No active profile set, falling back to 1 default profile: "default"
2025-05-08 12:34:42 [restartedMain] INFO  o.s.b.d.e.DevToolsPropertyDefaultsPostProcessor - Devtools property defaults active! Set 'spring.devtools.add-properties' to 'false' to disable
2025-05-08 12:34:42 [restartedMain] INFO  o.s.b.d.e.DevToolsPropertyDefaultsPostProcessor - For additional web related logging consider setting the 'logging.level.web' property to 'DEBUG'
2025-05-08 12:34:44 [restartedMain] INFO  o.s.d.r.c.RepositoryConfigurationDelegate - Bootstrapping Spring Data JPA repositories in DEFAULT mode.
2025-05-08 12:34:44 [restartedMain] INFO  o.s.d.r.c.RepositoryConfigurationDelegate - Finished Spring Data repository scanning in 239 ms. Found 9 JPA repository interfaces.
2025-05-08 12:34:46 [restartedMain] INFO  o.s.b.w.e.tomcat.TomcatWebServer - Tomcat initialized with port 8888 (http)
2025-05-08 12:34:46 [restartedMain] INFO  o.a.coyote.http11.Http11NioProtocol - Initializing ProtocolHandler ["http-nio-8888"]
2025-05-08 12:34:46 [restartedMain] INFO  o.a.catalina.core.StandardService - Starting service [Tomcat]
2025-05-08 12:34:46 [restartedMain] INFO  o.a.catalina.core.StandardEngine - Starting Servlet engine: [Apache Tomcat/10.1.25]
2025-05-08 12:34:46 [restartedMain] INFO  o.a.c.c.C.[Tomcat].[localhost].[/] - Initializing Spring embedded WebApplicationContext
2025-05-08 12:34:46 [restartedMain] INFO  o.s.b.w.s.c.ServletWebServerApplicationContext - Root WebApplicationContext: initialization completed in 3601 ms
2025-05-08 12:34:46 [restartedMain] INFO  com.zaxxer.hikari.HikariDataSource - HikariPool-1 - Starting...
2025-05-08 12:34:46 [restartedMain] INFO  com.zaxxer.hikari.pool.HikariPool - HikariPool-1 - Added connection conn0: url=jdbc:h2:mem:db user=ROOT
2025-05-08 12:34:46 [restartedMain] INFO  com.zaxxer.hikari.HikariDataSource - HikariPool-1 - Start completed.
2025-05-08 12:34:46 [restartedMain] INFO  o.s.b.a.h.H2ConsoleAutoConfiguration - H2 console available at '/h2-console'. Database available at 'jdbc:h2:mem:db'
2025-05-08 12:34:46 [restartedMain] INFO  o.h.jpa.internal.util.LogHelper - HHH000204: Processing PersistenceUnitInfo [name: default]
2025-05-08 12:34:46 [restartedMain] INFO  org.hibernate.Version - HHH000412: Hibernate ORM core version 6.5.2.Final
2025-05-08 12:34:46 [restartedMain] INFO  o.h.c.i.RegionFactoryInitiator - HHH000026: Second-level cache disabled
2025-05-08 12:34:47 [restartedMain] INFO  o.s.o.j.p.SpringPersistenceUnitInfo - No LoadTimeWeaver setup: ignoring JPA class transformer
2025-05-08 12:34:49 [restartedMain] INFO  o.h.e.t.j.p.i.JtaPlatformInitiator - HHH000489: No JTA platform available (set 'hibernate.transaction.jta.platform' to enable JTA platform integration)
2025-05-08 12:34:49 [restartedMain] DEBUG org.hibernate.SQL - create table authorities (id integer generated by default as identity, authority varchar(255), username varchar(255), primary key (id))
2025-05-08 12:34:49 [restartedMain] DEBUG org.hibernate.SQL - create table authority_list (id integer generated by default as identity, authority varchar(255), librarian integer, student integer, primary key (id))
2025-05-08 12:34:49 [restartedMain] DEBUG org.hibernate.SQL - create table books (id integer generated by default as identity, author varchar(255), category_id integer, color varchar(255), description varchar(255), librarian_code integer, name varchar(255), page_count integer, price numeric(38,2), publish_date date, quantity integer, weight float(53), primary key (id))
2025-05-08 12:34:49 [restartedMain] DEBUG org.hibernate.SQL - create table librarians (id integer generated by default as identity, birthday date, name varchar(255), phone varchar(255), surname varchar(255), primary key (id))
2025-05-08 12:34:49 [restartedMain] DEBUG org.hibernate.SQL - create table librarians_book_count (id integer not null, count integer, name varchar(255), primary key (id))
2025-05-08 12:34:49 [restartedMain] DEBUG org.hibernate.SQL - create table roles (id bigint generated by default as identity, librarian integer not null, name varchar(255), student integer not null, primary key (id))
2025-05-08 12:34:49 [restartedMain] DEBUG org.hibernate.SQL - create table student_books (id integer generated by default as identity, book_id integer, due_date date, given_date date, returned boolean not null, student_id integer, primary key (id))
2025-05-08 12:34:49 [restartedMain] DEBUG org.hibernate.SQL - create table students (id integer generated by default as identity, age integer, email varchar(255), librarian_code integer, name varchar(255), surname varchar(255), primary key (id))
2025-05-08 12:34:49 [restartedMain] DEBUG org.hibernate.SQL - create table translates (id integer generated by default as identity, language varchar(255), translate varchar(255), word varchar(255), primary key (id))
2025-05-08 12:34:49 [restartedMain] DEBUG org.hibernate.SQL - create table user_roles (user_id bigint not null, role_id bigint not null, primary key (user_id, role_id))
2025-05-08 12:34:49 [restartedMain] DEBUG org.hibernate.SQL - create table users (id bigint generated by default as identity, enabled boolean, password varchar(255), user_id integer, user_type varchar(255), username varchar(255), primary key (id))
2025-05-08 12:34:49 [restartedMain] DEBUG org.hibernate.SQL - alter table if exists user_roles add constraint FKh8ciramu9cc9q3qcqiv4ue8a6 foreign key (role_id) references roles
2025-05-08 12:34:49 [restartedMain] DEBUG org.hibernate.SQL - alter table if exists user_roles add constraint FKhfh9dx7w3ubf1co1vdev94g3f foreign key (user_id) references users
2025-05-08 12:34:49 [restartedMain] INFO  o.s.o.j.LocalContainerEntityManagerFactoryBean - Initialized JPA EntityManagerFactory for persistence unit 'default'
2025-05-08 12:34:49 [restartedMain] DEBUG a.d.l.f.JwtAuthenticationFilter - Filter 'jwtAuthenticationFilter' configured for use
2025-05-08 12:34:50 [restartedMain] WARN  o.s.b.a.o.j.JpaBaseConfiguration$JpaWebConfiguration - spring.jpa.open-in-view is enabled by default. Therefore, database queries may be performed during view rendering. Explicitly configure spring.jpa.open-in-view to disable this warning
2025-05-08 12:34:50 [restartedMain] INFO  o.s.s.c.a.a.c.InitializeUserDetailsBeanManagerConfigurer$InitializeUserDetailsManagerConfigurer - Global AuthenticationManager configured with UserDetailsService bean with name userDetailsServiceImpl
2025-05-08 12:34:50 [restartedMain] INFO  o.s.d.j.r.query.QueryEnhancerFactory - Hibernate is in classpath; If applicable, HQL parser will be used.
2025-05-08 12:35:59 [background-preinit] INFO  o.h.validator.internal.util.Version - HV000001: Hibernate Validator 8.0.1.Final
2025-05-08 12:35:59 [restartedMain] INFO  a.d.l.LibrarianMubarizBayramovApplication - Starting LibrarianMubarizBayramovApplication using Java 21.0.5 with PID 48544 (C:\github\Spring\SpringJava20-Mubariz_Bayramov\librarian-mubariz-bayramov\target\classes started by User in C:\github\Spring\SpringJava20-Mubariz_Bayramov\librarian-mubariz-bayramov)
2025-05-08 12:35:59 [restartedMain] DEBUG a.d.l.LibrarianMubarizBayramovApplication - Running with Spring Boot v3.3.1, Spring v6.1.10
2025-05-08 12:35:59 [restartedMain] INFO  a.d.l.LibrarianMubarizBayramovApplication - No active profile set, falling back to 1 default profile: "default"
2025-05-08 12:35:59 [restartedMain] INFO  o.s.b.d.e.DevToolsPropertyDefaultsPostProcessor - Devtools property defaults active! Set 'spring.devtools.add-properties' to 'false' to disable
2025-05-08 12:35:59 [restartedMain] INFO  o.s.b.d.e.DevToolsPropertyDefaultsPostProcessor - For additional web related logging consider setting the 'logging.level.web' property to 'DEBUG'
2025-05-08 12:36:01 [restartedMain] INFO  o.s.d.r.c.RepositoryConfigurationDelegate - Bootstrapping Spring Data JPA repositories in DEFAULT mode.
2025-05-08 12:36:01 [restartedMain] INFO  o.s.d.r.c.RepositoryConfigurationDelegate - Finished Spring Data repository scanning in 246 ms. Found 9 JPA repository interfaces.
2025-05-08 12:36:02 [restartedMain] INFO  o.s.b.w.e.tomcat.TomcatWebServer - Tomcat initialized with port 8888 (http)
2025-05-08 12:36:02 [restartedMain] INFO  o.a.coyote.http11.Http11NioProtocol - Initializing ProtocolHandler ["http-nio-8888"]
2025-05-08 12:36:03 [restartedMain] INFO  o.a.catalina.core.StandardService - Starting service [Tomcat]
2025-05-08 12:36:03 [restartedMain] INFO  o.a.catalina.core.StandardEngine - Starting Servlet engine: [Apache Tomcat/10.1.25]
2025-05-08 12:36:03 [restartedMain] INFO  o.a.c.c.C.[Tomcat].[localhost].[/] - Initializing Spring embedded WebApplicationContext
2025-05-08 12:36:03 [restartedMain] INFO  o.s.b.w.s.c.ServletWebServerApplicationContext - Root WebApplicationContext: initialization completed in 3400 ms
2025-05-08 12:36:03 [restartedMain] INFO  com.zaxxer.hikari.HikariDataSource - HikariPool-1 - Starting...
2025-05-08 12:36:03 [restartedMain] INFO  com.zaxxer.hikari.pool.HikariPool - HikariPool-1 - Added connection conn0: url=jdbc:h2:mem:db user=ROOT
2025-05-08 12:36:03 [restartedMain] INFO  com.zaxxer.hikari.HikariDataSource - HikariPool-1 - Start completed.
2025-05-08 12:36:03 [restartedMain] INFO  o.s.b.a.h.H2ConsoleAutoConfiguration - H2 console available at '/h2-console'. Database available at 'jdbc:h2:mem:db'
2025-05-08 12:36:03 [restartedMain] INFO  o.h.jpa.internal.util.LogHelper - HHH000204: Processing PersistenceUnitInfo [name: default]
2025-05-08 12:36:03 [restartedMain] INFO  org.hibernate.Version - HHH000412: Hibernate ORM core version 6.5.2.Final
2025-05-08 12:36:03 [restartedMain] INFO  o.h.c.i.RegionFactoryInitiator - HHH000026: Second-level cache disabled
2025-05-08 12:36:04 [restartedMain] INFO  o.s.o.j.p.SpringPersistenceUnitInfo - No LoadTimeWeaver setup: ignoring JPA class transformer
2025-05-08 12:36:06 [restartedMain] INFO  o.h.e.t.j.p.i.JtaPlatformInitiator - HHH000489: No JTA platform available (set 'hibernate.transaction.jta.platform' to enable JTA platform integration)
2025-05-08 12:36:06 [restartedMain] DEBUG org.hibernate.SQL - create table authorities (id integer generated by default as identity, authority varchar(255), username varchar(255), primary key (id))
2025-05-08 12:36:06 [restartedMain] DEBUG org.hibernate.SQL - create table authority_list (id integer generated by default as identity, authority varchar(255), librarian integer, student integer, primary key (id))
2025-05-08 12:36:06 [restartedMain] DEBUG org.hibernate.SQL - create table books (id integer generated by default as identity, author varchar(255), category_id integer, color varchar(255), description varchar(255), librarian_code integer, name varchar(255), page_count integer, price numeric(38,2), publish_date date, quantity integer, weight float(53), primary key (id))
2025-05-08 12:36:06 [restartedMain] DEBUG org.hibernate.SQL - create table librarians (id integer generated by default as identity, birthday date, name varchar(255), phone varchar(255), surname varchar(255), primary key (id))
2025-05-08 12:36:06 [restartedMain] DEBUG org.hibernate.SQL - create table librarians_book_count (id integer not null, count integer, name varchar(255), primary key (id))
2025-05-08 12:36:06 [restartedMain] DEBUG org.hibernate.SQL - create table roles (id bigint generated by default as identity, librarian integer not null, name varchar(255), student integer not null, primary key (id))
2025-05-08 12:36:06 [restartedMain] DEBUG org.hibernate.SQL - create table student_books (id integer generated by default as identity, book_id integer, due_date date, given_date date, returned boolean not null, student_id integer, primary key (id))
2025-05-08 12:36:06 [restartedMain] DEBUG org.hibernate.SQL - create table students (id integer generated by default as identity, age integer, email varchar(255), librarian_code integer, name varchar(255), surname varchar(255), primary key (id))
2025-05-08 12:36:06 [restartedMain] DEBUG org.hibernate.SQL - create table translates (id integer generated by default as identity, language varchar(255), translate varchar(255), word varchar(255), primary key (id))
2025-05-08 12:36:06 [restartedMain] DEBUG org.hibernate.SQL - create table user_roles (user_id bigint not null, role_id bigint not null, primary key (user_id, role_id))
2025-05-08 12:36:06 [restartedMain] DEBUG org.hibernate.SQL - create table users (id bigint generated by default as identity, enabled boolean, password varchar(255), user_id integer, user_type varchar(255), username varchar(255), primary key (id))
2025-05-08 12:36:06 [restartedMain] DEBUG org.hibernate.SQL - alter table if exists user_roles add constraint FKh8ciramu9cc9q3qcqiv4ue8a6 foreign key (role_id) references roles
2025-05-08 12:36:06 [restartedMain] DEBUG org.hibernate.SQL - alter table if exists user_roles add constraint FKhfh9dx7w3ubf1co1vdev94g3f foreign key (user_id) references users
2025-05-08 12:36:06 [restartedMain] INFO  o.s.o.j.LocalContainerEntityManagerFactoryBean - Initialized JPA EntityManagerFactory for persistence unit 'default'
2025-05-08 12:36:06 [restartedMain] DEBUG a.d.l.f.JwtAuthenticationFilter - Filter 'jwtAuthenticationFilter' configured for use
2025-05-08 12:36:06 [restartedMain] WARN  o.s.b.a.o.j.JpaBaseConfiguration$JpaWebConfiguration - spring.jpa.open-in-view is enabled by default. Therefore, database queries may be performed during view rendering. Explicitly configure spring.jpa.open-in-view to disable this warning
2025-05-08 12:36:07 [restartedMain] INFO  o.s.s.c.a.a.c.InitializeUserDetailsBeanManagerConfigurer$InitializeUserDetailsManagerConfigurer - Global AuthenticationManager configured with UserDetailsService bean with name userDetailsServiceImpl
2025-05-08 12:36:07 [restartedMain] INFO  o.s.d.j.r.query.QueryEnhancerFactory - Hibernate is in classpath; If applicable, HQL parser will be used.
2025-05-08 12:36:09 [restartedMain] INFO  o.s.b.d.a.OptionalLiveReloadServer - LiveReload server is running on port 35729
2025-05-08 12:36:09 [restartedMain] INFO  o.a.coyote.http11.Http11NioProtocol - Starting ProtocolHandler ["http-nio-8888"]
2025-05-08 12:36:09 [restartedMain] INFO  o.s.b.w.e.tomcat.TomcatWebServer - Tomcat started on port 8888 (http) with context path '/'
2025-05-08 12:36:09 [restartedMain] INFO  a.d.l.LibrarianMubarizBayramovApplication - Started LibrarianMubarizBayramovApplication in 10.732 seconds (process running for 11.479)
2025-05-08 12:51:34 [background-preinit] INFO  o.h.validator.internal.util.Version - HV000001: Hibernate Validator 8.0.1.Final
2025-05-08 12:51:34 [restartedMain] INFO  a.d.l.LibrarianMubarizBayramovApplication - Starting LibrarianMubarizBayramovApplication using Java 21.0.5 with PID 60220 (C:\github\Spring\SpringJava20-Mubariz_Bayramov\librarian-mubariz-bayramov\target\classes started by User in C:\github\Spring\SpringJava20-Mubariz_Bayramov\librarian-mubariz-bayramov)
2025-05-08 12:51:34 [restartedMain] DEBUG a.d.l.LibrarianMubarizBayramovApplication - Running with Spring Boot v3.3.1, Spring v6.1.10
2025-05-08 12:51:34 [restartedMain] INFO  a.d.l.LibrarianMubarizBayramovApplication - No active profile set, falling back to 1 default profile: "default"
2025-05-08 12:51:35 [restartedMain] INFO  o.s.b.d.e.DevToolsPropertyDefaultsPostProcessor - Devtools property defaults active! Set 'spring.devtools.add-properties' to 'false' to disable
2025-05-08 12:51:35 [restartedMain] INFO  o.s.b.d.e.DevToolsPropertyDefaultsPostProcessor - For additional web related logging consider setting the 'logging.level.web' property to 'DEBUG'
2025-05-08 12:51:36 [restartedMain] INFO  o.s.d.r.c.RepositoryConfigurationDelegate - Bootstrapping Spring Data JPA repositories in DEFAULT mode.
2025-05-08 12:51:36 [restartedMain] INFO  o.s.d.r.c.RepositoryConfigurationDelegate - Finished Spring Data repository scanning in 129 ms. Found 9 JPA repository interfaces.
2025-05-08 12:51:37 [restartedMain] INFO  o.s.b.w.e.tomcat.TomcatWebServer - Tomcat initialized with port 8888 (http)
2025-05-08 12:51:37 [restartedMain] INFO  o.a.coyote.http11.Http11NioProtocol - Initializing ProtocolHandler ["http-nio-8888"]
2025-05-08 12:51:37 [restartedMain] INFO  o.a.catalina.core.StandardService - Starting service [Tomcat]
2025-05-08 12:51:37 [restartedMain] INFO  o.a.catalina.core.StandardEngine - Starting Servlet engine: [Apache Tomcat/10.1.25]
2025-05-08 12:51:37 [restartedMain] INFO  o.a.c.c.C.[Tomcat].[localhost].[/] - Initializing Spring embedded WebApplicationContext
2025-05-08 12:51:37 [restartedMain] INFO  o.s.b.w.s.c.ServletWebServerApplicationContext - Root WebApplicationContext: initialization completed in 2478 ms
2025-05-08 12:51:37 [restartedMain] INFO  com.zaxxer.hikari.HikariDataSource - HikariPool-1 - Starting...
2025-05-08 12:51:37 [restartedMain] INFO  com.zaxxer.hikari.pool.HikariPool - HikariPool-1 - Added connection conn0: url=jdbc:h2:mem:db user=ROOT
2025-05-08 12:51:37 [restartedMain] INFO  com.zaxxer.hikari.HikariDataSource - HikariPool-1 - Start completed.
2025-05-08 12:51:37 [restartedMain] INFO  o.s.b.a.h.H2ConsoleAutoConfiguration - H2 console available at '/h2-console'. Database available at 'jdbc:h2:mem:db'
2025-05-08 12:51:37 [restartedMain] INFO  o.h.jpa.internal.util.LogHelper - HHH000204: Processing PersistenceUnitInfo [name: default]
2025-05-08 12:51:38 [restartedMain] INFO  org.hibernate.Version - HHH000412: Hibernate ORM core version 6.5.2.Final
2025-05-08 12:51:38 [restartedMain] INFO  o.h.c.i.RegionFactoryInitiator - HHH000026: Second-level cache disabled
2025-05-08 12:51:38 [restartedMain] INFO  o.s.o.j.p.SpringPersistenceUnitInfo - No LoadTimeWeaver setup: ignoring JPA class transformer
2025-05-08 12:51:39 [restartedMain] INFO  o.h.e.t.j.p.i.JtaPlatformInitiator - HHH000489: No JTA platform available (set 'hibernate.transaction.jta.platform' to enable JTA platform integration)
2025-05-08 12:51:39 [restartedMain] DEBUG org.hibernate.SQL - create table authorities (id integer generated by default as identity, authority varchar(255), username varchar(255), primary key (id))
2025-05-08 12:51:39 [restartedMain] DEBUG org.hibernate.SQL - create table authority_list (id integer generated by default as identity, authority varchar(255), librarian integer, student integer, primary key (id))
2025-05-08 12:51:39 [restartedMain] DEBUG org.hibernate.SQL - create table books (id integer generated by default as identity, author varchar(255), category_id integer, color varchar(255), description varchar(255), librarian_code integer, name varchar(255), page_count integer, price numeric(38,2), publish_date date, quantity integer, weight float(53), primary key (id))
2025-05-08 12:51:39 [restartedMain] DEBUG org.hibernate.SQL - create table librarians (id integer generated by default as identity, birthday date, name varchar(255), phone varchar(255), surname varchar(255), primary key (id))
2025-05-08 12:51:39 [restartedMain] DEBUG org.hibernate.SQL - create table librarians_book_count (id integer not null, count integer, name varchar(255), primary key (id))
2025-05-08 12:51:39 [restartedMain] DEBUG org.hibernate.SQL - create table roles (id bigint generated by default as identity, librarian integer not null, name varchar(255), student integer not null, primary key (id))
2025-05-08 12:51:39 [restartedMain] DEBUG org.hibernate.SQL - create table student_books (id integer generated by default as identity, book_id integer, due_date date, given_date date, is_returned boolean not null, returned boolean not null, student_id integer, primary key (id))
2025-05-08 12:51:39 [restartedMain] DEBUG org.hibernate.SQL - create table students (id integer generated by default as identity, age integer, email varchar(255), librarian_code integer, name varchar(255), surname varchar(255), primary key (id))
2025-05-08 12:51:39 [restartedMain] DEBUG org.hibernate.SQL - create table translates (id integer generated by default as identity, language varchar(255), translate varchar(255), word varchar(255), primary key (id))
2025-05-08 12:51:39 [restartedMain] DEBUG org.hibernate.SQL - create table user_roles (user_id bigint not null, role_id bigint not null, primary key (user_id, role_id))
2025-05-08 12:51:39 [restartedMain] DEBUG org.hibernate.SQL - create table users (id bigint generated by default as identity, enabled boolean, password varchar(255), user_id integer, user_type varchar(255), username varchar(255), primary key (id))
2025-05-08 12:51:39 [restartedMain] DEBUG org.hibernate.SQL - alter table if exists user_roles add constraint FKh8ciramu9cc9q3qcqiv4ue8a6 foreign key (role_id) references roles
2025-05-08 12:51:39 [restartedMain] DEBUG org.hibernate.SQL - alter table if exists user_roles add constraint FKhfh9dx7w3ubf1co1vdev94g3f foreign key (user_id) references users
2025-05-08 12:51:39 [restartedMain] INFO  o.s.o.j.LocalContainerEntityManagerFactoryBean - Initialized JPA EntityManagerFactory for persistence unit 'default'
2025-05-08 12:51:40 [restartedMain] DEBUG a.d.l.f.JwtAuthenticationFilter - Filter 'jwtAuthenticationFilter' configured for use
2025-05-08 12:51:40 [restartedMain] WARN  o.s.b.a.o.j.JpaBaseConfiguration$JpaWebConfiguration - spring.jpa.open-in-view is enabled by default. Therefore, database queries may be performed during view rendering. Explicitly configure spring.jpa.open-in-view to disable this warning
2025-05-08 12:51:40 [restartedMain] INFO  o.s.s.c.a.a.c.InitializeUserDetailsBeanManagerConfigurer$InitializeUserDetailsManagerConfigurer - Global AuthenticationManager configured with UserDetailsService bean with name userDetailsServiceImpl
2025-05-08 12:51:40 [restartedMain] INFO  o.s.d.j.r.query.QueryEnhancerFactory - Hibernate is in classpath; If applicable, HQL parser will be used.
2025-05-08 12:51:41 [restartedMain] INFO  o.s.b.d.a.OptionalLiveReloadServer - LiveReload server is running on port 35729
2025-05-08 12:51:41 [restartedMain] INFO  o.a.coyote.http11.Http11NioProtocol - Starting ProtocolHandler ["http-nio-8888"]
2025-05-08 12:51:41 [restartedMain] INFO  o.s.b.w.e.tomcat.TomcatWebServer - Tomcat started on port 8888 (http) with context path '/'
2025-05-08 12:51:41 [restartedMain] INFO  a.d.l.LibrarianMubarizBayramovApplication - Started LibrarianMubarizBayramovApplication in 7.424 seconds (process running for 7.898)
2025-05-08 12:55:11 [background-preinit] INFO  o.h.validator.internal.util.Version - HV000001: Hibernate Validator 8.0.1.Final
2025-05-08 12:55:11 [restartedMain] INFO  a.d.l.LibrarianMubarizBayramovApplication - Starting LibrarianMubarizBayramovApplication using Java 21.0.5 with PID 72392 (C:\github\Spring\SpringJava20-Mubariz_Bayramov\librarian-mubariz-bayramov\target\classes started by User in C:\github\Spring\SpringJava20-Mubariz_Bayramov\librarian-mubariz-bayramov)
2025-05-08 12:55:11 [restartedMain] DEBUG a.d.l.LibrarianMubarizBayramovApplication - Running with Spring Boot v3.3.1, Spring v6.1.10
2025-05-08 12:55:11 [restartedMain] INFO  a.d.l.LibrarianMubarizBayramovApplication - No active profile set, falling back to 1 default profile: "default"
2025-05-08 12:55:11 [restartedMain] INFO  o.s.b.d.e.DevToolsPropertyDefaultsPostProcessor - Devtools property defaults active! Set 'spring.devtools.add-properties' to 'false' to disable
2025-05-08 12:55:11 [restartedMain] INFO  o.s.b.d.e.DevToolsPropertyDefaultsPostProcessor - For additional web related logging consider setting the 'logging.level.web' property to 'DEBUG'
2025-05-08 12:55:12 [restartedMain] INFO  o.s.d.r.c.RepositoryConfigurationDelegate - Bootstrapping Spring Data JPA repositories in DEFAULT mode.
2025-05-08 12:55:12 [restartedMain] INFO  o.s.d.r.c.RepositoryConfigurationDelegate - Finished Spring Data repository scanning in 144 ms. Found 9 JPA repository interfaces.
2025-05-08 12:55:13 [restartedMain] INFO  o.s.b.w.e.tomcat.TomcatWebServer - Tomcat initialized with port 8888 (http)
2025-05-08 12:55:13 [restartedMain] INFO  o.a.coyote.http11.Http11NioProtocol - Initializing ProtocolHandler ["http-nio-8888"]
2025-05-08 12:55:13 [restartedMain] INFO  o.a.catalina.core.StandardService - Starting service [Tomcat]
2025-05-08 12:55:13 [restartedMain] INFO  o.a.catalina.core.StandardEngine - Starting Servlet engine: [Apache Tomcat/10.1.25]
2025-05-08 12:55:13 [restartedMain] INFO  o.a.c.c.C.[Tomcat].[localhost].[/] - Initializing Spring embedded WebApplicationContext
2025-05-08 12:55:13 [restartedMain] INFO  o.s.b.w.s.c.ServletWebServerApplicationContext - Root WebApplicationContext: initialization completed in 2465 ms
2025-05-08 12:55:13 [restartedMain] INFO  com.zaxxer.hikari.HikariDataSource - HikariPool-1 - Starting...
2025-05-08 12:55:13 [restartedMain] INFO  com.zaxxer.hikari.pool.HikariPool - HikariPool-1 - Added connection conn0: url=jdbc:h2:mem:db user=ROOT
2025-05-08 12:55:13 [restartedMain] INFO  com.zaxxer.hikari.HikariDataSource - HikariPool-1 - Start completed.
2025-05-08 12:55:13 [restartedMain] INFO  o.s.b.a.h.H2ConsoleAutoConfiguration - H2 console available at '/h2-console'. Database available at 'jdbc:h2:mem:db'
2025-05-08 12:55:14 [restartedMain] INFO  o.h.jpa.internal.util.LogHelper - HHH000204: Processing PersistenceUnitInfo [name: default]
2025-05-08 12:55:14 [restartedMain] INFO  org.hibernate.Version - HHH000412: Hibernate ORM core version 6.5.2.Final
2025-05-08 12:55:14 [restartedMain] INFO  o.h.c.i.RegionFactoryInitiator - HHH000026: Second-level cache disabled
2025-05-08 12:55:14 [restartedMain] INFO  o.s.o.j.p.SpringPersistenceUnitInfo - No LoadTimeWeaver setup: ignoring JPA class transformer
2025-05-08 12:55:15 [restartedMain] INFO  o.h.e.t.j.p.i.JtaPlatformInitiator - HHH000489: No JTA platform available (set 'hibernate.transaction.jta.platform' to enable JTA platform integration)
2025-05-08 12:55:15 [restartedMain] DEBUG org.hibernate.SQL - create table authorities (id integer generated by default as identity, authority varchar(255), username varchar(255), primary key (id))
2025-05-08 12:55:15 [restartedMain] DEBUG org.hibernate.SQL - create table authority_list (id integer generated by default as identity, authority varchar(255), librarian integer, student integer, primary key (id))
2025-05-08 12:55:15 [restartedMain] DEBUG org.hibernate.SQL - create table books (id integer generated by default as identity, author varchar(255), category_id integer, color varchar(255), description varchar(255), librarian_code integer, name varchar(255), page_count integer, price numeric(38,2), publish_date date, quantity integer, weight float(53), primary key (id))
2025-05-08 12:55:15 [restartedMain] DEBUG org.hibernate.SQL - create table librarians (id integer generated by default as identity, birthday date, name varchar(255), phone varchar(255), surname varchar(255), primary key (id))
2025-05-08 12:55:15 [restartedMain] DEBUG org.hibernate.SQL - create table librarians_book_count (id integer not null, count integer, name varchar(255), primary key (id))
2025-05-08 12:55:15 [restartedMain] DEBUG org.hibernate.SQL - create table roles (id bigint generated by default as identity, librarian integer not null, name varchar(255), student integer not null, primary key (id))
2025-05-08 12:55:15 [restartedMain] DEBUG org.hibernate.SQL - create table student_books (id integer generated by default as identity, book_id integer, due_date date, given_date date, is_returned boolean not null, returned boolean not null, student_id integer, primary key (id))
2025-05-08 12:55:15 [restartedMain] DEBUG org.hibernate.SQL - create table students (id integer generated by default as identity, age integer, email varchar(255), librarian_code integer, name varchar(255), surname varchar(255), primary key (id))
2025-05-08 12:55:15 [restartedMain] DEBUG org.hibernate.SQL - create table translates (id integer generated by default as identity, language varchar(255), translate varchar(255), word varchar(255), primary key (id))
2025-05-08 12:55:15 [restartedMain] DEBUG org.hibernate.SQL - create table user_roles (user_id bigint not null, role_id bigint not null, primary key (user_id, role_id))
2025-05-08 12:55:15 [restartedMain] DEBUG org.hibernate.SQL - create table users (id bigint generated by default as identity, enabled boolean, password varchar(255), user_id integer, user_type varchar(255), username varchar(255), primary key (id))
2025-05-08 12:55:15 [restartedMain] DEBUG org.hibernate.SQL - alter table if exists user_roles add constraint FKh8ciramu9cc9q3qcqiv4ue8a6 foreign key (role_id) references roles
2025-05-08 12:55:15 [restartedMain] DEBUG org.hibernate.SQL - alter table if exists user_roles add constraint FKhfh9dx7w3ubf1co1vdev94g3f foreign key (user_id) references users
2025-05-08 12:55:15 [restartedMain] INFO  o.s.o.j.LocalContainerEntityManagerFactoryBean - Initialized JPA EntityManagerFactory for persistence unit 'default'
2025-05-08 12:55:16 [restartedMain] DEBUG a.d.l.f.JwtAuthenticationFilter - Filter 'jwtAuthenticationFilter' configured for use
2025-05-08 12:55:16 [restartedMain] WARN  o.s.b.a.o.j.JpaBaseConfiguration$JpaWebConfiguration - spring.jpa.open-in-view is enabled by default. Therefore, database queries may be performed during view rendering. Explicitly configure spring.jpa.open-in-view to disable this warning
2025-05-08 12:55:16 [restartedMain] INFO  o.s.s.c.a.a.c.InitializeUserDetailsBeanManagerConfigurer$InitializeUserDetailsManagerConfigurer - Global AuthenticationManager configured with UserDetailsService bean with name userDetailsServiceImpl
2025-05-08 12:55:16 [restartedMain] INFO  o.s.d.j.r.query.QueryEnhancerFactory - Hibernate is in classpath; If applicable, HQL parser will be used.
2025-05-08 12:55:18 [restartedMain] INFO  o.s.b.d.a.OptionalLiveReloadServer - LiveReload server is running on port 35729
2025-05-08 12:55:18 [restartedMain] INFO  o.a.coyote.http11.Http11NioProtocol - Starting ProtocolHandler ["http-nio-8888"]
2025-05-08 12:55:18 [restartedMain] INFO  o.s.b.w.e.tomcat.TomcatWebServer - Tomcat started on port 8888 (http) with context path '/'
2025-05-08 12:55:18 [restartedMain] INFO  a.d.l.LibrarianMubarizBayramovApplication - Started LibrarianMubarizBayramovApplication in 7.462 seconds (process running for 7.895)
2025-05-11 10:35:51 [background-preinit] INFO  o.h.validator.internal.util.Version - HV000001: Hibernate Validator 8.0.1.Final
2025-05-11 10:35:51 [restartedMain] INFO  a.d.l.LibrarianMubarizBayramovApplication - Starting LibrarianMubarizBayramovApplication using Java 21.0.5 with PID 91764 (C:\github\Spring\SpringJava20-Mubariz_Bayramov\librarian-mubariz-bayramov\target\classes started by User in C:\github\Spring\SpringJava20-Mubariz_Bayramov\librarian-mubariz-bayramov)
2025-05-11 10:35:51 [restartedMain] DEBUG a.d.l.LibrarianMubarizBayramovApplication - Running with Spring Boot v3.3.1, Spring v6.1.10
2025-05-11 10:35:51 [restartedMain] INFO  a.d.l.LibrarianMubarizBayramovApplication - No active profile set, falling back to 1 default profile: "default"
2025-05-11 10:35:51 [restartedMain] INFO  o.s.b.d.e.DevToolsPropertyDefaultsPostProcessor - Devtools property defaults active! Set 'spring.devtools.add-properties' to 'false' to disable
2025-05-11 10:35:51 [restartedMain] INFO  o.s.b.d.e.DevToolsPropertyDefaultsPostProcessor - For additional web related logging consider setting the 'logging.level.web' property to 'DEBUG'
2025-05-11 10:35:52 [restartedMain] INFO  o.s.d.r.c.RepositoryConfigurationDelegate - Bootstrapping Spring Data JPA repositories in DEFAULT mode.
2025-05-11 10:35:52 [restartedMain] INFO  o.s.d.r.c.RepositoryConfigurationDelegate - Finished Spring Data repository scanning in 117 ms. Found 9 JPA repository interfaces.
2025-05-11 10:35:53 [restartedMain] INFO  o.s.b.w.e.tomcat.TomcatWebServer - Tomcat initialized with port 8888 (http)
2025-05-11 10:35:53 [restartedMain] INFO  o.a.coyote.http11.Http11NioProtocol - Initializing ProtocolHandler ["http-nio-8888"]
2025-05-11 10:35:53 [restartedMain] INFO  o.a.catalina.core.StandardService - Starting service [Tomcat]
2025-05-11 10:35:53 [restartedMain] INFO  o.a.catalina.core.StandardEngine - Starting Servlet engine: [Apache Tomcat/10.1.25]
2025-05-11 10:35:53 [restartedMain] INFO  o.a.c.c.C.[Tomcat].[localhost].[/] - Initializing Spring embedded WebApplicationContext
2025-05-11 10:35:53 [restartedMain] INFO  o.s.b.w.s.c.ServletWebServerApplicationContext - Root WebApplicationContext: initialization completed in 1830 ms
2025-05-11 10:35:53 [restartedMain] INFO  com.zaxxer.hikari.HikariDataSource - HikariPool-1 - Starting...
2025-05-11 10:35:53 [restartedMain] INFO  com.zaxxer.hikari.pool.HikariPool - HikariPool-1 - Added connection conn0: url=jdbc:h2:mem:db user=ROOT
2025-05-11 10:35:53 [restartedMain] INFO  com.zaxxer.hikari.HikariDataSource - HikariPool-1 - Start completed.
2025-05-11 10:35:53 [restartedMain] INFO  o.s.b.a.h.H2ConsoleAutoConfiguration - H2 console available at '/h2-console'. Database available at 'jdbc:h2:mem:db'
2025-05-11 10:35:53 [restartedMain] INFO  o.h.jpa.internal.util.LogHelper - HHH000204: Processing PersistenceUnitInfo [name: default]
2025-05-11 10:35:53 [restartedMain] INFO  org.hibernate.Version - HHH000412: Hibernate ORM core version 6.5.2.Final
2025-05-11 10:35:53 [restartedMain] INFO  o.h.c.i.RegionFactoryInitiator - HHH000026: Second-level cache disabled
2025-05-11 10:35:54 [restartedMain] INFO  o.s.o.j.p.SpringPersistenceUnitInfo - No LoadTimeWeaver setup: ignoring JPA class transformer
2025-05-11 10:35:55 [restartedMain] INFO  o.h.e.t.j.p.i.JtaPlatformInitiator - HHH000489: No JTA platform available (set 'hibernate.transaction.jta.platform' to enable JTA platform integration)
2025-05-11 10:35:55 [restartedMain] DEBUG org.hibernate.SQL - create table authorities (id integer generated by default as identity, authority varchar(255), username varchar(255), primary key (id))
2025-05-11 10:35:55 [restartedMain] DEBUG org.hibernate.SQL - create table authority_list (id integer generated by default as identity, authority varchar(255), librarian integer, student integer, primary key (id))
2025-05-11 10:35:55 [restartedMain] DEBUG org.hibernate.SQL - create table books (id integer generated by default as identity, author varchar(255), category_id integer, color varchar(255), description varchar(255), librarian_code integer, name varchar(255), page_count integer, price numeric(38,2), publish_date date, quantity integer, weight float(53), primary key (id))
2025-05-11 10:35:55 [restartedMain] DEBUG org.hibernate.SQL - create table librarians (id integer generated by default as identity, birthday date, name varchar(255), phone varchar(255), surname varchar(255), primary key (id))
2025-05-11 10:35:55 [restartedMain] DEBUG org.hibernate.SQL - create table librarians_book_count (id integer not null, count integer, name varchar(255), primary key (id))
2025-05-11 10:35:55 [restartedMain] DEBUG org.hibernate.SQL - create table roles (id bigint generated by default as identity, librarian integer not null, name varchar(255), student integer not null, primary key (id))
2025-05-11 10:35:55 [restartedMain] DEBUG org.hibernate.SQL - create table student_books (id integer generated by default as identity, book_id integer, due_date date, given_date date, is_returned boolean not null, returned boolean not null, student_id integer, primary key (id))
2025-05-11 10:35:55 [restartedMain] DEBUG org.hibernate.SQL - create table students (id integer generated by default as identity, age integer, email varchar(255), librarian_code integer, name varchar(255), surname varchar(255), primary key (id))
2025-05-11 10:35:55 [restartedMain] DEBUG org.hibernate.SQL - create table translates (id integer generated by default as identity, language varchar(255), translate varchar(255), word varchar(255), primary key (id))
2025-05-11 10:35:55 [restartedMain] DEBUG org.hibernate.SQL - create table user_roles (user_id bigint not null, role_id bigint not null, primary key (user_id, role_id))
2025-05-11 10:35:55 [restartedMain] DEBUG org.hibernate.SQL - create table users (id bigint generated by default as identity, enabled boolean, password varchar(255), user_id integer, user_type varchar(255), username varchar(255), primary key (id))
2025-05-11 10:35:55 [restartedMain] DEBUG org.hibernate.SQL - alter table if exists user_roles add constraint FKh8ciramu9cc9q3qcqiv4ue8a6 foreign key (role_id) references roles
2025-05-11 10:35:55 [restartedMain] DEBUG org.hibernate.SQL - alter table if exists user_roles add constraint FKhfh9dx7w3ubf1co1vdev94g3f foreign key (user_id) references users
2025-05-11 10:35:55 [restartedMain] INFO  o.s.o.j.LocalContainerEntityManagerFactoryBean - Initialized JPA EntityManagerFactory for persistence unit 'default'
2025-05-11 10:35:55 [restartedMain] DEBUG a.d.l.f.JwtAuthenticationFilter - Filter 'jwtAuthenticationFilter' configured for use
2025-05-11 10:35:55 [restartedMain] WARN  o.s.b.a.o.j.JpaBaseConfiguration$JpaWebConfiguration - spring.jpa.open-in-view is enabled by default. Therefore, database queries may be performed during view rendering. Explicitly configure spring.jpa.open-in-view to disable this warning
2025-05-11 10:35:55 [restartedMain] INFO  o.s.s.c.a.a.c.InitializeUserDetailsBeanManagerConfigurer$InitializeUserDetailsManagerConfigurer - Global AuthenticationManager configured with UserDetailsService bean with name userDetailsServiceImpl
2025-05-11 10:35:55 [restartedMain] INFO  o.s.d.j.r.query.QueryEnhancerFactory - Hibernate is in classpath; If applicable, HQL parser will be used.
2025-05-11 10:35:56 [restartedMain] INFO  o.s.b.d.a.OptionalLiveReloadServer - LiveReload server is running on port 35729
2025-05-11 10:35:56 [restartedMain] INFO  o.a.coyote.http11.Http11NioProtocol - Starting ProtocolHandler ["http-nio-8888"]
2025-05-11 10:35:56 [restartedMain] INFO  o.s.b.w.e.tomcat.TomcatWebServer - Tomcat started on port 8888 (http) with context path '/'
2025-05-11 10:35:56 [restartedMain] INFO  a.d.l.LibrarianMubarizBayramovApplication - Started LibrarianMubarizBayramovApplication in 5.365 seconds (process running for 5.738)
2025-05-11 10:36:50 [background-preinit] INFO  o.h.validator.internal.util.Version - HV000001: Hibernate Validator 8.0.1.Final
2025-05-11 10:36:50 [restartedMain] INFO  a.d.l.LibrarianMubarizBayramovApplication - Starting LibrarianMubarizBayramovApplication using Java 21.0.5 with PID 18280 (C:\github\Spring\SpringJava20-Mubariz_Bayramov\librarian-mubariz-bayramov\target\classes started by User in C:\github\Spring\SpringJava20-Mubariz_Bayramov\librarian-mubariz-bayramov)
2025-05-11 10:36:50 [restartedMain] DEBUG a.d.l.LibrarianMubarizBayramovApplication - Running with Spring Boot v3.3.1, Spring v6.1.10
2025-05-11 10:36:50 [restartedMain] INFO  a.d.l.LibrarianMubarizBayramovApplication - No active profile set, falling back to 1 default profile: "default"
2025-05-11 10:36:50 [restartedMain] INFO  o.s.b.d.e.DevToolsPropertyDefaultsPostProcessor - Devtools property defaults active! Set 'spring.devtools.add-properties' to 'false' to disable
2025-05-11 10:36:50 [restartedMain] INFO  o.s.b.d.e.DevToolsPropertyDefaultsPostProcessor - For additional web related logging consider setting the 'logging.level.web' property to 'DEBUG'
2025-05-11 10:36:51 [restartedMain] INFO  o.s.d.r.c.RepositoryConfigurationDelegate - Bootstrapping Spring Data JPA repositories in DEFAULT mode.
2025-05-11 10:36:51 [restartedMain] INFO  o.s.d.r.c.RepositoryConfigurationDelegate - Finished Spring Data repository scanning in 124 ms. Found 9 JPA repository interfaces.
2025-05-11 10:36:52 [restartedMain] INFO  o.s.b.w.e.tomcat.TomcatWebServer - Tomcat initialized with port 8888 (http)
2025-05-11 10:36:52 [restartedMain] INFO  o.a.coyote.http11.Http11NioProtocol - Initializing ProtocolHandler ["http-nio-8888"]
2025-05-11 10:36:52 [restartedMain] INFO  o.a.catalina.core.StandardService - Starting service [Tomcat]
2025-05-11 10:36:52 [restartedMain] INFO  o.a.catalina.core.StandardEngine - Starting Servlet engine: [Apache Tomcat/10.1.25]
2025-05-11 10:36:52 [restartedMain] INFO  o.a.c.c.C.[Tomcat].[localhost].[/] - Initializing Spring embedded WebApplicationContext
2025-05-11 10:36:52 [restartedMain] INFO  o.s.b.w.s.c.ServletWebServerApplicationContext - Root WebApplicationContext: initialization completed in 1760 ms
2025-05-11 10:36:52 [restartedMain] INFO  com.zaxxer.hikari.HikariDataSource - HikariPool-1 - Starting...
2025-05-11 10:36:52 [restartedMain] INFO  com.zaxxer.hikari.pool.HikariPool - HikariPool-1 - Added connection conn0: url=jdbc:h2:mem:db user=ROOT
2025-05-11 10:36:52 [restartedMain] INFO  com.zaxxer.hikari.HikariDataSource - HikariPool-1 - Start completed.
2025-05-11 10:36:52 [restartedMain] INFO  o.s.b.a.h.H2ConsoleAutoConfiguration - H2 console available at '/h2-console'. Database available at 'jdbc:h2:mem:db'
2025-05-11 10:36:53 [restartedMain] INFO  o.h.jpa.internal.util.LogHelper - HHH000204: Processing PersistenceUnitInfo [name: default]
2025-05-11 10:36:53 [restartedMain] INFO  org.hibernate.Version - HHH000412: Hibernate ORM core version 6.5.2.Final
2025-05-11 10:36:53 [restartedMain] INFO  o.h.c.i.RegionFactoryInitiator - HHH000026: Second-level cache disabled
2025-05-11 10:36:53 [restartedMain] INFO  o.s.o.j.p.SpringPersistenceUnitInfo - No LoadTimeWeaver setup: ignoring JPA class transformer
2025-05-11 10:36:54 [restartedMain] INFO  o.h.e.t.j.p.i.JtaPlatformInitiator - HHH000489: No JTA platform available (set 'hibernate.transaction.jta.platform' to enable JTA platform integration)
2025-05-11 10:36:54 [restartedMain] DEBUG org.hibernate.SQL - create table authorities (id integer generated by default as identity, authority varchar(255), username varchar(255), primary key (id))
2025-05-11 10:36:54 [restartedMain] DEBUG org.hibernate.SQL - create table authority_list (id integer generated by default as identity, authority varchar(255), librarian integer, student integer, primary key (id))
2025-05-11 10:36:54 [restartedMain] DEBUG org.hibernate.SQL - create table books (id integer generated by default as identity, author varchar(255), category_id integer, color varchar(255), description varchar(255), librarian_code integer, name varchar(255), page_count integer, price numeric(38,2), publish_date date, quantity integer, weight float(53), primary key (id))
2025-05-11 10:36:54 [restartedMain] DEBUG org.hibernate.SQL - create table librarians (id integer generated by default as identity, birthday date, name varchar(255), phone varchar(255), surname varchar(255), primary key (id))
2025-05-11 10:36:54 [restartedMain] DEBUG org.hibernate.SQL - create table librarians_book_count (id integer not null, count integer, name varchar(255), primary key (id))
2025-05-11 10:36:54 [restartedMain] DEBUG org.hibernate.SQL - create table roles (id bigint generated by default as identity, librarian integer not null, name varchar(255), student integer not null, primary key (id))
2025-05-11 10:36:54 [restartedMain] DEBUG org.hibernate.SQL - create table student_books (id integer generated by default as identity, book_id integer, due_date date, given_date date, is_returned boolean not null, returned boolean not null, student_id integer, primary key (id))
2025-05-11 10:36:54 [restartedMain] DEBUG org.hibernate.SQL - create table students (id integer generated by default as identity, age integer, email varchar(255), librarian_code integer, name varchar(255), surname varchar(255), primary key (id))
2025-05-11 10:36:54 [restartedMain] DEBUG org.hibernate.SQL - create table translates (id integer generated by default as identity, language varchar(255), translate varchar(255), word varchar(255), primary key (id))
2025-05-11 10:36:54 [restartedMain] DEBUG org.hibernate.SQL - create table user_roles (user_id bigint not null, role_id bigint not null, primary key (user_id, role_id))
2025-05-11 10:36:54 [restartedMain] DEBUG org.hibernate.SQL - create table users (id bigint generated by default as identity, enabled boolean, password varchar(255), user_id integer, user_type varchar(255), username varchar(255), primary key (id))
2025-05-11 10:36:54 [restartedMain] DEBUG org.hibernate.SQL - alter table if exists user_roles add constraint FKh8ciramu9cc9q3qcqiv4ue8a6 foreign key (role_id) references roles
2025-05-11 10:36:54 [restartedMain] DEBUG org.hibernate.SQL - alter table if exists user_roles add constraint FKhfh9dx7w3ubf1co1vdev94g3f foreign key (user_id) references users
2025-05-11 10:36:54 [restartedMain] INFO  o.s.o.j.LocalContainerEntityManagerFactoryBean - Initialized JPA EntityManagerFactory for persistence unit 'default'
2025-05-11 10:36:54 [restartedMain] DEBUG a.d.l.f.JwtAuthenticationFilter - Filter 'jwtAuthenticationFilter' configured for use
2025-05-11 10:36:54 [restartedMain] WARN  o.s.b.a.o.j.JpaBaseConfiguration$JpaWebConfiguration - spring.jpa.open-in-view is enabled by default. Therefore, database queries may be performed during view rendering. Explicitly configure spring.jpa.open-in-view to disable this warning
2025-05-11 10:36:54 [restartedMain] INFO  o.s.s.c.a.a.c.InitializeUserDetailsBeanManagerConfigurer$InitializeUserDetailsManagerConfigurer - Global AuthenticationManager configured with UserDetailsService bean with name userDetailsServiceImpl
2025-05-11 10:36:54 [restartedMain] INFO  o.s.d.j.r.query.QueryEnhancerFactory - Hibernate is in classpath; If applicable, HQL parser will be used.
2025-05-11 10:36:55 [restartedMain] INFO  o.s.b.d.a.OptionalLiveReloadServer - LiveReload server is running on port 35729
2025-05-11 10:36:55 [restartedMain] INFO  o.a.coyote.http11.Http11NioProtocol - Starting ProtocolHandler ["http-nio-8888"]
2025-05-11 10:36:55 [restartedMain] INFO  o.s.b.w.e.tomcat.TomcatWebServer - Tomcat started on port 8888 (http) with context path '/'
2025-05-11 10:36:55 [restartedMain] INFO  a.d.l.LibrarianMubarizBayramovApplication - Started LibrarianMubarizBayramovApplication in 5.342 seconds (process running for 5.741)
2025-05-11 10:37:09 [background-preinit] INFO  o.h.validator.internal.util.Version - HV000001: Hibernate Validator 8.0.1.Final
2025-05-11 10:37:09 [restartedMain] INFO  a.d.l.LibrarianMubarizBayramovApplication - Starting LibrarianMubarizBayramovApplication using Java 21.0.5 with PID 91876 (C:\github\Spring\SpringJava20-Mubariz_Bayramov\librarian-mubariz-bayramov\target\classes started by User in C:\github\Spring\SpringJava20-Mubariz_Bayramov\librarian-mubariz-bayramov)
2025-05-11 10:37:09 [restartedMain] DEBUG a.d.l.LibrarianMubarizBayramovApplication - Running with Spring Boot v3.3.1, Spring v6.1.10
2025-05-11 10:37:09 [restartedMain] INFO  a.d.l.LibrarianMubarizBayramovApplication - No active profile set, falling back to 1 default profile: "default"
2025-05-11 10:37:09 [restartedMain] INFO  o.s.b.d.e.DevToolsPropertyDefaultsPostProcessor - Devtools property defaults active! Set 'spring.devtools.add-properties' to 'false' to disable
2025-05-11 10:37:09 [restartedMain] INFO  o.s.b.d.e.DevToolsPropertyDefaultsPostProcessor - For additional web related logging consider setting the 'logging.level.web' property to 'DEBUG'
2025-05-11 10:37:10 [restartedMain] INFO  o.s.d.r.c.RepositoryConfigurationDelegate - Bootstrapping Spring Data JPA repositories in DEFAULT mode.
2025-05-11 10:37:10 [restartedMain] INFO  o.s.d.r.c.RepositoryConfigurationDelegate - Finished Spring Data repository scanning in 120 ms. Found 9 JPA repository interfaces.
2025-05-11 10:37:11 [restartedMain] INFO  o.s.b.w.e.tomcat.TomcatWebServer - Tomcat initialized with port 8888 (http)
2025-05-11 10:37:11 [restartedMain] INFO  o.a.coyote.http11.Http11NioProtocol - Initializing ProtocolHandler ["http-nio-8888"]
2025-05-11 10:37:11 [restartedMain] INFO  o.a.catalina.core.StandardService - Starting service [Tomcat]
2025-05-11 10:37:11 [restartedMain] INFO  o.a.catalina.core.StandardEngine - Starting Servlet engine: [Apache Tomcat/10.1.25]
2025-05-11 10:37:11 [restartedMain] INFO  o.a.c.c.C.[Tomcat].[localhost].[/] - Initializing Spring embedded WebApplicationContext
2025-05-11 10:37:11 [restartedMain] INFO  o.s.b.w.s.c.ServletWebServerApplicationContext - Root WebApplicationContext: initialization completed in 1867 ms
2025-05-11 10:37:11 [restartedMain] INFO  com.zaxxer.hikari.HikariDataSource - HikariPool-1 - Starting...
2025-05-11 10:37:11 [restartedMain] INFO  com.zaxxer.hikari.pool.HikariPool - HikariPool-1 - Added connection conn0: url=jdbc:h2:mem:db user=ROOT
2025-05-11 10:37:11 [restartedMain] INFO  com.zaxxer.hikari.HikariDataSource - HikariPool-1 - Start completed.
2025-05-11 10:37:11 [restartedMain] INFO  o.s.b.a.h.H2ConsoleAutoConfiguration - H2 console available at '/h2-console'. Database available at 'jdbc:h2:mem:db'
2025-05-11 10:37:11 [restartedMain] INFO  o.h.jpa.internal.util.LogHelper - HHH000204: Processing PersistenceUnitInfo [name: default]
2025-05-11 10:37:11 [restartedMain] INFO  org.hibernate.Version - HHH000412: Hibernate ORM core version 6.5.2.Final
2025-05-11 10:37:11 [restartedMain] INFO  o.h.c.i.RegionFactoryInitiator - HHH000026: Second-level cache disabled
2025-05-11 10:37:11 [restartedMain] INFO  o.s.o.j.p.SpringPersistenceUnitInfo - No LoadTimeWeaver setup: ignoring JPA class transformer
2025-05-11 10:37:12 [restartedMain] INFO  o.h.e.t.j.p.i.JtaPlatformInitiator - HHH000489: No JTA platform available (set 'hibernate.transaction.jta.platform' to enable JTA platform integration)
2025-05-11 10:37:12 [restartedMain] DEBUG org.hibernate.SQL - create table authorities (id integer generated by default as identity, authority varchar(255), username varchar(255), primary key (id))
2025-05-11 10:37:12 [restartedMain] DEBUG org.hibernate.SQL - create table authority_list (id integer generated by default as identity, authority varchar(255), librarian integer, student integer, primary key (id))
2025-05-11 10:37:12 [restartedMain] DEBUG org.hibernate.SQL - create table books (id integer generated by default as identity, author varchar(255), category_id integer, color varchar(255), description varchar(255), librarian_code integer, name varchar(255), page_count integer, price numeric(38,2), publish_date date, quantity integer, weight float(53), primary key (id))
2025-05-11 10:37:12 [restartedMain] DEBUG org.hibernate.SQL - create table librarians (id integer generated by default as identity, birthday date, name varchar(255), phone varchar(255), surname varchar(255), primary key (id))
2025-05-11 10:37:12 [restartedMain] DEBUG org.hibernate.SQL - create table librarians_book_count (id integer not null, count integer, name varchar(255), primary key (id))
2025-05-11 10:37:12 [restartedMain] DEBUG org.hibernate.SQL - create table roles (id bigint generated by default as identity, librarian integer not null, name varchar(255), student integer not null, primary key (id))
2025-05-11 10:37:12 [restartedMain] DEBUG org.hibernate.SQL - create table student_books (id integer generated by default as identity, book_id integer, due_date date, given_date date, is_returned boolean not null, returned boolean not null, student_id integer, primary key (id))
2025-05-11 10:37:12 [restartedMain] DEBUG org.hibernate.SQL - create table students (id integer generated by default as identity, age integer, email varchar(255), librarian_code integer, name varchar(255), surname varchar(255), primary key (id))
2025-05-11 10:37:12 [restartedMain] DEBUG org.hibernate.SQL - create table translates (id integer generated by default as identity, language varchar(255), translate varchar(255), word varchar(255), primary key (id))
2025-05-11 10:37:12 [restartedMain] DEBUG org.hibernate.SQL - create table user_roles (user_id bigint not null, role_id bigint not null, primary key (user_id, role_id))
2025-05-11 10:37:12 [restartedMain] DEBUG org.hibernate.SQL - create table users (id bigint generated by default as identity, enabled boolean, password varchar(255), user_id integer, user_type varchar(255), username varchar(255), primary key (id))
2025-05-11 10:37:12 [restartedMain] DEBUG org.hibernate.SQL - alter table if exists user_roles add constraint FKh8ciramu9cc9q3qcqiv4ue8a6 foreign key (role_id) references roles
2025-05-11 10:37:12 [restartedMain] DEBUG org.hibernate.SQL - alter table if exists user_roles add constraint FKhfh9dx7w3ubf1co1vdev94g3f foreign key (user_id) references users
2025-05-11 10:37:12 [restartedMain] INFO  o.s.o.j.LocalContainerEntityManagerFactoryBean - Initialized JPA EntityManagerFactory for persistence unit 'default'
2025-05-11 10:37:12 [restartedMain] DEBUG a.d.l.f.JwtAuthenticationFilter - Filter 'jwtAuthenticationFilter' configured for use
2025-05-11 10:37:13 [restartedMain] WARN  o.s.b.a.o.j.JpaBaseConfiguration$JpaWebConfiguration - spring.jpa.open-in-view is enabled by default. Therefore, database queries may be performed during view rendering. Explicitly configure spring.jpa.open-in-view to disable this warning
2025-05-11 10:37:13 [restartedMain] INFO  o.s.s.c.a.a.c.InitializeUserDetailsBeanManagerConfigurer$InitializeUserDetailsManagerConfigurer - Global AuthenticationManager configured with UserDetailsService bean with name userDetailsServiceImpl
2025-05-11 10:37:13 [restartedMain] INFO  o.s.d.j.r.query.QueryEnhancerFactory - Hibernate is in classpath; If applicable, HQL parser will be used.
2025-05-11 10:37:14 [restartedMain] INFO  o.s.b.d.a.OptionalLiveReloadServer - LiveReload server is running on port 35729
2025-05-11 10:37:14 [restartedMain] INFO  o.a.coyote.http11.Http11NioProtocol - Starting ProtocolHandler ["http-nio-8888"]
2025-05-11 10:37:14 [restartedMain] INFO  o.s.b.w.e.tomcat.TomcatWebServer - Tomcat started on port 8888 (http) with context path '/'
2025-05-11 10:37:14 [restartedMain] INFO  a.d.l.LibrarianMubarizBayramovApplication - Started LibrarianMubarizBayramovApplication in 5.365 seconds (process running for 5.725)
