2025-05-03 09:31:48 [background-preinit] INFO  o.h.validator.internal.util.Version - HV000001: Hibernate Validator 8.0.1.Final
2025-05-03 09:31:48 [restartedMain] INFO  a.d.l.LibrarianMubarizBayramovApplication - Starting LibrarianMubarizBayramovApplication using Java 21.0.5 with PID 25024 (C:\github\Spring\SpringJava20-Mubariz_Bayramov\librarian-mubariz-bayramov\target\classes started by User in C:\github\Spring\SpringJava20-Mubariz_Bayramov\librarian-mubariz-bayramov)
2025-05-03 09:31:48 [restartedMain] DEBUG a.d.l.LibrarianMubarizBayramovApplication - Running with Spring Boot v3.3.1, Spring v6.1.10
2025-05-03 09:31:48 [restartedMain] INFO  a.d.l.LibrarianMubarizBayramovApplication - No active profile set, falling back to 1 default profile: "default"
2025-05-03 09:31:48 [restartedMain] INFO  o.s.b.d.e.DevToolsPropertyDefaultsPostProcessor - Devtools property defaults active! Set 'spring.devtools.add-properties' to 'false' to disable
2025-05-03 09:31:48 [restartedMain] INFO  o.s.b.d.e.DevToolsPropertyDefaultsPostProcessor - For additional web related logging consider setting the 'logging.level.web' property to 'DEBUG'
2025-05-03 09:31:50 [restartedMain] INFO  o.s.d.r.c.RepositoryConfigurationDelegate - Bootstrapping Spring Data JPA repositories in DEFAULT mode.
2025-05-03 09:31:51 [restartedMain] INFO  o.s.d.r.c.RepositoryConfigurationDelegate - Finished Spring Data repository scanning in 261 ms. Found 8 JPA repository interfaces.
2025-05-03 09:31:52 [restartedMain] INFO  o.s.b.w.e.tomcat.TomcatWebServer - Tomcat initialized with port 8888 (http)
2025-05-03 09:31:52 [restartedMain] INFO  o.a.coyote.http11.Http11NioProtocol - Initializing ProtocolHandler ["http-nio-8888"]
2025-05-03 09:31:52 [restartedMain] INFO  o.a.catalina.core.StandardService - Starting service [Tomcat]
2025-05-03 09:31:52 [restartedMain] INFO  o.a.catalina.core.StandardEngine - Starting Servlet engine: [Apache Tomcat/10.1.25]
2025-05-03 09:31:52 [restartedMain] INFO  o.a.c.c.C.[Tomcat].[localhost].[/] - Initializing Spring embedded WebApplicationContext
2025-05-03 09:31:52 [restartedMain] INFO  o.s.b.w.s.c.ServletWebServerApplicationContext - Root WebApplicationContext: initialization completed in 3818 ms
2025-05-03 09:31:52 [restartedMain] INFO  com.zaxxer.hikari.HikariDataSource - HikariPool-1 - Starting...
2025-05-03 09:31:53 [restartedMain] INFO  com.zaxxer.hikari.pool.HikariPool - HikariPool-1 - Added connection conn0: url=jdbc:h2:mem:db user=ROOT
2025-05-03 09:31:53 [restartedMain] INFO  com.zaxxer.hikari.HikariDataSource - HikariPool-1 - Start completed.
2025-05-03 09:31:53 [restartedMain] INFO  o.s.b.a.h.H2ConsoleAutoConfiguration - H2 console available at '/h2-console'. Database available at 'jdbc:h2:mem:db'
2025-05-03 09:31:53 [restartedMain] INFO  o.h.jpa.internal.util.LogHelper - HHH000204: Processing PersistenceUnitInfo [name: default]
2025-05-03 09:31:53 [restartedMain] INFO  org.hibernate.Version - HHH000412: Hibernate ORM core version 6.5.2.Final
2025-05-03 09:31:53 [restartedMain] INFO  o.h.c.i.RegionFactoryInitiator - HHH000026: Second-level cache disabled
2025-05-03 09:31:54 [restartedMain] INFO  o.s.o.j.p.SpringPersistenceUnitInfo - No LoadTimeWeaver setup: ignoring JPA class transformer
2025-05-03 09:31:55 [restartedMain] INFO  o.h.e.t.j.p.i.JtaPlatformInitiator - HHH000489: No JTA platform available (set 'hibernate.transaction.jta.platform' to enable JTA platform integration)
2025-05-03 09:31:55 [restartedMain] DEBUG org.hibernate.SQL - create table authorities (id integer generated by default as identity, authority varchar(255), username varchar(255), primary key (id))
2025-05-03 09:31:55 [restartedMain] DEBUG org.hibernate.SQL - create table authority_list (id integer generated by default as identity, authority varchar(255), librarian integer, student integer, primary key (id))
2025-05-03 09:31:55 [restartedMain] DEBUG org.hibernate.SQL - create table books (id integer generated by default as identity, author varchar(255), category_id integer, color varchar(255), description varchar(255), librarian_code integer, name varchar(255), page_count integer, price numeric(38,2), publish_date date, quantity integer, weight float(53), primary key (id))
2025-05-03 09:31:55 [restartedMain] DEBUG org.hibernate.SQL - create table librarians (id integer generated by default as identity, birthday date, name varchar(255), phone varchar(255), surname varchar(255), primary key (id))
2025-05-03 09:31:55 [restartedMain] DEBUG org.hibernate.SQL - create table librarians_book_count (id integer not null, count integer, name varchar(255), primary key (id))
2025-05-03 09:31:55 [restartedMain] DEBUG org.hibernate.SQL - create table student_books (id integer generated by default as identity, book_id integer, due_date date, given_date date, returned boolean not null, student_id integer, primary key (id))
2025-05-03 09:31:55 [restartedMain] DEBUG org.hibernate.SQL - create table students (id integer generated by default as identity, age integer, email varchar(255), librarian_code integer, name varchar(255), surname varchar(255), primary key (id))
2025-05-03 09:31:55 [restartedMain] DEBUG org.hibernate.SQL - create table translates (id integer generated by default as identity, language varchar(255), translate varchar(255), word varchar(255), primary key (id))
2025-05-03 09:31:55 [restartedMain] DEBUG org.hibernate.SQL - create table users (username varchar(255) not null, enabled boolean, password varchar(255), user_id integer, user_type varchar(255), primary key (username))
2025-05-03 09:31:55 [restartedMain] INFO  o.s.o.j.LocalContainerEntityManagerFactoryBean - Initialized JPA EntityManagerFactory for persistence unit 'default'
2025-05-03 09:31:56 [restartedMain] INFO  o.s.d.j.r.query.QueryEnhancerFactory - Hibernate is in classpath; If applicable, HQL parser will be used.
2025-05-03 09:31:58 [restartedMain] WARN  o.s.b.a.o.j.JpaBaseConfiguration$JpaWebConfiguration - spring.jpa.open-in-view is enabled by default. Therefore, database queries may be performed during view rendering. Explicitly configure spring.jpa.open-in-view to disable this warning
2025-05-03 09:31:58 [restartedMain] INFO  o.s.s.c.a.a.c.InitializeAuthenticationProviderBeanManagerConfigurer$InitializeAuthenticationProviderManagerConfigurer - Global AuthenticationManager configured with AuthenticationProvider bean with name authenticationProvider
2025-05-03 09:31:58 [restartedMain] WARN  o.s.s.c.a.a.c.InitializeUserDetailsBeanManagerConfigurer$InitializeUserDetailsManagerConfigurer - Global AuthenticationManager configured with an AuthenticationProvider bean. UserDetailsService beans will not be used for username/password login. Consider removing the AuthenticationProvider bean. Alternatively, consider using the UserDetailsService in a manually instantiated DaoAuthenticationProvider.
2025-05-03 09:31:59 [restartedMain] INFO  o.s.b.d.a.OptionalLiveReloadServer - LiveReload server is running on port 35729
2025-05-03 09:31:59 [restartedMain] INFO  o.a.coyote.http11.Http11NioProtocol - Starting ProtocolHandler ["http-nio-8888"]
2025-05-03 09:31:59 [restartedMain] INFO  o.s.b.w.e.tomcat.TomcatWebServer - Tomcat started on port 8888 (http) with context path '/'
2025-05-03 09:31:59 [restartedMain] INFO  a.d.l.LibrarianMubarizBayramovApplication - Started LibrarianMubarizBayramovApplication in 11.95 seconds (process running for 12.564)
2025-05-03 09:49:49 [background-preinit] INFO  o.h.validator.internal.util.Version - HV000001: Hibernate Validator 8.0.1.Final
2025-05-03 09:49:49 [restartedMain] INFO  a.d.l.LibrarianMubarizBayramovApplication - Starting LibrarianMubarizBayramovApplication using Java 21.0.5 with PID 43680 (C:\github\Spring\SpringJava20-Mubariz_Bayramov\librarian-mubariz-bayramov\target\classes started by User in C:\github\Spring\SpringJava20-Mubariz_Bayramov\librarian-mubariz-bayramov)
2025-05-03 09:49:49 [restartedMain] DEBUG a.d.l.LibrarianMubarizBayramovApplication - Running with Spring Boot v3.3.1, Spring v6.1.10
2025-05-03 09:49:49 [restartedMain] INFO  a.d.l.LibrarianMubarizBayramovApplication - No active profile set, falling back to 1 default profile: "default"
2025-05-03 09:49:49 [restartedMain] INFO  o.s.b.d.e.DevToolsPropertyDefaultsPostProcessor - Devtools property defaults active! Set 'spring.devtools.add-properties' to 'false' to disable
2025-05-03 09:49:49 [restartedMain] INFO  o.s.b.d.e.DevToolsPropertyDefaultsPostProcessor - For additional web related logging consider setting the 'logging.level.web' property to 'DEBUG'
2025-05-03 09:49:51 [restartedMain] INFO  o.s.d.r.c.RepositoryConfigurationDelegate - Bootstrapping Spring Data JPA repositories in DEFAULT mode.
2025-05-03 09:49:51 [restartedMain] INFO  o.s.d.r.c.RepositoryConfigurationDelegate - Finished Spring Data repository scanning in 280 ms. Found 8 JPA repository interfaces.
2025-05-03 09:49:52 [restartedMain] INFO  o.s.b.w.e.tomcat.TomcatWebServer - Tomcat initialized with port 8888 (http)
2025-05-03 09:49:52 [restartedMain] INFO  o.a.coyote.http11.Http11NioProtocol - Initializing ProtocolHandler ["http-nio-8888"]
2025-05-03 09:49:52 [restartedMain] INFO  o.a.catalina.core.StandardService - Starting service [Tomcat]
2025-05-03 09:49:52 [restartedMain] INFO  o.a.catalina.core.StandardEngine - Starting Servlet engine: [Apache Tomcat/10.1.25]
2025-05-03 09:49:53 [restartedMain] INFO  o.a.c.c.C.[Tomcat].[localhost].[/] - Initializing Spring embedded WebApplicationContext
2025-05-03 09:49:53 [restartedMain] INFO  o.s.b.w.s.c.ServletWebServerApplicationContext - Root WebApplicationContext: initialization completed in 3379 ms
2025-05-03 09:49:53 [restartedMain] INFO  com.zaxxer.hikari.HikariDataSource - HikariPool-1 - Starting...
2025-05-03 09:49:53 [restartedMain] INFO  com.zaxxer.hikari.pool.HikariPool - HikariPool-1 - Added connection conn0: url=jdbc:h2:mem:db user=ROOT
2025-05-03 09:49:53 [restartedMain] INFO  com.zaxxer.hikari.HikariDataSource - HikariPool-1 - Start completed.
2025-05-03 09:49:53 [restartedMain] INFO  o.s.b.a.h.H2ConsoleAutoConfiguration - H2 console available at '/h2-console'. Database available at 'jdbc:h2:mem:db'
2025-05-03 09:49:53 [restartedMain] INFO  o.h.jpa.internal.util.LogHelper - HHH000204: Processing PersistenceUnitInfo [name: default]
2025-05-03 09:49:53 [restartedMain] INFO  org.hibernate.Version - HHH000412: Hibernate ORM core version 6.5.2.Final
2025-05-03 09:49:53 [restartedMain] INFO  o.h.c.i.RegionFactoryInitiator - HHH000026: Second-level cache disabled
2025-05-03 09:49:54 [restartedMain] INFO  o.s.o.j.p.SpringPersistenceUnitInfo - No LoadTimeWeaver setup: ignoring JPA class transformer
2025-05-03 09:49:55 [restartedMain] INFO  o.h.e.t.j.p.i.JtaPlatformInitiator - HHH000489: No JTA platform available (set 'hibernate.transaction.jta.platform' to enable JTA platform integration)
2025-05-03 09:49:55 [restartedMain] DEBUG org.hibernate.SQL - create table authorities (id integer generated by default as identity, authority varchar(255), username varchar(255), primary key (id))
2025-05-03 09:49:55 [restartedMain] DEBUG org.hibernate.SQL - create table authority_list (id integer generated by default as identity, authority varchar(255), librarian integer, student integer, primary key (id))
2025-05-03 09:49:55 [restartedMain] DEBUG org.hibernate.SQL - create table books (id integer generated by default as identity, author varchar(255), category_id integer, color varchar(255), description varchar(255), librarian_code integer, name varchar(255), page_count integer, price numeric(38,2), publish_date date, quantity integer, weight float(53), primary key (id))
2025-05-03 09:49:55 [restartedMain] DEBUG org.hibernate.SQL - create table librarians (id integer generated by default as identity, birthday date, name varchar(255), phone varchar(255), surname varchar(255), primary key (id))
2025-05-03 09:49:55 [restartedMain] DEBUG org.hibernate.SQL - create table librarians_book_count (id integer not null, count integer, name varchar(255), primary key (id))
2025-05-03 09:49:55 [restartedMain] DEBUG org.hibernate.SQL - create table student_books (id integer generated by default as identity, book_id integer, due_date date, given_date date, returned boolean not null, student_id integer, primary key (id))
2025-05-03 09:49:55 [restartedMain] DEBUG org.hibernate.SQL - create table students (id integer generated by default as identity, age integer, email varchar(255), librarian_code integer, name varchar(255), surname varchar(255), primary key (id))
2025-05-03 09:49:55 [restartedMain] DEBUG org.hibernate.SQL - create table translates (id integer generated by default as identity, language varchar(255), translate varchar(255), word varchar(255), primary key (id))
2025-05-03 09:49:55 [restartedMain] DEBUG org.hibernate.SQL - create table users (username varchar(255) not null, enabled boolean, password varchar(255), user_id integer, user_type varchar(255), primary key (username))
2025-05-03 09:49:55 [restartedMain] INFO  o.s.o.j.LocalContainerEntityManagerFactoryBean - Initialized JPA EntityManagerFactory for persistence unit 'default'
2025-05-03 09:49:56 [restartedMain] INFO  o.s.d.j.r.query.QueryEnhancerFactory - Hibernate is in classpath; If applicable, HQL parser will be used.
2025-05-03 09:49:56 [restartedMain] WARN  o.s.b.w.s.c.AnnotationConfigServletWebServerApplicationContext - Exception encountered during context initialization - cancelling refresh attempt: org.springframework.beans.factory.UnsatisfiedDependencyException: Error creating bean with name 'overdueEmailController' defined in file [C:\github\Spring\SpringJava20-Mubariz_Bayramov\librarian-mubariz-bayramov\target\classes\az\devolopia\librarian_mubariz_bayramov\controller\OverdueEmailController.class]: Unsatisfied dependency expressed through constructor parameter 0: Error creating bean with name 'overdueEmailService': Resolution of declared constructors on bean Class [az.devolopia.librarian_mubariz_bayramov.service.OverdueEmailService] from ClassLoader [org.springframework.boot.devtools.restart.classloader.RestartClassLoader@a709e0b] failed
2025-05-03 09:49:56 [restartedMain] INFO  o.s.o.j.LocalContainerEntityManagerFactoryBean - Closing JPA EntityManagerFactory for persistence unit 'default'
2025-05-03 09:49:56 [restartedMain] WARN  o.s.b.f.s.DisposableBeanAdapter - Invocation of destroy method failed on bean with name 'inMemoryDatabaseShutdownExecutor': org.h2.jdbc.JdbcSQLNonTransientConnectionException: Database is already closed (to disable automatic closing at VM shutdown, add ";DB_CLOSE_ON_EXIT=FALSE" to the db URL) [90121-224]
2025-05-03 09:49:56 [restartedMain] INFO  com.zaxxer.hikari.HikariDataSource - HikariPool-1 - Shutdown initiated...
2025-05-03 09:49:56 [restartedMain] INFO  com.zaxxer.hikari.HikariDataSource - HikariPool-1 - Shutdown completed.
2025-05-03 09:49:56 [restartedMain] INFO  o.a.catalina.core.StandardService - Stopping service [Tomcat]
2025-05-03 09:49:56 [restartedMain] INFO  o.s.b.a.l.ConditionEvaluationReportLogger - 

Error starting ApplicationContext. To display the condition evaluation report re-run your application with 'debug' enabled.
2025-05-03 09:49:56 [restartedMain] ERROR o.s.boot.SpringApplication - Application run failed
org.springframework.beans.factory.UnsatisfiedDependencyException: Error creating bean with name 'overdueEmailController' defined in file [C:\github\Spring\SpringJava20-Mubariz_Bayramov\librarian-mubariz-bayramov\target\classes\az\devolopia\librarian_mubariz_bayramov\controller\OverdueEmailController.class]: Unsatisfied dependency expressed through constructor parameter 0: Error creating bean with name 'overdueEmailService': Resolution of declared constructors on bean Class [az.devolopia.librarian_mubariz_bayramov.service.OverdueEmailService] from ClassLoader [org.springframework.boot.devtools.restart.classloader.RestartClassLoader@a709e0b] failed
	at org.springframework.beans.factory.support.ConstructorResolver.createArgumentArray(ConstructorResolver.java:795)
	at org.springframework.beans.factory.support.ConstructorResolver.autowireConstructor(ConstructorResolver.java:237)
	at org.springframework.beans.factory.support.AbstractAutowireCapableBeanFactory.autowireConstructor(AbstractAutowireCapableBeanFactory.java:1357)
	at org.springframework.beans.factory.support.AbstractAutowireCapableBeanFactory.createBeanInstance(AbstractAutowireCapableBeanFactory.java:1194)
	at org.springframework.beans.factory.support.AbstractAutowireCapableBeanFactory.doCreateBean(AbstractAutowireCapableBeanFactory.java:562)
	at org.springframework.beans.factory.support.AbstractAutowireCapableBeanFactory.createBean(AbstractAutowireCapableBeanFactory.java:522)
	at org.springframework.beans.factory.support.AbstractBeanFactory.lambda$doGetBean$0(AbstractBeanFactory.java:337)
	at org.springframework.beans.factory.support.DefaultSingletonBeanRegistry.getSingleton(DefaultSingletonBeanRegistry.java:234)
	at org.springframework.beans.factory.support.AbstractBeanFactory.doGetBean(AbstractBeanFactory.java:335)
	at org.springframework.beans.factory.support.AbstractBeanFactory.getBean(AbstractBeanFactory.java:200)
	at org.springframework.beans.factory.support.DefaultListableBeanFactory.preInstantiateSingletons(DefaultListableBeanFactory.java:975)
	at org.springframework.context.support.AbstractApplicationContext.finishBeanFactoryInitialization(AbstractApplicationContext.java:962)
	at org.springframework.context.support.AbstractApplicationContext.refresh(AbstractApplicationContext.java:624)
	at org.springframework.boot.web.servlet.context.ServletWebServerApplicationContext.refresh(ServletWebServerApplicationContext.java:146)
	at org.springframework.boot.SpringApplication.refresh(SpringApplication.java:754)
	at org.springframework.boot.SpringApplication.refreshContext(SpringApplication.java:456)
	at org.springframework.boot.SpringApplication.run(SpringApplication.java:335)
	at org.springframework.boot.SpringApplication.run(SpringApplication.java:1363)
	at org.springframework.boot.SpringApplication.run(SpringApplication.java:1352)
	at az.devolopia.librarian_mubariz_bayramov.LibrarianMubarizBayramovApplication.main(LibrarianMubarizBayramovApplication.java:11)
	at java.base/jdk.internal.reflect.DirectMethodHandleAccessor.invoke(DirectMethodHandleAccessor.java:103)
	at java.base/java.lang.reflect.Method.invoke(Method.java:580)
	at org.springframework.boot.devtools.restart.RestartLauncher.run(RestartLauncher.java:50)
Caused by: org.springframework.beans.factory.BeanCreationException: Error creating bean with name 'overdueEmailService': Resolution of declared constructors on bean Class [az.devolopia.librarian_mubariz_bayramov.service.OverdueEmailService] from ClassLoader [org.springframework.boot.devtools.restart.classloader.RestartClassLoader@a709e0b] failed
	at org.springframework.beans.factory.annotation.AutowiredAnnotationBeanPostProcessor.determineCandidateConstructors(AutowiredAnnotationBeanPostProcessor.java:383)
	at org.springframework.beans.factory.support.AbstractAutowireCapableBeanFactory.determineConstructorsFromBeanPostProcessors(AbstractAutowireCapableBeanFactory.java:1296)
	at org.springframework.beans.factory.support.AbstractAutowireCapableBeanFactory.createBeanInstance(AbstractAutowireCapableBeanFactory.java:1191)
	at org.springframework.beans.factory.support.AbstractAutowireCapableBeanFactory.doCreateBean(AbstractAutowireCapableBeanFactory.java:562)
	at org.springframework.beans.factory.support.AbstractAutowireCapableBeanFactory.createBean(AbstractAutowireCapableBeanFactory.java:522)
	at org.springframework.beans.factory.support.AbstractBeanFactory.lambda$doGetBean$0(AbstractBeanFactory.java:337)
	at org.springframework.beans.factory.support.DefaultSingletonBeanRegistry.getSingleton(DefaultSingletonBeanRegistry.java:234)
	at org.springframework.beans.factory.support.AbstractBeanFactory.doGetBean(AbstractBeanFactory.java:335)
	at org.springframework.beans.factory.support.AbstractBeanFactory.getBean(AbstractBeanFactory.java:200)
	at org.springframework.beans.factory.config.DependencyDescriptor.resolveCandidate(DependencyDescriptor.java:254)
	at org.springframework.beans.factory.support.DefaultListableBeanFactory.doResolveDependency(DefaultListableBeanFactory.java:1443)
	at org.springframework.beans.factory.support.DefaultListableBeanFactory.resolveDependency(DefaultListableBeanFactory.java:1353)
	at org.springframework.beans.factory.support.ConstructorResolver.resolveAutowiredArgument(ConstructorResolver.java:904)
	at org.springframework.beans.factory.support.ConstructorResolver.createArgumentArray(ConstructorResolver.java:782)
	... 22 common frames omitted
Caused by: java.lang.NoClassDefFoundError: JavaMailSender
	at java.base/java.lang.Class.getDeclaredConstructors0(Native Method)
	at java.base/java.lang.Class.privateGetDeclaredConstructors(Class.java:3549)
	at java.base/java.lang.Class.getDeclaredConstructors(Class.java:2727)
	at org.springframework.beans.factory.annotation.AutowiredAnnotationBeanPostProcessor.determineCandidateConstructors(AutowiredAnnotationBeanPostProcessor.java:378)
	... 35 common frames omitted
Caused by: java.lang.ClassNotFoundException: JavaMailSender
	at java.base/jdk.internal.loader.BuiltinClassLoader.loadClass(BuiltinClassLoader.java:641)
	at java.base/jdk.internal.loader.ClassLoaders$AppClassLoader.loadClass(ClassLoaders.java:188)
	at java.base/java.lang.ClassLoader.loadClass(ClassLoader.java:526)
	at java.base/java.lang.Class.forName0(Native Method)
	at java.base/java.lang.Class.forName(Class.java:534)
	at java.base/java.lang.Class.forName(Class.java:513)
	at org.springframework.boot.devtools.restart.classloader.RestartClassLoader.loadClass(RestartClassLoader.java:121)
	at java.base/java.lang.ClassLoader.loadClass(ClassLoader.java:526)
	... 39 common frames omitted
2025-05-03 09:51:37 [background-preinit] INFO  o.h.validator.internal.util.Version - HV000001: Hibernate Validator 8.0.1.Final
2025-05-03 09:51:37 [restartedMain] INFO  a.d.l.LibrarianMubarizBayramovApplication - Starting LibrarianMubarizBayramovApplication using Java 21.0.5 with PID 40232 (C:\github\Spring\SpringJava20-Mubariz_Bayramov\librarian-mubariz-bayramov\target\classes started by User in C:\github\Spring\SpringJava20-Mubariz_Bayramov\librarian-mubariz-bayramov)
2025-05-03 09:51:37 [restartedMain] DEBUG a.d.l.LibrarianMubarizBayramovApplication - Running with Spring Boot v3.3.1, Spring v6.1.10
2025-05-03 09:51:37 [restartedMain] INFO  a.d.l.LibrarianMubarizBayramovApplication - No active profile set, falling back to 1 default profile: "default"
2025-05-03 09:51:38 [restartedMain] INFO  o.s.b.d.e.DevToolsPropertyDefaultsPostProcessor - Devtools property defaults active! Set 'spring.devtools.add-properties' to 'false' to disable
2025-05-03 09:51:38 [restartedMain] INFO  o.s.b.d.e.DevToolsPropertyDefaultsPostProcessor - For additional web related logging consider setting the 'logging.level.web' property to 'DEBUG'
2025-05-03 09:51:39 [restartedMain] INFO  o.s.d.r.c.RepositoryConfigurationDelegate - Bootstrapping Spring Data JPA repositories in DEFAULT mode.
2025-05-03 09:51:39 [restartedMain] INFO  o.s.d.r.c.RepositoryConfigurationDelegate - Finished Spring Data repository scanning in 271 ms. Found 8 JPA repository interfaces.
2025-05-03 09:51:41 [restartedMain] INFO  o.s.b.w.e.tomcat.TomcatWebServer - Tomcat initialized with port 8888 (http)
2025-05-03 09:51:41 [restartedMain] INFO  o.a.coyote.http11.Http11NioProtocol - Initializing ProtocolHandler ["http-nio-8888"]
2025-05-03 09:51:41 [restartedMain] INFO  o.a.catalina.core.StandardService - Starting service [Tomcat]
2025-05-03 09:51:41 [restartedMain] INFO  o.a.catalina.core.StandardEngine - Starting Servlet engine: [Apache Tomcat/10.1.25]
2025-05-03 09:51:41 [restartedMain] INFO  o.a.c.c.C.[Tomcat].[localhost].[/] - Initializing Spring embedded WebApplicationContext
2025-05-03 09:51:41 [restartedMain] INFO  o.s.b.w.s.c.ServletWebServerApplicationContext - Root WebApplicationContext: initialization completed in 3290 ms
2025-05-03 09:51:41 [restartedMain] INFO  com.zaxxer.hikari.HikariDataSource - HikariPool-1 - Starting...
2025-05-03 09:51:41 [restartedMain] INFO  com.zaxxer.hikari.pool.HikariPool - HikariPool-1 - Added connection conn0: url=jdbc:h2:mem:db user=ROOT
2025-05-03 09:51:41 [restartedMain] INFO  com.zaxxer.hikari.HikariDataSource - HikariPool-1 - Start completed.
2025-05-03 09:51:41 [restartedMain] INFO  o.s.b.a.h.H2ConsoleAutoConfiguration - H2 console available at '/h2-console'. Database available at 'jdbc:h2:mem:db'
2025-05-03 09:51:41 [restartedMain] INFO  o.h.jpa.internal.util.LogHelper - HHH000204: Processing PersistenceUnitInfo [name: default]
2025-05-03 09:51:42 [restartedMain] INFO  org.hibernate.Version - HHH000412: Hibernate ORM core version 6.5.2.Final
2025-05-03 09:51:42 [restartedMain] INFO  o.h.c.i.RegionFactoryInitiator - HHH000026: Second-level cache disabled
2025-05-03 09:51:42 [restartedMain] INFO  o.s.o.j.p.SpringPersistenceUnitInfo - No LoadTimeWeaver setup: ignoring JPA class transformer
2025-05-03 09:51:44 [restartedMain] INFO  o.h.e.t.j.p.i.JtaPlatformInitiator - HHH000489: No JTA platform available (set 'hibernate.transaction.jta.platform' to enable JTA platform integration)
2025-05-03 09:51:44 [restartedMain] DEBUG org.hibernate.SQL - create table authorities (id integer generated by default as identity, authority varchar(255), username varchar(255), primary key (id))
2025-05-03 09:51:44 [restartedMain] DEBUG org.hibernate.SQL - create table authority_list (id integer generated by default as identity, authority varchar(255), librarian integer, student integer, primary key (id))
2025-05-03 09:51:44 [restartedMain] DEBUG org.hibernate.SQL - create table books (id integer generated by default as identity, author varchar(255), category_id integer, color varchar(255), description varchar(255), librarian_code integer, name varchar(255), page_count integer, price numeric(38,2), publish_date date, quantity integer, weight float(53), primary key (id))
2025-05-03 09:51:44 [restartedMain] DEBUG org.hibernate.SQL - create table librarians (id integer generated by default as identity, birthday date, name varchar(255), phone varchar(255), surname varchar(255), primary key (id))
2025-05-03 09:51:44 [restartedMain] DEBUG org.hibernate.SQL - create table librarians_book_count (id integer not null, count integer, name varchar(255), primary key (id))
2025-05-03 09:51:44 [restartedMain] DEBUG org.hibernate.SQL - create table student_books (id integer generated by default as identity, book_id integer, due_date date, given_date date, returned boolean not null, student_id integer, primary key (id))
2025-05-03 09:51:44 [restartedMain] DEBUG org.hibernate.SQL - create table students (id integer generated by default as identity, age integer, email varchar(255), librarian_code integer, name varchar(255), surname varchar(255), primary key (id))
2025-05-03 09:51:44 [restartedMain] DEBUG org.hibernate.SQL - create table translates (id integer generated by default as identity, language varchar(255), translate varchar(255), word varchar(255), primary key (id))
2025-05-03 09:51:44 [restartedMain] DEBUG org.hibernate.SQL - create table users (username varchar(255) not null, enabled boolean, password varchar(255), user_id integer, user_type varchar(255), primary key (username))
2025-05-03 09:51:44 [restartedMain] INFO  o.s.o.j.LocalContainerEntityManagerFactoryBean - Initialized JPA EntityManagerFactory for persistence unit 'default'
2025-05-03 09:51:44 [restartedMain] INFO  o.s.d.j.r.query.QueryEnhancerFactory - Hibernate is in classpath; If applicable, HQL parser will be used.
2025-05-03 09:51:46 [restartedMain] WARN  o.s.b.a.o.j.JpaBaseConfiguration$JpaWebConfiguration - spring.jpa.open-in-view is enabled by default. Therefore, database queries may be performed during view rendering. Explicitly configure spring.jpa.open-in-view to disable this warning
2025-05-03 09:51:46 [restartedMain] INFO  o.s.s.c.a.a.c.InitializeAuthenticationProviderBeanManagerConfigurer$InitializeAuthenticationProviderManagerConfigurer - Global AuthenticationManager configured with AuthenticationProvider bean with name authenticationProvider
2025-05-03 09:51:46 [restartedMain] WARN  o.s.s.c.a.a.c.InitializeUserDetailsBeanManagerConfigurer$InitializeUserDetailsManagerConfigurer - Global AuthenticationManager configured with an AuthenticationProvider bean. UserDetailsService beans will not be used for username/password login. Consider removing the AuthenticationProvider bean. Alternatively, consider using the UserDetailsService in a manually instantiated DaoAuthenticationProvider.
2025-05-03 09:51:47 [restartedMain] INFO  o.s.b.d.a.OptionalLiveReloadServer - LiveReload server is running on port 35729
2025-05-03 09:51:47 [restartedMain] INFO  o.a.coyote.http11.Http11NioProtocol - Starting ProtocolHandler ["http-nio-8888"]
2025-05-03 09:51:47 [restartedMain] INFO  o.s.b.w.e.tomcat.TomcatWebServer - Tomcat started on port 8888 (http) with context path '/'
2025-05-03 09:51:47 [restartedMain] INFO  a.d.l.LibrarianMubarizBayramovApplication - Started LibrarianMubarizBayramovApplication in 10.27 seconds (process running for 11.067)
2025-05-03 09:58:10 [background-preinit] INFO  o.h.validator.internal.util.Version - HV000001: Hibernate Validator 8.0.1.Final
2025-05-03 09:58:10 [restartedMain] INFO  a.d.l.LibrarianMubarizBayramovApplication - Starting LibrarianMubarizBayramovApplication using Java 21.0.5 with PID 34604 (C:\github\Spring\SpringJava20-Mubariz_Bayramov\librarian-mubariz-bayramov\target\classes started by User in C:\github\Spring\SpringJava20-Mubariz_Bayramov\librarian-mubariz-bayramov)
2025-05-03 09:58:10 [restartedMain] DEBUG a.d.l.LibrarianMubarizBayramovApplication - Running with Spring Boot v3.3.1, Spring v6.1.10
2025-05-03 09:58:10 [restartedMain] INFO  a.d.l.LibrarianMubarizBayramovApplication - No active profile set, falling back to 1 default profile: "default"
2025-05-03 09:58:10 [restartedMain] INFO  o.s.b.d.e.DevToolsPropertyDefaultsPostProcessor - Devtools property defaults active! Set 'spring.devtools.add-properties' to 'false' to disable
2025-05-03 09:58:10 [restartedMain] INFO  o.s.b.d.e.DevToolsPropertyDefaultsPostProcessor - For additional web related logging consider setting the 'logging.level.web' property to 'DEBUG'
2025-05-03 09:58:11 [restartedMain] INFO  o.s.d.r.c.RepositoryConfigurationDelegate - Bootstrapping Spring Data JPA repositories in DEFAULT mode.
2025-05-03 09:58:12 [restartedMain] INFO  o.s.d.r.c.RepositoryConfigurationDelegate - Finished Spring Data repository scanning in 225 ms. Found 8 JPA repository interfaces.
2025-05-03 09:58:13 [restartedMain] INFO  o.s.b.w.e.tomcat.TomcatWebServer - Tomcat initialized with port 8888 (http)
2025-05-03 09:58:13 [restartedMain] INFO  o.a.coyote.http11.Http11NioProtocol - Initializing ProtocolHandler ["http-nio-8888"]
2025-05-03 09:58:13 [restartedMain] INFO  o.a.catalina.core.StandardService - Starting service [Tomcat]
2025-05-03 09:58:13 [restartedMain] INFO  o.a.catalina.core.StandardEngine - Starting Servlet engine: [Apache Tomcat/10.1.25]
2025-05-03 09:58:13 [restartedMain] INFO  o.a.c.c.C.[Tomcat].[localhost].[/] - Initializing Spring embedded WebApplicationContext
2025-05-03 09:58:13 [restartedMain] INFO  o.s.b.w.s.c.ServletWebServerApplicationContext - Root WebApplicationContext: initialization completed in 3293 ms
2025-05-03 09:58:13 [restartedMain] INFO  com.zaxxer.hikari.HikariDataSource - HikariPool-1 - Starting...
2025-05-03 09:58:13 [restartedMain] INFO  com.zaxxer.hikari.pool.HikariPool - HikariPool-1 - Added connection conn0: url=jdbc:h2:mem:db user=ROOT
2025-05-03 09:58:13 [restartedMain] INFO  com.zaxxer.hikari.HikariDataSource - HikariPool-1 - Start completed.
2025-05-03 09:58:13 [restartedMain] INFO  o.s.b.a.h.H2ConsoleAutoConfiguration - H2 console available at '/h2-console'. Database available at 'jdbc:h2:mem:db'
2025-05-03 09:58:14 [restartedMain] INFO  o.h.jpa.internal.util.LogHelper - HHH000204: Processing PersistenceUnitInfo [name: default]
2025-05-03 09:58:14 [restartedMain] INFO  org.hibernate.Version - HHH000412: Hibernate ORM core version 6.5.2.Final
2025-05-03 09:58:14 [restartedMain] INFO  o.h.c.i.RegionFactoryInitiator - HHH000026: Second-level cache disabled
2025-05-03 09:58:14 [restartedMain] INFO  o.s.o.j.p.SpringPersistenceUnitInfo - No LoadTimeWeaver setup: ignoring JPA class transformer
2025-05-03 09:58:16 [restartedMain] INFO  o.h.e.t.j.p.i.JtaPlatformInitiator - HHH000489: No JTA platform available (set 'hibernate.transaction.jta.platform' to enable JTA platform integration)
2025-05-03 09:58:16 [restartedMain] DEBUG org.hibernate.SQL - create table authorities (id integer generated by default as identity, authority varchar(255), username varchar(255), primary key (id))
2025-05-03 09:58:16 [restartedMain] DEBUG org.hibernate.SQL - create table authority_list (id integer generated by default as identity, authority varchar(255), librarian integer, student integer, primary key (id))
2025-05-03 09:58:16 [restartedMain] DEBUG org.hibernate.SQL - create table books (id integer generated by default as identity, author varchar(255), category_id integer, color varchar(255), description varchar(255), librarian_code integer, name varchar(255), page_count integer, price numeric(38,2), publish_date date, quantity integer, weight float(53), primary key (id))
2025-05-03 09:58:16 [restartedMain] DEBUG org.hibernate.SQL - create table librarians (id integer generated by default as identity, birthday date, name varchar(255), phone varchar(255), surname varchar(255), primary key (id))
2025-05-03 09:58:16 [restartedMain] DEBUG org.hibernate.SQL - create table librarians_book_count (id integer not null, count integer, name varchar(255), primary key (id))
2025-05-03 09:58:16 [restartedMain] DEBUG org.hibernate.SQL - create table student_books (id integer generated by default as identity, book_id integer, due_date date, given_date date, returned boolean not null, student_id integer, primary key (id))
2025-05-03 09:58:16 [restartedMain] DEBUG org.hibernate.SQL - create table students (id integer generated by default as identity, age integer, email varchar(255), librarian_code integer, name varchar(255), surname varchar(255), primary key (id))
2025-05-03 09:58:16 [restartedMain] DEBUG org.hibernate.SQL - create table translates (id integer generated by default as identity, language varchar(255), translate varchar(255), word varchar(255), primary key (id))
2025-05-03 09:58:16 [restartedMain] DEBUG org.hibernate.SQL - create table users (username varchar(255) not null, enabled boolean, password varchar(255), user_id integer, user_type varchar(255), primary key (username))
2025-05-03 09:58:16 [restartedMain] INFO  o.s.o.j.LocalContainerEntityManagerFactoryBean - Initialized JPA EntityManagerFactory for persistence unit 'default'
2025-05-03 09:58:16 [restartedMain] INFO  o.s.d.j.r.query.QueryEnhancerFactory - Hibernate is in classpath; If applicable, HQL parser will be used.
2025-05-03 09:58:18 [restartedMain] WARN  o.s.b.a.o.j.JpaBaseConfiguration$JpaWebConfiguration - spring.jpa.open-in-view is enabled by default. Therefore, database queries may be performed during view rendering. Explicitly configure spring.jpa.open-in-view to disable this warning
2025-05-03 09:58:18 [restartedMain] INFO  o.s.s.c.a.a.c.InitializeAuthenticationProviderBeanManagerConfigurer$InitializeAuthenticationProviderManagerConfigurer - Global AuthenticationManager configured with AuthenticationProvider bean with name authenticationProvider
2025-05-03 09:58:18 [restartedMain] WARN  o.s.s.c.a.a.c.InitializeUserDetailsBeanManagerConfigurer$InitializeUserDetailsManagerConfigurer - Global AuthenticationManager configured with an AuthenticationProvider bean. UserDetailsService beans will not be used for username/password login. Consider removing the AuthenticationProvider bean. Alternatively, consider using the UserDetailsService in a manually instantiated DaoAuthenticationProvider.
2025-05-03 09:58:19 [restartedMain] INFO  o.s.b.d.a.OptionalLiveReloadServer - LiveReload server is running on port 35729
2025-05-03 09:58:19 [restartedMain] INFO  o.a.coyote.http11.Http11NioProtocol - Starting ProtocolHandler ["http-nio-8888"]
2025-05-03 09:58:19 [restartedMain] INFO  o.s.b.w.e.tomcat.TomcatWebServer - Tomcat started on port 8888 (http) with context path '/'
2025-05-03 09:58:19 [restartedMain] INFO  a.d.l.LibrarianMubarizBayramovApplication - Started LibrarianMubarizBayramovApplication in 10.207 seconds (process running for 10.963)
2025-05-03 10:01:43 [background-preinit] INFO  o.h.validator.internal.util.Version - HV000001: Hibernate Validator 8.0.1.Final
2025-05-03 10:01:43 [restartedMain] INFO  a.d.l.LibrarianMubarizBayramovApplication - Starting LibrarianMubarizBayramovApplication using Java 21.0.5 with PID 44484 (C:\github\Spring\SpringJava20-Mubariz_Bayramov\librarian-mubariz-bayramov\target\classes started by User in C:\github\Spring\SpringJava20-Mubariz_Bayramov\librarian-mubariz-bayramov)
2025-05-03 10:01:43 [restartedMain] DEBUG a.d.l.LibrarianMubarizBayramovApplication - Running with Spring Boot v3.3.1, Spring v6.1.10
2025-05-03 10:01:43 [restartedMain] INFO  a.d.l.LibrarianMubarizBayramovApplication - No active profile set, falling back to 1 default profile: "default"
2025-05-03 10:01:43 [restartedMain] INFO  o.s.b.d.e.DevToolsPropertyDefaultsPostProcessor - Devtools property defaults active! Set 'spring.devtools.add-properties' to 'false' to disable
2025-05-03 10:01:43 [restartedMain] INFO  o.s.b.d.e.DevToolsPropertyDefaultsPostProcessor - For additional web related logging consider setting the 'logging.level.web' property to 'DEBUG'
2025-05-03 10:01:45 [restartedMain] INFO  o.s.d.r.c.RepositoryConfigurationDelegate - Bootstrapping Spring Data JPA repositories in DEFAULT mode.
2025-05-03 10:01:45 [restartedMain] INFO  o.s.d.r.c.RepositoryConfigurationDelegate - Finished Spring Data repository scanning in 269 ms. Found 8 JPA repository interfaces.
2025-05-03 10:01:47 [restartedMain] INFO  o.s.b.w.e.tomcat.TomcatWebServer - Tomcat initialized with port 8888 (http)
2025-05-03 10:01:47 [restartedMain] INFO  o.a.coyote.http11.Http11NioProtocol - Initializing ProtocolHandler ["http-nio-8888"]
2025-05-03 10:01:47 [restartedMain] INFO  o.a.catalina.core.StandardService - Starting service [Tomcat]
2025-05-03 10:01:47 [restartedMain] INFO  o.a.catalina.core.StandardEngine - Starting Servlet engine: [Apache Tomcat/10.1.25]
2025-05-03 10:01:47 [restartedMain] INFO  o.a.c.c.C.[Tomcat].[localhost].[/] - Initializing Spring embedded WebApplicationContext
2025-05-03 10:01:47 [restartedMain] INFO  o.s.b.w.s.c.ServletWebServerApplicationContext - Root WebApplicationContext: initialization completed in 3422 ms
2025-05-03 10:01:47 [restartedMain] INFO  com.zaxxer.hikari.HikariDataSource - HikariPool-1 - Starting...
2025-05-03 10:01:47 [restartedMain] INFO  com.zaxxer.hikari.pool.HikariPool - HikariPool-1 - Added connection conn0: url=jdbc:h2:mem:db user=ROOT
2025-05-03 10:01:47 [restartedMain] INFO  com.zaxxer.hikari.HikariDataSource - HikariPool-1 - Start completed.
2025-05-03 10:01:47 [restartedMain] INFO  o.s.b.a.h.H2ConsoleAutoConfiguration - H2 console available at '/h2-console'. Database available at 'jdbc:h2:mem:db'
2025-05-03 10:01:47 [restartedMain] INFO  o.h.jpa.internal.util.LogHelper - HHH000204: Processing PersistenceUnitInfo [name: default]
2025-05-03 10:01:48 [restartedMain] INFO  org.hibernate.Version - HHH000412: Hibernate ORM core version 6.5.2.Final
2025-05-03 10:01:48 [restartedMain] INFO  o.h.c.i.RegionFactoryInitiator - HHH000026: Second-level cache disabled
2025-05-03 10:01:48 [restartedMain] INFO  o.s.o.j.p.SpringPersistenceUnitInfo - No LoadTimeWeaver setup: ignoring JPA class transformer
2025-05-03 10:01:50 [restartedMain] INFO  o.h.e.t.j.p.i.JtaPlatformInitiator - HHH000489: No JTA platform available (set 'hibernate.transaction.jta.platform' to enable JTA platform integration)
2025-05-03 10:01:50 [restartedMain] DEBUG org.hibernate.SQL - create table authorities (id integer generated by default as identity, authority varchar(255), username varchar(255), primary key (id))
2025-05-03 10:01:50 [restartedMain] DEBUG org.hibernate.SQL - create table authority_list (id integer generated by default as identity, authority varchar(255), librarian integer, student integer, primary key (id))
2025-05-03 10:01:50 [restartedMain] DEBUG org.hibernate.SQL - create table books (id integer generated by default as identity, author varchar(255), category_id integer, color varchar(255), description varchar(255), librarian_code integer, name varchar(255), page_count integer, price numeric(38,2), publish_date date, quantity integer, weight float(53), primary key (id))
2025-05-03 10:01:50 [restartedMain] DEBUG org.hibernate.SQL - create table librarians (id integer generated by default as identity, birthday date, name varchar(255), phone varchar(255), surname varchar(255), primary key (id))
2025-05-03 10:01:50 [restartedMain] DEBUG org.hibernate.SQL - create table librarians_book_count (id integer not null, count integer, name varchar(255), primary key (id))
2025-05-03 10:01:50 [restartedMain] DEBUG org.hibernate.SQL - create table student_books (id integer generated by default as identity, book_id integer, due_date date, given_date date, returned boolean not null, student_id integer, primary key (id))
2025-05-03 10:01:50 [restartedMain] DEBUG org.hibernate.SQL - create table students (id integer generated by default as identity, age integer, email varchar(255), librarian_code integer, name varchar(255), surname varchar(255), primary key (id))
2025-05-03 10:01:50 [restartedMain] DEBUG org.hibernate.SQL - create table translates (id integer generated by default as identity, language varchar(255), translate varchar(255), word varchar(255), primary key (id))
2025-05-03 10:01:50 [restartedMain] DEBUG org.hibernate.SQL - create table users (username varchar(255) not null, enabled boolean, password varchar(255), user_id integer, user_type varchar(255), primary key (username))
2025-05-03 10:01:50 [restartedMain] INFO  o.s.o.j.LocalContainerEntityManagerFactoryBean - Initialized JPA EntityManagerFactory for persistence unit 'default'
2025-05-03 10:01:51 [restartedMain] INFO  o.s.d.j.r.query.QueryEnhancerFactory - Hibernate is in classpath; If applicable, HQL parser will be used.
2025-05-03 10:01:52 [restartedMain] WARN  o.s.b.a.o.j.JpaBaseConfiguration$JpaWebConfiguration - spring.jpa.open-in-view is enabled by default. Therefore, database queries may be performed during view rendering. Explicitly configure spring.jpa.open-in-view to disable this warning
2025-05-03 10:01:52 [restartedMain] INFO  o.s.s.c.a.a.c.InitializeAuthenticationProviderBeanManagerConfigurer$InitializeAuthenticationProviderManagerConfigurer - Global AuthenticationManager configured with AuthenticationProvider bean with name authenticationProvider
2025-05-03 10:01:52 [restartedMain] WARN  o.s.s.c.a.a.c.InitializeUserDetailsBeanManagerConfigurer$InitializeUserDetailsManagerConfigurer - Global AuthenticationManager configured with an AuthenticationProvider bean. UserDetailsService beans will not be used for username/password login. Consider removing the AuthenticationProvider bean. Alternatively, consider using the UserDetailsService in a manually instantiated DaoAuthenticationProvider.
2025-05-03 10:01:54 [restartedMain] INFO  o.s.b.d.a.OptionalLiveReloadServer - LiveReload server is running on port 35729
2025-05-03 10:01:54 [restartedMain] INFO  o.a.coyote.http11.Http11NioProtocol - Starting ProtocolHandler ["http-nio-8888"]
2025-05-03 10:01:54 [restartedMain] INFO  o.s.b.w.e.tomcat.TomcatWebServer - Tomcat started on port 8888 (http) with context path '/'
2025-05-03 10:01:54 [restartedMain] INFO  a.d.l.LibrarianMubarizBayramovApplication - Started LibrarianMubarizBayramovApplication in 11.867 seconds (process running for 12.702)
2025-05-03 10:02:13 [http-nio-8888-exec-1] INFO  o.a.c.c.C.[Tomcat].[localhost].[/] - Initializing Spring DispatcherServlet 'dispatcherServlet'
2025-05-03 10:02:13 [http-nio-8888-exec-1] INFO  o.s.web.servlet.DispatcherServlet - Initializing Servlet 'dispatcherServlet'
2025-05-03 10:02:13 [http-nio-8888-exec-1] INFO  o.s.web.servlet.DispatcherServlet - Completed initialization in 3 ms
